Log file open, 09/25/18 14:09:36
LogWindows: Failed to load 'aqProf.dll' (GetLastError=126)
LogWindows: File 'aqProf.dll' does not exist
LogWindows: Failed to load 'VtuneApi.dll' (GetLastError=126)
LogWindows: File 'VtuneApi.dll' does not exist
LogWindows: Failed to load 'VtuneApi32e.dll' (GetLastError=126)
LogWindows: File 'VtuneApi32e.dll' does not exist
LogInit: Display: Running engine for game: CastleRavenloft
LogPlatformFile: Not using cached read wrapper
LogTaskGraph: Started task graph with 5 named threads and 14 total threads with 3 sets of task threads.
LogStats: Stats thread started at 0.174316
LogD3D11RHI: Loaded GFSDK_Aftermath_Lib.x64.dll
LogICUInternationalization: Display: ICU TimeZone Detection - Raw Offset: -5:00, Platform Override: ''
LogPluginManager: Mounting plugin Paper2D
LogPluginManager: Mounting plugin AISupport
LogPluginManager: Mounting plugin LightPropagationVolume
LogPluginManager: Mounting plugin CLionSourceCodeAccess
LogPluginManager: Mounting plugin CodeLiteSourceCodeAccess
LogPluginManager: Mounting plugin GitSourceControl
LogPluginManager: Mounting plugin KDevelopSourceCodeAccess
LogPluginManager: Mounting plugin NullSourceCodeAccess
LogPluginManager: Mounting plugin PerforceSourceControl
LogPluginManager: Mounting plugin SubversionSourceControl
LogPluginManager: Mounting plugin UObjectPlugin
LogPluginManager: Mounting plugin VisualStudioCodeSourceCodeAccess
LogPluginManager: Mounting plugin VisualStudioSourceCodeAccess
LogPluginManager: Mounting plugin XCodeSourceCodeAccess
LogPluginManager: Mounting plugin AssetManagerEditor
LogPluginManager: Mounting plugin CryptoKeys
LogPluginManager: Mounting plugin DataValidation
LogPluginManager: Mounting plugin FacialAnimation
LogPluginManager: Mounting plugin GameplayTagsEditor
LogPluginManager: Mounting plugin MacGraphicsSwitching
LogPluginManager: Mounting plugin MeshEditor
LogPluginManager: Mounting plugin MobileLauncherProfileWizard
LogPluginManager: Mounting plugin PluginBrowser
LogPluginManager: Mounting plugin SpeedTreeImporter
LogPluginManager: Mounting plugin DatasmithContent
LogPluginManager: Mounting plugin AlembicImporter
LogPluginManager: Mounting plugin AppleImageUtils
LogPluginManager: Mounting plugin AppleVision
LogPluginManager: Mounting plugin BackChannel
LogPluginManager: Mounting plugin CharacterAI
LogPluginManager: Mounting plugin GeometryCache
LogPluginManager: Mounting plugin HTML5Networking
LogPluginManager: Mounting plugin ProxyLODPlugin
LogPluginManager: Mounting plugin MagicLeap
LogPluginManager: Mounting plugin MagicLeapEmulator
LogPluginManager: Mounting plugin MagicLeapMedia
LogPluginManager: Mounting plugin AndroidMedia
LogPluginManager: Mounting plugin AvfMedia
LogPluginManager: Mounting plugin ImgMedia
LogPluginManager: Mounting plugin LinearTimecode
LogPluginManager: Mounting plugin MediaCompositing
LogPluginManager: Mounting plugin MediaPlayerEditor
LogPluginManager: Mounting plugin WmfMedia
LogPluginManager: Mounting plugin TcpMessaging
LogPluginManager: Mounting plugin UdpMessaging
LogPluginManager: Mounting plugin ActorSequence
LogPluginManager: Mounting plugin LevelSequenceEditor
LogPluginManager: Mounting plugin MatineeToLevelSequence
LogPluginManager: Mounting plugin NetcodeUnitTest
LogPluginManager: Mounting plugin NUTUnrealEngine4
LogPluginManager: Mounting plugin OnlineSubsystemGooglePlay
LogPluginManager: Mounting plugin OnlineSubsystemIOS
LogPluginManager: Mounting plugin OnlineSubsystem
LogPluginManager: Mounting plugin OnlineSubsystemNull
LogPluginManager: Mounting plugin OnlineSubsystemUtils
LogPluginManager: Mounting plugin LauncherChunkInstaller
LogPluginManager: Mounting plugin AndroidDeviceProfileSelector
LogPluginManager: Mounting plugin AndroidMoviePlayer
LogPluginManager: Mounting plugin AndroidPermission
LogPluginManager: Mounting plugin AppleMoviePlayer
LogPluginManager: Mounting plugin ArchVisCharacter
LogPluginManager: Mounting plugin AudioCapture
LogPluginManager: Mounting plugin CableComponent
LogPluginManager: Mounting plugin CustomMeshComponent
LogPluginManager: Mounting plugin EditableMesh
LogPluginManager: Mounting plugin ExampleDeviceProfileSelector
LogPluginManager: Mounting plugin GoogleCloudMessaging
LogPluginManager: Mounting plugin ImmediatePhysics
LogPluginManager: Mounting plugin IOSDeviceProfileSelector
LogPluginManager: Mounting plugin LinuxDeviceProfileSelector
LogPluginManager: Mounting plugin LocationServicesBPLibrary
LogPluginManager: Mounting plugin MobilePatchingUtils
LogPluginManager: Mounting plugin OculusVR
LogPluginManager: Plugin shader directory ../../../Engine/Plugins/Runtime/Oculus/OculusVR/Shaders found
LogPluginManager: Mapping shader source directory ../../../Engine/Plugins/Runtime/Oculus/OculusVR/Shaders to virtual directory /Plugin/OculusVR
LogPluginManager: Mounting plugin PhysXVehicles
LogPluginManager: Mounting plugin ProceduralMeshComponent
LogPluginManager: Mounting plugin RuntimePhysXCooking
LogPluginManager: Mounting plugin SteamVR
LogPluginManager: Mounting plugin WindowsMoviePlayer
LogStreaming: Display: Took  0.350s to configure plugins.
LogInit: Using libcurl 7.55.1-DEV
LogInit:  - built for x86_64-pc-win32
LogInit:  - supports SSL with OpenSSL/1.0.2h
LogInit:  - supports HTTP deflate (compression) using libz 1.2.8
LogInit:  - other features:
LogInit:      CURL_VERSION_SSL
LogInit:      CURL_VERSION_LIBZ
LogInit:      CURL_VERSION_IPV6
LogInit:      CURL_VERSION_ASYNCHDNS
LogInit:      CURL_VERSION_LARGEFILE
LogInit:      CURL_VERSION_IDN
LogInit:  CurlRequestOptions (configurable via config and command line):
LogInit:  - bVerifyPeer = false  - Libcurl will NOT verify peer certificate
LogInit:  - bUseHttpProxy = false  - Libcurl will NOT use HTTP proxy
LogInit:  - bDontReuseConnections = false  - Libcurl will reuse connections
LogInit:  - CertBundlePath = nullptr  - Libcurl will use whatever was configured at build time.
LogInit:  - MaxHostConnections = 16  - Libcurl will limit the number of connections to a host
LogInit:  - LocalHostAddr = Default
LogInit:  - BufferSize = 65536
LogInit: WinSock: version 1.1 (2.2), MaxSocks=32767, MaxUdp=65467
LogHMD: Failed initializing OVRPlugin 1.25.0
LogInit: Build: ++UE4+Release-4.20-CL-4369336
LogInit: Engine Version: 4.20.3-4369336+++UE4+Release-4.20
LogInit: Compatible Engine Version: 4.20.0-4212847+++UE4+Release-4.20
LogInit: Net CL: 4212847
LogInit: OS: Windows 10 (), CPU: Intel(R) Core(TM) i5-6400 CPU @ 2.70GHz, GPU: NVIDIA GeForce GTX 1080
LogInit: Compiled (64-bit): Sep 17 2018 12:26:19
LogInit: Compiled with Visual C++: 19.13.26129.00
LogInit: Build Configuration: Development
LogInit: Branch Name: ++UE4+Release-4.20
LogInit: Command Line: 
LogInit: Base Directory: D:/UE_4.20/Engine/Binaries/Win64/
LogInit: Installed Engine Build: 1
LogDevObjectVersion: Number of dev versions registered: 20
LogDevObjectVersion:   Dev-Blueprints (B0D832E4-1F89-4F0D-ACCF-7EB736FD4AA2): 10
LogDevObjectVersion:   Dev-Build (E1C64328-A22C-4D53-A36C-8E866417BD8C): 0
LogDevObjectVersion:   Dev-Core (375EC13C-06E4-48FB-B500-84F0262A717E): 2
LogDevObjectVersion:   Dev-Editor (E4B068ED-F494-42E9-A231-DA0B2E46BB41): 24
LogDevObjectVersion:   Dev-Framework (CFFC743F-43B0-4480-9391-14DF171D2073): 34
LogDevObjectVersion:   Dev-Mobile (B02B49B5-BB20-44E9-A304-32B752E40360): 2
LogDevObjectVersion:   Dev-Networking (A4E4105C-59A1-49B5-A7C5-40C4547EDFEE): 0
LogDevObjectVersion:   Dev-Online (39C831C9-5AE6-47DC-9A44-9C173E1C8E7C): 0
LogDevObjectVersion:   Dev-Physics (78F01B33-EBEA-4F98-B9B4-84EACCB95AA2): 0
LogDevObjectVersion:   Dev-Platform (6631380F-2D4D-43E0-8009-CF276956A95A): 0
LogDevObjectVersion:   Dev-Rendering (12F88B9F-8875-4AFC-A67C-D90C383ABD29): 26
LogDevObjectVersion:   Dev-Sequencer (7B5AE74C-D270-4C10-A958-57980B212A5A): 9
LogDevObjectVersion:   Dev-VR (D7296918-1DD6-4BDD-9DE2-64A83CC13884): 2
LogDevObjectVersion:   Dev-LoadTimes (C2A15278-BFE7-4AFE-6C17-90FF531DF755): 1
LogDevObjectVersion:   Private-Geometry (6EACA3D4-40EC-4CC1-B786-8BED09428FC5): 3
LogDevObjectVersion:   Dev-AnimPhys (29E575DD-E0A3-4627-9D10-D276232CDCEA): 17
LogDevObjectVersion:   Dev-ReflectionCapture (6B266CEC-1EC7-4B8F-A30B-E4D90942FC07): 1
LogDevObjectVersion:   Dev-Automation (0DF73D61-A23F-47EA-B727-89E90C41499A): 1
LogDevObjectVersion:   FortniteMain (601D1886-AC64-4F84-AA16-D3DE0DEAC7D6): 12
LogDevObjectVersion:   Dev-Enterprise (9DFFBCD6-494F-0158-E221-12823C92A888): 1
LogStreaming: Display: Took  0.000s to delete old logs.
LogInit: Presizing for max 8388607 objects, including 0 objects not considered by GC, pre-allocating 0 bytes for permanent pool.
LogInit: Object subsystem initialized
[2018.09.25-18.09.37:244][  0]LogInit: Selected Device Profile: [Windows]
[2018.09.25-18.09.37:244][  0]LogInit: Applying CVar settings loaded from the selected device profile: [Windows]
[2018.09.25-18.09.37:340][  0]LogHAL: Display: Platform has ~ 16 GB [17078054912 / 17179869184 / 16], which maps to Larger [LargestMinGB=32, LargerMinGB=12, DefaultMinGB=8, SmallerMinGB=6, SmallestMinGB=0)
[2018.09.25-18.09.37:340][  0]LogInit: Setting Device Profile CVar: [[r.Vulkan.UseRealUBs:1]]
[2018.09.25-18.09.37:340][  0]LogInit: Going up to parent DeviceProfile []
[2018.09.25-18.09.37:341][  0]LogInit: Computer: WK-B7VRPD2
[2018.09.25-18.09.37:341][  0]LogInit: User: aslanphear
[2018.09.25-18.09.37:341][  0]LogInit: CPU Page size=4096, Cores=4
[2018.09.25-18.09.37:341][  0]LogInit: High frequency timer resolution =2.648439 MHz
[2018.09.25-18.09.37:341][  0]LogMemory: Memory total: Physical=15.9GB (16GB approx)
[2018.09.25-18.09.37:341][  0]LogMemory: Platform Memory Stats for Windows
[2018.09.25-18.09.37:341][  0]LogMemory: Process Physical Memory: 103.76 MB used, 103.76 MB peak
[2018.09.25-18.09.37:341][  0]LogMemory: Process Virtual Memory: 87.74 MB used, 87.74 MB peak
[2018.09.25-18.09.37:341][  0]LogMemory: Physical Memory: 6017.05 MB used,  10269.85 MB free, 16286.90 MB total
[2018.09.25-18.09.37:341][  0]LogMemory: Virtual Memory: 4638.16 MB used,  10269.85 MB free, 134217728.00 MB total
[2018.09.25-18.09.37:353][  0]LogInit: Using OS detected language (en-US).
[2018.09.25-18.09.37:353][  0]LogInit: Using OS detected locale (en-US).
[2018.09.25-18.09.37:354][  0]LogTextLocalizationManager: No specific localization for 'en-US' exists, so the 'en' localization will be used.
[2018.09.25-18.09.37:745][  0]LogStreaming: Display: Took  0.392s to InitEngineTextLocalization.
[2018.09.25-18.09.37:745][  0]LogInit: Setting process to per monitor DPI aware
[2018.09.25-18.09.37:970][  0]LogSlate: New Slate User Created.  User Index 0, Is Virtual User: 0
[2018.09.25-18.09.37:970][  0]LogSlate: Slate User Registered.  User Index 0, Is Virtual User: 0
[2018.09.25-18.09.42:064][  0]LogHMD: Failed to initialize OpenVR with code 110
[2018.09.25-18.09.42:064][  0]LogD3D11RHI: D3D11 adapters:
[2018.09.25-18.09.42:160][  0]LogD3D11RHI:    0. 'NVIDIA GeForce GTX 1080' (Feature Level 11_0)
[2018.09.25-18.09.42:160][  0]LogD3D11RHI:       8079/0/8143 MB DedicatedVideo/DedicatedSystem/SharedSystem, Outputs:2, VendorId:0x10de
[2018.09.25-18.09.42:172][  0]LogD3D11RHI:    1. 'Intel(R) HD Graphics 530' (Feature Level 11_0)
[2018.09.25-18.09.42:172][  0]LogD3D11RHI:       128/0/8143 MB DedicatedVideo/DedicatedSystem/SharedSystem, Outputs:0, VendorId:0x8086
[2018.09.25-18.09.42:173][  0]LogD3D11RHI:    2. 'Microsoft Basic Render Driver' (Feature Level 11_0)
[2018.09.25-18.09.42:173][  0]LogD3D11RHI:       0/0/8143 MB DedicatedVideo/DedicatedSystem/SharedSystem, Outputs:0, VendorId:0x1414
[2018.09.25-18.09.42:173][  0]LogD3D11RHI: Chosen D3D11 Adapter: 0
[2018.09.25-18.09.42:182][  0]LogD3D11RHI: Creating new Direct3DDevice
[2018.09.25-18.09.42:182][  0]LogD3D11RHI:     GPU DeviceId: 0x1b80 (for the marketing name, search the web for "GPU Device Id")
[2018.09.25-18.09.42:193][  0]LogWindows: EnumDisplayDevices:
[2018.09.25-18.09.42:194][  0]LogWindows:    0. 'NVIDIA GeForce GTX 1080' (P:1 D:1)
[2018.09.25-18.09.42:194][  0]LogWindows:    1. 'NVIDIA GeForce GTX 1080' (P:0 D:1)
[2018.09.25-18.09.42:194][  0]LogWindows:    2. 'NVIDIA GeForce GTX 1080' (P:0 D:0)
[2018.09.25-18.09.42:194][  0]LogWindows:    3. 'NVIDIA GeForce GTX 1080' (P:0 D:0)
[2018.09.25-18.09.42:195][  0]LogWindows:    4. 'Intel(R) HD Graphics 530' (P:0 D:0)
[2018.09.25-18.09.42:195][  0]LogWindows:    5. 'Intel(R) HD Graphics 530' (P:0 D:0)
[2018.09.25-18.09.42:195][  0]LogWindows:    6. 'Intel(R) HD Graphics 530' (P:0 D:0)
[2018.09.25-18.09.42:195][  0]LogWindows: DebugString: PrimaryIsNotTheChoosenAdapter PrimaryIsNotTheChoosenAdapter PrimaryIsNotTheChoosenAdapter FoundDriverCount:4 
[2018.09.25-18.09.42:195][  0]LogD3D11RHI:     Adapter Name: NVIDIA GeForce GTX 1080
[2018.09.25-18.09.42:201][  0]LogD3D11RHI:   Driver Version: 391.25 (internal:23.21.13.9125, unified:391.25)
[2018.09.25-18.09.42:201][  0]LogD3D11RHI:      Driver Date: 3-16-2018
[2018.09.25-18.09.42:201][  0]LogRHI: Texture pool is 5655 MB (70% of 8079 MB)
[2018.09.25-18.09.42:251][  0]LogD3D11RHI: Async texture creation enabled
[2018.09.25-18.09.42:425][  0]LogD3D11RHI: GPU Timing Frequency: 1000.000000 (Debug: 2 2)
[2018.09.25-18.09.42:543][  0]LogShaderCompilers: Guid format shader working directory is 9 characters bigger than the processId version (E:/Github/CastleRavenloft/CastleRavenloft/Intermediate/Shaders/WorkingDirectory/11056/).
[2018.09.25-18.09.42:543][  0]LogShaderCompilers: Cleaned the shader compiler working directory 'C:/Users/aslanphear/AppData/Local/Temp/UnrealShaderWorkingDir/0708A00B4D5482A77AB874B4F6728CF2/'.
[2018.09.25-18.09.43:329][  0]LogTemp: Display: Loaded TP AllDesktopTargetPlatform
[2018.09.25-18.09.43:342][  0]LogTemp: Display: Loaded TP MacClientTargetPlatform
[2018.09.25-18.09.43:354][  0]LogTemp: Display: Loaded TP MacNoEditorTargetPlatform
[2018.09.25-18.09.43:367][  0]LogTemp: Display: Loaded TP MacServerTargetPlatform
[2018.09.25-18.09.43:380][  0]LogTemp: Display: Loaded TP MacTargetPlatform
[2018.09.25-18.09.43:392][  0]LogTemp: Display: Loaded TP WindowsClientTargetPlatform
[2018.09.25-18.09.43:405][  0]LogTemp: Display: Loaded TP WindowsNoEditorTargetPlatform
[2018.09.25-18.09.43:417][  0]LogTemp: Display: Loaded TP WindowsServerTargetPlatform
[2018.09.25-18.09.43:423][  0]LogTemp: Display: Loaded TP WindowsTargetPlatform
[2018.09.25-18.09.43:504][  0]LogTemp: Display: Loaded TP AndroidTargetPlatform
[2018.09.25-18.09.43:504][  0]LogTemp: Display: Loaded TP AndroidTargetPlatform
[2018.09.25-18.09.43:504][  0]LogTemp: Display: Loaded TP AndroidTargetPlatform
[2018.09.25-18.09.43:504][  0]LogTemp: Display: Loaded TP AndroidTargetPlatform
[2018.09.25-18.09.43:504][  0]LogTemp: Display: Loaded TP AndroidTargetPlatform
[2018.09.25-18.09.43:504][  0]LogTemp: Display: Loaded TP AndroidTargetPlatform
[2018.09.25-18.09.43:504][  0]LogTemp: Display: Loaded TP AndroidTargetPlatform
[2018.09.25-18.09.43:504][  0]LogTemp: Display: Loaded TP AndroidTargetPlatform
[2018.09.25-18.09.43:504][  0]LogTemp: Display: Loaded TP AndroidTargetPlatform
[2018.09.25-18.09.43:504][  0]LogTemp: Display: Loaded TP AndroidTargetPlatform
[2018.09.25-18.09.43:504][  0]LogTemp: Display: Loaded TP AndroidTargetPlatform
[2018.09.25-18.09.43:504][  0]LogTemp: Display: Loaded TP AndroidTargetPlatform
[2018.09.25-18.09.43:504][  0]LogTemp: Display: Loaded TP AndroidTargetPlatform
[2018.09.25-18.09.43:504][  0]LogTemp: Display: Loaded TP AndroidTargetPlatform
[2018.09.25-18.09.43:504][  0]LogTemp: Display: Loaded TP AndroidTargetPlatform
[2018.09.25-18.09.43:504][  0]LogTemp: Display: Loaded TP AndroidTargetPlatform
[2018.09.25-18.09.43:504][  0]LogTemp: Display: Loaded TP AndroidTargetPlatform
[2018.09.25-18.09.43:504][  0]LogTemp: Display: Loaded TP AndroidTargetPlatform
[2018.09.25-18.09.43:505][  0]LogTemp: Display: Loaded TP HTML5TargetPlatform
[2018.09.25-18.09.43:595][  0]LogTemp: Display: Loaded TP IOSTargetPlatform
[2018.09.25-18.09.43:595][  0]LogTemp: Display: Loaded TP IOSTargetPlatform
[2018.09.25-18.09.43:641][  0]LogTemp: Display: Loaded TP TVOSTargetPlatform
[2018.09.25-18.09.43:641][  0]LogTemp: Display: Loaded TP TVOSTargetPlatform
[2018.09.25-18.09.43:673][  0]LogTemp: Display: Loaded TP LinuxClientTargetPlatform
[2018.09.25-18.09.43:707][  0]LogTemp: Display: Loaded TP LinuxNoEditorTargetPlatform
[2018.09.25-18.09.43:740][  0]LogTemp: Display: Loaded TP LinuxServerTargetPlatform
[2018.09.25-18.09.43:790][  0]LogTemp: Display: Loaded TP LinuxTargetPlatform
[2018.09.25-18.09.43:820][  0]LogTemp: Display: Loaded TP LuminTargetPlatform
[2018.09.25-18.09.43:820][  0]LogTargetPlatformManager: Display: Building Assets For Windows
[2018.09.25-18.09.44:613][  0]LogXGEController: Cannot use XGE Controller as Incredibuild is not installed on this machine.
[2018.09.25-18.09.44:613][  0]LogShaderCompilers: Cannot use XGE Shader Compiler as Incredibuild is not installed on this machine.
[2018.09.25-18.09.44:613][  0]LogShaderCompilers: Display: Using Local Shader Compiler.
[2018.09.25-18.09.47:281][  0]LogDerivedDataCache: Display: Max Cache Size: 512 MB
[2018.09.25-18.09.47:521][  0]LogDerivedDataCache: Loaded boot cache 0.24s 71MB C:/Users/aslanphear/AppData/Local/UnrealEngine/4.20/DerivedDataCache/Boot.ddc.
[2018.09.25-18.09.47:522][  0]LogDerivedDataCache: Display: Loaded Boot cache: C:/Users/aslanphear/AppData/Local/UnrealEngine/4.20/DerivedDataCache/Boot.ddc
[2018.09.25-18.09.47:522][  0]LogDerivedDataCache: FDerivedDataBackendGraph:  Pak pak cache file E:/Github/CastleRavenloft/CastleRavenloft/DerivedDataCache/DDC.ddp not found, will not use a pak cache.
[2018.09.25-18.09.47:522][  0]LogDerivedDataCache: Unable to find inner node Pak for hierarchical cache Hierarchy.
[2018.09.25-18.09.47:522][  0]LogDerivedDataCache: FDerivedDataBackendGraph:  CompressedPak pak cache file E:/Github/CastleRavenloft/CastleRavenloft/DerivedDataCache/Compressed.ddp not found, will not use a pak cache.
[2018.09.25-18.09.47:522][  0]LogDerivedDataCache: Unable to find inner node CompressedPak for hierarchical cache Hierarchy.
[2018.09.25-18.09.47:591][  0]LogDerivedDataCache: Display: Pak cache opened for reading ../../../Engine/DerivedDataCache/Compressed.ddp.
[2018.09.25-18.09.47:605][  0]LogDerivedDataCache: Using Local data cache path C:/Users/aslanphear/AppData/Local/UnrealEngine/Common/DerivedDataCache: Writable
[2018.09.25-18.09.47:605][  0]LogDerivedDataCache: Shared data cache path not found in *engine.ini, will not use an Shared cache.
[2018.09.25-18.09.47:605][  0]LogDerivedDataCache: Unable to find inner node Shared for hierarchical cache Hierarchy.
[2018.09.25-18.09.47:640][  0]LogMaterial: Verifying Global Shaders for PCD3D_SM5
[2018.09.25-18.09.47:691][  0]LogSlate: Using FreeType 2.6.0
[2018.09.25-18.09.47:741][  0]LogSlate: SlateFontServices - WITH_FREETYPE: 1, WITH_HARFBUZZ: 1
[2018.09.25-18.09.49:268][  0]LogAssetRegistry: FAssetRegistry took 0.0384 seconds to start up
[2018.09.25-18.09.51:754][  0]LogInit: Selected Device Profile: [Windows]
[2018.09.25-18.09.53:760][  0]LogAssetRegistry: Error: Failed to open file for write E:/Github/CastleRavenloft/CastleRavenloft/Intermediate/CachedAssetRegistry.bin
[2018.09.25-18.09.53:760][  0]LogSimplygon: Simplygon DLL not present - disabling.
[2018.09.25-18.09.54:039][  0]LogMeshReduction: Using SimplygonSwarm for distributed automatic mesh merging
[2018.09.25-18.09.54:039][  0]LogMeshReduction: Using ProxyLODMeshReduction for automatic mesh merging
[2018.09.25-18.09.54:040][  0]LogMeshReduction: Using QuadricMeshReduction for automatic static mesh reduction
[2018.09.25-18.09.54:040][  0]LogMeshReduction: No automatic skeletal mesh reduction module available
[2018.09.25-18.09.54:368][  0]LogNetVersion: CastleRavenloft 1.0.0, NetCL: 4212847, EngineNetVer: 5, GameNetVer: 0 (Checksum: 37006697)
[2018.09.25-18.09.55:752][  0]LogConfig: Warning: Failed to saved backup for config[GameplayTagsList]
[2018.09.25-18.09.57:981][  0]LogAssetRegistry: Error: Failed to open file for write E:/Github/CastleRavenloft/CastleRavenloft/Intermediate/AssetRegistryCache/5a627529.bin
[2018.09.25-18.09.58:420][  0]LogPackageLocalizationCache: Processed 11 localized package path(s) for 2 prioritized culture(s) in 0.450861 seconds
[2018.09.25-18.09.58:454][  0]LogUObjectArray: 38425 objects as part of root set at end of initial load.
[2018.09.25-18.09.58:454][  0]LogUObjectAllocator: 6690864 out of 0 bytes used by permanent object pool.
[2018.09.25-18.09.58:454][  0]LogUObjectArray: CloseDisregardForGC: 0/0 objects in disregard for GC pool
[2018.09.25-18.10.11:469][  0]LogTcpMessaging: Initializing TcpMessaging bridge
[2018.09.25-18.10.11:533][  0]LogUdpMessaging: Initializing bridge on interface 0.0.0.0:0 to multicast group 230.0.0.1:6666.
[2018.09.25-18.10.12:506][  0]LogConfig: Warning: Failed to saved backup for config[SourceControlSettings]
[2018.09.25-18.10.12:510][  0]LogConfig: Warning: Failed to saved backup for config[SourceControlSettings]
[2018.09.25-18.10.12:512][  0]SourceControl: Source control is disabled
[2018.09.25-18.10.12:517][  0]SourceControl: Source control is disabled
[2018.09.25-18.10.12:605][  0]SourceControl: Source control is disabled
[2018.09.25-18.10.12:655][  0]SourceControl: Source control is disabled
[2018.09.25-18.10.14:188][  0]LogConfig: Warning: Failed to saved backup for config[UnitTest]
[2018.09.25-18.10.14:256][  0]LogAndroidPermission: UAndroidPermissionCallbackProxy::GetInstance
[2018.09.25-18.10.14:499][  0]LogOcInput: OculusInput pre-init called
[2018.09.25-18.10.15:090][  0]LogEngine: Initializing Engine...
[2018.09.25-18.10.15:108][  0]LogHMD: Failed to initialize OpenVR with code 110
[2018.09.25-18.10.15:125][  0]LogStats: UGameplayTagsManager::ConstructGameplayTagTree: ImportINI prefixes -  0.001 s
[2018.09.25-18.10.15:126][  0]LogStats: UGameplayTagsManager::ConstructGameplayTagTree: Construct from data asset -  0.000 s
[2018.09.25-18.10.15:126][  0]LogStats: UGameplayTagsManager::ConstructGameplayTagTree: ImportINI -  0.000 s
[2018.09.25-18.10.15:126][  0]LogStats: UGameplayTagsManager::ConstructGameplayTagTree: GameplayTagTreeChangedEvent.Broadcast -  0.000 s
[2018.09.25-18.10.16:122][  0]LogInit: Initializing FReadOnlyCVARCache
[2018.09.25-18.10.16:313][  0]LogAIModule: Creating AISystem for world Untitled
[2018.09.25-18.10.16:444][  0]LogInit: XAudio2 using 'Realtek Digital Output (2- Realtek Audio)' : 2 channels at 48 kHz using 16 bits per sample (channel mask 0x3)
[2018.09.25-18.10.16:516][  0]LogInit: FAudioDevice initialized.
[2018.09.25-18.10.16:516][  0]LogNetVersion: Set ProjectVersion to 1.0.0.0. Version Checksum will be recalculated on next use.
[2018.09.25-18.10.16:570][  0]LogDerivedDataCache: Saved boot cache 0.05s 71MB C:/Users/aslanphear/AppData/Local/UnrealEngine/4.20/DerivedDataCache/Boot.ddc.
[2018.09.25-18.10.16:584][  0]LogInit: Texture streaming: Enabled
[2018.09.25-18.10.16:658][  0]LogEngineSessionManager: EngineSessionManager initialized
[2018.09.25-18.10.16:708][  0]LogWindowsTextInputMethodSystem: Display: IME system now deactivated.
[2018.09.25-18.10.16:821][  0]LogInit: Transaction tracking system initialized
[2018.09.25-18.10.17:110][  0]BlueprintLog: New page: Editor Load
[2018.09.25-18.10.18:088][  0]LogConfig: Warning: Failed to saved backup for config[LocalizationServiceSettings]
[2018.09.25-18.10.18:093][  0]LocalizationService: Localization service is disabled
[2018.09.25-18.10.20:611][  0]LogFileCache: Scanning file cache for directory 'E:/Github/CastleRavenloft/CastleRavenloft/Content/' took 0.02s
[2018.09.25-18.10.20:611][  0]LogCook: Display: Max memory allowance for cook 16384mb min free memory 0mb
[2018.09.25-18.10.20:612][  0]LogCook: Display: Mobile HDR setting 1
[2018.09.25-18.10.20:626][  0]LogGameplayTags: Display: UGameplayTagsManager::DoneAddingNativeTags. DelegateIsBound: 0
[2018.09.25-18.10.20:626][  0]LogStats: UGameplayTagsManager::ConstructGameplayTagTree: ImportINI prefixes -  0.000 s
[2018.09.25-18.10.20:626][  0]LogStats: UGameplayTagsManager::ConstructGameplayTagTree: Construct from data asset -  0.000 s
[2018.09.25-18.10.20:626][  0]LogStats: UGameplayTagsManager::ConstructGameplayTagTree: ImportINI -  0.000 s
[2018.09.25-18.10.20:626][  0]LogStats: UGameplayTagsManager::ConstructGameplayTagTree: GameplayTagTreeChangedEvent.Broadcast -  0.000 s
[2018.09.25-18.10.22:482][  0]SourceControl: Source control is disabled
[2018.09.25-18.10.22:504][  0]Cmd: MAP LOAD FILE="E:/Github/CastleRavenloft/CastleRavenloft/Content/CastleMap.umap" TEMPLATE=0 SHOWPROGRESS=1 FEATURELEVEL=3
[2018.09.25-18.10.22:550][  0]LightingResults: New page: Lighting Build
[2018.09.25-18.10.22:634][  0]MapCheck: New page: Map Check
[2018.09.25-18.10.22:635][  0]LightingResults: New page: Lighting Build
[2018.09.25-18.10.23:779][  0]LogLinker: Warning: Can't find file '/Game/CastleMap_BuiltData'
[2018.09.25-18.10.23:779][  0]LogLinker: Warning: Can't find file for asset '/Game/CastleMap_BuiltData' while loading E:/Github/CastleRavenloft/CastleRavenloft/Content/CastleMap.umap.
[2018.09.25-18.10.23:779][  0]LoadErrors: Error: /Game/CastleMap : Can't find file for asset. /Game/CastleMap_BuiltData
[2018.09.25-18.10.23:780][  0]LogLinker: Warning: Can't find file '/Game/CastleMap_BuiltData'
[2018.09.25-18.10.23:780][  0]LogLinker: Warning: Can't find file for asset '/Game/CastleMap_BuiltData' while loading E:/Github/CastleRavenloft/CastleRavenloft/Content/CastleMap.umap.
[2018.09.25-18.10.23:780][  0]LoadErrors: Error: /Game/CastleMap : Can't find file for asset. /Game/CastleMap_BuiltData
[2018.09.25-18.10.23:783][  0]LogLinker: Warning: Can't find file '/Game/CastleMap_BuiltData'
[2018.09.25-18.10.23:784][  0]LogLinker: Warning: Can't find file for asset '/Game/CastleMap_BuiltData' while loading NULL.
[2018.09.25-18.10.23:784][  0]LogLinker: Warning: Can't find file '/Game/CastleMap_BuiltData'
[2018.09.25-18.10.23:784][  0]LogLinker: Warning: Can't find file for asset '/Game/CastleMap_BuiltData' while loading NULL.
[2018.09.25-18.10.23:834][  0]LogLinker: Warning: Can't find file '/Game/CastleMap_BuiltData'
[2018.09.25-18.10.23:834][  0]LoadErrors: Failed to load /Game/CastleMap_BuiltData.CastleMap_BuiltData Referenced by PersistentLevel
[2018.09.25-18.10.23:835][  0]LogLinker: Warning: Can't find file for asset '/Game/CastleMap_BuiltData' while loading NULL.
[2018.09.25-18.10.23:835][  0]LoadErrors: Failed to load /Game/CastleMap_BuiltData.CastleMap_BuiltData Referenced by PersistentLevel
[2018.09.25-18.10.24:400][  0]LogAIModule: Creating AISystem for world CastleMap
[2018.09.25-18.10.24:630][  0]LogEditorServer: Finished looking for orphan Actors (0.000 secs)
[2018.09.25-18.10.24:759][  0]Cmd: MAP CHECKDEP NOCLEARLOG
[2018.09.25-18.10.24:808][  0]MapCheck: Map check complete: 0 Error(s), 0 Warning(s), took 49.067ms to complete.
[2018.09.25-18.10.24:808][  0]LogFileHelpers: Loading map 'CastleMap' took 2.312
[2018.09.25-18.10.25:705][  0]LogSlate: Updating window title bar state: overlay mode, drag disabled, window buttons hidden, title bar hidden
[2018.09.25-18.10.25:714][  0]LogSlate: Updating window title bar state: overlay mode, drag disabled, window buttons hidden, title bar hidden
[2018.09.25-18.10.25:722][  0]LogSlate: Updating window title bar state: overlay mode, drag disabled, window buttons hidden, title bar hidden
[2018.09.25-18.10.25:731][  0]LogSlate: Updating window title bar state: overlay mode, drag disabled, window buttons hidden, title bar hidden
[2018.09.25-18.10.25:772][  0]LogCollectionManager: Loaded 0 collections in 0.001050 seconds
[2018.09.25-18.10.25:849][  0]LogFileCache: Scanning file cache for directory 'E:/Github/CastleRavenloft/CastleRavenloft/Saved/Collections/' took 0.01s
[2018.09.25-18.10.25:849][  0]LogFileCache: Scanning file cache for directory 'E:/Github/CastleRavenloft/CastleRavenloft/Content/Developers/aslanphear/Collections/' took 0.01s
[2018.09.25-18.10.25:849][  0]LogFileCache: Scanning file cache for directory 'E:/Github/CastleRavenloft/CastleRavenloft/Content/Collections/' took 0.01s
[2018.09.25-18.10.25:849][  0]LogCollectionManager: Rebuilt the GUID cache for 0 collections in 0.000000 seconds
[2018.09.25-18.10.25:859][  0]LogContentBrowser: Native class hierarchy populated in 0.0097 seconds. Added 2572 classes and 603 folders.
[2018.09.25-18.10.25:902][  0]LogContentBrowser: Native class hierarchy updated for 'WidgetCarousel' in 0.0003 seconds. Added 0 classes and 0 folders.
[2018.09.25-18.10.26:780][  0]LogContentBrowser: Native class hierarchy updated for 'AddContentDialog' in 0.0003 seconds. Added 0 classes and 0 folders.
[2018.09.25-18.10.26:816][  0]LogContentBrowser: Native class hierarchy updated for 'SceneOutliner' in 0.0002 seconds. Added 1 classes and 2 folders.
[2018.09.25-18.10.27:153][  0]LogSlate: Took 0.013976 seconds to synchronously load lazily loaded font '../../../Engine/Content/Slate/Fonts/Roboto-Regular.ttf' (155K)
[2018.09.25-18.10.27:188][  0]LogSlate: Took 0.025440 seconds to synchronously load lazily loaded font '../../../Engine/Content/Slate/Fonts/Roboto-Bold.ttf' (160K)
[2018.09.25-18.10.27:236][  0]LogSlate: Took 0.010411 seconds to synchronously load lazily loaded font '../../../Engine/Content/Editor/Slate/Fonts/FontAwesome.ttf' (139K)
[2018.09.25-18.10.27:630][  0]LogRenderer: Reallocating scene render targets to support 1208x576 Format 10 NumSamples 1 (Frame:1).
[2018.09.25-18.10.27:904][  0]LogSlate: Took 0.016259 seconds to synchronously load lazily loaded font '../../../Engine/Content/Slate/Fonts/Roboto-Light.ttf' (167K)
[2018.09.25-18.10.28:112][  0]LogContentBrowser: Native class hierarchy updated for 'HierarchicalLODOutliner' in 0.0004 seconds. Added 0 classes and 0 folders.
[2018.09.25-18.10.28:112][  0]LogLoad: (Engine Initialization) Total time: 53.16 seconds
[2018.09.25-18.10.28:112][  0]LogLoad: (Engine Initialization) Total Blueprint compile time: 0.00 seconds
[2018.09.25-18.10.28:218][  0]LogContentStreaming: Texture pool size now 1000 MB
[2018.09.25-18.10.28:238][  0]LogSlate: FSceneViewport::OnFocusLost() reason 2
[2018.09.25-18.10.28:488][  1]LogAssetRegistry: Asset discovery search completed in 39.2516 seconds
[2018.09.25-18.10.28:490][  1]LogCollectionManager: Rebuilt the object cache for 0 collections in 0.000000 seconds (found 0 objects)
[2018.09.25-18.10.28:490][  1]LogCollectionManager: Fixed up redirectors for 0 collections in 0.000089 seconds (updated 0 objects)
[2018.09.25-18.10.31:351][305]LogSlate: Window 'Message Log' being destroyed
[2018.09.25-18.10.31:355][305]LogSlate: Window 'Message Log' being destroyed
[2018.09.25-18.10.34:741][710]LogSlate: FSceneViewport::OnFocusLost() reason 0
[2018.09.25-18.21.09:146][449]LogSlate: Took 0.000230 seconds to synchronously load lazily loaded font '../../../Engine/Content/Slate/Fonts/Roboto-Light.ttf' (167K)
[2018.09.25-18.21.09:190][449]LogFactory: FactoryCreateFile: StaticMesh with FbxFactory (0 0 E:/Castle Ravenloft/export/SM_2Door.FBX)
[2018.09.25-18.21.09:228][449]LogFbx: Loading FBX Scene from E:/Castle Ravenloft/export/SM_2Door.FBX
[2018.09.25-18.21.09:236][449]LogFbx: FBX Scene Loaded Succesfully
[2018.09.25-18.21.18:281][449]LogSlate: Window 'FBX Import Options' being destroyed
[2018.09.25-18.21.18:430][449]LogFbx: Warning: Triangulating static mesh SM_DoubleDoor
[2018.09.25-18.21.18:477][449]LogFbx: Warning: Triangulating static mesh Doorknob
[2018.09.25-18.21.18:517][449]LogStaticMesh: Building static mesh SM_2Door...
[2018.09.25-18.21.18:539][449]LogStaticMesh: Built static mesh [0.02s] /Game/Statics/SM_2Door.SM_2Door
[2018.09.25-18.21.18:544][449]LogStaticMesh: Warning: SM_2Door has degenerate tangent bases which will result in incorrect shading.  MikkTSpace relies on tangent bases and may result in mesh corruption, consider disabling this option.
[2018.09.25-18.21.18:544][449]LogStaticMesh: Warning: SM_2Door has some nearly zero bi-normals which can create some issues. (Tolerance of 1E-4)
[2018.09.25-18.21.18:599][449]FBXImport: Warning: No smoothing group information was found in this FBX scene.  Please make sure to enable the 'Export Smoothing Groups' option in the FBX Exporter plug-in before exporting the file.  Even for tools that don't support smoothing groups, the FBX Exporter will generate appropriate smoothing data at export-time so that correct vertex normals can be inferred while importing. 
[2018.09.25-18.21.18:599][449]FBXImport: Warning: SM_2Door has degenerate tangent bases which will result in incorrect shading.  MikkTSpace relies on tangent bases and may result in mesh corruption, consider disabling this option. 
[2018.09.25-18.21.18:599][449]FBXImport: Warning: SM_2Door has some nearly zero bi-normals which can create some issues. (Tolerance of 1E-4) 
[2018.09.25-18.21.18:634][449]LogFactory: FactoryCreateFile: StaticMesh with FbxFactory (0 0 E:/Castle Ravenloft/export/SM_2Door_Arch.FBX)
[2018.09.25-18.21.18:652][449]LogFbx: Loading FBX Scene from E:/Castle Ravenloft/export/SM_2Door_Arch.FBX
[2018.09.25-18.21.18:666][449]LogFbx: FBX Scene Loaded Succesfully
[2018.09.25-18.21.18:666][449]LogFbx: Warning: Triangulating static mesh Arch_base
[2018.09.25-18.21.18:678][449]LogFbx: Warning: Triangulating static mesh Brick01
[2018.09.25-18.21.18:679][449]LogFbx: Warning: Triangulating static mesh Brick02
[2018.09.25-18.21.18:681][449]LogFbx: Warning: Triangulating static mesh Brick03
[2018.09.25-18.21.18:682][449]LogFbx: Warning: Triangulating static mesh Brick04
[2018.09.25-18.21.18:684][449]LogFbx: Warning: Triangulating static mesh Brick05
[2018.09.25-18.21.18:685][449]LogFbx: Warning: Triangulating static mesh Brick06
[2018.09.25-18.21.18:687][449]LogFbx: Warning: Triangulating static mesh Brick07
[2018.09.25-18.21.18:689][449]LogFbx: Warning: Triangulating static mesh Brick08
[2018.09.25-18.21.18:690][449]LogFbx: Warning: Triangulating static mesh Brick09
[2018.09.25-18.21.18:692][449]LogFbx: Warning: Triangulating static mesh Brick10
[2018.09.25-18.21.18:693][449]LogFbx: Warning: Triangulating static mesh Brick11
[2018.09.25-18.21.18:695][449]LogFbx: Warning: Triangulating static mesh Brick12
[2018.09.25-18.21.18:696][449]LogFbx: Warning: Triangulating static mesh Brick13
[2018.09.25-18.21.18:698][449]LogFbx: Warning: Triangulating static mesh Brick14
[2018.09.25-18.21.18:699][449]LogFbx: Warning: Triangulating static mesh Brick15
[2018.09.25-18.21.18:701][449]LogFbx: Warning: Triangulating static mesh Brick16
[2018.09.25-18.21.18:702][449]LogFbx: Warning: Triangulating static mesh Brick17
[2018.09.25-18.21.18:704][449]LogFbx: Warning: Triangulating static mesh Brick18
[2018.09.25-18.21.18:706][449]LogFbx: Warning: Triangulating static mesh Brick19
[2018.09.25-18.21.18:707][449]LogFbx: Warning: Triangulating static mesh Brick20
[2018.09.25-18.21.18:709][449]LogFbx: Warning: Triangulating static mesh Brick21
[2018.09.25-18.21.18:710][449]LogFbx: Warning: Triangulating static mesh Brick22
[2018.09.25-18.21.18:712][449]LogFbx: Warning: Triangulating static mesh Brick23
[2018.09.25-18.21.18:713][449]LogFbx: Warning: Triangulating static mesh Brick24
[2018.09.25-18.21.18:724][449]LogStaticMesh: Building static mesh SM_2Door_Arch...
[2018.09.25-18.21.18:798][449]LogStaticMesh: Built static mesh [0.07s] /Game/Statics/SM_2Door_Arch.SM_2Door_Arch
[2018.09.25-18.21.18:819][449]FBXImport: Warning: No smoothing group information was found in this FBX scene.  Please make sure to enable the 'Export Smoothing Groups' option in the FBX Exporter plug-in before exporting the file.  Even for tools that don't support smoothing groups, the FBX Exporter will generate appropriate smoothing data at export-time so that correct vertex normals can be inferred while importing. 
[2018.09.25-18.21.20:874][609]LogSlate: Window 'Message Log' being destroyed
[2018.09.25-18.21.20:879][609]LogSlate: Window 'Message Log' being destroyed
[2018.09.25-18.21.22:302][771]LogAssetEditorManager: Opening Asset editor for StaticMesh /Game/Statics/SM_2Door_Arch.SM_2Door_Arch
[2018.09.25-18.21.23:519][771]LogRenderer: Reallocating scene render targets to support 1432x924 Format 10 NumSamples 1 (Frame:1).
[2018.09.25-18.21.23:519][771]LogSlate: Took 0.018125 seconds to synchronously load lazily loaded font '../../../Engine/Content/Slate/Fonts/Roboto-Italic.ttf' (157K)
[2018.09.25-18.21.28:426][261]LogSlate: FSceneViewport::OnFocusLost() reason 2
[2018.09.25-18.21.33:941][868]LogSlate: FSceneViewport::OnFocusLost() reason 0
[2018.09.25-18.21.47:283][319]LogSlate: Window 'SM_2Door_Arch*' being destroyed
[2018.09.25-18.21.48:449][425]LogAssetEditorManager: Opening Asset editor for StaticMesh /Game/Statics/SM_2Door.SM_2Door
[2018.09.25-18.22.20:428][ 64]LogSlate: FSceneViewport::OnFocusLost() reason 2
[2018.09.25-18.22.27:210][791]LogSlate: FSceneViewport::OnFocusLost() reason 0
[2018.09.25-18.22.27:366][806]LogAssetEditorManager: Opening Asset editor for StaticMesh /Game/Statics/SM_2Door_Arch.SM_2Door_Arch
[2018.09.25-18.22.34:690][521]LogSlate: FSceneViewport::OnFocusLost() reason 2
[2018.09.25-18.22.48:925][893]LogSlate: FSceneViewport::OnFocusLost() reason 0
[2018.09.25-18.23.03:424][216]LogEditorTransaction: Undo Translate Collision
[2018.09.25-18.23.17:406][550]LogSlate: FSceneViewport::OnFocusLost() reason 0
[2018.09.25-18.23.17:569][560]Cmd: OBJ SAVEPACKAGE PACKAGE="/Game/Statics/SM_2Door_Arch" FILE="E:/Github/CastleRavenloft/CastleRavenloft/Content/Statics/SM_2Door_Arch.uasset" SILENT=true
[2018.09.25-18.23.17:648][560]LogSavePackage: Moving 'E:/Github/CastleRavenloft/CastleRavenloft/Saved/SM_2Door_Arch8DE5F1CA4C7BC5C0EC545185F0573FDD.tmp' to 'E:/Github/CastleRavenloft/CastleRavenloft/Content/Statics/SM_2Door_Arch.uasset'
[2018.09.25-18.23.19:471][738]Cmd: OBJ SAVEPACKAGE PACKAGE="/Game/Statics/SM_2Door" FILE="E:/Github/CastleRavenloft/CastleRavenloft/Content/Statics/SM_2Door.uasset" SILENT=true
[2018.09.25-18.23.19:563][738]LogSavePackage: Moving 'E:/Github/CastleRavenloft/CastleRavenloft/Saved/SM_2Door0B0BB3F34E19C65E28255E85000CD2BF.tmp' to 'E:/Github/CastleRavenloft/CastleRavenloft/Content/Statics/SM_2Door.uasset'
[2018.09.25-18.23.21:611][934]LogSlate: Window 'SM_2Door' being destroyed
[2018.09.25-18.23.30:532][964]LogSlate: FSceneViewport::OnFocusLost() reason 2
