Log file open, 11/30/18 17:59:03
LogWindows: Failed to load 'aqProf.dll' (GetLastError=126)
LogWindows: File 'aqProf.dll' does not exist
LogWindows: Failed to load 'VSPerf140.dll' (GetLastError=126)
LogWindows: File 'VSPerf140.dll' does not exist
LogWindows: Failed to load 'VtuneApi.dll' (GetLastError=126)
LogWindows: File 'VtuneApi.dll' does not exist
LogWindows: Failed to load 'VtuneApi32e.dll' (GetLastError=126)
LogWindows: File 'VtuneApi32e.dll' does not exist
LogInit: Display: Running engine for game: CastleRavenloft
LogPlatformFile: Not using cached read wrapper
LogTaskGraph: Started task graph with 5 named threads and 23 total threads with 3 sets of task threads.
LogStats: Stats thread started at 0.245699
LogD3D11RHI: Loaded GFSDK_Aftermath_Lib.x64.dll
LogICUInternationalization: Display: ICU TimeZone Detection - Raw Offset: -5:00, Platform Override: ''
LogPluginManager: Mounting plugin Paper2D
LogPluginManager: Mounting plugin AISupport
LogPluginManager: Mounting plugin LightPropagationVolume
LogPluginManager: Mounting plugin CLionSourceCodeAccess
LogPluginManager: Mounting plugin CodeLiteSourceCodeAccess
LogPluginManager: Mounting plugin GitSourceControl
LogPluginManager: Mounting plugin KDevelopSourceCodeAccess
LogPluginManager: Mounting plugin NullSourceCodeAccess
LogPluginManager: Mounting plugin PerforceSourceControl
LogPluginManager: Mounting plugin SubversionSourceControl
LogPluginManager: Mounting plugin UObjectPlugin
LogPluginManager: Mounting plugin VisualStudioCodeSourceCodeAccess
LogPluginManager: Mounting plugin VisualStudioSourceCodeAccess
LogPluginManager: Mounting plugin XCodeSourceCodeAccess
LogPluginManager: Mounting plugin AssetManagerEditor
LogPluginManager: Mounting plugin CryptoKeys
LogPluginManager: Mounting plugin DataValidation
LogPluginManager: Mounting plugin FacialAnimation
LogPluginManager: Mounting plugin GameplayTagsEditor
LogPluginManager: Mounting plugin MacGraphicsSwitching
LogPluginManager: Mounting plugin MeshEditor
LogPluginManager: Mounting plugin MobileLauncherProfileWizard
LogPluginManager: Mounting plugin PluginBrowser
LogPluginManager: Mounting plugin SpeedTreeImporter
LogPluginManager: Mounting plugin DatasmithContent
LogPluginManager: Mounting plugin AlembicImporter
LogPluginManager: Mounting plugin AppleImageUtils
LogPluginManager: Mounting plugin AppleVision
LogPluginManager: Mounting plugin BackChannel
LogPluginManager: Mounting plugin CharacterAI
LogPluginManager: Mounting plugin GeometryCache
LogPluginManager: Mounting plugin HTML5Networking
LogPluginManager: Mounting plugin ProxyLODPlugin
LogPluginManager: Mounting plugin MagicLeap
LogPluginManager: Mounting plugin MagicLeapEmulator
LogPluginManager: Mounting plugin MagicLeapMedia
LogPluginManager: Mounting plugin AndroidMedia
LogPluginManager: Mounting plugin AvfMedia
LogPluginManager: Mounting plugin ImgMedia
LogPluginManager: Mounting plugin LinearTimecode
LogPluginManager: Mounting plugin MediaCompositing
LogPluginManager: Mounting plugin MediaPlayerEditor
LogPluginManager: Mounting plugin WmfMedia
LogPluginManager: Mounting plugin TcpMessaging
LogPluginManager: Mounting plugin UdpMessaging
LogPluginManager: Mounting plugin ActorSequence
LogPluginManager: Mounting plugin LevelSequenceEditor
LogPluginManager: Mounting plugin MatineeToLevelSequence
LogPluginManager: Mounting plugin NetcodeUnitTest
LogPluginManager: Mounting plugin NUTUnrealEngine4
LogPluginManager: Mounting plugin OnlineSubsystemGooglePlay
LogPluginManager: Mounting plugin OnlineSubsystemIOS
LogPluginManager: Mounting plugin OnlineSubsystem
LogPluginManager: Mounting plugin OnlineSubsystemNull
LogPluginManager: Mounting plugin OnlineSubsystemUtils
LogPluginManager: Mounting plugin LauncherChunkInstaller
LogPluginManager: Mounting plugin AndroidDeviceProfileSelector
LogPluginManager: Mounting plugin AndroidMoviePlayer
LogPluginManager: Mounting plugin AndroidPermission
LogPluginManager: Mounting plugin AppleMoviePlayer
LogPluginManager: Mounting plugin ArchVisCharacter
LogPluginManager: Mounting plugin AudioCapture
LogPluginManager: Mounting plugin CableComponent
LogPluginManager: Mounting plugin CustomMeshComponent
LogPluginManager: Mounting plugin EditableMesh
LogPluginManager: Mounting plugin ExampleDeviceProfileSelector
LogPluginManager: Mounting plugin GoogleCloudMessaging
LogPluginManager: Mounting plugin ImmediatePhysics
LogPluginManager: Mounting plugin IOSDeviceProfileSelector
LogPluginManager: Mounting plugin LinuxDeviceProfileSelector
LogPluginManager: Mounting plugin LocationServicesBPLibrary
LogPluginManager: Mounting plugin MobilePatchingUtils
LogPluginManager: Mounting plugin OculusVR
LogPluginManager: Plugin shader directory ../../../Engine/Plugins/Runtime/Oculus/OculusVR/Shaders found
LogPluginManager: Mapping shader source directory ../../../Engine/Plugins/Runtime/Oculus/OculusVR/Shaders to virtual directory /Plugin/OculusVR
LogPluginManager: Mounting plugin PhysXVehicles
LogPluginManager: Mounting plugin ProceduralMeshComponent
LogPluginManager: Mounting plugin RuntimePhysXCooking
LogPluginManager: Mounting plugin SteamVR
LogPluginManager: Mounting plugin WindowsMoviePlayer
LogStreaming: Display: Took  0.089s to configure plugins.
LogInit: Using libcurl 7.55.1-DEV
LogInit:  - built for x86_64-pc-win32
LogInit:  - supports SSL with OpenSSL/1.0.2h
LogInit:  - supports HTTP deflate (compression) using libz 1.2.8
LogInit:  - other features:
LogInit:      CURL_VERSION_SSL
LogInit:      CURL_VERSION_LIBZ
LogInit:      CURL_VERSION_IPV6
LogInit:      CURL_VERSION_ASYNCHDNS
LogInit:      CURL_VERSION_LARGEFILE
LogInit:      CURL_VERSION_IDN
LogInit:  CurlRequestOptions (configurable via config and command line):
LogInit:  - bVerifyPeer = false  - Libcurl will NOT verify peer certificate
LogInit:  - bUseHttpProxy = false  - Libcurl will NOT use HTTP proxy
LogInit:  - bDontReuseConnections = false  - Libcurl will reuse connections
LogInit:  - CertBundlePath = nullptr  - Libcurl will use whatever was configured at build time.
LogInit:  - MaxHostConnections = 16  - Libcurl will limit the number of connections to a host
LogInit:  - LocalHostAddr = Default
LogInit:  - BufferSize = 65536
LogInit: WinSock: version 1.1 (2.2), MaxSocks=32767, MaxUdp=65467
LogInit: Build: ++UE4+Release-4.20-CL-4369336
LogInit: Engine Version: 4.20.3-4369336+++UE4+Release-4.20
LogInit: Compatible Engine Version: 4.20.0-4212847+++UE4+Release-4.20
LogInit: Net CL: 4212847
LogInit: OS: Windows 7 (Service Pack 1), CPU: Intel(R) Core(TM) i7-4770K CPU @ 3.50GHz, GPU: NVIDIA GeForce GTX 760
LogInit: Compiled (64-bit): Sep 17 2018 12:26:19
LogInit: Compiled with Visual C++: 19.13.26129.00
LogInit: Build Configuration: Development
LogInit: Branch Name: ++UE4+Release-4.20
LogInit: Command Line: -EpicPortal  -epicusername="CMDR_Gazelle" -epicuserid=835cbaeb50c74b04991c798a180951a6 -epiclocale=en-US
LogInit: Base Directory: D:/Paragon/UE_4.20/Engine/Binaries/Win64/
LogInit: Installed Engine Build: 1
LogDevObjectVersion: Number of dev versions registered: 20
LogDevObjectVersion:   Dev-Blueprints (B0D832E4-1F89-4F0D-ACCF-7EB736FD4AA2): 10
LogDevObjectVersion:   Dev-Build (E1C64328-A22C-4D53-A36C-8E866417BD8C): 0
LogDevObjectVersion:   Dev-Core (375EC13C-06E4-48FB-B500-84F0262A717E): 2
LogDevObjectVersion:   Dev-Editor (E4B068ED-F494-42E9-A231-DA0B2E46BB41): 24
LogDevObjectVersion:   Dev-Framework (CFFC743F-43B0-4480-9391-14DF171D2073): 34
LogDevObjectVersion:   Dev-Mobile (B02B49B5-BB20-44E9-A304-32B752E40360): 2
LogDevObjectVersion:   Dev-Networking (A4E4105C-59A1-49B5-A7C5-40C4547EDFEE): 0
LogDevObjectVersion:   Dev-Online (39C831C9-5AE6-47DC-9A44-9C173E1C8E7C): 0
LogDevObjectVersion:   Dev-Physics (78F01B33-EBEA-4F98-B9B4-84EACCB95AA2): 0
LogDevObjectVersion:   Dev-Platform (6631380F-2D4D-43E0-8009-CF276956A95A): 0
LogDevObjectVersion:   Dev-Rendering (12F88B9F-8875-4AFC-A67C-D90C383ABD29): 26
LogDevObjectVersion:   Dev-Sequencer (7B5AE74C-D270-4C10-A958-57980B212A5A): 9
LogDevObjectVersion:   Dev-VR (D7296918-1DD6-4BDD-9DE2-64A83CC13884): 2
LogDevObjectVersion:   Dev-LoadTimes (C2A15278-BFE7-4AFE-6C17-90FF531DF755): 1
LogDevObjectVersion:   Private-Geometry (6EACA3D4-40EC-4CC1-B786-8BED09428FC5): 3
LogDevObjectVersion:   Dev-AnimPhys (29E575DD-E0A3-4627-9D10-D276232CDCEA): 17
LogDevObjectVersion:   Dev-ReflectionCapture (6B266CEC-1EC7-4B8F-A30B-E4D90942FC07): 1
LogDevObjectVersion:   Dev-Automation (0DF73D61-A23F-47EA-B727-89E90C41499A): 1
LogDevObjectVersion:   FortniteMain (601D1886-AC64-4F84-AA16-D3DE0DEAC7D6): 12
LogDevObjectVersion:   Dev-Enterprise (9DFFBCD6-494F-0158-E221-12823C92A888): 1
LogStreaming: Display: Took  0.001s to delete old logs.
LogInit: Presizing for max 8388607 objects, including 0 objects not considered by GC, pre-allocating 0 bytes for permanent pool.
LogInit: Object subsystem initialized
[2018.11.30-22.59.03:502][  0]LogInit: Selected Device Profile: [Windows]
[2018.11.30-22.59.03:502][  0]LogInit: Applying CVar settings loaded from the selected device profile: [Windows]
[2018.11.30-22.59.03:517][  0]LogHAL: Display: Platform has ~ 16 GB [17114591232 / 17179869184 / 16], which maps to Larger [LargestMinGB=32, LargerMinGB=12, DefaultMinGB=8, SmallerMinGB=6, SmallestMinGB=0)
[2018.11.30-22.59.03:517][  0]LogInit: Setting Device Profile CVar: [[r.Vulkan.UseRealUBs:1]]
[2018.11.30-22.59.03:517][  0]LogInit: Going up to parent DeviceProfile []
[2018.11.30-22.59.03:517][  0]LogInit: Computer: SEAN-PC
[2018.11.30-22.59.03:517][  0]LogInit: User: Sean
[2018.11.30-22.59.03:517][  0]LogInit: CPU Page size=4096, Cores=4
[2018.11.30-22.59.03:517][  0]LogInit: High frequency timer resolution =3.423925 MHz
[2018.11.30-22.59.03:518][  0]LogMemory: Memory total: Physical=15.9GB (16GB approx)
[2018.11.30-22.59.03:518][  0]LogMemory: Platform Memory Stats for Windows
[2018.11.30-22.59.03:518][  0]LogMemory: Process Physical Memory: 103.14 MB used, 103.14 MB peak
[2018.11.30-22.59.03:518][  0]LogMemory: Process Virtual Memory: 96.56 MB used, 96.56 MB peak
[2018.11.30-22.59.03:518][  0]LogMemory: Physical Memory: 10921.60 MB used,  5400.14 MB free, 16321.75 MB total
[2018.11.30-22.59.03:518][  0]LogMemory: Virtual Memory: 490.11 MB used,  5400.14 MB free, 8388608.00 MB total
[2018.11.30-22.59.03:553][  0]LogInit: Using OS detected language (en-US).
[2018.11.30-22.59.03:553][  0]LogInit: Using OS detected locale (en-US).
[2018.11.30-22.59.03:553][  0]LogTextLocalizationManager: No specific localization for 'en-US' exists, so the 'en' localization will be used.
[2018.11.30-22.59.03:877][  0]LogStreaming: Display: Took  0.324s to InitEngineTextLocalization.
[2018.11.30-22.59.03:877][  0]LogWindows: Failed to load 'shcore.dll' (GetLastError=126)
[2018.11.30-22.59.03:877][  0]LogWindows: File 'shcore.dll' does not exist
[2018.11.30-22.59.03:877][  0]LogInit: Setting process to DPI aware
[2018.11.30-22.59.03:902][  0]LogSlate: New Slate User Created.  User Index 0, Is Virtual User: 0
[2018.11.30-22.59.03:902][  0]LogSlate: Slate User Registered.  User Index 0, Is Virtual User: 0
[2018.11.30-22.59.04:050][  0]LogHMD: Failed to initialize OpenVR with code 110
[2018.11.30-22.59.04:050][  0]LogD3D11RHI: D3D11 adapters:
[2018.11.30-22.59.04:097][  0]LogD3D11RHI:    0. 'NVIDIA GeForce GTX 760' (Feature Level 11_0)
[2018.11.30-22.59.04:097][  0]LogD3D11RHI:       1979/0/7904 MB DedicatedVideo/DedicatedSystem/SharedSystem, Outputs:2, VendorId:0x10de
[2018.11.30-22.59.04:097][  0]LogD3D11RHI: Chosen D3D11 Adapter: 0
[2018.11.30-22.59.04:103][  0]LogD3D11RHI: Creating new Direct3DDevice
[2018.11.30-22.59.04:103][  0]LogD3D11RHI:     GPU DeviceId: 0x1187 (for the marketing name, search the web for "GPU Device Id")
[2018.11.30-22.59.04:103][  0]LogWindows: EnumDisplayDevices:
[2018.11.30-22.59.04:103][  0]LogWindows:    0. 'NVIDIA GeForce GTX 760' (P:1 D:1)
[2018.11.30-22.59.04:103][  0]LogWindows:    1. 'NVIDIA GeForce GTX 760' (P:0 D:1)
[2018.11.30-22.59.04:103][  0]LogWindows:    2. 'NVIDIA GeForce GTX 760' (P:0 D:0)
[2018.11.30-22.59.04:103][  0]LogWindows:    3. 'NVIDIA GeForce GTX 760' (P:0 D:0)
[2018.11.30-22.59.04:103][  0]LogWindows:    4. 'RDPDD Chained DD' (P:0 D:0)
[2018.11.30-22.59.04:103][  0]LogWindows:    5. 'RDP Encoder Mirror Driver' (P:0 D:0)
[2018.11.30-22.59.04:104][  0]LogWindows:    6. 'RDP Reflector Display Driver' (P:0 D:0)
[2018.11.30-22.59.04:104][  0]LogWindows: DebugString: GetVideoDriverDetailsInvalid PrimaryIsNotTheChoosenAdapter GetVideoDriverDetailsInvalid PrimaryIsNotTheChoosenAdapter GetVideoDriverDetailsInvalid PrimaryIsNotTheChoosenAdapter FoundDriverCount:4 
[2018.11.30-22.59.04:104][  0]LogD3D11RHI:     Adapter Name: NVIDIA GeForce GTX 760
[2018.11.30-22.59.04:104][  0]LogD3D11RHI:   Driver Version: 416.34 (internal:25.21.14.1634, unified:416.34)
[2018.11.30-22.59.04:104][  0]LogD3D11RHI:      Driver Date: 10-10-2018
[2018.11.30-22.59.04:104][  0]LogRHI: Texture pool is 1385 MB (70% of 1979 MB)
[2018.11.30-22.59.04:123][  0]LogD3D11RHI: Async texture creation enabled
[2018.11.30-22.59.04:151][  0]LogD3D11RHI: GPU Timing Frequency: 1000.000000 (Debug: 2 2)
[2018.11.30-22.59.04:200][  0]LogShaderCompilers: Guid format shader working directory is -14 characters bigger than the processId version (C:/Users/Sean/Desktop/Colab/CastleRavenloft/CastleRavenloft/Intermediate/Shaders/WorkingDirectory/1616/).
[2018.11.30-22.59.04:200][  0]LogShaderCompilers: Cleaned the shader compiler working directory 'C:/Users/Sean/AppData/Local/Temp/UnrealShaderWorkingDir/8EF66D894736D431E49B3B918F09B8D7/'.
[2018.11.30-22.59.04:381][  0]LogTemp: Display: Loaded TP AllDesktopTargetPlatform
[2018.11.30-22.59.04:393][  0]LogTemp: Display: Loaded TP MacClientTargetPlatform
[2018.11.30-22.59.04:406][  0]LogTemp: Display: Loaded TP MacNoEditorTargetPlatform
[2018.11.30-22.59.04:418][  0]LogTemp: Display: Loaded TP MacServerTargetPlatform
[2018.11.30-22.59.04:431][  0]LogTemp: Display: Loaded TP MacTargetPlatform
[2018.11.30-22.59.04:443][  0]LogTemp: Display: Loaded TP WindowsClientTargetPlatform
[2018.11.30-22.59.04:455][  0]LogTemp: Display: Loaded TP WindowsNoEditorTargetPlatform
[2018.11.30-22.59.04:468][  0]LogTemp: Display: Loaded TP WindowsServerTargetPlatform
[2018.11.30-22.59.04:475][  0]LogTemp: Display: Loaded TP WindowsTargetPlatform
[2018.11.30-22.59.04:544][  0]LogTemp: Display: Loaded TP AndroidTargetPlatform
[2018.11.30-22.59.04:544][  0]LogTemp: Display: Loaded TP AndroidTargetPlatform
[2018.11.30-22.59.04:544][  0]LogTemp: Display: Loaded TP AndroidTargetPlatform
[2018.11.30-22.59.04:544][  0]LogTemp: Display: Loaded TP AndroidTargetPlatform
[2018.11.30-22.59.04:544][  0]LogTemp: Display: Loaded TP AndroidTargetPlatform
[2018.11.30-22.59.04:544][  0]LogTemp: Display: Loaded TP AndroidTargetPlatform
[2018.11.30-22.59.04:544][  0]LogTemp: Display: Loaded TP AndroidTargetPlatform
[2018.11.30-22.59.04:544][  0]LogTemp: Display: Loaded TP AndroidTargetPlatform
[2018.11.30-22.59.04:544][  0]LogTemp: Display: Loaded TP AndroidTargetPlatform
[2018.11.30-22.59.04:544][  0]LogTemp: Display: Loaded TP AndroidTargetPlatform
[2018.11.30-22.59.04:544][  0]LogTemp: Display: Loaded TP AndroidTargetPlatform
[2018.11.30-22.59.04:544][  0]LogTemp: Display: Loaded TP AndroidTargetPlatform
[2018.11.30-22.59.04:544][  0]LogTemp: Display: Loaded TP AndroidTargetPlatform
[2018.11.30-22.59.04:544][  0]LogTemp: Display: Loaded TP AndroidTargetPlatform
[2018.11.30-22.59.04:544][  0]LogTemp: Display: Loaded TP AndroidTargetPlatform
[2018.11.30-22.59.04:544][  0]LogTemp: Display: Loaded TP AndroidTargetPlatform
[2018.11.30-22.59.04:544][  0]LogTemp: Display: Loaded TP AndroidTargetPlatform
[2018.11.30-22.59.04:544][  0]LogTemp: Display: Loaded TP AndroidTargetPlatform
[2018.11.30-22.59.04:545][  0]LogTemp: Display: Loaded TP HTML5TargetPlatform
[2018.11.30-22.59.04:600][  0]LogTemp: Display: Loaded TP IOSTargetPlatform
[2018.11.30-22.59.04:600][  0]LogTemp: Display: Loaded TP IOSTargetPlatform
[2018.11.30-22.59.04:622][  0]LogTemp: Display: Loaded TP TVOSTargetPlatform
[2018.11.30-22.59.04:622][  0]LogTemp: Display: Loaded TP TVOSTargetPlatform
[2018.11.30-22.59.04:633][  0]LogTemp: Display: Loaded TP LinuxClientTargetPlatform
[2018.11.30-22.59.04:644][  0]LogTemp: Display: Loaded TP LinuxNoEditorTargetPlatform
[2018.11.30-22.59.04:655][  0]LogTemp: Display: Loaded TP LinuxServerTargetPlatform
[2018.11.30-22.59.04:666][  0]LogTemp: Display: Loaded TP LinuxTargetPlatform
[2018.11.30-22.59.04:674][  0]LogTemp: Display: Loaded TP LuminTargetPlatform
[2018.11.30-22.59.04:685][  0]LogTargetPlatformManager: Display: Building Assets For Windows
[2018.11.30-22.59.04:741][  0]LogXGEController: Cannot use XGE Controller as Incredibuild is not installed on this machine.
[2018.11.30-22.59.04:741][  0]LogShaderCompilers: Cannot use XGE Shader Compiler as Incredibuild is not installed on this machine.
[2018.11.30-22.59.04:741][  0]LogShaderCompilers: Display: Using Local Shader Compiler.
[2018.11.30-22.59.05:317][  0]LogDerivedDataCache: Display: Max Cache Size: 512 MB
[2018.11.30-22.59.05:392][  0]LogDerivedDataCache: Loaded boot cache 0.08s 71MB C:/Users/Sean/AppData/Local/UnrealEngine/4.20/DerivedDataCache/Boot.ddc.
[2018.11.30-22.59.05:392][  0]LogDerivedDataCache: Display: Loaded Boot cache: C:/Users/Sean/AppData/Local/UnrealEngine/4.20/DerivedDataCache/Boot.ddc
[2018.11.30-22.59.05:392][  0]LogDerivedDataCache: FDerivedDataBackendGraph:  Pak pak cache file C:/Users/Sean/Desktop/Colab/CastleRavenloft/CastleRavenloft/DerivedDataCache/DDC.ddp not found, will not use a pak cache.
[2018.11.30-22.59.05:392][  0]LogDerivedDataCache: Unable to find inner node Pak for hierarchical cache Hierarchy.
[2018.11.30-22.59.05:392][  0]LogDerivedDataCache: FDerivedDataBackendGraph:  CompressedPak pak cache file C:/Users/Sean/Desktop/Colab/CastleRavenloft/CastleRavenloft/DerivedDataCache/Compressed.ddp not found, will not use a pak cache.
[2018.11.30-22.59.05:392][  0]LogDerivedDataCache: Unable to find inner node CompressedPak for hierarchical cache Hierarchy.
[2018.11.30-22.59.05:406][  0]LogDerivedDataCache: Display: Pak cache opened for reading ../../../Engine/DerivedDataCache/Compressed.ddp.
[2018.11.30-22.59.05:417][  0]LogDerivedDataCache: Using Local data cache path C:/Users/Sean/AppData/Local/UnrealEngine/Common/DerivedDataCache: Writable
[2018.11.30-22.59.05:417][  0]LogDerivedDataCache: Shared data cache path not found in *engine.ini, will not use an Shared cache.
[2018.11.30-22.59.05:417][  0]LogDerivedDataCache: Unable to find inner node Shared for hierarchical cache Hierarchy.
[2018.11.30-22.59.05:433][  0]LogMaterial: Verifying Global Shaders for PCD3D_SM5
[2018.11.30-22.59.05:435][  0]LogSlate: Using FreeType 2.6.0
[2018.11.30-22.59.05:435][  0]LogSlate: SlateFontServices - WITH_FREETYPE: 1, WITH_HARFBUZZ: 1
[2018.11.30-22.59.05:499][  0]LogAssetRegistry: FAssetRegistry took 0.0233 seconds to start up
[2018.11.30-22.59.05:767][  0]LogInit: Selected Device Profile: [Windows]
[2018.11.30-22.59.05:885][  0]LogSimplygon: Simplygon DLL not present - disabling.
[2018.11.30-22.59.05:890][  0]LogMeshReduction: Using SimplygonSwarm for distributed automatic mesh merging
[2018.11.30-22.59.05:890][  0]LogMeshReduction: Using ProxyLODMeshReduction for automatic mesh merging
[2018.11.30-22.59.05:890][  0]LogMeshReduction: Using QuadricMeshReduction for automatic static mesh reduction
[2018.11.30-22.59.05:890][  0]LogMeshReduction: No automatic skeletal mesh reduction module available
[2018.11.30-22.59.05:906][  0]LogNetVersion: CastleRavenloft 1.0.0, NetCL: 4212847, EngineNetVer: 5, GameNetVer: 0 (Checksum: 37006697)
[2018.11.30-22.59.06:432][  0]LogPackageLocalizationCache: Processed 11 localized package path(s) for 2 prioritized culture(s) in 0.089117 seconds
[2018.11.30-22.59.06:438][  0]LogUObjectArray: 38425 objects as part of root set at end of initial load.
[2018.11.30-22.59.06:438][  0]LogUObjectAllocator: 6690872 out of 0 bytes used by permanent object pool.
[2018.11.30-22.59.06:438][  0]LogUObjectArray: CloseDisregardForGC: 0/0 objects in disregard for GC pool
[2018.11.30-22.59.07:191][  0]LogTcpMessaging: Initializing TcpMessaging bridge
[2018.11.30-22.59.07:204][  0]LogUdpMessaging: Initializing bridge on interface 0.0.0.0:0 to multicast group 230.0.0.1:6666.
[2018.11.30-22.59.07:343][  0]SourceControl: Source control is disabled
[2018.11.30-22.59.07:343][  0]SourceControl: Source control is disabled
[2018.11.30-22.59.07:346][  0]SourceControl: Source control is disabled
[2018.11.30-22.59.07:347][  0]SourceControl: Source control is disabled
[2018.11.30-22.59.07:540][  0]LogAndroidPermission: UAndroidPermissionCallbackProxy::GetInstance
[2018.11.30-22.59.07:645][  0]LogOcInput: OculusInput pre-init called
[2018.11.30-22.59.07:702][  0]LogEngine: Initializing Engine...
[2018.11.30-22.59.07:703][  0]LogHMD: Failed to initialize OpenVR with code 110
[2018.11.30-22.59.07:704][  0]LogStats: UGameplayTagsManager::ConstructGameplayTagTree: ImportINI prefixes -  0.000 s
[2018.11.30-22.59.07:704][  0]LogStats: UGameplayTagsManager::ConstructGameplayTagTree: Construct from data asset -  0.000 s
[2018.11.30-22.59.07:704][  0]LogStats: UGameplayTagsManager::ConstructGameplayTagTree: ImportINI -  0.000 s
[2018.11.30-22.59.07:704][  0]LogStats: UGameplayTagsManager::ConstructGameplayTagTree: GameplayTagTreeChangedEvent.Broadcast -  0.000 s
[2018.11.30-22.59.07:909][  0]LogInit: Initializing FReadOnlyCVARCache
[2018.11.30-22.59.07:923][  0]LogAIModule: Creating AISystem for world Untitled
[2018.11.30-22.59.07:959][  0]LogInit: XAudio2 using 'Acer H236HL (NVIDIA High Definition Audio)' : 2 channels at 48 kHz using 16 bits per sample (channel mask 0x3)
[2018.11.30-22.59.07:966][  0]LogInit: FAudioDevice initialized.
[2018.11.30-22.59.07:966][  0]LogNetVersion: Set ProjectVersion to 1.0.0.0. Version Checksum will be recalculated on next use.
[2018.11.30-22.59.08:062][  0]LogDerivedDataCache: Saved boot cache 0.10s 71MB C:/Users/Sean/AppData/Local/UnrealEngine/4.20/DerivedDataCache/Boot.ddc.
[2018.11.30-22.59.08:068][  0]LogInit: Texture streaming: Enabled
[2018.11.30-22.59.08:086][  0]LogEngineSessionManager: EngineSessionManager initialized
[2018.11.30-22.59.08:096][  0]LogInit: Transaction tracking system initialized
[2018.11.30-22.59.08:117][  0]BlueprintLog: New page: Editor Load
[2018.11.30-22.59.08:195][  0]LocalizationService: Localization service is disabled
[2018.11.30-22.59.08:515][  0]LogCook: Display: Max memory allowance for cook 16384mb min free memory 0mb
[2018.11.30-22.59.08:515][  0]LogCook: Display: Mobile HDR setting 1
[2018.11.30-22.59.08:515][  0]LogGameplayTags: Display: UGameplayTagsManager::DoneAddingNativeTags. DelegateIsBound: 0
[2018.11.30-22.59.08:515][  0]LogStats: UGameplayTagsManager::ConstructGameplayTagTree: ImportINI prefixes -  0.000 s
[2018.11.30-22.59.08:515][  0]LogStats: UGameplayTagsManager::ConstructGameplayTagTree: Construct from data asset -  0.000 s
[2018.11.30-22.59.08:515][  0]LogStats: UGameplayTagsManager::ConstructGameplayTagTree: ImportINI -  0.000 s
[2018.11.30-22.59.08:515][  0]LogStats: UGameplayTagsManager::ConstructGameplayTagTree: GameplayTagTreeChangedEvent.Broadcast -  0.000 s
[2018.11.30-22.59.08:639][  0]LogFileCache: Scanning file cache for directory 'C:/Users/Sean/Desktop/Colab/CastleRavenloft/CastleRavenloft/Content/' took 0.02s
[2018.11.30-22.59.08:639][  0]SourceControl: Source control is disabled
[2018.11.30-22.59.08:639][  0]Cmd: MAP LOAD FILE="C:/Users/Sean/Desktop/Colab/CastleRavenloft/CastleRavenloft/Content/Maps/CastleMap.umap" TEMPLATE=0 SHOWPROGRESS=1 FEATURELEVEL=3
[2018.11.30-22.59.08:639][  0]LightingResults: New page: Lighting Build
[2018.11.30-22.59.08:641][  0]MapCheck: New page: Map Check
[2018.11.30-22.59.08:641][  0]LightingResults: New page: Lighting Build
[2018.11.30-22.59.14:207][  0]LogMaterial: Display: Missing cached shader map for material Hourglass_MAT, compiling. 
[2018.11.30-22.59.15:029][  0]LogShaderCompilers: Display: Shaders left to compile 87
[2018.11.30-22.59.15:029][  0]LogShaderCompilers: Display: Shaders left to compile 77
[2018.11.30-22.59.15:029][  0]LogShaderCompilers: Display: Shaders left to compile 67
[2018.11.30-22.59.15:029][  0]LogShaderCompilers: Display: Shaders left to compile 57
[2018.11.30-22.59.15:029][  0]LogShaderCompilers: Display: Shaders left to compile 47
[2018.11.30-22.59.17:791][  0]LogAIModule: Creating AISystem for world CastleMap
[2018.11.30-22.59.18:992][  0]LogEditorServer: Finished looking for orphan Actors (0.000 secs)
[2018.11.30-22.59.19:042][  0]Cmd: MAP CHECKDEP NOCLEARLOG
[2018.11.30-22.59.19:141][  0]MapCheck: Map check complete: 0 Error(s), 0 Warning(s), took 98.818ms to complete.
[2018.11.30-22.59.19:141][  0]LogFileHelpers: Loading map 'CastleMap' took 10.503
[2018.11.30-22.59.20:676][  0]LogSlate: Updating window title bar state: overlay mode, drag disabled, window buttons hidden, title bar hidden
[2018.11.30-22.59.20:729][  0]LogSlate: Updating window title bar state: overlay mode, drag disabled, window buttons hidden, title bar hidden
[2018.11.30-22.59.20:736][  0]LogSlate: Updating window title bar state: overlay mode, drag disabled, window buttons hidden, title bar hidden
[2018.11.30-22.59.20:743][  0]LogSlate: Updating window title bar state: overlay mode, drag disabled, window buttons hidden, title bar hidden
[2018.11.30-22.59.20:778][  0]LogCollectionManager: Loaded 0 collections in 0.001750 seconds
[2018.11.30-22.59.21:246][  0]LogFileCache: Scanning file cache for directory 'C:/Users/Sean/Desktop/Colab/CastleRavenloft/CastleRavenloft/Saved/Collections/' took 0.01s
[2018.11.30-22.59.21:246][  0]LogFileCache: Scanning file cache for directory 'C:/Users/Sean/Desktop/Colab/CastleRavenloft/CastleRavenloft/Content/Developers/Sean/Collections/' took 0.01s
[2018.11.30-22.59.21:246][  0]LogFileCache: Scanning file cache for directory 'C:/Users/Sean/Desktop/Colab/CastleRavenloft/CastleRavenloft/Content/Collections/' took 0.01s
[2018.11.30-22.59.21:246][  0]LogCollectionManager: Rebuilt the GUID cache for 0 collections in 0.000000 seconds
[2018.11.30-22.59.21:255][  0]LogContentBrowser: Native class hierarchy populated in 0.0083 seconds. Added 2572 classes and 603 folders.
[2018.11.30-22.59.21:340][  0]LogContentBrowser: Native class hierarchy updated for 'WidgetCarousel' in 0.0002 seconds. Added 0 classes and 0 folders.
[2018.11.30-22.59.24:913][  0]LogContentBrowser: Native class hierarchy updated for 'AddContentDialog' in 0.0003 seconds. Added 0 classes and 0 folders.
[2018.11.30-22.59.24:977][  0]LogContentBrowser: Native class hierarchy updated for 'SceneOutliner' in 0.0004 seconds. Added 1 classes and 2 folders.
[2018.11.30-22.59.25:305][  0]LogSlate: Took 0.000284 seconds to synchronously load lazily loaded font '../../../Engine/Content/Slate/Fonts/Roboto-Regular.ttf' (155K)
[2018.11.30-22.59.25:308][  0]LogSlate: Took 0.000208 seconds to synchronously load lazily loaded font '../../../Engine/Content/Slate/Fonts/Roboto-Bold.ttf' (160K)
[2018.11.30-22.59.25:367][  0]LogSlate: Took 0.018931 seconds to synchronously load lazily loaded font '../../../Engine/Content/Editor/Slate/Fonts/FontAwesome.ttf' (139K)
[2018.11.30-22.59.25:753][  0]LogRenderer: Reallocating scene render targets to support 992x576 Format 10 NumSamples 1 (Frame:1).
[2018.11.30-22.59.26:530][  0]LogContentBrowser: Native class hierarchy updated for 'HierarchicalLODOutliner' in 0.0007 seconds. Added 0 classes and 0 folders.
[2018.11.30-22.59.26:531][  0]LogLoad: (Engine Initialization) Total time: 24.41 seconds
[2018.11.30-22.59.26:531][  0]LogLoad: (Engine Initialization) Total Blueprint compile time: 0.00 seconds
[2018.11.30-22.59.26:628][  0]LogContentStreaming: Texture pool size now 1000 MB
[2018.11.30-22.59.26:835][  0]LogSlate: Took 0.031806 seconds to synchronously load lazily loaded font '../../../Engine/Content/Slate/Fonts/Roboto-Light.ttf' (167K)
[2018.11.30-22.59.32:052][ 78]LogFileCache: Retrieving MD5 hashes for directory 'C:/Users/Sean/Desktop/Colab/CastleRavenloft/CastleRavenloft/Content/' took 5.49s
[2018.11.30-22.59.35:183][134]LogShaderCompilers: Display: Shaders left to compile 37
[2018.11.30-22.59.42:669][339]LogShaderCompilers: Display: Shaders left to compile 27
[2018.11.30-22.59.42:915][347]LogShaderCompilers: Display: Shaders left to compile 17
[2018.11.30-22.59.45:631][436]LogAssetRegistry: Asset discovery search completed in 40.1514 seconds
[2018.11.30-22.59.45:646][436]LogCollectionManager: Rebuilt the object cache for 0 collections in 0.000001 seconds (found 0 objects)
[2018.11.30-22.59.45:646][436]LogCollectionManager: Fixed up redirectors for 0 collections in 0.000136 seconds (updated 0 objects)
[2018.11.30-22.59.48:687][527]LogShaderCompilers: Display: Shaders left to compile 7
[2018.11.30-23.00.08:321][715]LogEditorViewport: Clicking on Actor (LMB): Emitter (P_Fog18)
[2018.11.30-23.03.50:539][810]Cmd: EDIT COPY
[2018.11.30-23.03.50:754][822]Cmd: EDIT PASTE
[2018.11.30-23.04.22:731][399]LogSlate: FSceneViewport::OnFocusLost() reason 0
[2018.11.30-23.04.30:717][831]LogSlate: FSceneViewport::OnFocusLost() reason 0
[2018.11.30-23.04.33:121][996]LogSlate: FSceneViewport::OnFocusLost() reason 2
[2018.11.30-23.04.37:492][274]LogSlate: FSceneViewport::OnFocusLost() reason 2
[2018.11.30-23.04.45:574][721]LogSlate: FSceneViewport::OnFocusLost() reason 0
[2018.11.30-23.05.18:177][195]LogSlate: FSceneViewport::OnFocusLost() reason 0
[2018.11.30-23.05.50:294][408]LogEditorViewport: Clicking on Actor (LMB): Torch_C (Torch225)
[2018.11.30-23.05.58:552][802]LogSlate: FSceneViewport::OnFocusLost() reason 2
[2018.11.30-23.06.05:242][262]LogSlate: FSceneViewport::OnFocusLost() reason 0
[2018.11.30-23.06.26:844][696]LogEditorViewport: Clicking on Actor (LMB): Torch_C (Torch90)
[2018.11.30-23.06.35:620][266]LogEditorViewport: Clicking on Actor (LMB): Torch_C (Torch90)
[2018.11.30-23.06.52:394][493]LogEditorViewport: Clicking on Actor (LMB): Torch_C (Torch90)
[2018.11.30-23.06.56:911][834]LogEditorViewport: Clicking on Actor (LMB): Torch_C (Torch226)
[2018.11.30-23.06.58:906][985]LogEditorViewport: Clicking on Actor (LMB): Torch_C (Torch90)
[2018.11.30-23.07.13:658][994]LogSlate: FSceneViewport::OnFocusLost() reason 2
[2018.11.30-23.07.29:276][822]LogSlate: FSceneViewport::OnFocusLost() reason 0
[2018.11.30-23.07.29:335][828]LogTemp: Repeating last play command: Selected Viewport
[2018.11.30-23.07.29:372][828]LogBlueprintUserMessages: Early PlayInEditor Detection: Level '/Game/Maps/CastleMap.CastleMap:PersistentLevel' has LevelScriptBlueprint '/Game/Maps/CastleMap.CastleMap:PersistentLevel.CastleMap' with GeneratedClass '/Game/Maps/CastleMap.CastleMap_C' with ClassGeneratedBy '/Game/Maps/CastleMap.CastleMap:PersistentLevel.CastleMap'
[2018.11.30-23.07.29:372][828]LogPlayLevel: PlayLevel: No blueprints needed recompiling
[2018.11.30-23.07.29:420][828]PIE: New page: PIE session: CastleMap (Nov 30, 2018, 1:07:29 PM)
[2018.11.30-23.07.29:420][828]LogPlayLevel: Creating play world package: /Game/Maps/UEDPIE_0_CastleMap
[2018.11.30-23.07.29:861][828]LogPlayLevel: PIE: StaticDuplicateObject took: (0.441034s)
[2018.11.30-23.07.29:877][828]LogAIModule: Creating AISystem for world CastleMap
[2018.11.30-23.07.29:878][828]LogPlayLevel: PIE: World Init took: (0.000710s)
[2018.11.30-23.07.29:878][828]LogPlayLevel: PIE: Created PIE world by copying editor world from /Game/Maps/CastleMap.CastleMap to /Game/Maps/UEDPIE_0_CastleMap.CastleMap (0.457449s)
[2018.11.30-23.07.29:945][828]LogInit: XAudio2 using 'Acer H236HL (NVIDIA High Definition Audio)' : 2 channels at 48 kHz using 16 bits per sample (channel mask 0x3)
[2018.11.30-23.07.29:950][828]LogInit: FAudioDevice initialized.
[2018.11.30-23.07.30:024][828]LogLoad: Game class is 'FirstPersonGameMode_C'
[2018.11.30-23.07.30:073][828]LogWorld: Bringing World /Game/Maps/UEDPIE_0_CastleMap.CastleMap up for play (max tick rate 0) at 2018.11.30-18.07.30
[2018.11.30-23.07.30:112][828]LogWorld: Bringing up level for play took: 0.070682
[2018.11.30-23.07.30:181][828]LogContentBrowser: Native class hierarchy updated for 'MovieSceneCapture' in 0.0003 seconds. Added 10 classes and 0 folders.
[2018.11.30-23.07.30:257][828]PIE: Play in editor start time for /Game/Maps/UEDPIE_0_CastleMap 1.327
[2018.11.30-23.07.30:258][828]LogBlueprintUserMessages: Late PlayInEditor Detection: Level '/Game/Maps/CastleMap.CastleMap:PersistentLevel' has LevelScriptBlueprint '/Game/Maps/CastleMap.CastleMap:PersistentLevel.CastleMap' with GeneratedClass '/Game/Maps/CastleMap.CastleMap_C' with ClassGeneratedBy '/Game/Maps/CastleMap.CastleMap:PersistentLevel.CastleMap'
[2018.11.30-23.08.36:299][906]LogBlueprintUserMessages: Early EndPlayMap Detection: Level '/Game/Maps/CastleMap.CastleMap:PersistentLevel' has LevelScriptBlueprint '/Game/Maps/CastleMap.CastleMap:PersistentLevel.CastleMap' with GeneratedClass '/Game/Maps/CastleMap.CastleMap_C' with ClassGeneratedBy '/Game/Maps/CastleMap.CastleMap:PersistentLevel.CastleMap'
[2018.11.30-23.08.36:311][906]LogSlate: Updating window title bar state: overlay mode, drag disabled, window buttons hidden, title bar hidden
[2018.11.30-23.08.36:376][906]LogPlayLevel: Display: Shutting down PIE online subsystems
[2018.11.30-23.08.36:377][906]LogBlueprintUserMessages: Late EndPlayMap Detection: Level '/Game/Maps/CastleMap.CastleMap:PersistentLevel' has LevelScriptBlueprint '/Game/Maps/CastleMap.CastleMap:PersistentLevel.CastleMap' with GeneratedClass '/Game/Maps/CastleMap.CastleMap_C' with ClassGeneratedBy '/Game/Maps/CastleMap.CastleMap:PersistentLevel.CastleMap'
[2018.11.30-23.08.36:403][906]LogSlate: Updating window title bar state: overlay mode, drag disabled, window buttons hidden, title bar hidden
[2018.11.30-23.08.36:449][907]LogPlayLevel: Display: Destroying online subsystem :Context_13
[2018.11.30-23.08.56:421][ 39]LogSlate: FSceneViewport::OnFocusLost() reason 0
[2018.11.30-23.09.34:534][881]LogSlate: FSceneViewport::OnFocusLost() reason 0
[2018.11.30-23.10.04:258][399]LogSlate: FSceneViewport::OnFocusLost() reason 0
[2018.11.30-23.10.29:511][779]LogSlate: FSceneViewport::OnFocusLost() reason 0
[2018.11.30-23.10.47:852][597]LogEditorViewport: Clicking on Actor (LMB): BC_DoorFrame_C (BC_DoorFrame10)
[2018.11.30-23.11.07:566][762]LogEditorViewport: Clicking on Actor (LMB): Torch_C (Torch225)
[2018.11.30-23.11.11:232][994]LogSlate: FSceneViewport::OnFocusLost() reason 0
[2018.11.30-23.11.11:310][  0]LogTemp: Repeating last play command: Selected Viewport
[2018.11.30-23.11.11:332][  0]LogBlueprintUserMessages: Early PlayInEditor Detection: Level '/Game/Maps/CastleMap.CastleMap:PersistentLevel' has LevelScriptBlueprint '/Game/Maps/CastleMap.CastleMap:PersistentLevel.CastleMap' with GeneratedClass '/Game/Maps/CastleMap.CastleMap_C' with ClassGeneratedBy '/Game/Maps/CastleMap.CastleMap:PersistentLevel.CastleMap'
[2018.11.30-23.11.11:333][  0]LogPlayLevel: PlayLevel: No blueprints needed recompiling
[2018.11.30-23.11.11:333][  0]PIE: New page: PIE session: CastleMap (Nov 30, 2018, 1:11:11 PM)
[2018.11.30-23.11.11:333][  0]LogPlayLevel: Creating play world package: /Game/Maps/UEDPIE_0_CastleMap
[2018.11.30-23.11.11:737][  0]LogPlayLevel: PIE: StaticDuplicateObject took: (0.404045s)
[2018.11.30-23.11.11:738][  0]LogAIModule: Creating AISystem for world CastleMap
[2018.11.30-23.11.11:739][  0]LogPlayLevel: PIE: World Init took: (0.001289s)
[2018.11.30-23.11.11:739][  0]LogPlayLevel: PIE: Created PIE world by copying editor world from /Game/Maps/CastleMap.CastleMap to /Game/Maps/UEDPIE_0_CastleMap.CastleMap (0.405657s)
[2018.11.30-23.11.11:789][  0]LogInit: XAudio2 using 'Acer H236HL (NVIDIA High Definition Audio)' : 2 channels at 48 kHz using 16 bits per sample (channel mask 0x3)
[2018.11.30-23.11.11:794][  0]LogInit: FAudioDevice initialized.
[2018.11.30-23.11.11:824][  0]LogLoad: Game class is 'FirstPersonGameMode_C'
[2018.11.30-23.11.11:856][  0]LogWorld: Bringing World /Game/Maps/UEDPIE_0_CastleMap.CastleMap up for play (max tick rate 0) at 2018.11.30-18.11.11
[2018.11.30-23.11.11:863][  0]LogWorld: Bringing up level for play took: 0.038177
[2018.11.30-23.11.11:878][  0]PIE: Play in editor start time for /Game/Maps/UEDPIE_0_CastleMap 0.946
[2018.11.30-23.11.11:878][  0]LogBlueprintUserMessages: Late PlayInEditor Detection: Level '/Game/Maps/CastleMap.CastleMap:PersistentLevel' has LevelScriptBlueprint '/Game/Maps/CastleMap.CastleMap:PersistentLevel.CastleMap' with GeneratedClass '/Game/Maps/CastleMap.CastleMap_C' with ClassGeneratedBy '/Game/Maps/CastleMap.CastleMap:PersistentLevel.CastleMap'
[2018.11.30-23.11.33:553][840]LogBlueprintUserMessages: Early EndPlayMap Detection: Level '/Game/Maps/CastleMap.CastleMap:PersistentLevel' has LevelScriptBlueprint '/Game/Maps/CastleMap.CastleMap:PersistentLevel.CastleMap' with GeneratedClass '/Game/Maps/CastleMap.CastleMap_C' with ClassGeneratedBy '/Game/Maps/CastleMap.CastleMap:PersistentLevel.CastleMap'
[2018.11.30-23.11.33:553][840]LogSlate: Updating window title bar state: overlay mode, drag disabled, window buttons hidden, title bar hidden
[2018.11.30-23.11.33:604][840]LogPlayLevel: Display: Shutting down PIE online subsystems
[2018.11.30-23.11.33:605][840]LogBlueprintUserMessages: Late EndPlayMap Detection: Level '/Game/Maps/CastleMap.CastleMap:PersistentLevel' has LevelScriptBlueprint '/Game/Maps/CastleMap.CastleMap:PersistentLevel.CastleMap' with GeneratedClass '/Game/Maps/CastleMap.CastleMap_C' with ClassGeneratedBy '/Game/Maps/CastleMap.CastleMap:PersistentLevel.CastleMap'
[2018.11.30-23.11.33:629][840]LogSlate: Updating window title bar state: overlay mode, drag disabled, window buttons hidden, title bar hidden
[2018.11.30-23.11.33:670][841]LogPlayLevel: Display: Destroying online subsystem :Context_14
[2018.11.30-23.11.48:001][633]LogSlate: FSceneViewport::OnFocusLost() reason 0
[2018.11.30-23.11.56:745][ 36]Cmd: BRUSH ADD SELECTNEWBRUSH
[2018.11.30-23.12.02:423][263]LogSlate: FSceneViewport::OnFocusLost() reason 0
[2018.11.30-23.12.56:957][650]LogSlate: FSceneViewport::OnFocusLost() reason 0
[2018.11.30-23.13.48:814][811]LogSlate: FSceneViewport::OnFocusLost() reason 0
[2018.11.30-23.13.56:090][219]Cmd: MODE ROTGRID=0
[2018.11.30-23.14.23:902][390]LogSlate: FSceneViewport::OnFocusLost() reason 0
[2018.11.30-23.14.23:976][394]Cmd: MODE ROTGRID=1
[2018.11.30-23.14.41:458][350]LogSlate: FSceneViewport::OnFocusLost() reason 2
[2018.11.30-23.14.43:601][471]Cmd: POLY SELECT MATCHING BRUSH
[2018.11.30-23.14.44:636][523]LogSlate: FSceneViewport::OnFocusLost() reason 2
[2018.11.30-23.14.44:705][523]LogSlate: Took 0.034245 seconds to synchronously load lazily loaded font '../../../Engine/Content/Slate/Fonts/Roboto-Light.ttf' (167K)
[2018.11.30-23.14.51:548][877]LogSlate: FSceneViewport::OnFocusLost() reason 0
[2018.11.30-23.14.51:600][880]LogTemp: Repeating last play command: Selected Viewport
[2018.11.30-23.14.51:622][880]LogBlueprintUserMessages: Early PlayInEditor Detection: Level '/Game/Maps/CastleMap.CastleMap:PersistentLevel' has LevelScriptBlueprint '/Game/Maps/CastleMap.CastleMap:PersistentLevel.CastleMap' with GeneratedClass '/Game/Maps/CastleMap.CastleMap_C' with ClassGeneratedBy '/Game/Maps/CastleMap.CastleMap:PersistentLevel.CastleMap'
[2018.11.30-23.14.51:622][880]LogPlayLevel: PlayLevel: No blueprints needed recompiling
[2018.11.30-23.14.51:622][880]PIE: New page: PIE session: CastleMap (Nov 30, 2018, 1:14:51 PM)
[2018.11.30-23.14.51:622][880]LogPlayLevel: Creating play world package: /Game/Maps/UEDPIE_0_CastleMap
[2018.11.30-23.14.52:187][880]LogPlayLevel: PIE: StaticDuplicateObject took: (0.564170s)
[2018.11.30-23.14.52:187][880]LogAIModule: Creating AISystem for world CastleMap
[2018.11.30-23.14.52:188][880]LogPlayLevel: PIE: World Init took: (0.000856s)
[2018.11.30-23.14.52:188][880]LogPlayLevel: PIE: Created PIE world by copying editor world from /Game/Maps/CastleMap.CastleMap to /Game/Maps/UEDPIE_0_CastleMap.CastleMap (0.565388s)
[2018.11.30-23.14.52:242][880]LogInit: XAudio2 using 'Acer H236HL (NVIDIA High Definition Audio)' : 2 channels at 48 kHz using 16 bits per sample (channel mask 0x3)
[2018.11.30-23.14.52:247][880]LogInit: FAudioDevice initialized.
[2018.11.30-23.14.52:273][880]LogLoad: Game class is 'FirstPersonGameMode_C'
[2018.11.30-23.14.52:306][880]LogWorld: Bringing World /Game/Maps/UEDPIE_0_CastleMap.CastleMap up for play (max tick rate 0) at 2018.11.30-18.14.52
[2018.11.30-23.14.52:314][880]LogWorld: Bringing up level for play took: 0.039425
[2018.11.30-23.14.52:329][880]PIE: Play in editor start time for /Game/Maps/UEDPIE_0_CastleMap 1.396
[2018.11.30-23.14.52:335][880]LogBlueprintUserMessages: Late PlayInEditor Detection: Level '/Game/Maps/CastleMap.CastleMap:PersistentLevel' has LevelScriptBlueprint '/Game/Maps/CastleMap.CastleMap:PersistentLevel.CastleMap' with GeneratedClass '/Game/Maps/CastleMap.CastleMap_C' with ClassGeneratedBy '/Game/Maps/CastleMap.CastleMap:PersistentLevel.CastleMap'
[2018.11.30-23.15.14:369][835]LogBlueprintUserMessages: Early EndPlayMap Detection: Level '/Game/Maps/CastleMap.CastleMap:PersistentLevel' has LevelScriptBlueprint '/Game/Maps/CastleMap.CastleMap:PersistentLevel.CastleMap' with GeneratedClass '/Game/Maps/CastleMap.CastleMap_C' with ClassGeneratedBy '/Game/Maps/CastleMap.CastleMap:PersistentLevel.CastleMap'
[2018.11.30-23.15.14:388][835]LogSlate: Updating window title bar state: overlay mode, drag disabled, window buttons hidden, title bar hidden
[2018.11.30-23.15.14:442][835]LogPlayLevel: Display: Shutting down PIE online subsystems
[2018.11.30-23.15.14:443][835]LogBlueprintUserMessages: Late EndPlayMap Detection: Level '/Game/Maps/CastleMap.CastleMap:PersistentLevel' has LevelScriptBlueprint '/Game/Maps/CastleMap.CastleMap:PersistentLevel.CastleMap' with GeneratedClass '/Game/Maps/CastleMap.CastleMap_C' with ClassGeneratedBy '/Game/Maps/CastleMap.CastleMap:PersistentLevel.CastleMap'
[2018.11.30-23.15.14:469][835]LogSlate: Updating window title bar state: overlay mode, drag disabled, window buttons hidden, title bar hidden
[2018.11.30-23.15.14:511][836]LogPlayLevel: Display: Destroying online subsystem :Context_15
[2018.11.30-23.15.35:767][941]Cmd: EDIT COPY
[2018.11.30-23.15.36:319][965]Cmd: EDIT PASTE
[2018.11.30-23.15.46:951][274]LogSlate: FSceneViewport::OnFocusLost() reason 0
[2018.11.30-23.15.59:333][771]LogSlate: FSceneViewport::OnFocusLost() reason 0
[2018.11.30-23.16.19:051][541]LogSlate: FSceneViewport::OnFocusLost() reason 0
[2018.11.30-23.16.30:186][965]LogEditorViewport: Clicking on Actor (LMB): BC_DoorFrame_C (BC_DoorFrame10)
[2018.11.30-23.16.31:706][ 58]LogSlate: Took 0.014626 seconds to synchronously load lazily loaded font '../../../Engine/Content/Slate/Fonts/Roboto-Italic.ttf' (157K)
[2018.11.30-23.16.35:770][285]LogSlate: FSceneViewport::OnFocusLost() reason 0
[2018.11.30-23.16.41:904][595]LogEditorViewport: Clicking on Actor (LMB): BC_DoorFrame_C (BC_DoorFrame10)
[2018.11.30-23.16.46:333][792]LogSlate: FSceneViewport::OnFocusLost() reason 0
[2018.11.30-23.16.53:165][ 76]LogSlate: FSceneViewport::OnFocusLost() reason 0
[2018.11.30-23.16.53:240][ 80]LogTemp: Repeating last play command: Selected Viewport
[2018.11.30-23.16.53:263][ 80]LogBlueprintUserMessages: Early PlayInEditor Detection: Level '/Game/Maps/CastleMap.CastleMap:PersistentLevel' has LevelScriptBlueprint '/Game/Maps/CastleMap.CastleMap:PersistentLevel.CastleMap' with GeneratedClass '/Game/Maps/CastleMap.CastleMap_C' with ClassGeneratedBy '/Game/Maps/CastleMap.CastleMap:PersistentLevel.CastleMap'
[2018.11.30-23.16.53:263][ 80]LogPlayLevel: PlayLevel: No blueprints needed recompiling
[2018.11.30-23.16.53:264][ 80]PIE: New page: PIE session: CastleMap (Nov 30, 2018, 1:16:53 PM)
[2018.11.30-23.16.53:264][ 80]LogPlayLevel: Creating play world package: /Game/Maps/UEDPIE_0_CastleMap
[2018.11.30-23.16.53:597][ 80]LogPlayLevel: PIE: StaticDuplicateObject took: (0.332296s)
[2018.11.30-23.16.53:598][ 80]LogAIModule: Creating AISystem for world CastleMap
[2018.11.30-23.16.53:598][ 80]LogPlayLevel: PIE: World Init took: (0.000819s)
[2018.11.30-23.16.53:598][ 80]LogPlayLevel: PIE: Created PIE world by copying editor world from /Game/Maps/CastleMap.CastleMap to /Game/Maps/UEDPIE_0_CastleMap.CastleMap (0.333435s)
[2018.11.30-23.16.53:640][ 80]LogInit: XAudio2 using 'Acer H236HL (NVIDIA High Definition Audio)' : 2 channels at 48 kHz using 16 bits per sample (channel mask 0x3)
[2018.11.30-23.16.53:644][ 80]LogInit: FAudioDevice initialized.
[2018.11.30-23.16.53:674][ 80]LogLoad: Game class is 'FirstPersonGameMode_C'
[2018.11.30-23.16.53:708][ 80]LogWorld: Bringing World /Game/Maps/UEDPIE_0_CastleMap.CastleMap up for play (max tick rate 0) at 2018.11.30-18.16.53
[2018.11.30-23.16.53:715][ 80]LogWorld: Bringing up level for play took: 0.039955
[2018.11.30-23.16.53:730][ 80]PIE: Play in editor start time for /Game/Maps/UEDPIE_0_CastleMap 0.796
[2018.11.30-23.16.53:730][ 80]LogBlueprintUserMessages: Late PlayInEditor Detection: Level '/Game/Maps/CastleMap.CastleMap:PersistentLevel' has LevelScriptBlueprint '/Game/Maps/CastleMap.CastleMap:PersistentLevel.CastleMap' with GeneratedClass '/Game/Maps/CastleMap.CastleMap_C' with ClassGeneratedBy '/Game/Maps/CastleMap.CastleMap:PersistentLevel.CastleMap'
[2018.11.30-23.17.08:636][353]LogBlueprintUserMessages: Early EndPlayMap Detection: Level '/Game/Maps/CastleMap.CastleMap:PersistentLevel' has LevelScriptBlueprint '/Game/Maps/CastleMap.CastleMap:PersistentLevel.CastleMap' with GeneratedClass '/Game/Maps/CastleMap.CastleMap_C' with ClassGeneratedBy '/Game/Maps/CastleMap.CastleMap:PersistentLevel.CastleMap'
[2018.11.30-23.17.08:636][353]LogSlate: Updating window title bar state: overlay mode, drag disabled, window buttons hidden, title bar hidden
[2018.11.30-23.17.08:690][353]LogPlayLevel: Display: Shutting down PIE online subsystems
[2018.11.30-23.17.08:691][353]LogBlueprintUserMessages: Late EndPlayMap Detection: Level '/Game/Maps/CastleMap.CastleMap:PersistentLevel' has LevelScriptBlueprint '/Game/Maps/CastleMap.CastleMap:PersistentLevel.CastleMap' with GeneratedClass '/Game/Maps/CastleMap.CastleMap_C' with ClassGeneratedBy '/Game/Maps/CastleMap.CastleMap:PersistentLevel.CastleMap'
[2018.11.30-23.17.08:717][353]LogSlate: Updating window title bar state: overlay mode, drag disabled, window buttons hidden, title bar hidden
[2018.11.30-23.17.08:743][354]LogPlayLevel: Display: Destroying online subsystem :Context_16
[2018.11.30-23.17.12:364][560]LogEditorViewport: Clicking on Actor (LMB): Torch_C (Torch226)
[2018.11.30-23.17.16:638][814]LogSlate: FSceneViewport::OnFocusLost() reason 0
[2018.11.30-23.17.16:723][820]LogTemp: Repeating last play command: Selected Viewport
[2018.11.30-23.17.16:745][820]LogBlueprintUserMessages: Early PlayInEditor Detection: Level '/Game/Maps/CastleMap.CastleMap:PersistentLevel' has LevelScriptBlueprint '/Game/Maps/CastleMap.CastleMap:PersistentLevel.CastleMap' with GeneratedClass '/Game/Maps/CastleMap.CastleMap_C' with ClassGeneratedBy '/Game/Maps/CastleMap.CastleMap:PersistentLevel.CastleMap'
[2018.11.30-23.17.16:745][820]LogPlayLevel: PlayLevel: No blueprints needed recompiling
[2018.11.30-23.17.16:746][820]PIE: New page: PIE session: CastleMap (Nov 30, 2018, 1:17:16 PM)
[2018.11.30-23.17.16:746][820]LogPlayLevel: Creating play world package: /Game/Maps/UEDPIE_0_CastleMap
[2018.11.30-23.17.17:133][820]LogPlayLevel: PIE: StaticDuplicateObject took: (0.386965s)
[2018.11.30-23.17.17:133][820]LogAIModule: Creating AISystem for world CastleMap
[2018.11.30-23.17.17:133][820]LogPlayLevel: PIE: World Init took: (0.000865s)
[2018.11.30-23.17.17:134][820]LogPlayLevel: PIE: Created PIE world by copying editor world from /Game/Maps/CastleMap.CastleMap to /Game/Maps/UEDPIE_0_CastleMap.CastleMap (0.388143s)
[2018.11.30-23.17.17:165][820]LogInit: XAudio2 using 'Acer H236HL (NVIDIA High Definition Audio)' : 2 channels at 48 kHz using 16 bits per sample (channel mask 0x3)
[2018.11.30-23.17.17:170][820]LogInit: FAudioDevice initialized.
[2018.11.30-23.17.17:200][820]LogLoad: Game class is 'FirstPersonGameMode_C'
[2018.11.30-23.17.17:231][820]LogWorld: Bringing World /Game/Maps/UEDPIE_0_CastleMap.CastleMap up for play (max tick rate 0) at 2018.11.30-18.17.17
[2018.11.30-23.17.17:238][820]LogWorld: Bringing up level for play took: 0.038091
[2018.11.30-23.17.17:250][820]LogSpawn: Warning: SpawnActor failed because of collision at the spawn location [X=3105.312 Y=-1740.002 Z=5497.738] for [FirstPersonCharacter_C]
[2018.11.30-23.17.17:250][820]LogGameMode: Warning: SpawnDefaultPawnAtTransform: Couldn't spawn Pawn of type FirstPersonCharacter_C at Rotation: Pitch 0.000000 Yaw 2.146152 Roll 0.000000
Translation: 3105.311523 -1740.001831 5497.738281
Scale3D: 1.000000 1.000000 1.000000

[2018.11.30-23.17.17:251][820]PIE: Play in editor start time for /Game/Maps/UEDPIE_0_CastleMap 0.318
[2018.11.30-23.17.17:252][820]LogBlueprintUserMessages: Late PlayInEditor Detection: Level '/Game/Maps/CastleMap.CastleMap:PersistentLevel' has LevelScriptBlueprint '/Game/Maps/CastleMap.CastleMap:PersistentLevel.CastleMap' with GeneratedClass '/Game/Maps/CastleMap.CastleMap_C' with ClassGeneratedBy '/Game/Maps/CastleMap.CastleMap:PersistentLevel.CastleMap'
[2018.11.30-23.17.18:276][919]LogBlueprintUserMessages: Early EndPlayMap Detection: Level '/Game/Maps/CastleMap.CastleMap:PersistentLevel' has LevelScriptBlueprint '/Game/Maps/CastleMap.CastleMap:PersistentLevel.CastleMap' with GeneratedClass '/Game/Maps/CastleMap.CastleMap_C' with ClassGeneratedBy '/Game/Maps/CastleMap.CastleMap:PersistentLevel.CastleMap'
[2018.11.30-23.17.18:276][919]LogSlate: Updating window title bar state: overlay mode, drag disabled, window buttons hidden, title bar hidden
[2018.11.30-23.17.18:327][919]LogPlayLevel: Display: Shutting down PIE online subsystems
[2018.11.30-23.17.18:327][919]LogBlueprintUserMessages: Late EndPlayMap Detection: Level '/Game/Maps/CastleMap.CastleMap:PersistentLevel' has LevelScriptBlueprint '/Game/Maps/CastleMap.CastleMap:PersistentLevel.CastleMap' with GeneratedClass '/Game/Maps/CastleMap.CastleMap_C' with ClassGeneratedBy '/Game/Maps/CastleMap.CastleMap:PersistentLevel.CastleMap'
[2018.11.30-23.17.18:354][919]LogSlate: Updating window title bar state: overlay mode, drag disabled, window buttons hidden, title bar hidden
[2018.11.30-23.17.18:388][920]LogPlayLevel: Display: Destroying online subsystem :Context_17
[2018.11.30-23.17.32:124][848]LogSlate: FSceneViewport::OnFocusLost() reason 0
[2018.11.30-23.17.32:193][852]LogTemp: Repeating last play command: Selected Viewport
[2018.11.30-23.17.32:215][852]LogBlueprintUserMessages: Early PlayInEditor Detection: Level '/Game/Maps/CastleMap.CastleMap:PersistentLevel' has LevelScriptBlueprint '/Game/Maps/CastleMap.CastleMap:PersistentLevel.CastleMap' with GeneratedClass '/Game/Maps/CastleMap.CastleMap_C' with ClassGeneratedBy '/Game/Maps/CastleMap.CastleMap:PersistentLevel.CastleMap'
[2018.11.30-23.17.32:215][852]LogPlayLevel: PlayLevel: No blueprints needed recompiling
[2018.11.30-23.17.32:216][852]PIE: New page: PIE session: CastleMap (Nov 30, 2018, 1:17:32 PM)
[2018.11.30-23.17.32:216][852]LogPlayLevel: Creating play world package: /Game/Maps/UEDPIE_0_CastleMap
[2018.11.30-23.17.32:555][852]LogPlayLevel: PIE: StaticDuplicateObject took: (0.339026s)
[2018.11.30-23.17.32:556][852]LogAIModule: Creating AISystem for world CastleMap
[2018.11.30-23.17.32:556][852]LogPlayLevel: PIE: World Init took: (0.000871s)
[2018.11.30-23.17.32:556][852]LogPlayLevel: PIE: Created PIE world by copying editor world from /Game/Maps/CastleMap.CastleMap to /Game/Maps/UEDPIE_0_CastleMap.CastleMap (0.340216s)
[2018.11.30-23.17.32:587][852]LogInit: XAudio2 using 'Acer H236HL (NVIDIA High Definition Audio)' : 2 channels at 48 kHz using 16 bits per sample (channel mask 0x3)
[2018.11.30-23.17.32:592][852]LogInit: FAudioDevice initialized.
[2018.11.30-23.17.32:622][852]LogLoad: Game class is 'FirstPersonGameMode_C'
[2018.11.30-23.17.32:658][852]LogWorld: Bringing World /Game/Maps/UEDPIE_0_CastleMap.CastleMap up for play (max tick rate 0) at 2018.11.30-18.17.32
[2018.11.30-23.17.32:666][852]LogWorld: Bringing up level for play took: 0.043758
[2018.11.30-23.17.32:681][852]PIE: Play in editor start time for /Game/Maps/UEDPIE_0_CastleMap -0.253
[2018.11.30-23.17.32:681][852]LogBlueprintUserMessages: Late PlayInEditor Detection: Level '/Game/Maps/CastleMap.CastleMap:PersistentLevel' has LevelScriptBlueprint '/Game/Maps/CastleMap.CastleMap:PersistentLevel.CastleMap' with GeneratedClass '/Game/Maps/CastleMap.CastleMap_C' with ClassGeneratedBy '/Game/Maps/CastleMap.CastleMap:PersistentLevel.CastleMap'
[2018.11.30-23.17.43:367][874]LogBlueprintUserMessages: Early EndPlayMap Detection: Level '/Game/Maps/CastleMap.CastleMap:PersistentLevel' has LevelScriptBlueprint '/Game/Maps/CastleMap.CastleMap:PersistentLevel.CastleMap' with GeneratedClass '/Game/Maps/CastleMap.CastleMap_C' with ClassGeneratedBy '/Game/Maps/CastleMap.CastleMap:PersistentLevel.CastleMap'
[2018.11.30-23.17.43:367][874]LogSlate: Updating window title bar state: overlay mode, drag disabled, window buttons hidden, title bar hidden
[2018.11.30-23.17.43:419][874]LogPlayLevel: Display: Shutting down PIE online subsystems
[2018.11.30-23.17.43:420][874]LogBlueprintUserMessages: Late EndPlayMap Detection: Level '/Game/Maps/CastleMap.CastleMap:PersistentLevel' has LevelScriptBlueprint '/Game/Maps/CastleMap.CastleMap:PersistentLevel.CastleMap' with GeneratedClass '/Game/Maps/CastleMap.CastleMap_C' with ClassGeneratedBy '/Game/Maps/CastleMap.CastleMap:PersistentLevel.CastleMap'
[2018.11.30-23.17.43:445][874]LogSlate: Updating window title bar state: overlay mode, drag disabled, window buttons hidden, title bar hidden
[2018.11.30-23.17.43:483][875]LogPlayLevel: Display: Destroying online subsystem :Context_18
[2018.11.30-23.17.44:289][937]LogEditorViewport: Clicking on Actor (LMB): StaticMeshActor (WineBarrel2)
[2018.11.30-23.17.45:648][ 19]LogEditorViewport: Clicking on Actor (CTRL LMB): StaticMeshActor (BarrelDivider4)
[2018.11.30-23.17.46:275][ 59]LogEditorViewport: Clicking on Actor (CTRL LMB): StaticMeshActor (BarrelDivider3)
[2018.11.30-23.17.46:946][103]LogEditorViewport: Clicking on Actor (CTRL LMB): StaticMeshActor (BarrelDivider)
[2018.11.30-23.17.47:465][135]LogEditorViewport: Clicking on Actor (CTRL LMB): StaticMeshActor (BarrelDivider2)
[2018.11.30-23.17.47:883][160]LogEditorViewport: Clicking on Actor (CTRL LMB): StaticMeshActor (WineBarrel)
[2018.11.30-23.17.48:792][225]Cmd: DELETE
[2018.11.30-23.17.48:792][225]Cmd: ACTOR DELETE
[2018.11.30-23.17.48:924][225]LogEditorActor: Deleted Actor: StaticMeshActor
[2018.11.30-23.17.48:933][225]LogEditorActor: Deleted Actor: StaticMeshActor
[2018.11.30-23.17.48:933][225]LogEditorActor: Deleted Actor: StaticMeshActor
[2018.11.30-23.17.48:933][225]LogEditorActor: Deleted Actor: StaticMeshActor
[2018.11.30-23.17.48:934][225]LogEditorActor: Deleted Actor: StaticMeshActor
[2018.11.30-23.17.48:934][225]LogEditorActor: Deleted Actor: StaticMeshActor
[2018.11.30-23.17.48:953][225]LogEditorActor: Deleted 6 Actors (0.161 secs)
[2018.11.30-23.17.59:231][924]Cmd: DELETE
[2018.11.30-23.17.59:231][924]Cmd: ACTOR DELETE
[2018.11.30-23.17.59:359][924]LogEditorActor: Deleted Actor: Brush
[2018.11.30-23.18.00:464][924]LogEditorActor: Deleted 1 Actors (1.233 secs)
[2018.11.30-23.18.11:202][594]Cmd: DELETE
[2018.11.30-23.18.11:202][594]Cmd: ACTOR DELETE
[2018.11.30-23.18.11:332][594]LogEditorActor: Deleted Actor: Brush
[2018.11.30-23.18.12:432][594]LogEditorActor: Deleted 1 Actors (1.230 secs)
[2018.11.30-23.18.21:388][119]Cmd: DELETE
[2018.11.30-23.18.21:388][119]Cmd: ACTOR DELETE
[2018.11.30-23.18.21:518][119]LogEditorActor: Deleted Actor: Brush
[2018.11.30-23.18.22:614][119]LogEditorActor: Deleted 1 Actors (1.226 secs)
[2018.11.30-23.19.13:896][930]LogEditorViewport: Clicking on Actor (LMB): StaticMeshActor (Spiral_Stair_Brush6_StaticMesh)
[2018.11.30-23.19.16:564][ 41]LogSlate: FSceneViewport::OnFocusLost() reason 2
[2018.11.30-23.19.32:915][894]LogSlate: FSceneViewport::OnFocusLost() reason 2
[2018.11.30-23.19.47:869][786]LogSlate: FSceneViewport::OnFocusLost() reason 0
[2018.11.30-23.19.54:097][170]LogSlate: FSceneViewport::OnFocusLost() reason 0
[2018.11.30-23.19.57:813][348]LogSlate: FSceneViewport::OnFocusLost() reason 0
[2018.11.30-23.20.03:478][630]LogSlate: FSceneViewport::OnFocusLost() reason 0
[2018.11.30-23.20.11:567][ 71]LogSlate: FSceneViewport::OnFocusLost() reason 0
[2018.11.30-23.20.20:157][549]LogSlate: FSceneViewport::OnFocusLost() reason 0
[2018.11.30-23.20.26:444][895]LogSlate: FSceneViewport::OnFocusLost() reason 0
[2018.11.30-23.20.31:691][162]LogEditorViewport: Clicking on Actor (LMB): BC_DoorFrame_C (BC_DoorFrame)
[2018.11.30-23.20.35:236][358]LogEditorViewport: Clicking on Actor (LMB): BC_DoorFrame_C (BC_DoorFrame)
[2018.11.30-23.20.40:062][603]LogSlate: FSceneViewport::OnFocusLost() reason 0
[2018.11.30-23.20.49:211][152]LogSlate: FSceneViewport::OnFocusLost() reason 0
[2018.11.30-23.20.49:302][158]Cmd: POLY TEXPAN U=4.000000 V=0.000000
[2018.11.30-23.20.53:117][403]Cmd: POLY TEXPAN U=0.000000 V=4.000000
[2018.11.30-23.20.53:658][432]Cmd: POLY TEXPAN U=0.000000 V=4.000000
[2018.11.30-23.20.53:891][441]Cmd: POLY TEXPAN U=0.000000 V=4.000000
[2018.11.30-23.20.54:140][451]Cmd: POLY TEXPAN U=0.000000 V=4.000000
[2018.11.30-23.20.54:494][468]Cmd: POLY TEXPAN U=0.000000 V=4.000000
[2018.11.30-23.20.54:846][485]Cmd: POLY TEXPAN U=0.000000 V=4.000000
[2018.11.30-23.20.55:203][502]Cmd: POLY TEXPAN U=0.000000 V=4.000000
[2018.11.30-23.20.55:589][521]Cmd: POLY TEXPAN U=0.000000 V=4.000000
[2018.11.30-23.20.55:913][536]Cmd: POLY TEXPAN U=0.000000 V=4.000000
[2018.11.30-23.20.56:159][546]Cmd: POLY TEXPAN U=0.000000 V=4.000000
[2018.11.30-23.20.56:406][556]Cmd: POLY TEXPAN U=0.000000 V=4.000000
[2018.11.30-23.20.57:488][619]Cmd: POLY TEXPAN U=0.000000 V=4.000000
[2018.11.30-23.21.05:636][143]Cmd: POLY TEXPAN U=4.000000 V=0.000000
[2018.11.30-23.21.06:046][163]Cmd: POLY TEXPAN U=4.000000 V=0.000000
[2018.11.30-23.21.06:319][174]Cmd: POLY TEXPAN U=4.000000 V=0.000000
[2018.11.30-23.21.06:537][182]Cmd: POLY TEXPAN U=4.000000 V=0.000000
[2018.11.30-23.21.06:737][189]Cmd: POLY TEXPAN U=4.000000 V=0.000000
[2018.11.30-23.21.06:954][197]Cmd: POLY TEXPAN U=4.000000 V=0.000000
[2018.11.30-23.21.07:140][203]Cmd: POLY TEXPAN U=4.000000 V=0.000000
[2018.11.30-23.21.10:611][416]LogSlate: FSceneViewport::OnFocusLost() reason 0
[2018.11.30-23.21.10:711][422]Cmd: POLY TEXPAN U=4.000000 V=0.000000
[2018.11.30-23.21.10:957][431]Cmd: POLY TEXPAN U=4.000000 V=0.000000
[2018.11.30-23.21.11:167][438]Cmd: POLY TEXPAN U=4.000000 V=0.000000
[2018.11.30-23.21.11:363][444]Cmd: POLY TEXPAN U=4.000000 V=0.000000
[2018.11.30-23.21.12:019][477]Cmd: POLY TEXPAN U=4.000000 V=0.000000
[2018.11.30-23.21.22:785][140]LogSlate: FSceneViewport::OnFocusLost() reason 0
[2018.11.30-23.21.25:968][286]LogSlate: FSceneViewport::OnFocusLost() reason 0
[2018.11.30-23.21.30:341][475]LogSlate: FSceneViewport::OnFocusLost() reason 0
[2018.11.30-23.21.33:592][602]LogSlate: FSceneViewport::OnFocusLost() reason 0
[2018.11.30-23.21.43:375][177]LogSlate: FSceneViewport::OnFocusLost() reason 0
[2018.11.30-23.21.48:916][541]LogSlate: FSceneViewport::OnFocusLost() reason 0
[2018.11.30-23.21.49:995][604]LogSlate: FSceneViewport::OnFocusLost() reason 0
[2018.11.30-23.21.56:353][943]LogSlate: FSceneViewport::OnFocusLost() reason 0
[2018.11.30-23.22.16:364][ 75]LogSlate: FSceneViewport::OnFocusLost() reason 0
[2018.11.30-23.22.19:061][223]LogSlate: FSceneViewport::OnFocusLost() reason 0
[2018.11.30-23.22.20:961][310]LogSlate: FSceneViewport::OnFocusLost() reason 0
[2018.11.30-23.22.29:208][728]LogSlate: FSceneViewport::OnFocusLost() reason 0
[2018.11.30-23.22.33:095][912]LogSlate: FSceneViewport::OnFocusLost() reason 0
[2018.11.30-23.22.36:149][ 62]LogSlate: FSceneViewport::OnFocusLost() reason 0
[2018.11.30-23.23.01:267][728]LogSlate: FSceneViewport::OnFocusLost() reason 0
[2018.11.30-23.23.42:720][742]LogSlate: FSceneViewport::OnFocusLost() reason 0
[2018.11.30-23.23.42:849][746]Cmd: OBJ SAVEPACKAGE PACKAGE="/Game/Maps/CastleMap" FILE="C:/Users/Sean/Desktop/Colab/CastleRavenloft/CastleRavenloft/Content/Maps/CastleMap.umap" SILENT=true AUTOSAVING=false KEEPDIRTY=false
[2018.11.30-23.23.45:704][746]LogSavePackage: Moving 'C:/Users/Sean/Desktop/Colab/CastleRavenloft/CastleRavenloft/Saved/CastleMapE87CBCB14A5C8465B7214486B0E5517B.tmp' to 'C:/Users/Sean/Desktop/Colab/CastleRavenloft/CastleRavenloft/Content/Maps/CastleMap.umap'
[2018.11.30-23.25.25:014][266]LogSlate: FSceneViewport::OnFocusLost() reason 0
[2018.11.30-23.25.25:299][266]Cmd: OBJ SAVEPACKAGE PACKAGE="/Game/Maps/CastleMap" FILE="C:/Users/Sean/Desktop/Colab/CastleRavenloft/CastleRavenloft/Content/Maps/CastleMap.umap" SILENT=true AUTOSAVING=false KEEPDIRTY=false
[2018.11.30-23.25.27:980][266]LogSavePackage: Moving 'C:/Users/Sean/Desktop/Colab/CastleRavenloft/CastleRavenloft/Saved/CastleMapC10A34A64E59866B265F7AB15744F3C4.tmp' to 'C:/Users/Sean/Desktop/Colab/CastleRavenloft/CastleRavenloft/Content/Maps/CastleMap.umap'
[2018.11.30-23.25.29:483][332]LogSlate: FSceneViewport::OnFocusLost() reason 0
[2018.11.30-23.25.29:745][338]LogSlate: Window 'CastleRavenloft - Unreal Editor' being destroyed
[2018.11.30-23.25.29:938][339]Cmd: QUIT_EDITOR
[2018.11.30-23.25.29:957][339]LogExit: Preparing to exit.
[2018.11.30-23.25.30:364][339]LogExit: Editor shut down
[2018.11.30-23.25.30:364][339]LogExit: Transaction tracking system shut down
[2018.11.30-23.25.30:794][339]LogExit: Object subsystem successfully closed.
[2018.11.30-23.25.30:810][339]LogShaderCompilers: Display: Shaders left to compile 0
[2018.11.30-23.25.30:814][339]LogD3D11RHI: Shutdown
[2018.11.30-23.25.30:814][339]LogD3D11RHI: CleanupD3DDevice
[2018.11.30-23.25.30:820][339]LogD3D11RHI: ~FD3D11DynamicRHI
[2018.11.30-23.25.30:892][339]LogModuleManager: Shutting down and abandoning module HierarchicalLODUtilities (616)
[2018.11.30-23.25.30:892][339]LogModuleManager: Shutting down and abandoning module MovieSceneCapture (614)
[2018.11.30-23.25.30:892][339]LogModuleManager: Shutting down and abandoning module Voice (612)
[2018.11.30-23.25.30:892][339]LogModuleManager: Shutting down and abandoning module HierarchicalLODOutliner (610)
[2018.11.30-23.25.30:892][339]LogModuleManager: Shutting down and abandoning module SceneOutliner (608)
[2018.11.30-23.25.30:892][339]LogModuleManager: Shutting down and abandoning module AddContentDialog (606)
[2018.11.30-23.25.30:893][339]LogModuleManager: Shutting down and abandoning module WidgetCarousel (605)
[2018.11.30-23.25.30:893][339]LogModuleManager: Shutting down and abandoning module EditorWidgets (602)
[2018.11.30-23.25.30:893][339]LogModuleManager: Shutting down and abandoning module CollectionManager (600)
[2018.11.30-23.25.30:893][339]LogModuleManager: Shutting down and abandoning module StatsViewer (598)
[2018.11.30-23.25.30:893][339]LogModuleManager: Shutting down and abandoning module FoliageEdit (596)
[2018.11.30-23.25.30:893][339]LogModuleManager: Shutting down and abandoning module LandscapeEditor (594)
[2018.11.30-23.25.30:893][339]LogModuleManager: Shutting down and abandoning module MeshPaintMode (592)
[2018.11.30-23.25.30:893][339]LogModuleManager: Shutting down and abandoning module SceneDepthPickerMode (590)
[2018.11.30-23.25.30:893][339]LogModuleManager: Shutting down and abandoning module ActorPickerMode (588)
[2018.11.30-23.25.30:893][339]LogModuleManager: Shutting down and abandoning module GeometryMode (586)
[2018.11.30-23.25.30:893][339]LogModuleManager: Shutting down and abandoning module TextureAlignMode (584)
[2018.11.30-23.25.30:893][339]LogModuleManager: Shutting down and abandoning module BspMode (582)
[2018.11.30-23.25.30:893][339]LogModuleManager: Shutting down and abandoning module PIEPreviewDeviceProfileSelector (580)
[2018.11.30-23.25.30:893][339]LogModuleManager: Shutting down and abandoning module SequenceRecorderSections (578)
[2018.11.30-23.25.30:893][339]LogModuleManager: Shutting down and abandoning module AutomationWorker (576)
[2018.11.30-23.25.30:893][339]LogModuleManager: Shutting down and abandoning module AudioCaptureEditor (574)
[2018.11.30-23.25.30:893][339]LogModuleManager: Shutting down and abandoning module SequenceRecorder (573)
[2018.11.30-23.25.30:893][339]LogModuleManager: Shutting down and abandoning module MatineeToLevelSequence (570)
[2018.11.30-23.25.30:893][339]LogModuleManager: Shutting down and abandoning module LevelSequenceEditor (568)
[2018.11.30-23.25.30:893][339]LogModuleManager: Shutting down and abandoning module PlacementMode (567)
[2018.11.30-23.25.30:893][339]LogModuleManager: Shutting down and abandoning module MaterialEditor (566)
[2018.11.30-23.25.30:893][339]LogModuleManager: Shutting down and abandoning module WmfMediaFactory (562)
[2018.11.30-23.25.30:893][339]LogModuleManager: Shutting down and abandoning module WmfMediaEditor (560)
[2018.11.30-23.25.30:893][339]LogModuleManager: Shutting down and abandoning module MediaPlayerEditor (558)
[2018.11.30-23.25.30:893][339]LogModuleManager: Shutting down and abandoning module OpenExrWrapper (556)
[2018.11.30-23.25.30:893][339]LogModuleManager: Shutting down and abandoning module ImgMediaFactory (554)
[2018.11.30-23.25.30:893][339]LogModuleManager: Shutting down and abandoning module ImgMediaEditor (552)
[2018.11.30-23.25.30:893][339]LogModuleManager: Shutting down and abandoning module AvfMediaFactory (550)
[2018.11.30-23.25.30:893][339]LogModuleManager: Shutting down and abandoning module AvfMediaEditor (548)
[2018.11.30-23.25.30:893][339]LogModuleManager: Shutting down and abandoning module AndroidMediaFactory (546)
[2018.11.30-23.25.30:893][339]LogModuleManager: Shutting down and abandoning module AndroidMediaEditor (544)
[2018.11.30-23.25.30:893][339]LogModuleManager: Shutting down and abandoning module MagicLeapCameraPreviewFactory (542)
[2018.11.30-23.25.30:893][339]LogModuleManager: Shutting down and abandoning module MagicLeapMediaFactory (540)
[2018.11.30-23.25.30:893][339]LogModuleManager: Shutting down and abandoning module MagicLeapMediaEditor (538)
[2018.11.30-23.25.30:893][339]LogModuleManager: Shutting down and abandoning module CharacterAI (536)
[2018.11.30-23.25.30:893][339]LogModuleManager: Shutting down and abandoning module SmartSnapping (534)
[2018.11.30-23.25.30:893][339]LogModuleManager: Shutting down and abandoning module SessionServices (532)
[2018.11.30-23.25.30:893][339]LogModuleManager: Shutting down and abandoning module ViewportSnapping (530)
[2018.11.30-23.25.30:893][339]LogModuleManager: Shutting down and abandoning module ViewportInteraction (528)
[2018.11.30-23.25.30:893][339]LogModuleManager: Shutting down and abandoning module ClothPainter (526)
[2018.11.30-23.25.30:894][339]LogModuleManager: Shutting down and abandoning module SkeletalMeshEditor (525)
[2018.11.30-23.25.30:894][339]LogModuleManager: Shutting down and abandoning module LogVisualizer (522)
[2018.11.30-23.25.30:894][339]LogModuleManager: Shutting down and abandoning module IntroTutorials (520)
[2018.11.30-23.25.30:894][339]LogModuleManager: Shutting down and abandoning module GameProjectGeneration (519)
[2018.11.30-23.25.30:894][339]LogModuleManager: Shutting down and abandoning module LuminPlatformEditor (516)
[2018.11.30-23.25.30:894][339]LogModuleManager: Shutting down and abandoning module IOSPlatformEditor (514)
[2018.11.30-23.25.30:894][339]LogModuleManager: Shutting down and abandoning module HTML5PlatformEditor (512)
[2018.11.30-23.25.30:894][339]LogModuleManager: Shutting down and abandoning module AndroidPlatformEditor (510)
[2018.11.30-23.25.30:894][339]LogModuleManager: Shutting down and abandoning module AndroidDeviceDetection (509)
[2018.11.30-23.25.31:384][339]LogModuleManager: Shutting down and abandoning module WindowsPlatformEditor (506)
[2018.11.30-23.25.31:384][339]LogModuleManager: Shutting down and abandoning module LuminRuntimeSettings (504)
[2018.11.30-23.25.31:384][339]LogModuleManager: Shutting down and abandoning module IOSRuntimeSettings (502)
[2018.11.30-23.25.31:384][339]LogModuleManager: Shutting down and abandoning module AndroidRuntimeSettings (500)
[2018.11.30-23.25.31:384][339]LogModuleManager: Shutting down and abandoning module InputBindingEditor (498)
[2018.11.30-23.25.31:384][339]LogModuleManager: Shutting down and abandoning module MergeActors (496)
[2018.11.30-23.25.31:384][339]LogModuleManager: Shutting down and abandoning module LocalizationDashboard (494)
[2018.11.30-23.25.31:385][339]LogModuleManager: Shutting down and abandoning module LocalizationService (493)
[2018.11.30-23.25.31:385][339]LogModuleManager: Shutting down and abandoning module HardwareTargeting (490)
[2018.11.30-23.25.31:385][339]LogModuleManager: Shutting down and abandoning module DeviceProfileEditor (488)
[2018.11.30-23.25.31:385][339]LogModuleManager: Shutting down and abandoning module UndoHistory (486)
[2018.11.30-23.25.31:385][339]LogModuleManager: Shutting down and abandoning module XmlParser (484)
[2018.11.30-23.25.31:385][339]LogModuleManager: Shutting down and abandoning module Blutility (482)
[2018.11.30-23.25.31:385][339]LogModuleManager: Shutting down and abandoning module ProjectSettingsViewer (480)
[2018.11.30-23.25.31:385][339]LogModuleManager: Shutting down and abandoning module ProjectTargetPlatformEditor (479)
[2018.11.30-23.25.31:385][339]LogModuleManager: Shutting down and abandoning module EditorSettingsViewer (476)
[2018.11.30-23.25.31:385][339]LogModuleManager: Shutting down and abandoning module SettingsEditor (474)
[2018.11.30-23.25.31:385][339]LogModuleManager: Shutting down and abandoning module ProjectLauncher (472)
[2018.11.30-23.25.31:385][339]LogModuleManager: Shutting down and abandoning module SessionFrontend (470)
[2018.11.30-23.25.31:385][339]LogModuleManager: Shutting down and abandoning module ProfilerClient (468)
[2018.11.30-23.25.31:385][339]LogModuleManager: Shutting down and abandoning module DeviceManager (466)
[2018.11.30-23.25.31:385][339]LogModuleManager: Shutting down and abandoning module TargetDeviceServices (465)
[2018.11.30-23.25.31:435][339]LogModuleManager: Shutting down and abandoning module AutomationController (462)
[2018.11.30-23.25.31:435][339]LogModuleManager: Shutting down and abandoning module AutomationWindow (460)
[2018.11.30-23.25.31:435][339]LogModuleManager: Shutting down and abandoning module Layers (458)
[2018.11.30-23.25.31:435][339]LogModuleManager: Shutting down and abandoning module ComponentVisualizers (456)
[2018.11.30-23.25.31:435][339]LogModuleManager: Shutting down and abandoning module DetailCustomizations (454)
[2018.11.30-23.25.31:435][339]LogModuleManager: Shutting down and abandoning module PackagesDialog (452)
[2018.11.30-23.25.31:435][339]LogModuleManager: Shutting down and abandoning module Persona (450)
[2018.11.30-23.25.31:435][339]LogModuleManager: Shutting down and abandoning module AdvancedPreviewScene (449)
[2018.11.30-23.25.31:435][339]LogModuleManager: Shutting down and abandoning module AnimGraph (447)
[2018.11.30-23.25.31:435][339]LogModuleManager: Shutting down and abandoning module Kismet (444)
[2018.11.30-23.25.31:436][339]LogModuleManager: Shutting down and abandoning module GraphEditor (442)
[2018.11.30-23.25.31:436][339]LogModuleManager: Shutting down and abandoning module ClassViewer (440)
[2018.11.30-23.25.31:436][339]LogModuleManager: Shutting down and abandoning module Toolbox (438)
[2018.11.30-23.25.31:436][339]LogModuleManager: Shutting down and abandoning module ModuleUI (436)
[2018.11.30-23.25.31:436][339]LogModuleManager: Shutting down and abandoning module MovieSceneTools (434)
[2018.11.30-23.25.31:436][339]LogModuleManager: Shutting down and abandoning module OutputLog (432)
[2018.11.30-23.25.31:436][339]LogModuleManager: Shutting down and abandoning module GammaUI (430)
[2018.11.30-23.25.31:436][339]LogModuleManager: Shutting down and abandoning module Documentation (428)
[2018.11.30-23.25.31:436][339]LogModuleManager: Shutting down and abandoning module MovieSceneTracks (426)
[2018.11.30-23.25.31:436][339]LogModuleManager: Shutting down and abandoning module MovieScene (424)
[2018.11.30-23.25.31:436][339]LogModuleManager: Shutting down and abandoning module StreamingPauseRendering (422)
[2018.11.30-23.25.31:436][339]LogModuleManager: Shutting down and abandoning module LauncherPlatform (420)
[2018.11.30-23.25.31:436][339]LogModuleManager: Shutting down and abandoning module AnalyticsET (418)
[2018.11.30-23.25.31:436][339]LogModuleManager: Shutting down and abandoning module PortalServices (416)
[2018.11.30-23.25.31:436][339]LogModuleManager: Shutting down and abandoning module PortalRpc (414)
[2018.11.30-23.25.31:436][339]LogModuleManager: Shutting down and abandoning module MessagingRpc (412)
[2018.11.30-23.25.31:436][339]LogModuleManager: Shutting down and abandoning module AIModule (410)
[2018.11.30-23.25.31:436][339]LogModuleManager: Shutting down and abandoning module GameplayDebugger (409)
[2018.11.30-23.25.31:436][339]LogModuleManager: Shutting down and abandoning module AITestSuite (407)
[2018.11.30-23.25.31:436][339]LogModuleManager: Shutting down and abandoning module NavigationSystem (405)
[2018.11.30-23.25.31:436][339]LogModuleManager: Shutting down and abandoning module DesktopPlatform (402)
[2018.11.30-23.25.31:436][339]LogModuleManager: Shutting down and abandoning module ProfilerService (400)
[2018.11.30-23.25.31:577][339]LogModuleManager: Shutting down and abandoning module TaskGraph (398)
[2018.11.30-23.25.31:577][339]LogModuleManager: Shutting down and abandoning module SteamVRController (396)
[2018.11.30-23.25.31:577][339]LogModuleManager: Shutting down and abandoning module ProceduralMeshComponentEditor (394)
[2018.11.30-23.25.31:577][339]LogModuleManager: Shutting down and abandoning module ProceduralMeshComponent (392)
[2018.11.30-23.25.31:577][339]LogModuleManager: Shutting down and abandoning module OculusInput (390)
[2018.11.30-23.25.31:577][339]LogModuleManager: Shutting down and abandoning module MobilePatchingUtils (388)
[2018.11.30-23.25.31:577][339]LogModuleManager: Shutting down and abandoning module EditableMesh (386)
[2018.11.30-23.25.31:577][339]LogModuleManager: Shutting down and abandoning module CustomMeshComponent (384)
[2018.11.30-23.25.31:577][339]LogModuleManager: Shutting down and abandoning module CableComponent (382)
[2018.11.30-23.25.31:577][339]LogModuleManager: Shutting down and abandoning module AudioCapture (380)
[2018.11.30-23.25.31:577][339]LogModuleManager: Shutting down and abandoning module ArchVisCharacter (378)
[2018.11.30-23.25.31:577][339]LogModuleManager: Shutting down and abandoning module AndroidPermission (376)
[2018.11.30-23.25.31:577][339]LogModuleManager: Shutting down and abandoning module NUTUnrealEngine4 (374)
[2018.11.30-23.25.31:577][339]LogModuleManager: Shutting down and abandoning module NetcodeUnitTest (372)
[2018.11.30-23.25.31:577][339]LogModuleManager: Shutting down and abandoning module MediaCompositingEditor (370)
[2018.11.30-23.25.31:577][339]LogModuleManager: Shutting down and abandoning module MediaCompositing (368)
[2018.11.30-23.25.31:577][339]LogModuleManager: Shutting down and abandoning module LinearTimecode (366)
[2018.11.30-23.25.31:577][339]LogModuleManager: Shutting down and abandoning module ImgMedia (364)
[2018.11.30-23.25.31:579][339]LogModuleManager: Shutting down and abandoning module HTML5Networking (362)
[2018.11.30-23.25.31:579][339]LogModuleManager: Shutting down and abandoning module GeometryCacheTracks (360)
[2018.11.30-23.25.31:579][339]LogModuleManager: Shutting down and abandoning module GeometryCacheSequencer (358)
[2018.11.30-23.25.31:579][339]LogModuleManager: Shutting down and abandoning module BackChannel (356)
[2018.11.30-23.25.31:579][339]LogModuleManager: Shutting down and abandoning module AppleVision (354)
[2018.11.30-23.25.31:579][339]LogModuleManager: Shutting down and abandoning module AppleImageUtils (352)
[2018.11.30-23.25.31:579][339]LogModuleManager: Shutting down and abandoning module AlembicImporter (350)
[2018.11.30-23.25.31:579][339]LogModuleManager: Shutting down and abandoning module AlembicLibrary (349)
[2018.11.30-23.25.31:579][339]LogModuleManager: Shutting down and abandoning module GeometryCache (348)
[2018.11.30-23.25.31:579][339]LogModuleManager: Shutting down and abandoning module GeometryCacheEd (347)
[2018.11.30-23.25.31:579][339]LogModuleManager: Shutting down and abandoning module DatasmithContentEditor (342)
[2018.11.30-23.25.31:579][339]LogModuleManager: Shutting down and abandoning module DatasmithContent (340)
[2018.11.30-23.25.31:579][339]LogModuleManager: Shutting down and abandoning module SpeedTreeImporter (338)
[2018.11.30-23.25.31:579][339]LogModuleManager: Shutting down and abandoning module PluginBrowser (336)
[2018.11.30-23.25.31:579][339]LogModuleManager: Shutting down and abandoning module MobileLauncherProfileWizard (334)
[2018.11.30-23.25.31:579][339]LogModuleManager: Shutting down and abandoning module PolygonModeling (332)
[2018.11.30-23.25.31:579][339]LogModuleManager: Shutting down and abandoning module MeshEditor (330)
[2018.11.30-23.25.31:579][339]LogModuleManager: Shutting down and abandoning module CryptoKeysOpenSSL (328)
[2018.11.30-23.25.31:579][339]LogModuleManager: Shutting down and abandoning module CryptoKeys (326)
[2018.11.30-23.25.31:579][339]LogModuleManager: Shutting down and abandoning module VisualStudioSourceCodeAccess (324)
[2018.11.30-23.25.31:579][339]LogModuleManager: Shutting down and abandoning module VisualStudioCodeSourceCodeAccess (322)
[2018.11.30-23.25.31:579][339]LogModuleManager: Shutting down and abandoning module UObjectPlugin (320)
[2018.11.30-23.25.31:579][339]LogModuleManager: Shutting down and abandoning module SubversionSourceControl (318)
[2018.11.30-23.25.31:579][339]LogModuleManager: Shutting down and abandoning module PerforceSourceControl (316)
[2018.11.30-23.25.31:579][339]LogModuleManager: Shutting down and abandoning module GitSourceControl (314)
[2018.11.30-23.25.31:579][339]LogModuleManager: Shutting down and abandoning module SourceControl (313)
[2018.11.30-23.25.31:580][339]LogModuleManager: Shutting down and abandoning module CLionSourceCodeAccess (310)
[2018.11.30-23.25.31:580][339]LogModuleManager: Shutting down and abandoning module LightPropagationVolumeEditor (308)
[2018.11.30-23.25.31:580][339]LogModuleManager: Shutting down and abandoning module PaperTiledImporter (306)
[2018.11.30-23.25.31:580][339]LogModuleManager: Shutting down and abandoning module PaperSpriteSheetImporter (304)
[2018.11.30-23.25.31:580][339]LogModuleManager: Shutting down and abandoning module Paper2DEditor (302)
[2018.11.30-23.25.31:580][339]LogModuleManager: Shutting down and abandoning module MeshPaint (301)
[2018.11.30-23.25.31:580][339]LogModuleManager: Shutting down and abandoning module RuntimePhysXCooking (298)
[2018.11.30-23.25.31:580][339]LogModuleManager: Shutting down and abandoning module PhysXVehiclesEditor (296)
[2018.11.30-23.25.31:580][339]LogModuleManager: Shutting down and abandoning module PhysXVehicles (294)
[2018.11.30-23.25.31:580][339]LogModuleManager: Shutting down and abandoning module OculusEditor (292)
[2018.11.30-23.25.31:580][339]LogModuleManager: Shutting down and abandoning module LocationServicesBPLibrary (290)
[2018.11.30-23.25.31:580][339]LogModuleManager: Shutting down and abandoning module ImmediatePhysicsEditor (288)
[2018.11.30-23.25.31:580][339]LogModuleManager: Shutting down and abandoning module ImmediatePhysics (286)
[2018.11.30-23.25.31:580][339]LogModuleManager: Shutting down and abandoning module ActorSequence (284)
[2018.11.30-23.25.31:580][339]LogModuleManager: Shutting down and abandoning module UdpMessaging (282)
[2018.11.30-23.25.31:680][339]LogModuleManager: Shutting down and abandoning module TcpMessaging (280)
[2018.11.30-23.25.31:780][339]LogModuleManager: Shutting down and abandoning module MagicLeapAudio (278)
[2018.11.30-23.25.31:780][339]LogModuleManager: Shutting down and abandoning module GameplayTagsEditor (276)
[2018.11.30-23.25.31:780][339]LogModuleManager: Shutting down and abandoning module FacialAnimationEditor (274)
[2018.11.30-23.25.31:780][339]LogModuleManager: Shutting down and abandoning module FacialAnimation (272)
[2018.11.30-23.25.31:780][339]LogModuleManager: Shutting down and abandoning module DataValidation (270)
[2018.11.30-23.25.31:780][339]LogModuleManager: Shutting down and abandoning module AssetManagerEditor (268)
[2018.11.30-23.25.31:780][339]LogModuleManager: Shutting down and abandoning module LevelEditor (267)
[2018.11.30-23.25.31:780][339]LogModuleManager: Shutting down and abandoning module PixelInspectorModule (266)
[2018.11.30-23.25.31:780][339]LogModuleManager: Shutting down and abandoning module CommonMenuExtensions (264)
[2018.11.30-23.25.31:781][339]LogModuleManager: Shutting down and abandoning module MainFrame (262)
[2018.11.30-23.25.31:781][339]LogModuleManager: Shutting down and abandoning module HotReload (261)
[2018.11.30-23.25.31:781][339]LogModuleManager: Shutting down and abandoning module ContentBrowser (257)
[2018.11.30-23.25.31:782][339]LogModuleManager: Shutting down and abandoning module TreeMap (255)
[2018.11.30-23.25.31:782][339]LogModuleManager: Shutting down and abandoning module LightPropagationVolumeRuntime (252)
[2018.11.30-23.25.31:782][339]LogModuleManager: Shutting down and abandoning module AISupportModule (250)
[2018.11.30-23.25.31:782][339]LogModuleManager: Shutting down and abandoning module Paper2D (248)
[2018.11.30-23.25.31:782][339]LogModuleManager: Shutting down and abandoning module WindowsMoviePlayer (246)
[2018.11.30-23.25.31:782][339]LogModuleManager: Shutting down and abandoning module WmfMedia (244)
[2018.11.30-23.25.31:782][339]LogModuleManager: Shutting down and abandoning module Media (243)
[2018.11.30-23.25.31:787][339]LogModuleManager: Shutting down and abandoning module PacketHandler (240)
[2018.11.30-23.25.31:787][339]LogModuleManager: Shutting down and abandoning module ClothingSystemEditor (238)
[2018.11.30-23.25.31:787][339]LogModuleManager: Shutting down and abandoning module ClothingSystemRuntime (236)
[2018.11.30-23.25.31:787][339]LogModuleManager: Shutting down and abandoning module MediaAssets (234)
[2018.11.30-23.25.31:787][339]LogModuleManager: Shutting down and abandoning module Overlay (232)
[2018.11.30-23.25.31:787][339]LogModuleManager: Shutting down and abandoning module OverlayEditor (231)
[2018.11.30-23.25.31:787][339]LogModuleManager: Shutting down and abandoning module VREditor (228)
[2018.11.30-23.25.31:787][339]LogModuleManager: Shutting down and abandoning module StringTableEditor (226)
[2018.11.30-23.25.31:787][339]LogModuleManager: Shutting down and abandoning module GameplayTasksEditor (224)
[2018.11.30-23.25.31:787][339]LogModuleManager: Shutting down and abandoning module BehaviorTreeEditor (222)
[2018.11.30-23.25.31:787][339]LogModuleManager: Shutting down and abandoning module FunctionalTesting (220)
[2018.11.30-23.25.31:787][339]LogModuleManager: Shutting down and abandoning module CollisionAnalyzer (218)
[2018.11.30-23.25.31:787][339]LogModuleManager: Shutting down and abandoning module WorkspaceMenuStructure (217)
[2018.11.30-23.25.31:787][339]LogModuleManager: Shutting down and abandoning module UMG (214)
[2018.11.30-23.25.31:787][339]LogModuleManager: Shutting down and abandoning module UMGEditor (213)
[2018.11.30-23.25.31:787][339]LogModuleManager: Shutting down and abandoning module Sequencer (212)
[2018.11.30-23.25.31:787][339]LogModuleManager: Shutting down and abandoning module MessageLog (209)
[2018.11.30-23.25.31:787][339]LogModuleManager: Shutting down and abandoning module SlateReflector (204)
[2018.11.30-23.25.31:787][339]LogModuleManager: Shutting down and abandoning module Slate (202)
[2018.11.30-23.25.31:787][339]LogModuleManager: Shutting down and abandoning module EditorStyle (200)
[2018.11.30-23.25.31:789][339]LogModuleManager: Shutting down and abandoning module MRMesh (198)
[2018.11.30-23.25.31:789][339]LogModuleManager: Shutting down and abandoning module SourceCodeAccess (196)
[2018.11.30-23.25.31:789][339]LogModuleManager: Shutting down and abandoning module HeadMountedDisplay (194)
[2018.11.30-23.25.31:789][339]LogModuleManager: Shutting down and abandoning module XAudio2 (192)
[2018.11.30-23.25.31:789][339]LogModuleManager: Shutting down and abandoning module Networking (190)
[2018.11.30-23.25.31:789][339]LogModuleManager: Shutting down and abandoning module Core (188)
[2018.11.30-23.25.31:789][339]LogModuleManager: Shutting down and abandoning module LevelSequence (186)
[2018.11.30-23.25.31:789][339]LogModuleManager: Shutting down and abandoning module KismetCompiler (184)
[2018.11.30-23.25.31:789][339]LogModuleManager: Shutting down and abandoning module MeshUtilities (182)
[2018.11.30-23.25.31:789][339]LogModuleManager: Shutting down and abandoning module MeshMergeUtilities (181)
[2018.11.30-23.25.31:789][339]LogModuleManager: Shutting down and abandoning module MeshReductionInterface (180)
[2018.11.30-23.25.31:789][339]LogModuleManager: Shutting down and abandoning module SimplygonSwarm (179)
[2018.11.30-23.25.31:789][339]LogModuleManager: Shutting down and abandoning module ProxyLODMeshReduction (177)
[2018.11.30-23.25.31:789][339]LogModuleManager: Shutting down and abandoning module SimplygonMeshReduction (175)
[2018.11.30-23.25.31:789][339]LogModuleManager: Shutting down and abandoning module QuadricMeshReduction (173)
[2018.11.30-23.25.31:789][339]LogModuleManager: Shutting down and abandoning module MaterialBaking (169)
[2018.11.30-23.25.31:789][339]LogModuleManager: Shutting down and abandoning module DirectoryWatcher (165)
[2018.11.30-23.25.31:789][339]LogModuleManager: Shutting down and abandoning module DerivedDataCache (162)
[2018.11.30-23.25.31:829][339]LogDerivedDataCache: Shutdown
[2018.11.30-23.25.31:829][339]LogModuleManager: Shutting down and abandoning module XGEController (160)
[2018.11.30-23.25.31:829][339]LogModuleManager: Shutting down and abandoning module TargetPlatform (158)
[2018.11.30-23.25.31:829][339]LogModuleManager: Shutting down and abandoning module VulkanShaderFormat (157)
[2018.11.30-23.25.31:829][339]LogModuleManager: Shutting down and abandoning module ShaderFormatVectorVM (155)
[2018.11.30-23.25.31:829][339]LogModuleManager: Shutting down and abandoning module ShaderFormatOpenGL (153)
[2018.11.30-23.25.31:829][339]LogModuleManager: Shutting down and abandoning module ShaderFormatD3D (151)
[2018.11.30-23.25.31:829][339]LogModuleManager: Shutting down and abandoning module MetalShaderFormat (149)
[2018.11.30-23.25.31:829][339]LogModuleManager: Shutting down and abandoning module TextureFormatUncompressed (147)
[2018.11.30-23.25.31:829][339]LogModuleManager: Shutting down and abandoning module TextureFormatPVR (145)
[2018.11.30-23.25.31:829][339]LogModuleManager: Shutting down and abandoning module TextureFormatDXT (143)
[2018.11.30-23.25.31:829][339]LogModuleManager: Shutting down and abandoning module TextureFormatIntelISPCTexComp (141)
[2018.11.30-23.25.31:829][339]LogModuleManager: Shutting down and abandoning module TextureFormatASTC (139)
[2018.11.30-23.25.31:829][339]LogModuleManager: Shutting down and abandoning module ImageWrapper (138)
[2018.11.30-23.25.31:829][339]LogModuleManager: Shutting down and abandoning module TextureFormatAndroid (135)
[2018.11.30-23.25.31:829][339]LogModuleManager: Shutting down and abandoning module AudioFormatOpus (133)
[2018.11.30-23.25.31:829][339]LogModuleManager: Shutting down and abandoning module AudioFormatOgg (131)
[2018.11.30-23.25.31:829][339]LogModuleManager: Shutting down and abandoning module AudioFormatADPCM (129)
[2018.11.30-23.25.31:829][339]LogModuleManager: Shutting down and abandoning module LuminTargetPlatform (127)
[2018.11.30-23.25.31:829][339]LogModuleManager: Shutting down and abandoning module LinuxTargetPlatform (125)
[2018.11.30-23.25.31:829][339]LogModuleManager: Shutting down and abandoning module LinuxServerTargetPlatform (123)
[2018.11.30-23.25.31:829][339]LogModuleManager: Shutting down and abandoning module LinuxNoEditorTargetPlatform (121)
[2018.11.30-23.25.31:829][339]LogModuleManager: Shutting down and abandoning module LinuxClientTargetPlatform (119)
[2018.11.30-23.25.31:829][339]LogModuleManager: Shutting down and abandoning module TVOSTargetPlatform (117)
[2018.11.30-23.25.31:830][339]LogModuleManager: Shutting down and abandoning module Messaging (115)
[2018.11.30-23.25.31:830][339]LogModuleManager: Shutting down and abandoning module IOSTargetPlatform (113)
[2018.11.30-23.25.31:831][339]LogModuleManager: Shutting down and abandoning module HTML5TargetPlatform (111)
[2018.11.30-23.25.31:831][339]LogModuleManager: Shutting down and abandoning module AndroidTargetPlatform (109)
[2018.11.30-23.25.31:835][339]LogModuleManager: Shutting down and abandoning module WindowsTargetPlatform (107)
[2018.11.30-23.25.31:835][339]LogModuleManager: Shutting down and abandoning module WindowsServerTargetPlatform (105)
[2018.11.30-23.25.31:835][339]LogModuleManager: Shutting down and abandoning module WindowsNoEditorTargetPlatform (103)
[2018.11.30-23.25.31:835][339]LogModuleManager: Shutting down and abandoning module WindowsClientTargetPlatform (101)
[2018.11.30-23.25.31:835][339]LogModuleManager: Shutting down and abandoning module MacTargetPlatform (99)
[2018.11.30-23.25.31:835][339]LogModuleManager: Shutting down and abandoning module MacServerTargetPlatform (97)
[2018.11.30-23.25.31:835][339]LogModuleManager: Shutting down and abandoning module MacNoEditorTargetPlatform (95)
[2018.11.30-23.25.31:835][339]LogModuleManager: Shutting down and abandoning module MacClientTargetPlatform (93)
[2018.11.30-23.25.31:835][339]LogModuleManager: Shutting down and abandoning module AllDesktopTargetPlatform (91)
[2018.11.30-23.25.31:835][339]LogModuleManager: Shutting down and abandoning module InputCore (88)
[2018.11.30-23.25.31:835][339]LogModuleManager: Shutting down and abandoning module Settings (86)
[2018.11.30-23.25.31:836][339]LogModuleManager: Shutting down and abandoning module PhysXCooking (84)
[2018.11.30-23.25.31:836][339]LogModuleManager: Shutting down and abandoning module SteamVR (82)
[2018.11.30-23.25.31:836][339]LogModuleManager: Shutting down and abandoning module OculusHMD (80)
[2018.11.30-23.25.31:836][339]LogModuleManager: Shutting down and abandoning module ExampleDeviceProfileSelector (78)
[2018.11.30-23.25.31:836][339]LogModuleManager: Shutting down and abandoning module LauncherChunkInstaller (76)
[2018.11.30-23.25.31:836][339]LogModuleManager: Shutting down and abandoning module OnlineBlueprintSupport (74)
[2018.11.30-23.25.31:836][339]LogModuleManager: Shutting down and abandoning module OnlineSubsystem (70)
[2018.11.30-23.25.31:836][339]LogModuleManager: Shutting down and abandoning module XMPP (65)
[2018.11.30-23.25.31:836][339]LogModuleManager: Shutting down and abandoning module WebSockets (64)
[2018.11.30-23.25.31:868][339]LogModuleManager: Shutting down and abandoning module HTTP (61)
[2018.11.30-23.25.31:868][339]LogHttp: Display: Http module shutting down, but needs to wait on 1 outstanding Http requests:
[2018.11.30-23.25.31:868][339]LogHttp: Display: 	verb=[POST] url=[https://datarouter.ol.epicgames.com/datarouter/api/v1/public/data?SessionID=%7B02C888CE-476B-6176-C7C2-4DB0B87CFC9F%7D&AppID=UEEditor.Rocket.Release&AppVersion=4.20.3-4369336%2B%2B%2BUE4%2BRelease-4.20&UserID=1cc4ab9f4dc2e03946f10187557ebead%7C835cbaeb50c74b04991c798a180951a6%7Cf1992809-6609-441d-a6d5-d29a56ba17ab&AppEnvironment=datacollector-binary&UploadType=eteventstream] status=Processing
[2018.11.30-23.25.31:899][339]LogModuleManager: Shutting down and abandoning module SSL (60)
[2018.11.30-23.25.31:900][339]LogModuleManager: Shutting down and abandoning module MagicLeapEmulator (56)
[2018.11.30-23.25.31:900][339]LogModuleManager: Shutting down and abandoning module MagicLeapPrivileges (54)
[2018.11.30-23.25.31:900][339]LogModuleManager: Shutting down and abandoning module MagicLeapIdentity (52)
[2018.11.30-23.25.31:900][339]LogModuleManager: Shutting down and abandoning module MagicLeapHelperVulkan (50)
[2018.11.30-23.25.31:900][339]LogModuleManager: Shutting down and abandoning module MagicLeapHelperOpenGL (48)
[2018.11.30-23.25.31:900][339]LogModuleManager: Shutting down and abandoning module MagicLeapSecureStorage (46)
[2018.11.30-23.25.31:900][339]LogModuleManager: Shutting down and abandoning module MagicLeapGestures (44)
[2018.11.30-23.25.31:900][339]LogModuleManager: Shutting down and abandoning module MagicLeapEyeTracker (42)
[2018.11.30-23.25.31:900][339]LogModuleManager: Shutting down and abandoning module MagicLeapController (40)
[2018.11.30-23.25.31:900][339]LogSlate: Slate User Destroyed.  User Index 0, Is Virtual User: 0
[2018.11.30-23.25.31:900][339]LogModuleManager: Shutting down and abandoning module MagicLeap (38)
[2018.11.30-23.25.31:900][339]LogModuleManager: Shutting down and abandoning module AnimationModifiers (36)
[2018.11.30-23.25.31:900][339]LogModuleManager: Shutting down and abandoning module PropertyEditor (35)
[2018.11.30-23.25.31:900][339]LogModuleManager: Shutting down and abandoning module AudioEditor (32)
[2018.11.30-23.25.31:900][339]LogModuleManager: Shutting down and abandoning module TextureCompressor (30)
[2018.11.30-23.25.31:901][339]LogModuleManager: Shutting down and abandoning module ShaderCore (28)
[2018.11.30-23.25.31:901][339]LogModuleManager: Shutting down and abandoning module Landscape (26)
[2018.11.30-23.25.31:901][339]LogModuleManager: Shutting down and abandoning module SlateRHIRenderer (24)
[2018.11.30-23.25.31:901][339]LogModuleManager: Shutting down and abandoning module OpenGLDrv (22)
[2018.11.30-23.25.31:901][339]LogModuleManager: Shutting down and abandoning module D3D11RHI (20)
[2018.11.30-23.25.31:901][339]LogModuleManager: Shutting down and abandoning module AnimGraphRuntime (18)
[2018.11.30-23.25.31:901][339]LogModuleManager: Shutting down and abandoning module Renderer (16)
[2018.11.30-23.25.31:901][339]LogModuleManager: Shutting down and abandoning module Engine (14)
[2018.11.30-23.25.31:901][339]LogModuleManager: Shutting down and abandoning module CoreUObject (12)
[2018.11.30-23.25.31:901][339]LogModuleManager: Shutting down and abandoning module NetworkFile (10)
[2018.11.30-23.25.31:901][339]LogModuleManager: Shutting down and abandoning module CookedIterativeFile (8)
[2018.11.30-23.25.31:901][339]LogModuleManager: Shutting down and abandoning module StreamingFile (6)
[2018.11.30-23.25.31:901][339]LogModuleManager: Shutting down and abandoning module SandboxFile (4)
[2018.11.30-23.25.31:901][339]LogModuleManager: Shutting down and abandoning module PakFile (2)
[2018.11.30-23.25.31:904][339]LogExit: Exiting.
[2018.11.30-23.25.31:929][339]Log file closed, 11/30/18 18:25:31
