Log file open, 12/04/18 12:12:27
LogWindows: Failed to load 'aqProf.dll' (GetLastError=126)
LogWindows: File 'aqProf.dll' does not exist
LogWindows: Failed to load 'VtuneApi.dll' (GetLastError=126)
LogWindows: File 'VtuneApi.dll' does not exist
LogWindows: Failed to load 'VtuneApi32e.dll' (GetLastError=126)
LogWindows: File 'VtuneApi32e.dll' does not exist
LogInit: Display: Running engine for game: CastleRavenloft
LogPlatformFile: Not using cached read wrapper
LogTaskGraph: Started task graph with 5 named threads and 14 total threads with 3 sets of task threads.
LogStats: Stats thread started at 0.189019
LogD3D11RHI: Loaded GFSDK_Aftermath_Lib.x64.dll
LogICUInternationalization: Display: ICU TimeZone Detection - Raw Offset: -5:00, Platform Override: ''
LogPluginManager: Mounting plugin Paper2D
LogPluginManager: Mounting plugin AISupport
LogPluginManager: Mounting plugin LightPropagationVolume
LogPluginManager: Mounting plugin CLionSourceCodeAccess
LogPluginManager: Mounting plugin CodeLiteSourceCodeAccess
LogPluginManager: Mounting plugin GitSourceControl
LogPluginManager: Mounting plugin KDevelopSourceCodeAccess
LogPluginManager: Mounting plugin NullSourceCodeAccess
LogPluginManager: Mounting plugin PerforceSourceControl
LogPluginManager: Mounting plugin SubversionSourceControl
LogPluginManager: Mounting plugin UObjectPlugin
LogPluginManager: Mounting plugin VisualStudioCodeSourceCodeAccess
LogPluginManager: Mounting plugin VisualStudioSourceCodeAccess
LogPluginManager: Mounting plugin XCodeSourceCodeAccess
LogPluginManager: Mounting plugin AssetManagerEditor
LogPluginManager: Mounting plugin CryptoKeys
LogPluginManager: Mounting plugin DataValidation
LogPluginManager: Mounting plugin FacialAnimation
LogPluginManager: Mounting plugin GameplayTagsEditor
LogPluginManager: Mounting plugin MacGraphicsSwitching
LogPluginManager: Mounting plugin MeshEditor
LogPluginManager: Mounting plugin MobileLauncherProfileWizard
LogPluginManager: Mounting plugin PluginBrowser
LogPluginManager: Mounting plugin SpeedTreeImporter
LogPluginManager: Mounting plugin DatasmithContent
LogPluginManager: Mounting plugin AlembicImporter
LogPluginManager: Mounting plugin AppleImageUtils
LogPluginManager: Mounting plugin AppleVision
LogPluginManager: Mounting plugin BackChannel
LogPluginManager: Mounting plugin CharacterAI
LogPluginManager: Mounting plugin GeometryCache
LogPluginManager: Mounting plugin HTML5Networking
LogPluginManager: Mounting plugin ProxyLODPlugin
LogPluginManager: Mounting plugin MagicLeap
LogPluginManager: Mounting plugin MagicLeapEmulator
LogPluginManager: Mounting plugin MagicLeapMedia
LogPluginManager: Mounting plugin AndroidMedia
LogPluginManager: Mounting plugin AvfMedia
LogPluginManager: Mounting plugin ImgMedia
LogPluginManager: Mounting plugin LinearTimecode
LogPluginManager: Mounting plugin MediaCompositing
LogPluginManager: Mounting plugin MediaPlayerEditor
LogPluginManager: Mounting plugin WmfMedia
LogPluginManager: Mounting plugin TcpMessaging
LogPluginManager: Mounting plugin UdpMessaging
LogPluginManager: Mounting plugin ActorSequence
LogPluginManager: Mounting plugin LevelSequenceEditor
LogPluginManager: Mounting plugin MatineeToLevelSequence
LogPluginManager: Mounting plugin NetcodeUnitTest
LogPluginManager: Mounting plugin NUTUnrealEngine4
LogPluginManager: Mounting plugin OnlineSubsystemGooglePlay
LogPluginManager: Mounting plugin OnlineSubsystemIOS
LogPluginManager: Mounting plugin OnlineSubsystem
LogPluginManager: Mounting plugin OnlineSubsystemNull
LogPluginManager: Mounting plugin OnlineSubsystemUtils
LogPluginManager: Mounting plugin LauncherChunkInstaller
LogPluginManager: Mounting plugin AndroidDeviceProfileSelector
LogPluginManager: Mounting plugin AndroidMoviePlayer
LogPluginManager: Mounting plugin AndroidPermission
LogPluginManager: Mounting plugin AppleMoviePlayer
LogPluginManager: Mounting plugin ArchVisCharacter
LogPluginManager: Mounting plugin AudioCapture
LogPluginManager: Mounting plugin CableComponent
LogPluginManager: Mounting plugin CustomMeshComponent
LogPluginManager: Mounting plugin EditableMesh
LogPluginManager: Mounting plugin ExampleDeviceProfileSelector
LogPluginManager: Mounting plugin GoogleCloudMessaging
LogPluginManager: Mounting plugin ImmediatePhysics
LogPluginManager: Mounting plugin IOSDeviceProfileSelector
LogPluginManager: Mounting plugin LinuxDeviceProfileSelector
LogPluginManager: Mounting plugin LocationServicesBPLibrary
LogPluginManager: Mounting plugin MobilePatchingUtils
LogPluginManager: Mounting plugin OculusVR
LogPluginManager: Plugin shader directory ../../../Engine/Plugins/Runtime/Oculus/OculusVR/Shaders found
LogPluginManager: Mapping shader source directory ../../../Engine/Plugins/Runtime/Oculus/OculusVR/Shaders to virtual directory /Plugin/OculusVR
LogPluginManager: Mounting plugin PhysXVehicles
LogPluginManager: Mounting plugin ProceduralMeshComponent
LogPluginManager: Mounting plugin RuntimePhysXCooking
LogPluginManager: Mounting plugin SteamVR
LogPluginManager: Mounting plugin WindowsMoviePlayer
LogStreaming: Display: Took  0.089s to configure plugins.
LogInit: Using libcurl 7.55.1-DEV
LogInit:  - built for x86_64-pc-win32
LogInit:  - supports SSL with OpenSSL/1.0.2h
LogInit:  - supports HTTP deflate (compression) using libz 1.2.8
LogInit:  - other features:
LogInit:      CURL_VERSION_SSL
LogInit:      CURL_VERSION_LIBZ
LogInit:      CURL_VERSION_IPV6
LogInit:      CURL_VERSION_ASYNCHDNS
LogInit:      CURL_VERSION_LARGEFILE
LogInit:      CURL_VERSION_IDN
LogInit:  CurlRequestOptions (configurable via config and command line):
LogInit:  - bVerifyPeer = false  - Libcurl will NOT verify peer certificate
LogInit:  - bUseHttpProxy = false  - Libcurl will NOT use HTTP proxy
LogInit:  - bDontReuseConnections = false  - Libcurl will reuse connections
LogInit:  - CertBundlePath = nullptr  - Libcurl will use whatever was configured at build time.
LogInit:  - MaxHostConnections = 16  - Libcurl will limit the number of connections to a host
LogInit:  - LocalHostAddr = Default
LogInit:  - BufferSize = 65536
LogInit: WinSock: version 1.1 (2.2), MaxSocks=32767, MaxUdp=65467
LogHMD: Failed initializing OVRPlugin 1.25.0
LogInit: Build: ++UE4+Release-4.20-CL-4369336
LogInit: Engine Version: 4.20.3-4369336+++UE4+Release-4.20
LogInit: Compatible Engine Version: 4.20.0-4212847+++UE4+Release-4.20
LogInit: Net CL: 4212847
LogInit: OS: Windows 10 (), CPU: Intel(R) Core(TM) i5-6400 CPU @ 2.70GHz, GPU: NVIDIA GeForce GTX 1080
LogInit: Compiled (64-bit): Sep 17 2018 12:26:19
LogInit: Compiled with Visual C++: 19.13.26129.00
LogInit: Build Configuration: Development
LogInit: Branch Name: ++UE4+Release-4.20
LogInit: Command Line: -EpicPortal  -epicusername="CMDR_Gazelle" -epicuserid=835cbaeb50c74b04991c798a180951a6 -epiclocale=en-US
LogInit: Base Directory: D:/UE_4.20/Engine/Binaries/Win64/
LogInit: Installed Engine Build: 1
LogDevObjectVersion: Number of dev versions registered: 20
LogDevObjectVersion:   Dev-Blueprints (B0D832E4-1F89-4F0D-ACCF-7EB736FD4AA2): 10
LogDevObjectVersion:   Dev-Build (E1C64328-A22C-4D53-A36C-8E866417BD8C): 0
LogDevObjectVersion:   Dev-Core (375EC13C-06E4-48FB-B500-84F0262A717E): 2
LogDevObjectVersion:   Dev-Editor (E4B068ED-F494-42E9-A231-DA0B2E46BB41): 24
LogDevObjectVersion:   Dev-Framework (CFFC743F-43B0-4480-9391-14DF171D2073): 34
LogDevObjectVersion:   Dev-Mobile (B02B49B5-BB20-44E9-A304-32B752E40360): 2
LogDevObjectVersion:   Dev-Networking (A4E4105C-59A1-49B5-A7C5-40C4547EDFEE): 0
LogDevObjectVersion:   Dev-Online (39C831C9-5AE6-47DC-9A44-9C173E1C8E7C): 0
LogDevObjectVersion:   Dev-Physics (78F01B33-EBEA-4F98-B9B4-84EACCB95AA2): 0
LogDevObjectVersion:   Dev-Platform (6631380F-2D4D-43E0-8009-CF276956A95A): 0
LogDevObjectVersion:   Dev-Rendering (12F88B9F-8875-4AFC-A67C-D90C383ABD29): 26
LogDevObjectVersion:   Dev-Sequencer (7B5AE74C-D270-4C10-A958-57980B212A5A): 9
LogDevObjectVersion:   Dev-VR (D7296918-1DD6-4BDD-9DE2-64A83CC13884): 2
LogDevObjectVersion:   Dev-LoadTimes (C2A15278-BFE7-4AFE-6C17-90FF531DF755): 1
LogDevObjectVersion:   Private-Geometry (6EACA3D4-40EC-4CC1-B786-8BED09428FC5): 3
LogDevObjectVersion:   Dev-AnimPhys (29E575DD-E0A3-4627-9D10-D276232CDCEA): 17
LogDevObjectVersion:   Dev-ReflectionCapture (6B266CEC-1EC7-4B8F-A30B-E4D90942FC07): 1
LogDevObjectVersion:   Dev-Automation (0DF73D61-A23F-47EA-B727-89E90C41499A): 1
LogDevObjectVersion:   FortniteMain (601D1886-AC64-4F84-AA16-D3DE0DEAC7D6): 12
LogDevObjectVersion:   Dev-Enterprise (9DFFBCD6-494F-0158-E221-12823C92A888): 1
LogStreaming: Display: Took  0.001s to delete old logs.
LogInit: Presizing for max 8388607 objects, including 0 objects not considered by GC, pre-allocating 0 bytes for permanent pool.
LogInit: Object subsystem initialized
[2018.12.04-17.12.28:627][  0]LogInit: Selected Device Profile: [Windows]
[2018.12.04-17.12.28:627][  0]LogInit: Applying CVar settings loaded from the selected device profile: [Windows]
[2018.12.04-17.12.28:642][  0]LogHAL: Display: Platform has ~ 16 GB [17078054912 / 17179869184 / 16], which maps to Larger [LargestMinGB=32, LargerMinGB=12, DefaultMinGB=8, SmallerMinGB=6, SmallestMinGB=0)
[2018.12.04-17.12.28:642][  0]LogInit: Setting Device Profile CVar: [[r.Vulkan.UseRealUBs:1]]
[2018.12.04-17.12.28:642][  0]LogInit: Going up to parent DeviceProfile []
[2018.12.04-17.12.28:642][  0]LogInit: Computer: WK-B7WNPD2
[2018.12.04-17.12.28:642][  0]LogInit: User: scrothenbuhler
[2018.12.04-17.12.28:642][  0]LogInit: CPU Page size=4096, Cores=4
[2018.12.04-17.12.28:642][  0]LogInit: High frequency timer resolution =2.648442 MHz
[2018.12.04-17.12.28:642][  0]LogMemory: Memory total: Physical=15.9GB (16GB approx)
[2018.12.04-17.12.28:642][  0]LogMemory: Platform Memory Stats for Windows
[2018.12.04-17.12.28:642][  0]LogMemory: Process Physical Memory: 104.76 MB used, 104.76 MB peak
[2018.12.04-17.12.28:642][  0]LogMemory: Process Virtual Memory: 96.17 MB used, 96.17 MB peak
[2018.12.04-17.12.28:642][  0]LogMemory: Physical Memory: 7314.50 MB used,  8972.40 MB free, 16286.90 MB total
[2018.12.04-17.12.28:642][  0]LogMemory: Virtual Memory: 4646.59 MB used,  8972.40 MB free, 134217728.00 MB total
[2018.12.04-17.12.28:654][  0]LogInit: Using OS detected language (en-US).
[2018.12.04-17.12.28:654][  0]LogInit: Using OS detected locale (en-US).
[2018.12.04-17.12.28:654][  0]LogTextLocalizationManager: No specific localization for 'en-US' exists, so the 'en' localization will be used.
[2018.12.04-17.12.29:061][  0]LogStreaming: Display: Took  0.407s to InitEngineTextLocalization.
[2018.12.04-17.12.29:061][  0]LogInit: Setting process to per monitor DPI aware
[2018.12.04-17.12.29:092][  0]LogSlate: New Slate User Created.  User Index 0, Is Virtual User: 0
[2018.12.04-17.12.29:092][  0]LogSlate: Slate User Registered.  User Index 0, Is Virtual User: 0
[2018.12.04-17.12.29:251][  0]LogHMD: Failed to initialize OpenVR with code 110
[2018.12.04-17.12.29:251][  0]LogD3D11RHI: D3D11 adapters:
[2018.12.04-17.12.29:310][  0]LogD3D11RHI:    0. 'NVIDIA GeForce GTX 1080' (Feature Level 11_0)
[2018.12.04-17.12.29:310][  0]LogD3D11RHI:       8079/0/8143 MB DedicatedVideo/DedicatedSystem/SharedSystem, Outputs:2, VendorId:0x10de
[2018.12.04-17.12.29:321][  0]LogD3D11RHI:    1. 'Intel(R) HD Graphics 530' (Feature Level 11_0)
[2018.12.04-17.12.29:321][  0]LogD3D11RHI:       128/0/8143 MB DedicatedVideo/DedicatedSystem/SharedSystem, Outputs:0, VendorId:0x8086
[2018.12.04-17.12.29:324][  0]LogD3D11RHI:    2. 'Microsoft Basic Render Driver' (Feature Level 11_0)
[2018.12.04-17.12.29:324][  0]LogD3D11RHI:       0/0/8143 MB DedicatedVideo/DedicatedSystem/SharedSystem, Outputs:0, VendorId:0x1414
[2018.12.04-17.12.29:324][  0]LogD3D11RHI: Chosen D3D11 Adapter: 0
[2018.12.04-17.12.29:332][  0]LogD3D11RHI: Creating new Direct3DDevice
[2018.12.04-17.12.29:332][  0]LogD3D11RHI:     GPU DeviceId: 0x1b80 (for the marketing name, search the web for "GPU Device Id")
[2018.12.04-17.12.29:332][  0]LogWindows: EnumDisplayDevices:
[2018.12.04-17.12.29:333][  0]LogWindows:    0. 'NVIDIA GeForce GTX 1080' (P:0 D:1)
[2018.12.04-17.12.29:333][  0]LogWindows:    1. 'NVIDIA GeForce GTX 1080' (P:1 D:1)
[2018.12.04-17.12.29:333][  0]LogWindows:    2. 'NVIDIA GeForce GTX 1080' (P:0 D:0)
[2018.12.04-17.12.29:333][  0]LogWindows:    3. 'NVIDIA GeForce GTX 1080' (P:0 D:0)
[2018.12.04-17.12.29:333][  0]LogWindows:    4. 'Intel(R) HD Graphics 530' (P:0 D:0)
[2018.12.04-17.12.29:333][  0]LogWindows:    5. 'Intel(R) HD Graphics 530' (P:0 D:0)
[2018.12.04-17.12.29:334][  0]LogWindows:    6. 'Intel(R) HD Graphics 530' (P:0 D:0)
[2018.12.04-17.12.29:334][  0]LogWindows: DebugString: PrimaryIsNotTheChoosenAdapter PrimaryIsNotTheChoosenAdapter PrimaryIsNotTheChoosenAdapter FoundDriverCount:4 
[2018.12.04-17.12.29:334][  0]LogD3D11RHI:     Adapter Name: NVIDIA GeForce GTX 1080
[2018.12.04-17.12.29:334][  0]LogD3D11RHI:   Driver Version: 391.25 (internal:23.21.13.9125, unified:391.25)
[2018.12.04-17.12.29:334][  0]LogD3D11RHI:      Driver Date: 3-16-2018
[2018.12.04-17.12.29:334][  0]LogRHI: Texture pool is 5655 MB (70% of 8079 MB)
[2018.12.04-17.12.29:369][  0]LogD3D11RHI: Async texture creation enabled
[2018.12.04-17.12.29:386][  0]LogD3D11RHI: GPU Timing Frequency: 1000.000000 (Debug: 2 2)
[2018.12.04-17.12.29:389][  0]LogShaderCompilers: Guid format shader working directory is -24 characters bigger than the processId version (../../../../Users/scrothenbuhler/Desktop/Colab/CastleRavenloft/CastleRavenloft/Intermediate/Shaders/WorkingDirectory/11572/).
[2018.12.04-17.12.29:389][  0]LogShaderCompilers: Cleaned the shader compiler working directory 'C:/Users/scrothenbuhler/AppData/Local/Temp/UnrealShaderWorkingDir/E0A7FA374707A105642C02B68ABB1090/'.
[2018.12.04-17.12.29:630][  0]LogTemp: Display: Loaded TP AllDesktopTargetPlatform
[2018.12.04-17.12.29:643][  0]LogTemp: Display: Loaded TP MacClientTargetPlatform
[2018.12.04-17.12.29:656][  0]LogTemp: Display: Loaded TP MacNoEditorTargetPlatform
[2018.12.04-17.12.29:669][  0]LogTemp: Display: Loaded TP MacServerTargetPlatform
[2018.12.04-17.12.29:682][  0]LogTemp: Display: Loaded TP MacTargetPlatform
[2018.12.04-17.12.29:696][  0]LogTemp: Display: Loaded TP WindowsClientTargetPlatform
[2018.12.04-17.12.29:707][  0]LogTemp: Display: Loaded TP WindowsNoEditorTargetPlatform
[2018.12.04-17.12.29:720][  0]LogTemp: Display: Loaded TP WindowsServerTargetPlatform
[2018.12.04-17.12.29:726][  0]LogTemp: Display: Loaded TP WindowsTargetPlatform
[2018.12.04-17.12.29:808][  0]LogTemp: Display: Loaded TP AndroidTargetPlatform
[2018.12.04-17.12.29:808][  0]LogTemp: Display: Loaded TP AndroidTargetPlatform
[2018.12.04-17.12.29:808][  0]LogTemp: Display: Loaded TP AndroidTargetPlatform
[2018.12.04-17.12.29:808][  0]LogTemp: Display: Loaded TP AndroidTargetPlatform
[2018.12.04-17.12.29:808][  0]LogTemp: Display: Loaded TP AndroidTargetPlatform
[2018.12.04-17.12.29:808][  0]LogTemp: Display: Loaded TP AndroidTargetPlatform
[2018.12.04-17.12.29:808][  0]LogTemp: Display: Loaded TP AndroidTargetPlatform
[2018.12.04-17.12.29:808][  0]LogTemp: Display: Loaded TP AndroidTargetPlatform
[2018.12.04-17.12.29:808][  0]LogTemp: Display: Loaded TP AndroidTargetPlatform
[2018.12.04-17.12.29:808][  0]LogTemp: Display: Loaded TP AndroidTargetPlatform
[2018.12.04-17.12.29:808][  0]LogTemp: Display: Loaded TP AndroidTargetPlatform
[2018.12.04-17.12.29:808][  0]LogTemp: Display: Loaded TP AndroidTargetPlatform
[2018.12.04-17.12.29:808][  0]LogTemp: Display: Loaded TP AndroidTargetPlatform
[2018.12.04-17.12.29:808][  0]LogTemp: Display: Loaded TP AndroidTargetPlatform
[2018.12.04-17.12.29:808][  0]LogTemp: Display: Loaded TP AndroidTargetPlatform
[2018.12.04-17.12.29:808][  0]LogTemp: Display: Loaded TP AndroidTargetPlatform
[2018.12.04-17.12.29:808][  0]LogTemp: Display: Loaded TP AndroidTargetPlatform
[2018.12.04-17.12.29:808][  0]LogTemp: Display: Loaded TP AndroidTargetPlatform
[2018.12.04-17.12.29:809][  0]LogTemp: Display: Loaded TP HTML5TargetPlatform
[2018.12.04-17.12.29:868][  0]LogTemp: Display: Loaded TP IOSTargetPlatform
[2018.12.04-17.12.29:868][  0]LogTemp: Display: Loaded TP IOSTargetPlatform
[2018.12.04-17.12.29:893][  0]LogTemp: Display: Loaded TP TVOSTargetPlatform
[2018.12.04-17.12.29:893][  0]LogTemp: Display: Loaded TP TVOSTargetPlatform
[2018.12.04-17.12.29:905][  0]LogTemp: Display: Loaded TP LinuxClientTargetPlatform
[2018.12.04-17.12.29:918][  0]LogTemp: Display: Loaded TP LinuxNoEditorTargetPlatform
[2018.12.04-17.12.29:931][  0]LogTemp: Display: Loaded TP LinuxServerTargetPlatform
[2018.12.04-17.12.29:945][  0]LogTemp: Display: Loaded TP LinuxTargetPlatform
[2018.12.04-17.12.29:954][  0]LogTemp: Display: Loaded TP LuminTargetPlatform
[2018.12.04-17.12.29:954][  0]LogTargetPlatformManager: Display: Building Assets For Windows
[2018.12.04-17.12.29:996][  0]LogXGEController: Cannot use XGE Controller as Incredibuild is not installed on this machine.
[2018.12.04-17.12.29:996][  0]LogShaderCompilers: Cannot use XGE Shader Compiler as Incredibuild is not installed on this machine.
[2018.12.04-17.12.29:996][  0]LogShaderCompilers: Display: Using Local Shader Compiler.
[2018.12.04-17.12.30:693][  0]LogDerivedDataCache: Display: Max Cache Size: 512 MB
[2018.12.04-17.12.30:750][  0]LogDerivedDataCache: Loaded boot cache 0.06s 71MB C:/Users/scrothenbuhler/AppData/Local/UnrealEngine/4.20/DerivedDataCache/Boot.ddc.
[2018.12.04-17.12.30:751][  0]LogDerivedDataCache: Display: Loaded Boot cache: C:/Users/scrothenbuhler/AppData/Local/UnrealEngine/4.20/DerivedDataCache/Boot.ddc
[2018.12.04-17.12.30:751][  0]LogDerivedDataCache: FDerivedDataBackendGraph:  Pak pak cache file ../../../../Users/scrothenbuhler/Desktop/Colab/CastleRavenloft/CastleRavenloft/DerivedDataCache/DDC.ddp not found, will not use a pak cache.
[2018.12.04-17.12.30:751][  0]LogDerivedDataCache: Unable to find inner node Pak for hierarchical cache Hierarchy.
[2018.12.04-17.12.30:751][  0]LogDerivedDataCache: FDerivedDataBackendGraph:  CompressedPak pak cache file ../../../../Users/scrothenbuhler/Desktop/Colab/CastleRavenloft/CastleRavenloft/DerivedDataCache/Compressed.ddp not found, will not use a pak cache.
[2018.12.04-17.12.30:751][  0]LogDerivedDataCache: Unable to find inner node CompressedPak for hierarchical cache Hierarchy.
[2018.12.04-17.12.30:766][  0]LogDerivedDataCache: Display: Pak cache opened for reading ../../../Engine/DerivedDataCache/Compressed.ddp.
[2018.12.04-17.12.30:778][  0]LogDerivedDataCache: Using Local data cache path C:/Users/scrothenbuhler/AppData/Local/UnrealEngine/Common/DerivedDataCache: Writable
[2018.12.04-17.12.30:778][  0]LogDerivedDataCache: Shared data cache path not found in *engine.ini, will not use an Shared cache.
[2018.12.04-17.12.30:778][  0]LogDerivedDataCache: Unable to find inner node Shared for hierarchical cache Hierarchy.
[2018.12.04-17.12.30:799][  0]LogMaterial: Verifying Global Shaders for PCD3D_SM5
[2018.12.04-17.12.30:800][  0]LogSlate: Using FreeType 2.6.0
[2018.12.04-17.12.30:801][  0]LogSlate: SlateFontServices - WITH_FREETYPE: 1, WITH_HARFBUZZ: 1
[2018.12.04-17.12.30:872][  0]LogAssetRegistry: FAssetRegistry took 0.0263 seconds to start up
[2018.12.04-17.12.31:185][  0]LogInit: Selected Device Profile: [Windows]
[2018.12.04-17.12.31:310][  0]LogSimplygon: Simplygon DLL not present - disabling.
[2018.12.04-17.12.31:312][  0]LogMeshReduction: Using SimplygonSwarm for distributed automatic mesh merging
[2018.12.04-17.12.31:312][  0]LogMeshReduction: Using ProxyLODMeshReduction for automatic mesh merging
[2018.12.04-17.12.31:312][  0]LogMeshReduction: Using QuadricMeshReduction for automatic static mesh reduction
[2018.12.04-17.12.31:312][  0]LogMeshReduction: No automatic skeletal mesh reduction module available
[2018.12.04-17.12.31:327][  0]LogNetVersion: CastleRavenloft 1.0.0, NetCL: 4212847, EngineNetVer: 5, GameNetVer: 0 (Checksum: 37006697)
[2018.12.04-17.12.31:844][  0]LogPackageLocalizationCache: Processed 11 localized package path(s) for 2 prioritized culture(s) in 0.091609 seconds
[2018.12.04-17.12.31:852][  0]LogUObjectArray: 38425 objects as part of root set at end of initial load.
[2018.12.04-17.12.31:852][  0]LogUObjectAllocator: 6690872 out of 0 bytes used by permanent object pool.
[2018.12.04-17.12.31:852][  0]LogUObjectArray: CloseDisregardForGC: 0/0 objects in disregard for GC pool
[2018.12.04-17.12.32:643][  0]LogTcpMessaging: Initializing TcpMessaging bridge
[2018.12.04-17.12.32:656][  0]LogUdpMessaging: Initializing bridge on interface 0.0.0.0:0 to multicast group 230.0.0.1:6666.
[2018.12.04-17.12.32:789][  0]SourceControl: Source control is disabled
[2018.12.04-17.12.32:789][  0]SourceControl: Source control is disabled
[2018.12.04-17.12.32:790][  0]SourceControl: Source control is disabled
[2018.12.04-17.12.32:791][  0]SourceControl: Source control is disabled
[2018.12.04-17.12.32:938][  0]LogAndroidPermission: UAndroidPermissionCallbackProxy::GetInstance
[2018.12.04-17.12.33:011][  0]LogOcInput: OculusInput pre-init called
[2018.12.04-17.12.33:068][  0]LogEngine: Initializing Engine...
[2018.12.04-17.12.33:069][  0]LogHMD: Failed to initialize OpenVR with code 110
[2018.12.04-17.12.33:070][  0]LogStats: UGameplayTagsManager::ConstructGameplayTagTree: ImportINI prefixes -  0.000 s
[2018.12.04-17.12.33:070][  0]LogStats: UGameplayTagsManager::ConstructGameplayTagTree: Construct from data asset -  0.000 s
[2018.12.04-17.12.33:070][  0]LogStats: UGameplayTagsManager::ConstructGameplayTagTree: ImportINI -  0.000 s
[2018.12.04-17.12.33:070][  0]LogStats: UGameplayTagsManager::ConstructGameplayTagTree: GameplayTagTreeChangedEvent.Broadcast -  0.000 s
[2018.12.04-17.12.33:281][  0]LogInit: Initializing FReadOnlyCVARCache
[2018.12.04-17.12.33:291][  0]LogAIModule: Creating AISystem for world Untitled
[2018.12.04-17.12.33:351][  0]LogInit: XAudio2 using 'Speakers / Headphones (2- Realtek Audio)' : 2 channels at 48 kHz using 32 bits per sample (channel mask 0x3)
[2018.12.04-17.12.33:374][  0]LogInit: FAudioDevice initialized.
[2018.12.04-17.12.33:375][  0]LogNetVersion: Set ProjectVersion to 1.0.0.0. Version Checksum will be recalculated on next use.
[2018.12.04-17.12.33:425][  0]LogDerivedDataCache: Saved boot cache 0.05s 71MB C:/Users/scrothenbuhler/AppData/Local/UnrealEngine/4.20/DerivedDataCache/Boot.ddc.
[2018.12.04-17.12.33:429][  0]LogInit: Texture streaming: Enabled
[2018.12.04-17.12.33:439][  0]LogEngineSessionManager: EngineSessionManager initialized
[2018.12.04-17.12.33:450][  0]LogInit: Transaction tracking system initialized
[2018.12.04-17.12.33:464][  0]BlueprintLog: New page: Editor Load
[2018.12.04-17.12.33:518][  0]LocalizationService: Localization service is disabled
[2018.12.04-17.12.33:744][  0]LogCook: Display: Max memory allowance for cook 16384mb min free memory 0mb
[2018.12.04-17.12.33:744][  0]LogCook: Display: Mobile HDR setting 1
[2018.12.04-17.12.33:744][  0]LogGameplayTags: Display: UGameplayTagsManager::DoneAddingNativeTags. DelegateIsBound: 0
[2018.12.04-17.12.33:744][  0]LogStats: UGameplayTagsManager::ConstructGameplayTagTree: ImportINI prefixes -  0.000 s
[2018.12.04-17.12.33:744][  0]LogStats: UGameplayTagsManager::ConstructGameplayTagTree: Construct from data asset -  0.000 s
[2018.12.04-17.12.33:744][  0]LogStats: UGameplayTagsManager::ConstructGameplayTagTree: ImportINI -  0.000 s
[2018.12.04-17.12.33:744][  0]LogStats: UGameplayTagsManager::ConstructGameplayTagTree: GameplayTagTreeChangedEvent.Broadcast -  0.000 s
[2018.12.04-17.12.33:836][  0]LogFileCache: Scanning file cache for directory 'D:/Users/scrothenbuhler/Desktop/Colab/CastleRavenloft/CastleRavenloft/Content/' took 0.01s
[2018.12.04-17.12.33:836][  0]SourceControl: Source control is disabled
[2018.12.04-17.12.33:836][  0]Cmd: MAP LOAD FILE="../../../../Users/scrothenbuhler/Desktop/Colab/CastleRavenloft/CastleRavenloft/Content/Maps/CastleMap.umap" TEMPLATE=0 SHOWPROGRESS=1 FEATURELEVEL=3
[2018.12.04-17.12.33:836][  0]LightingResults: New page: Lighting Build
[2018.12.04-17.12.33:838][  0]MapCheck: New page: Map Check
[2018.12.04-17.12.33:838][  0]LightingResults: New page: Lighting Build
[2018.12.04-17.12.40:641][  0]LogAIModule: Creating AISystem for world CastleMap
[2018.12.04-17.12.41:363][  0]LogEditorServer: Finished looking for orphan Actors (0.000 secs)
[2018.12.04-17.12.41:421][  0]Cmd: MAP CHECKDEP NOCLEARLOG
[2018.12.04-17.12.41:527][  0]MapCheck: Map check complete: 0 Error(s), 0 Warning(s), took 105.643ms to complete.
[2018.12.04-17.12.41:527][  0]LogFileHelpers: Loading map 'CastleMap' took 7.690
[2018.12.04-17.12.41:645][  0]LogSlate: Updating window title bar state: overlay mode, drag disabled, window buttons hidden, title bar hidden
[2018.12.04-17.12.41:653][  0]LogSlate: Updating window title bar state: overlay mode, drag disabled, window buttons hidden, title bar hidden
[2018.12.04-17.12.41:661][  0]LogSlate: Updating window title bar state: overlay mode, drag disabled, window buttons hidden, title bar hidden
[2018.12.04-17.12.41:669][  0]LogSlate: Updating window title bar state: overlay mode, drag disabled, window buttons hidden, title bar hidden
[2018.12.04-17.12.41:678][  0]LogCollectionManager: Loaded 0 collections in 0.000817 seconds
[2018.12.04-17.12.41:720][  0]LogFileCache: Scanning file cache for directory 'D:/Users/scrothenbuhler/Desktop/Colab/CastleRavenloft/CastleRavenloft/Saved/Collections/' took 0.01s
[2018.12.04-17.12.41:720][  0]LogFileCache: Scanning file cache for directory 'D:/Users/scrothenbuhler/Desktop/Colab/CastleRavenloft/CastleRavenloft/Content/Developers/scrothenbuhler/Collections/' took 0.01s
[2018.12.04-17.12.41:720][  0]LogFileCache: Scanning file cache for directory 'D:/Users/scrothenbuhler/Desktop/Colab/CastleRavenloft/CastleRavenloft/Content/Collections/' took 0.01s
[2018.12.04-17.12.41:720][  0]LogCollectionManager: Rebuilt the GUID cache for 0 collections in 0.000000 seconds
[2018.12.04-17.12.41:730][  0]LogContentBrowser: Native class hierarchy populated in 0.0098 seconds. Added 2572 classes and 603 folders.
[2018.12.04-17.12.41:734][  0]LogContentBrowser: Native class hierarchy updated for 'WidgetCarousel' in 0.0002 seconds. Added 0 classes and 0 folders.
[2018.12.04-17.12.42:110][  0]LogContentBrowser: Native class hierarchy updated for 'AddContentDialog' in 0.0002 seconds. Added 0 classes and 0 folders.
[2018.12.04-17.12.42:134][  0]LogContentBrowser: Native class hierarchy updated for 'SceneOutliner' in 0.0002 seconds. Added 1 classes and 2 folders.
[2018.12.04-17.12.42:153][  0]LogSlate: Took 0.000210 seconds to synchronously load lazily loaded font '../../../Engine/Content/Slate/Fonts/Roboto-Regular.ttf' (155K)
[2018.12.04-17.12.42:155][  0]LogSlate: Took 0.000163 seconds to synchronously load lazily loaded font '../../../Engine/Content/Slate/Fonts/Roboto-Bold.ttf' (160K)
[2018.12.04-17.12.42:165][  0]LogSlate: Took 0.005453 seconds to synchronously load lazily loaded font '../../../Engine/Content/Editor/Slate/Fonts/FontAwesome.ttf' (139K)
[2018.12.04-17.12.42:334][  0]LogRenderer: Reallocating scene render targets to support 1208x576 Format 10 NumSamples 1 (Frame:1).
[2018.12.04-17.12.42:511][  0]LogContentBrowser: Native class hierarchy updated for 'HierarchicalLODOutliner' in 0.0002 seconds. Added 0 classes and 0 folders.
[2018.12.04-17.12.42:511][  0]LogLoad: (Engine Initialization) Total time: 15.68 seconds
[2018.12.04-17.12.42:511][  0]LogLoad: (Engine Initialization) Total Blueprint compile time: 0.00 seconds
[2018.12.04-17.12.42:521][  0]LogWindowsTextInputMethodSystem: Display: IME system now deactivated.
[2018.12.04-17.12.42:554][  0]LogContentStreaming: Texture pool size now 1000 MB
[2018.12.04-17.12.42:606][  0]LogSlate: Took 0.000200 seconds to synchronously load lazily loaded font '../../../Engine/Content/Slate/Fonts/Roboto-Light.ttf' (167K)
[2018.12.04-17.12.42:642][  1]LogAssetRegistry: Asset discovery search completed in 11.7921 seconds
[2018.12.04-17.12.42:644][  1]LogCollectionManager: Rebuilt the object cache for 0 collections in 0.000000 seconds (found 0 objects)
[2018.12.04-17.12.42:644][  1]LogCollectionManager: Fixed up redirectors for 0 collections in 0.000046 seconds (updated 0 objects)
[2018.12.04-17.12.45:928][254]LogSlate: FSceneViewport::OnFocusLost() reason 0
[2018.12.04-17.12.46:012][264]LogTemp: Repeating last play command: Selected Viewport
[2018.12.04-17.12.46:040][264]LogBlueprintUserMessages: Early PlayInEditor Detection: Level '/Game/Maps/CastleMap.CastleMap:PersistentLevel' has LevelScriptBlueprint '/Game/Maps/CastleMap.CastleMap:PersistentLevel.CastleMap' with GeneratedClass '/Game/Maps/CastleMap.CastleMap_C' with ClassGeneratedBy '/Game/Maps/CastleMap.CastleMap:PersistentLevel.CastleMap'
[2018.12.04-17.12.46:040][264]LogPlayLevel: PlayLevel: No blueprints needed recompiling
[2018.12.04-17.12.46:051][264]PIE: New page: PIE session: CastleMap (Dec 4, 2018, 7:12:46 AM)
[2018.12.04-17.12.46:051][264]LogPlayLevel: Creating play world package: /Game/Maps/UEDPIE_0_CastleMap
[2018.12.04-17.12.46:431][264]LogPlayLevel: PIE: StaticDuplicateObject took: (0.379941s)
[2018.12.04-17.12.46:432][264]LogAIModule: Creating AISystem for world CastleMap
[2018.12.04-17.12.46:432][264]LogPlayLevel: PIE: World Init took: (0.000970s)
[2018.12.04-17.12.46:432][264]LogPlayLevel: PIE: Created PIE world by copying editor world from /Game/Maps/CastleMap.CastleMap to /Game/Maps/UEDPIE_0_CastleMap.CastleMap (0.381348s)
[2018.12.04-17.12.46:470][264]LogInit: XAudio2 using 'Speakers / Headphones (2- Realtek Audio)' : 2 channels at 48 kHz using 32 bits per sample (channel mask 0x3)
[2018.12.04-17.12.46:488][264]LogInit: FAudioDevice initialized.
[2018.12.04-17.12.46:549][264]LogLoad: Game class is 'FirstPersonGameMode_C'
[2018.12.04-17.12.46:592][264]LogWorld: Bringing World /Game/Maps/UEDPIE_0_CastleMap.CastleMap up for play (max tick rate 0) at 2018.12.04-12.12.46
[2018.12.04-17.12.46:600][264]LogWorld: Bringing up level for play took: 0.049445
[2018.12.04-17.12.46:616][264]LogContentBrowser: Native class hierarchy updated for 'MovieSceneCapture' in 0.0003 seconds. Added 10 classes and 0 folders.
[2018.12.04-17.12.46:622][264]PIE: Play in editor start time for /Game/Maps/UEDPIE_0_CastleMap 0.799
[2018.12.04-17.12.46:623][264]LogBlueprintUserMessages: Late PlayInEditor Detection: Level '/Game/Maps/CastleMap.CastleMap:PersistentLevel' has LevelScriptBlueprint '/Game/Maps/CastleMap.CastleMap:PersistentLevel.CastleMap' with GeneratedClass '/Game/Maps/CastleMap.CastleMap_C' with ClassGeneratedBy '/Game/Maps/CastleMap.CastleMap:PersistentLevel.CastleMap'
[2018.12.04-17.12.47:621][343]LogFileCache: Retrieving MD5 hashes for directory 'D:/Users/scrothenbuhler/Desktop/Colab/CastleRavenloft/CastleRavenloft/Content/' took 5.09s
[2018.12.04-17.13.10:895][654]LogBlueprintUserMessages: Early EndPlayMap Detection: Level '/Game/Maps/CastleMap.CastleMap:PersistentLevel' has LevelScriptBlueprint '/Game/Maps/CastleMap.CastleMap:PersistentLevel.CastleMap' with GeneratedClass '/Game/Maps/CastleMap.CastleMap_C' with ClassGeneratedBy '/Game/Maps/CastleMap.CastleMap:PersistentLevel.CastleMap'
[2018.12.04-17.13.10:895][654]LogSlate: Updating window title bar state: overlay mode, drag disabled, window buttons hidden, title bar hidden
[2018.12.04-17.13.10:955][654]LogPlayLevel: Display: Shutting down PIE online subsystems
[2018.12.04-17.13.10:955][654]LogBlueprintUserMessages: Late EndPlayMap Detection: Level '/Game/Maps/CastleMap.CastleMap:PersistentLevel' has LevelScriptBlueprint '/Game/Maps/CastleMap.CastleMap:PersistentLevel.CastleMap' with GeneratedClass '/Game/Maps/CastleMap.CastleMap_C' with ClassGeneratedBy '/Game/Maps/CastleMap.CastleMap:PersistentLevel.CastleMap'
[2018.12.04-17.13.10:991][654]LogSlate: Updating window title bar state: overlay mode, drag disabled, window buttons hidden, title bar hidden
[2018.12.04-17.13.11:035][655]LogPlayLevel: Display: Destroying online subsystem :Context_1
[2018.12.04-17.13.17:554][161]LogSlate: FSceneViewport::OnFocusLost() reason 0
[2018.12.04-17.13.17:647][169]LogTemp: Repeating last play command: Selected Viewport
[2018.12.04-17.13.17:674][169]LogBlueprintUserMessages: Early PlayInEditor Detection: Level '/Game/Maps/CastleMap.CastleMap:PersistentLevel' has LevelScriptBlueprint '/Game/Maps/CastleMap.CastleMap:PersistentLevel.CastleMap' with GeneratedClass '/Game/Maps/CastleMap.CastleMap_C' with ClassGeneratedBy '/Game/Maps/CastleMap.CastleMap:PersistentLevel.CastleMap'
[2018.12.04-17.13.17:674][169]LogPlayLevel: PlayLevel: No blueprints needed recompiling
[2018.12.04-17.13.17:675][169]PIE: New page: PIE session: CastleMap (Dec 4, 2018, 7:13:17 AM)
[2018.12.04-17.13.17:675][169]LogPlayLevel: Creating play world package: /Game/Maps/UEDPIE_0_CastleMap
[2018.12.04-17.13.18:040][169]LogPlayLevel: PIE: StaticDuplicateObject took: (0.364859s)
[2018.12.04-17.13.18:041][169]LogAIModule: Creating AISystem for world CastleMap
[2018.12.04-17.13.18:041][169]LogPlayLevel: PIE: World Init took: (0.000995s)
[2018.12.04-17.13.18:041][169]LogPlayLevel: PIE: Created PIE world by copying editor world from /Game/Maps/CastleMap.CastleMap to /Game/Maps/UEDPIE_0_CastleMap.CastleMap (0.366351s)
[2018.12.04-17.13.18:080][169]LogInit: XAudio2 using 'Speakers / Headphones (2- Realtek Audio)' : 2 channels at 48 kHz using 32 bits per sample (channel mask 0x3)
[2018.12.04-17.13.18:097][169]LogInit: FAudioDevice initialized.
[2018.12.04-17.13.18:128][169]LogLoad: Game class is 'FirstPersonGameMode_C'
[2018.12.04-17.13.18:173][169]LogWorld: Bringing World /Game/Maps/UEDPIE_0_CastleMap.CastleMap up for play (max tick rate 0) at 2018.12.04-12.13.18
[2018.12.04-17.13.18:181][169]LogWorld: Bringing up level for play took: 0.051756
[2018.12.04-17.13.18:198][169]PIE: Play in editor start time for /Game/Maps/UEDPIE_0_CastleMap 0.374
[2018.12.04-17.13.18:199][169]LogBlueprintUserMessages: Late PlayInEditor Detection: Level '/Game/Maps/CastleMap.CastleMap:PersistentLevel' has LevelScriptBlueprint '/Game/Maps/CastleMap.CastleMap:PersistentLevel.CastleMap' with GeneratedClass '/Game/Maps/CastleMap.CastleMap_C' with ClassGeneratedBy '/Game/Maps/CastleMap.CastleMap:PersistentLevel.CastleMap'
[2018.12.04-17.14.57:127][750]LogBlueprintUserMessages: Early EndPlayMap Detection: Level '/Game/Maps/CastleMap.CastleMap:PersistentLevel' has LevelScriptBlueprint '/Game/Maps/CastleMap.CastleMap:PersistentLevel.CastleMap' with GeneratedClass '/Game/Maps/CastleMap.CastleMap_C' with ClassGeneratedBy '/Game/Maps/CastleMap.CastleMap:PersistentLevel.CastleMap'
[2018.12.04-17.14.57:127][750]LogSlate: Updating window title bar state: overlay mode, drag disabled, window buttons hidden, title bar hidden
[2018.12.04-17.14.57:184][750]LogPlayLevel: Display: Shutting down PIE online subsystems
[2018.12.04-17.14.57:185][750]LogBlueprintUserMessages: Late EndPlayMap Detection: Level '/Game/Maps/CastleMap.CastleMap:PersistentLevel' has LevelScriptBlueprint '/Game/Maps/CastleMap.CastleMap:PersistentLevel.CastleMap' with GeneratedClass '/Game/Maps/CastleMap.CastleMap_C' with ClassGeneratedBy '/Game/Maps/CastleMap.CastleMap:PersistentLevel.CastleMap'
[2018.12.04-17.14.57:216][750]LogSlate: Updating window title bar state: overlay mode, drag disabled, window buttons hidden, title bar hidden
[2018.12.04-17.14.57:254][751]LogPlayLevel: Display: Destroying online subsystem :Context_2
[2018.12.04-17.15.11:928][746]LogSlate: FSceneViewport::OnFocusLost() reason 0
[2018.12.04-17.15.49:015][303]LogSlate: FSceneViewport::OnFocusLost() reason 0
[2018.12.04-17.16.05:776][918]LogSlate: FSceneViewport::OnFocusLost() reason 0
[2018.12.04-17.16.20:449][590]LogSlate: FSceneViewport::OnFocusLost() reason 2
[2018.12.04-17.16.34:238][243]LogSlate: FSceneViewport::OnFocusLost() reason 0
[2018.12.04-17.17.59:589][271]LogEditorViewport: Clicking Background
[2018.12.04-17.18.00:752][306]LogEditorViewport: Clicking on Actor (LMB): TriggerVolume (Floor1DetectionVolume)
[2018.12.04-17.18.01:975][346]Cmd: EDIT COPY
[2018.12.04-17.18.02:230][355]Cmd: EDIT PASTE
[2018.12.04-17.18.07:199][417]LogSlate: FSceneViewport::OnFocusLost() reason 0
[2018.12.04-17.18.30:332][256]LogSlate: FSceneViewport::OnFocusLost() reason 0
[2018.12.04-17.18.38:637][597]LogEditorViewport: Clicking on Actor (LMB): TriggerVolume (Floor1DetectionVolume)
[2018.12.04-17.18.40:106][654]LogSlate: FSceneViewport::OnFocusLost() reason 0
[2018.12.04-17.18.48:670][  4]LogEditorViewport: Clicking on Actor (LMB): TriggerVolume (Floor2DetectionVolume)
[2018.12.04-17.19.06:064][626]Cmd: EDIT COPY
[2018.12.04-17.19.06:356][637]Cmd: EDIT PASTE
[2018.12.04-17.19.10:274][665]LogSlate: FSceneViewport::OnFocusLost() reason 0
[2018.12.04-17.20.03:450][924]LogSlate: FSceneViewport::OnFocusLost() reason 0
[2018.12.04-17.20.08:888][164]LogSlate: Took 0.000193 seconds to synchronously load lazily loaded font '../../../Engine/Content/Slate/Fonts/Roboto-Light.ttf' (167K)
[2018.12.04-17.20.12:209][164]LogSavePackage: Moving '../../../../Users/scrothenbuhler/Desktop/Colab/CastleRavenloft/CastleRavenloft/Saved/CastleMap3BB4E1F541490B1D0A585FB3E86DAE9C.tmp' to '../../../../Users/scrothenbuhler/Desktop/Colab/CastleRavenloft/CastleRavenloft/Content/Maps/CastleMap.umap'
[2018.12.04-17.20.15:797][345]LogSlate: FSceneViewport::OnFocusLost() reason 2
[2018.12.04-17.20.31:983][170]LogSlate: FSceneViewport::OnFocusLost() reason 0
[2018.12.04-17.20.32:056][174]LogTemp: Repeating last play command: Selected Viewport
[2018.12.04-17.20.32:087][174]LogBlueprintUserMessages: Early PlayInEditor Detection: Level '/Game/Maps/CastleMap.CastleMap:PersistentLevel' has LevelScriptBlueprint '/Game/Maps/CastleMap.CastleMap:PersistentLevel.CastleMap' with GeneratedClass '/Game/Maps/CastleMap.CastleMap_C' with ClassGeneratedBy '/Game/Maps/CastleMap.CastleMap:PersistentLevel.CastleMap'
[2018.12.04-17.20.32:088][174]LogPlayLevel: PlayLevel: No blueprints needed recompiling
[2018.12.04-17.20.32:088][174]PIE: New page: PIE session: CastleMap (Dec 4, 2018, 7:20:32 AM)
[2018.12.04-17.20.32:088][174]LogPlayLevel: Creating play world package: /Game/Maps/UEDPIE_0_CastleMap
[2018.12.04-17.20.32:468][174]LogPlayLevel: PIE: StaticDuplicateObject took: (0.379143s)
[2018.12.04-17.20.32:468][174]LogAIModule: Creating AISystem for world CastleMap
[2018.12.04-17.20.32:469][174]LogPlayLevel: PIE: World Init took: (0.001005s)
[2018.12.04-17.20.32:469][174]LogPlayLevel: PIE: Created PIE world by copying editor world from /Game/Maps/CastleMap.CastleMap to /Game/Maps/UEDPIE_0_CastleMap.CastleMap (0.380635s)
[2018.12.04-17.20.32:514][174]LogInit: XAudio2 using 'Speakers / Headphones (2- Realtek Audio)' : 2 channels at 48 kHz using 32 bits per sample (channel mask 0x3)
[2018.12.04-17.20.32:533][174]LogInit: FAudioDevice initialized.
[2018.12.04-17.20.32:565][174]LogLoad: Game class is 'FirstPersonGameMode_C'
[2018.12.04-17.20.32:609][174]LogWorld: Bringing World /Game/Maps/UEDPIE_0_CastleMap.CastleMap up for play (max tick rate 0) at 2018.12.04-12.20.32
[2018.12.04-17.20.32:620][174]LogWorld: Bringing up level for play took: 0.052666
[2018.12.04-17.20.32:638][174]PIE: Play in editor start time for /Game/Maps/UEDPIE_0_CastleMap 0.811
[2018.12.04-17.20.32:638][174]LogBlueprintUserMessages: Late PlayInEditor Detection: Level '/Game/Maps/CastleMap.CastleMap:PersistentLevel' has LevelScriptBlueprint '/Game/Maps/CastleMap.CastleMap:PersistentLevel.CastleMap' with GeneratedClass '/Game/Maps/CastleMap.CastleMap_C' with ClassGeneratedBy '/Game/Maps/CastleMap.CastleMap:PersistentLevel.CastleMap'
[2018.12.04-17.22.04:123][652]LogBlueprintUserMessages: Early EndPlayMap Detection: Level '/Game/Maps/CastleMap.CastleMap:PersistentLevel' has LevelScriptBlueprint '/Game/Maps/CastleMap.CastleMap:PersistentLevel.CastleMap' with GeneratedClass '/Game/Maps/CastleMap.CastleMap_C' with ClassGeneratedBy '/Game/Maps/CastleMap.CastleMap:PersistentLevel.CastleMap'
[2018.12.04-17.22.04:123][652]LogSlate: Updating window title bar state: overlay mode, drag disabled, window buttons hidden, title bar hidden
[2018.12.04-17.22.04:187][652]LogPlayLevel: Display: Shutting down PIE online subsystems
[2018.12.04-17.22.04:187][652]LogBlueprintUserMessages: Late EndPlayMap Detection: Level '/Game/Maps/CastleMap.CastleMap:PersistentLevel' has LevelScriptBlueprint '/Game/Maps/CastleMap.CastleMap:PersistentLevel.CastleMap' with GeneratedClass '/Game/Maps/CastleMap.CastleMap_C' with ClassGeneratedBy '/Game/Maps/CastleMap.CastleMap:PersistentLevel.CastleMap'
[2018.12.04-17.22.04:224][652]LogSlate: Updating window title bar state: overlay mode, drag disabled, window buttons hidden, title bar hidden
[2018.12.04-17.22.04:275][653]LogPlayLevel: Display: Destroying online subsystem :Context_3
[2018.12.04-17.22.08:610][947]LogSlate: FSceneViewport::OnFocusLost() reason 2
[2018.12.04-17.22.15:058][239]LogEditorViewport: Clicking on Actor (LMB): TriggerVolume (Floor1DetectionVolume)
[2018.12.04-17.22.18:777][336]LogSlate: FSceneViewport::OnFocusLost() reason 0
[2018.12.04-17.22.18:978][340]LogAssetEditorManager: Opening Asset editor for Blueprint /Game/FirstPersonController/Blueprints/FirstPersonCharacter.FirstPersonCharacter
[2018.12.04-17.22.19:466][340]LogContentBrowser: Native class hierarchy updated for 'BlueprintGraph' in 0.0006 seconds. Added 116 classes and 0 folders.
[2018.12.04-17.22.20:336][340]LogSlate: Took 0.000179 seconds to synchronously load lazily loaded font '../../../Engine/Content/Slate/Fonts/Roboto-BoldCondensed.ttf' (158K)
[2018.12.04-17.22.20:489][341]LogSlate: Took 0.000272 seconds to synchronously load lazily loaded font '../../../Engine/Content/Slate/Fonts/Roboto-Italic.ttf' (157K)
[2018.12.04-17.22.43:156][129]LogSlate: FSceneViewport::OnFocusLost() reason 0
[2018.12.04-17.25.29:227][119]LogSlate: Window 'FirstPersonCharacter' being destroyed
[2018.12.04-17.25.29:251][119]LogSlate: Window 'FirstPersonCharacter' being destroyed
[2018.12.04-17.25.31:247][202]LogSlate: FSceneViewport::OnFocusLost() reason 2
[2018.12.04-17.25.34:315][393]LogSlate: FSceneViewport::OnFocusLost() reason 0
[2018.12.04-17.25.34:550][399]LogSlate: Window 'CastleRavenloft - Unreal Editor' being destroyed
[2018.12.04-17.25.34:757][400]Cmd: QUIT_EDITOR
[2018.12.04-17.25.34:962][400]LogWindowsTextInputMethodSystem: Display: IME system now deactivated.
[2018.12.04-17.25.34:979][400]LogExit: Preparing to exit.
[2018.12.04-17.25.36:120][400]LogExit: Editor shut down
[2018.12.04-17.25.36:121][400]LogExit: Transaction tracking system shut down
[2018.12.04-17.25.36:426][400]LogExit: Object subsystem successfully closed.
[2018.12.04-17.25.36:444][400]LogShaderCompilers: Display: Shaders left to compile 0
[2018.12.04-17.25.36:448][400]LogD3D11RHI: Shutdown
[2018.12.04-17.25.36:449][400]LogD3D11RHI: CleanupD3DDevice
[2018.12.04-17.25.36:457][400]LogD3D11RHI: ~FD3D11DynamicRHI
[2018.12.04-17.25.36:466][400]LogModuleManager: Shutting down and abandoning module BlueprintGraph (616)
[2018.12.04-17.25.36:466][400]LogModuleManager: Shutting down and abandoning module MovieSceneCapture (614)
[2018.12.04-17.25.36:466][400]LogModuleManager: Shutting down and abandoning module Voice (612)
[2018.12.04-17.25.36:466][400]LogModuleManager: Shutting down and abandoning module HierarchicalLODOutliner (610)
[2018.12.04-17.25.36:466][400]LogModuleManager: Shutting down and abandoning module SceneOutliner (608)
[2018.12.04-17.25.36:466][400]LogModuleManager: Shutting down and abandoning module AddContentDialog (606)
[2018.12.04-17.25.36:467][400]LogModuleManager: Shutting down and abandoning module WidgetCarousel (605)
[2018.12.04-17.25.36:467][400]LogModuleManager: Shutting down and abandoning module EditorWidgets (602)
[2018.12.04-17.25.36:467][400]LogModuleManager: Shutting down and abandoning module CollectionManager (600)
[2018.12.04-17.25.36:467][400]LogModuleManager: Shutting down and abandoning module StatsViewer (598)
[2018.12.04-17.25.36:467][400]LogModuleManager: Shutting down and abandoning module FoliageEdit (596)
[2018.12.04-17.25.36:467][400]LogModuleManager: Shutting down and abandoning module LandscapeEditor (594)
[2018.12.04-17.25.36:467][400]LogModuleManager: Shutting down and abandoning module MeshPaintMode (592)
[2018.12.04-17.25.36:467][400]LogModuleManager: Shutting down and abandoning module SceneDepthPickerMode (590)
[2018.12.04-17.25.36:467][400]LogModuleManager: Shutting down and abandoning module ActorPickerMode (588)
[2018.12.04-17.25.36:467][400]LogModuleManager: Shutting down and abandoning module GeometryMode (586)
[2018.12.04-17.25.36:467][400]LogModuleManager: Shutting down and abandoning module TextureAlignMode (584)
[2018.12.04-17.25.36:467][400]LogModuleManager: Shutting down and abandoning module BspMode (582)
[2018.12.04-17.25.36:467][400]LogModuleManager: Shutting down and abandoning module PIEPreviewDeviceProfileSelector (580)
[2018.12.04-17.25.36:467][400]LogModuleManager: Shutting down and abandoning module SequenceRecorderSections (578)
[2018.12.04-17.25.36:467][400]LogModuleManager: Shutting down and abandoning module AutomationWorker (576)
[2018.12.04-17.25.36:467][400]LogModuleManager: Shutting down and abandoning module AudioCaptureEditor (574)
[2018.12.04-17.25.36:467][400]LogModuleManager: Shutting down and abandoning module SequenceRecorder (573)
[2018.12.04-17.25.36:467][400]LogModuleManager: Shutting down and abandoning module MatineeToLevelSequence (570)
[2018.12.04-17.25.36:467][400]LogModuleManager: Shutting down and abandoning module LevelSequenceEditor (568)
[2018.12.04-17.25.36:467][400]LogModuleManager: Shutting down and abandoning module PlacementMode (567)
[2018.12.04-17.25.36:467][400]LogModuleManager: Shutting down and abandoning module MaterialEditor (566)
[2018.12.04-17.25.36:467][400]LogModuleManager: Shutting down and abandoning module WmfMediaFactory (562)
[2018.12.04-17.25.36:468][400]LogModuleManager: Shutting down and abandoning module WmfMediaEditor (560)
[2018.12.04-17.25.36:468][400]LogModuleManager: Shutting down and abandoning module MediaPlayerEditor (558)
[2018.12.04-17.25.36:468][400]LogModuleManager: Shutting down and abandoning module OpenExrWrapper (556)
[2018.12.04-17.25.36:468][400]LogModuleManager: Shutting down and abandoning module ImgMediaFactory (554)
[2018.12.04-17.25.36:468][400]LogModuleManager: Shutting down and abandoning module ImgMediaEditor (552)
[2018.12.04-17.25.36:468][400]LogModuleManager: Shutting down and abandoning module AvfMediaFactory (550)
[2018.12.04-17.25.36:468][400]LogModuleManager: Shutting down and abandoning module AvfMediaEditor (548)
[2018.12.04-17.25.36:468][400]LogModuleManager: Shutting down and abandoning module AndroidMediaFactory (546)
[2018.12.04-17.25.36:468][400]LogModuleManager: Shutting down and abandoning module AndroidMediaEditor (544)
[2018.12.04-17.25.36:468][400]LogModuleManager: Shutting down and abandoning module MagicLeapCameraPreviewFactory (542)
[2018.12.04-17.25.36:468][400]LogModuleManager: Shutting down and abandoning module MagicLeapMediaFactory (540)
[2018.12.04-17.25.36:468][400]LogModuleManager: Shutting down and abandoning module MagicLeapMediaEditor (538)
[2018.12.04-17.25.36:468][400]LogModuleManager: Shutting down and abandoning module CharacterAI (536)
[2018.12.04-17.25.36:468][400]LogModuleManager: Shutting down and abandoning module SmartSnapping (534)
[2018.12.04-17.25.36:468][400]LogModuleManager: Shutting down and abandoning module SessionServices (532)
[2018.12.04-17.25.36:468][400]LogModuleManager: Shutting down and abandoning module ViewportSnapping (530)
[2018.12.04-17.25.36:468][400]LogModuleManager: Shutting down and abandoning module ViewportInteraction (528)
[2018.12.04-17.25.36:468][400]LogModuleManager: Shutting down and abandoning module ClothPainter (526)
[2018.12.04-17.25.36:468][400]LogModuleManager: Shutting down and abandoning module SkeletalMeshEditor (525)
[2018.12.04-17.25.36:468][400]LogModuleManager: Shutting down and abandoning module LogVisualizer (522)
[2018.12.04-17.25.36:468][400]LogModuleManager: Shutting down and abandoning module IntroTutorials (520)
[2018.12.04-17.25.36:468][400]LogModuleManager: Shutting down and abandoning module GameProjectGeneration (519)
[2018.12.04-17.25.36:468][400]LogModuleManager: Shutting down and abandoning module LuminPlatformEditor (516)
[2018.12.04-17.25.36:468][400]LogModuleManager: Shutting down and abandoning module IOSPlatformEditor (514)
[2018.12.04-17.25.36:468][400]LogModuleManager: Shutting down and abandoning module HTML5PlatformEditor (512)
[2018.12.04-17.25.36:468][400]LogModuleManager: Shutting down and abandoning module AndroidPlatformEditor (510)
[2018.12.04-17.25.36:468][400]LogModuleManager: Shutting down and abandoning module AndroidDeviceDetection (509)
[2018.12.04-17.25.36:972][400]LogModuleManager: Shutting down and abandoning module WindowsPlatformEditor (506)
[2018.12.04-17.25.36:973][400]LogModuleManager: Shutting down and abandoning module LuminRuntimeSettings (504)
[2018.12.04-17.25.36:973][400]LogModuleManager: Shutting down and abandoning module IOSRuntimeSettings (502)
[2018.12.04-17.25.36:973][400]LogModuleManager: Shutting down and abandoning module AndroidRuntimeSettings (500)
[2018.12.04-17.25.36:973][400]LogModuleManager: Shutting down and abandoning module InputBindingEditor (498)
[2018.12.04-17.25.36:973][400]LogModuleManager: Shutting down and abandoning module MergeActors (496)
[2018.12.04-17.25.36:973][400]LogModuleManager: Shutting down and abandoning module LocalizationDashboard (494)
[2018.12.04-17.25.36:973][400]LogModuleManager: Shutting down and abandoning module LocalizationService (493)
[2018.12.04-17.25.36:973][400]LogModuleManager: Shutting down and abandoning module HardwareTargeting (490)
[2018.12.04-17.25.36:973][400]LogModuleManager: Shutting down and abandoning module DeviceProfileEditor (488)
[2018.12.04-17.25.36:974][400]LogModuleManager: Shutting down and abandoning module UndoHistory (486)
[2018.12.04-17.25.36:974][400]LogModuleManager: Shutting down and abandoning module XmlParser (484)
[2018.12.04-17.25.36:974][400]LogModuleManager: Shutting down and abandoning module Blutility (482)
[2018.12.04-17.25.36:974][400]LogModuleManager: Shutting down and abandoning module ProjectSettingsViewer (480)
[2018.12.04-17.25.36:974][400]LogModuleManager: Shutting down and abandoning module ProjectTargetPlatformEditor (479)
[2018.12.04-17.25.36:974][400]LogModuleManager: Shutting down and abandoning module EditorSettingsViewer (476)
[2018.12.04-17.25.36:975][400]LogModuleManager: Shutting down and abandoning module SettingsEditor (474)
[2018.12.04-17.25.36:975][400]LogModuleManager: Shutting down and abandoning module ProjectLauncher (472)
[2018.12.04-17.25.36:975][400]LogModuleManager: Shutting down and abandoning module SessionFrontend (470)
[2018.12.04-17.25.36:975][400]LogModuleManager: Shutting down and abandoning module ProfilerClient (468)
[2018.12.04-17.25.36:975][400]LogModuleManager: Shutting down and abandoning module DeviceManager (466)
[2018.12.04-17.25.36:975][400]LogModuleManager: Shutting down and abandoning module TargetDeviceServices (465)
[2018.12.04-17.25.37:030][400]LogModuleManager: Shutting down and abandoning module AutomationController (462)
[2018.12.04-17.25.37:030][400]LogModuleManager: Shutting down and abandoning module AutomationWindow (460)
[2018.12.04-17.25.37:030][400]LogModuleManager: Shutting down and abandoning module Layers (458)
[2018.12.04-17.25.37:030][400]LogModuleManager: Shutting down and abandoning module ComponentVisualizers (456)
[2018.12.04-17.25.37:030][400]LogModuleManager: Shutting down and abandoning module DetailCustomizations (454)
[2018.12.04-17.25.37:030][400]LogModuleManager: Shutting down and abandoning module PackagesDialog (452)
[2018.12.04-17.25.37:031][400]LogModuleManager: Shutting down and abandoning module Persona (450)
[2018.12.04-17.25.37:031][400]LogModuleManager: Shutting down and abandoning module AdvancedPreviewScene (449)
[2018.12.04-17.25.37:031][400]LogModuleManager: Shutting down and abandoning module AnimGraph (447)
[2018.12.04-17.25.37:031][400]LogModuleManager: Shutting down and abandoning module Kismet (444)
[2018.12.04-17.25.37:046][400]LogModuleManager: Shutting down and abandoning module GraphEditor (442)
[2018.12.04-17.25.37:046][400]LogModuleManager: Shutting down and abandoning module ClassViewer (440)
[2018.12.04-17.25.37:046][400]LogModuleManager: Shutting down and abandoning module Toolbox (438)
[2018.12.04-17.25.37:046][400]LogModuleManager: Shutting down and abandoning module ModuleUI (436)
[2018.12.04-17.25.37:046][400]LogModuleManager: Shutting down and abandoning module MovieSceneTools (434)
[2018.12.04-17.25.37:047][400]LogModuleManager: Shutting down and abandoning module OutputLog (432)
[2018.12.04-17.25.37:047][400]LogModuleManager: Shutting down and abandoning module GammaUI (430)
[2018.12.04-17.25.37:047][400]LogModuleManager: Shutting down and abandoning module Documentation (428)
[2018.12.04-17.25.37:047][400]LogModuleManager: Shutting down and abandoning module MovieSceneTracks (426)
[2018.12.04-17.25.37:047][400]LogModuleManager: Shutting down and abandoning module MovieScene (424)
[2018.12.04-17.25.37:047][400]LogModuleManager: Shutting down and abandoning module StreamingPauseRendering (422)
[2018.12.04-17.25.37:047][400]LogModuleManager: Shutting down and abandoning module LauncherPlatform (420)
[2018.12.04-17.25.37:047][400]LogModuleManager: Shutting down and abandoning module AnalyticsET (418)
[2018.12.04-17.25.37:047][400]LogModuleManager: Shutting down and abandoning module PortalServices (416)
[2018.12.04-17.25.37:047][400]LogModuleManager: Shutting down and abandoning module PortalRpc (414)
[2018.12.04-17.25.37:047][400]LogModuleManager: Shutting down and abandoning module MessagingRpc (412)
[2018.12.04-17.25.37:047][400]LogModuleManager: Shutting down and abandoning module AIModule (410)
[2018.12.04-17.25.37:047][400]LogModuleManager: Shutting down and abandoning module GameplayDebugger (409)
[2018.12.04-17.25.37:048][400]LogModuleManager: Shutting down and abandoning module AITestSuite (407)
[2018.12.04-17.25.37:048][400]LogModuleManager: Shutting down and abandoning module NavigationSystem (405)
[2018.12.04-17.25.37:048][400]LogModuleManager: Shutting down and abandoning module DesktopPlatform (402)
[2018.12.04-17.25.37:048][400]LogModuleManager: Shutting down and abandoning module ProfilerService (400)
[2018.12.04-17.25.37:199][400]LogModuleManager: Shutting down and abandoning module TaskGraph (398)
[2018.12.04-17.25.37:199][400]LogModuleManager: Shutting down and abandoning module SteamVRController (396)
[2018.12.04-17.25.37:199][400]LogModuleManager: Shutting down and abandoning module ProceduralMeshComponentEditor (394)
[2018.12.04-17.25.37:199][400]LogModuleManager: Shutting down and abandoning module ProceduralMeshComponent (392)
[2018.12.04-17.25.37:199][400]LogModuleManager: Shutting down and abandoning module OculusInput (390)
[2018.12.04-17.25.37:199][400]LogModuleManager: Shutting down and abandoning module MobilePatchingUtils (388)
[2018.12.04-17.25.37:199][400]LogModuleManager: Shutting down and abandoning module EditableMesh (386)
[2018.12.04-17.25.37:199][400]LogModuleManager: Shutting down and abandoning module CustomMeshComponent (384)
[2018.12.04-17.25.37:199][400]LogModuleManager: Shutting down and abandoning module CableComponent (382)
[2018.12.04-17.25.37:199][400]LogModuleManager: Shutting down and abandoning module AudioCapture (380)
[2018.12.04-17.25.37:199][400]LogModuleManager: Shutting down and abandoning module ArchVisCharacter (378)
[2018.12.04-17.25.37:199][400]LogModuleManager: Shutting down and abandoning module AndroidPermission (376)
[2018.12.04-17.25.37:199][400]LogModuleManager: Shutting down and abandoning module NUTUnrealEngine4 (374)
[2018.12.04-17.25.37:199][400]LogModuleManager: Shutting down and abandoning module NetcodeUnitTest (372)
[2018.12.04-17.25.37:200][400]LogModuleManager: Shutting down and abandoning module MediaCompositingEditor (370)
[2018.12.04-17.25.37:200][400]LogModuleManager: Shutting down and abandoning module MediaCompositing (368)
[2018.12.04-17.25.37:200][400]LogModuleManager: Shutting down and abandoning module LinearTimecode (366)
[2018.12.04-17.25.37:200][400]LogModuleManager: Shutting down and abandoning module ImgMedia (364)
[2018.12.04-17.25.37:203][400]LogModuleManager: Shutting down and abandoning module HTML5Networking (362)
[2018.12.04-17.25.37:203][400]LogModuleManager: Shutting down and abandoning module GeometryCacheTracks (360)
[2018.12.04-17.25.37:203][400]LogModuleManager: Shutting down and abandoning module GeometryCacheSequencer (358)
[2018.12.04-17.25.37:203][400]LogModuleManager: Shutting down and abandoning module BackChannel (356)
[2018.12.04-17.25.37:203][400]LogModuleManager: Shutting down and abandoning module AppleVision (354)
[2018.12.04-17.25.37:203][400]LogModuleManager: Shutting down and abandoning module AppleImageUtils (352)
[2018.12.04-17.25.37:203][400]LogModuleManager: Shutting down and abandoning module AlembicImporter (350)
[2018.12.04-17.25.37:203][400]LogModuleManager: Shutting down and abandoning module AlembicLibrary (349)
[2018.12.04-17.25.37:203][400]LogModuleManager: Shutting down and abandoning module GeometryCache (348)
[2018.12.04-17.25.37:203][400]LogModuleManager: Shutting down and abandoning module GeometryCacheEd (347)
[2018.12.04-17.25.37:203][400]LogModuleManager: Shutting down and abandoning module DatasmithContentEditor (342)
[2018.12.04-17.25.37:203][400]LogModuleManager: Shutting down and abandoning module DatasmithContent (340)
[2018.12.04-17.25.37:204][400]LogModuleManager: Shutting down and abandoning module SpeedTreeImporter (338)
[2018.12.04-17.25.37:204][400]LogModuleManager: Shutting down and abandoning module PluginBrowser (336)
[2018.12.04-17.25.37:204][400]LogModuleManager: Shutting down and abandoning module MobileLauncherProfileWizard (334)
[2018.12.04-17.25.37:204][400]LogModuleManager: Shutting down and abandoning module PolygonModeling (332)
[2018.12.04-17.25.37:204][400]LogModuleManager: Shutting down and abandoning module MeshEditor (330)
[2018.12.04-17.25.37:204][400]LogModuleManager: Shutting down and abandoning module CryptoKeysOpenSSL (328)
[2018.12.04-17.25.37:204][400]LogModuleManager: Shutting down and abandoning module CryptoKeys (326)
[2018.12.04-17.25.37:204][400]LogModuleManager: Shutting down and abandoning module VisualStudioSourceCodeAccess (324)
[2018.12.04-17.25.37:204][400]LogModuleManager: Shutting down and abandoning module VisualStudioCodeSourceCodeAccess (322)
[2018.12.04-17.25.37:204][400]LogModuleManager: Shutting down and abandoning module UObjectPlugin (320)
[2018.12.04-17.25.37:204][400]LogModuleManager: Shutting down and abandoning module SubversionSourceControl (318)
[2018.12.04-17.25.37:204][400]LogModuleManager: Shutting down and abandoning module PerforceSourceControl (316)
[2018.12.04-17.25.37:205][400]LogModuleManager: Shutting down and abandoning module GitSourceControl (314)
[2018.12.04-17.25.37:205][400]LogModuleManager: Shutting down and abandoning module SourceControl (313)
[2018.12.04-17.25.37:205][400]LogModuleManager: Shutting down and abandoning module CLionSourceCodeAccess (310)
[2018.12.04-17.25.37:205][400]LogModuleManager: Shutting down and abandoning module LightPropagationVolumeEditor (308)
[2018.12.04-17.25.37:205][400]LogModuleManager: Shutting down and abandoning module PaperTiledImporter (306)
[2018.12.04-17.25.37:205][400]LogModuleManager: Shutting down and abandoning module PaperSpriteSheetImporter (304)
[2018.12.04-17.25.37:206][400]LogModuleManager: Shutting down and abandoning module Paper2DEditor (302)
[2018.12.04-17.25.37:206][400]LogModuleManager: Shutting down and abandoning module MeshPaint (301)
[2018.12.04-17.25.37:206][400]LogModuleManager: Shutting down and abandoning module RuntimePhysXCooking (298)
[2018.12.04-17.25.37:206][400]LogModuleManager: Shutting down and abandoning module PhysXVehiclesEditor (296)
[2018.12.04-17.25.37:206][400]LogModuleManager: Shutting down and abandoning module PhysXVehicles (294)
[2018.12.04-17.25.37:206][400]LogModuleManager: Shutting down and abandoning module OculusEditor (292)
[2018.12.04-17.25.37:206][400]LogModuleManager: Shutting down and abandoning module LocationServicesBPLibrary (290)
[2018.12.04-17.25.37:206][400]LogModuleManager: Shutting down and abandoning module ImmediatePhysicsEditor (288)
[2018.12.04-17.25.37:206][400]LogModuleManager: Shutting down and abandoning module ImmediatePhysics (286)
[2018.12.04-17.25.37:206][400]LogModuleManager: Shutting down and abandoning module ActorSequence (284)
[2018.12.04-17.25.37:206][400]LogModuleManager: Shutting down and abandoning module UdpMessaging (282)
[2018.12.04-17.25.37:307][400]LogModuleManager: Shutting down and abandoning module TcpMessaging (280)
[2018.12.04-17.25.37:407][400]LogModuleManager: Shutting down and abandoning module MagicLeapAudio (278)
[2018.12.04-17.25.37:407][400]LogModuleManager: Shutting down and abandoning module GameplayTagsEditor (276)
[2018.12.04-17.25.37:407][400]LogModuleManager: Shutting down and abandoning module FacialAnimationEditor (274)
[2018.12.04-17.25.37:407][400]LogModuleManager: Shutting down and abandoning module FacialAnimation (272)
[2018.12.04-17.25.37:407][400]LogModuleManager: Shutting down and abandoning module DataValidation (270)
[2018.12.04-17.25.37:407][400]LogModuleManager: Shutting down and abandoning module AssetManagerEditor (268)
[2018.12.04-17.25.37:408][400]LogModuleManager: Shutting down and abandoning module LevelEditor (267)
[2018.12.04-17.25.37:409][400]LogModuleManager: Shutting down and abandoning module PixelInspectorModule (266)
[2018.12.04-17.25.37:409][400]LogModuleManager: Shutting down and abandoning module CommonMenuExtensions (264)
[2018.12.04-17.25.37:410][400]LogModuleManager: Shutting down and abandoning module MainFrame (262)
[2018.12.04-17.25.37:410][400]LogModuleManager: Shutting down and abandoning module HotReload (261)
[2018.12.04-17.25.37:411][400]LogModuleManager: Shutting down and abandoning module ContentBrowser (257)
[2018.12.04-17.25.37:414][400]LogModuleManager: Shutting down and abandoning module TreeMap (255)
[2018.12.04-17.25.37:414][400]LogModuleManager: Shutting down and abandoning module LightPropagationVolumeRuntime (252)
[2018.12.04-17.25.37:414][400]LogModuleManager: Shutting down and abandoning module AISupportModule (250)
[2018.12.04-17.25.37:414][400]LogModuleManager: Shutting down and abandoning module Paper2D (248)
[2018.12.04-17.25.37:414][400]LogModuleManager: Shutting down and abandoning module WindowsMoviePlayer (246)
[2018.12.04-17.25.37:414][400]LogModuleManager: Shutting down and abandoning module WmfMedia (244)
[2018.12.04-17.25.37:417][400]LogModuleManager: Shutting down and abandoning module Media (243)
[2018.12.04-17.25.37:424][400]LogModuleManager: Shutting down and abandoning module PacketHandler (240)
[2018.12.04-17.25.37:424][400]LogModuleManager: Shutting down and abandoning module ClothingSystemEditor (238)
[2018.12.04-17.25.37:424][400]LogModuleManager: Shutting down and abandoning module ClothingSystemRuntime (236)
[2018.12.04-17.25.37:424][400]LogModuleManager: Shutting down and abandoning module MediaAssets (234)
[2018.12.04-17.25.37:424][400]LogModuleManager: Shutting down and abandoning module Overlay (232)
[2018.12.04-17.25.37:424][400]LogModuleManager: Shutting down and abandoning module OverlayEditor (231)
[2018.12.04-17.25.37:425][400]LogModuleManager: Shutting down and abandoning module VREditor (228)
[2018.12.04-17.25.37:425][400]LogModuleManager: Shutting down and abandoning module StringTableEditor (226)
[2018.12.04-17.25.37:425][400]LogModuleManager: Shutting down and abandoning module GameplayTasksEditor (224)
[2018.12.04-17.25.37:425][400]LogModuleManager: Shutting down and abandoning module BehaviorTreeEditor (222)
[2018.12.04-17.25.37:425][400]LogModuleManager: Shutting down and abandoning module FunctionalTesting (220)
[2018.12.04-17.25.37:425][400]LogModuleManager: Shutting down and abandoning module CollisionAnalyzer (218)
[2018.12.04-17.25.37:425][400]LogModuleManager: Shutting down and abandoning module WorkspaceMenuStructure (217)
[2018.12.04-17.25.37:425][400]LogModuleManager: Shutting down and abandoning module UMG (214)
[2018.12.04-17.25.37:425][400]LogModuleManager: Shutting down and abandoning module UMGEditor (213)
[2018.12.04-17.25.37:425][400]LogModuleManager: Shutting down and abandoning module Sequencer (212)
[2018.12.04-17.25.37:426][400]LogModuleManager: Shutting down and abandoning module MessageLog (209)
[2018.12.04-17.25.37:426][400]LogModuleManager: Shutting down and abandoning module SlateReflector (204)
[2018.12.04-17.25.37:426][400]LogModuleManager: Shutting down and abandoning module Slate (202)
[2018.12.04-17.25.37:426][400]LogModuleManager: Shutting down and abandoning module EditorStyle (200)
[2018.12.04-17.25.37:431][400]LogModuleManager: Shutting down and abandoning module MRMesh (198)
[2018.12.04-17.25.37:431][400]LogModuleManager: Shutting down and abandoning module SourceCodeAccess (196)
[2018.12.04-17.25.37:432][400]LogModuleManager: Shutting down and abandoning module HeadMountedDisplay (194)
[2018.12.04-17.25.37:432][400]LogModuleManager: Shutting down and abandoning module XAudio2 (192)
[2018.12.04-17.25.37:432][400]LogModuleManager: Shutting down and abandoning module Networking (190)
[2018.12.04-17.25.37:432][400]LogModuleManager: Shutting down and abandoning module Core (188)
[2018.12.04-17.25.37:432][400]LogModuleManager: Shutting down and abandoning module LevelSequence (186)
[2018.12.04-17.25.37:432][400]LogModuleManager: Shutting down and abandoning module KismetCompiler (184)
[2018.12.04-17.25.37:432][400]LogModuleManager: Shutting down and abandoning module MeshUtilities (182)
[2018.12.04-17.25.37:432][400]LogModuleManager: Shutting down and abandoning module MeshMergeUtilities (181)
[2018.12.04-17.25.37:432][400]LogModuleManager: Shutting down and abandoning module MeshReductionInterface (180)
[2018.12.04-17.25.37:432][400]LogModuleManager: Shutting down and abandoning module SimplygonSwarm (179)
[2018.12.04-17.25.37:432][400]LogModuleManager: Shutting down and abandoning module ProxyLODMeshReduction (177)
[2018.12.04-17.25.37:433][400]LogModuleManager: Shutting down and abandoning module SimplygonMeshReduction (175)
[2018.12.04-17.25.37:433][400]LogModuleManager: Shutting down and abandoning module QuadricMeshReduction (173)
[2018.12.04-17.25.37:433][400]LogModuleManager: Shutting down and abandoning module MaterialBaking (169)
[2018.12.04-17.25.37:433][400]LogModuleManager: Shutting down and abandoning module DirectoryWatcher (165)
[2018.12.04-17.25.37:433][400]LogModuleManager: Shutting down and abandoning module DerivedDataCache (162)
[2018.12.04-17.25.37:456][400]LogDerivedDataCache: Shutdown
[2018.12.04-17.25.37:457][400]LogModuleManager: Shutting down and abandoning module XGEController (160)
[2018.12.04-17.25.37:457][400]LogModuleManager: Shutting down and abandoning module TargetPlatform (158)
[2018.12.04-17.25.37:457][400]LogModuleManager: Shutting down and abandoning module VulkanShaderFormat (157)
[2018.12.04-17.25.37:457][400]LogModuleManager: Shutting down and abandoning module ShaderFormatVectorVM (155)
[2018.12.04-17.25.37:457][400]LogModuleManager: Shutting down and abandoning module ShaderFormatOpenGL (153)
[2018.12.04-17.25.37:457][400]LogModuleManager: Shutting down and abandoning module ShaderFormatD3D (151)
[2018.12.04-17.25.37:457][400]LogModuleManager: Shutting down and abandoning module MetalShaderFormat (149)
[2018.12.04-17.25.37:457][400]LogModuleManager: Shutting down and abandoning module TextureFormatUncompressed (147)
[2018.12.04-17.25.37:457][400]LogModuleManager: Shutting down and abandoning module TextureFormatPVR (145)
[2018.12.04-17.25.37:457][400]LogModuleManager: Shutting down and abandoning module TextureFormatDXT (143)
[2018.12.04-17.25.37:457][400]LogModuleManager: Shutting down and abandoning module TextureFormatIntelISPCTexComp (141)
[2018.12.04-17.25.37:458][400]LogModuleManager: Shutting down and abandoning module TextureFormatASTC (139)
[2018.12.04-17.25.37:458][400]LogModuleManager: Shutting down and abandoning module ImageWrapper (138)
[2018.12.04-17.25.37:458][400]LogModuleManager: Shutting down and abandoning module TextureFormatAndroid (135)
[2018.12.04-17.25.37:458][400]LogModuleManager: Shutting down and abandoning module AudioFormatOpus (133)
[2018.12.04-17.25.37:458][400]LogModuleManager: Shutting down and abandoning module AudioFormatOgg (131)
[2018.12.04-17.25.37:458][400]LogModuleManager: Shutting down and abandoning module AudioFormatADPCM (129)
[2018.12.04-17.25.37:458][400]LogModuleManager: Shutting down and abandoning module LuminTargetPlatform (127)
[2018.12.04-17.25.37:458][400]LogModuleManager: Shutting down and abandoning module LinuxTargetPlatform (125)
[2018.12.04-17.25.37:458][400]LogModuleManager: Shutting down and abandoning module LinuxServerTargetPlatform (123)
[2018.12.04-17.25.37:458][400]LogModuleManager: Shutting down and abandoning module LinuxNoEditorTargetPlatform (121)
[2018.12.04-17.25.37:458][400]LogModuleManager: Shutting down and abandoning module LinuxClientTargetPlatform (119)
[2018.12.04-17.25.37:458][400]LogModuleManager: Shutting down and abandoning module TVOSTargetPlatform (117)
[2018.12.04-17.25.37:461][400]LogModuleManager: Shutting down and abandoning module Messaging (115)
[2018.12.04-17.25.37:461][400]LogModuleManager: Shutting down and abandoning module IOSTargetPlatform (113)
[2018.12.04-17.25.37:463][400]LogModuleManager: Shutting down and abandoning module HTML5TargetPlatform (111)
[2018.12.04-17.25.37:463][400]LogModuleManager: Shutting down and abandoning module AndroidTargetPlatform (109)
[2018.12.04-17.25.37:481][400]LogModuleManager: Shutting down and abandoning module WindowsTargetPlatform (107)
[2018.12.04-17.25.37:481][400]LogModuleManager: Shutting down and abandoning module WindowsServerTargetPlatform (105)
[2018.12.04-17.25.37:482][400]LogModuleManager: Shutting down and abandoning module WindowsNoEditorTargetPlatform (103)
[2018.12.04-17.25.37:482][400]LogModuleManager: Shutting down and abandoning module WindowsClientTargetPlatform (101)
[2018.12.04-17.25.37:482][400]LogModuleManager: Shutting down and abandoning module MacTargetPlatform (99)
[2018.12.04-17.25.37:482][400]LogModuleManager: Shutting down and abandoning module MacServerTargetPlatform (97)
[2018.12.04-17.25.37:482][400]LogModuleManager: Shutting down and abandoning module MacNoEditorTargetPlatform (95)
[2018.12.04-17.25.37:482][400]LogModuleManager: Shutting down and abandoning module MacClientTargetPlatform (93)
[2018.12.04-17.25.37:482][400]LogModuleManager: Shutting down and abandoning module AllDesktopTargetPlatform (91)
[2018.12.04-17.25.37:482][400]LogModuleManager: Shutting down and abandoning module InputCore (88)
[2018.12.04-17.25.37:483][400]LogModuleManager: Shutting down and abandoning module Settings (86)
[2018.12.04-17.25.37:483][400]LogModuleManager: Shutting down and abandoning module PhysXCooking (84)
[2018.12.04-17.25.37:483][400]LogModuleManager: Shutting down and abandoning module SteamVR (82)
[2018.12.04-17.25.37:483][400]LogModuleManager: Shutting down and abandoning module OculusHMD (80)
[2018.12.04-17.25.37:483][400]LogModuleManager: Shutting down and abandoning module ExampleDeviceProfileSelector (78)
[2018.12.04-17.25.37:483][400]LogModuleManager: Shutting down and abandoning module LauncherChunkInstaller (76)
[2018.12.04-17.25.37:483][400]LogModuleManager: Shutting down and abandoning module OnlineBlueprintSupport (74)
[2018.12.04-17.25.37:483][400]LogModuleManager: Shutting down and abandoning module OnlineSubsystem (70)
[2018.12.04-17.25.37:485][400]LogModuleManager: Shutting down and abandoning module XMPP (65)
[2018.12.04-17.25.37:485][400]LogModuleManager: Shutting down and abandoning module WebSockets (64)
[2018.12.04-17.25.37:523][400]LogModuleManager: Shutting down and abandoning module HTTP (61)
[2018.12.04-17.25.37:523][400]LogHttp: Display: Http module shutting down, but needs to wait on 1 outstanding Http requests:
[2018.12.04-17.25.37:523][400]LogHttp: Display: 	verb=[POST] url=[https://datarouter.ol.epicgames.com/datarouter/api/v1/public/data?SessionID=%7B7A7A3DC4-4C1B-43C5-1E7A-D9BF70996761%7D&AppID=UEEditor.Rocket.Release&AppVersion=4.20.3-4369336%2B%2B%2BUE4%2BRelease-4.20&UserID=1b836a8541e4df1be88ee2a6e129ea3d%7C835cbaeb50c74b04991c798a180951a6%7C2afbe74d-d8fd-4db2-92fe-f1d40ed015a7&AppEnvironment=datacollector-binary&UploadType=eteventstream] status=Processing
[2018.12.04-17.25.37:545][400]LogModuleManager: Shutting down and abandoning module SSL (60)
[2018.12.04-17.25.37:548][400]LogModuleManager: Shutting down and abandoning module MagicLeapEmulator (56)
[2018.12.04-17.25.37:548][400]LogModuleManager: Shutting down and abandoning module MagicLeapPrivileges (54)
[2018.12.04-17.25.37:549][400]LogModuleManager: Shutting down and abandoning module MagicLeapIdentity (52)
[2018.12.04-17.25.37:549][400]LogModuleManager: Shutting down and abandoning module MagicLeapHelperVulkan (50)
[2018.12.04-17.25.37:549][400]LogModuleManager: Shutting down and abandoning module MagicLeapHelperOpenGL (48)
[2018.12.04-17.25.37:549][400]LogModuleManager: Shutting down and abandoning module MagicLeapSecureStorage (46)
[2018.12.04-17.25.37:549][400]LogModuleManager: Shutting down and abandoning module MagicLeapGestures (44)
[2018.12.04-17.25.37:549][400]LogModuleManager: Shutting down and abandoning module MagicLeapEyeTracker (42)
[2018.12.04-17.25.37:549][400]LogModuleManager: Shutting down and abandoning module MagicLeapController (40)
[2018.12.04-17.25.37:549][400]LogSlate: Slate User Destroyed.  User Index 0, Is Virtual User: 0
[2018.12.04-17.25.37:549][400]LogModuleManager: Shutting down and abandoning module MagicLeap (38)
[2018.12.04-17.25.37:550][400]LogModuleManager: Shutting down and abandoning module AnimationModifiers (36)
[2018.12.04-17.25.37:550][400]LogModuleManager: Shutting down and abandoning module PropertyEditor (35)
[2018.12.04-17.25.37:550][400]LogModuleManager: Shutting down and abandoning module AudioEditor (32)
[2018.12.04-17.25.37:550][400]LogModuleManager: Shutting down and abandoning module TextureCompressor (30)
[2018.12.04-17.25.37:551][400]LogModuleManager: Shutting down and abandoning module ShaderCore (28)
[2018.12.04-17.25.37:551][400]LogModuleManager: Shutting down and abandoning module Landscape (26)
[2018.12.04-17.25.37:551][400]LogModuleManager: Shutting down and abandoning module SlateRHIRenderer (24)
[2018.12.04-17.25.37:552][400]LogModuleManager: Shutting down and abandoning module OpenGLDrv (22)
[2018.12.04-17.25.37:552][400]LogModuleManager: Shutting down and abandoning module D3D11RHI (20)
[2018.12.04-17.25.37:552][400]LogModuleManager: Shutting down and abandoning module AnimGraphRuntime (18)
[2018.12.04-17.25.37:553][400]LogModuleManager: Shutting down and abandoning module Renderer (16)
[2018.12.04-17.25.37:553][400]LogModuleManager: Shutting down and abandoning module Engine (14)
[2018.12.04-17.25.37:553][400]LogModuleManager: Shutting down and abandoning module CoreUObject (12)
[2018.12.04-17.25.37:553][400]LogModuleManager: Shutting down and abandoning module NetworkFile (10)
[2018.12.04-17.25.37:553][400]LogModuleManager: Shutting down and abandoning module CookedIterativeFile (8)
[2018.12.04-17.25.37:553][400]LogModuleManager: Shutting down and abandoning module StreamingFile (6)
[2018.12.04-17.25.37:553][400]LogModuleManager: Shutting down and abandoning module SandboxFile (4)
[2018.12.04-17.25.37:553][400]LogModuleManager: Shutting down and abandoning module PakFile (2)
[2018.12.04-17.25.37:565][400]LogExit: Exiting.
[2018.12.04-17.25.37:570][400]Log file closed, 12/04/18 12:25:37
