Log file open, 10/03/18 18:04:42
LogWindows: Failed to load 'aqProf.dll' (GetLastError=126)
LogWindows: File 'aqProf.dll' does not exist
LogWindows: Failed to load 'VSPerf140.dll' (GetLastError=126)
LogWindows: File 'VSPerf140.dll' does not exist
LogWindows: Failed to load 'VtuneApi.dll' (GetLastError=126)
LogWindows: File 'VtuneApi.dll' does not exist
LogWindows: Failed to load 'VtuneApi32e.dll' (GetLastError=126)
LogWindows: File 'VtuneApi32e.dll' does not exist
LogInit: Display: Running engine for game: CastleRavenloft
LogPlatformFile: Not using cached read wrapper
LogTaskGraph: Started task graph with 5 named threads and 23 total threads with 3 sets of task threads.
LogStats: Stats thread started at 0.244635
LogD3D11RHI: Loaded GFSDK_Aftermath_Lib.x64.dll
LogICUInternationalization: Display: ICU TimeZone Detection - Raw Offset: -5:00, Platform Override: ''
LogPluginManager: Mounting plugin Paper2D
LogPluginManager: Mounting plugin AISupport
LogPluginManager: Mounting plugin LightPropagationVolume
LogPluginManager: Mounting plugin CLionSourceCodeAccess
LogPluginManager: Mounting plugin CodeLiteSourceCodeAccess
LogPluginManager: Mounting plugin GitSourceControl
LogPluginManager: Mounting plugin KDevelopSourceCodeAccess
LogPluginManager: Mounting plugin NullSourceCodeAccess
LogPluginManager: Mounting plugin PerforceSourceControl
LogPluginManager: Mounting plugin SubversionSourceControl
LogPluginManager: Mounting plugin UObjectPlugin
LogPluginManager: Mounting plugin VisualStudioCodeSourceCodeAccess
LogPluginManager: Mounting plugin VisualStudioSourceCodeAccess
LogPluginManager: Mounting plugin XCodeSourceCodeAccess
LogPluginManager: Mounting plugin AssetManagerEditor
LogPluginManager: Mounting plugin CryptoKeys
LogPluginManager: Mounting plugin DataValidation
LogPluginManager: Mounting plugin FacialAnimation
LogPluginManager: Mounting plugin GameplayTagsEditor
LogPluginManager: Mounting plugin MacGraphicsSwitching
LogPluginManager: Mounting plugin MeshEditor
LogPluginManager: Mounting plugin MobileLauncherProfileWizard
LogPluginManager: Mounting plugin PluginBrowser
LogPluginManager: Mounting plugin SpeedTreeImporter
LogPluginManager: Mounting plugin DatasmithContent
LogPluginManager: Mounting plugin AlembicImporter
LogPluginManager: Mounting plugin AppleImageUtils
LogPluginManager: Mounting plugin AppleVision
LogPluginManager: Mounting plugin BackChannel
LogPluginManager: Mounting plugin CharacterAI
LogPluginManager: Mounting plugin GeometryCache
LogPluginManager: Mounting plugin HTML5Networking
LogPluginManager: Mounting plugin ProxyLODPlugin
LogPluginManager: Mounting plugin MagicLeap
LogPluginManager: Mounting plugin MagicLeapEmulator
LogPluginManager: Mounting plugin MagicLeapMedia
LogPluginManager: Mounting plugin AndroidMedia
LogPluginManager: Mounting plugin AvfMedia
LogPluginManager: Mounting plugin ImgMedia
LogPluginManager: Mounting plugin LinearTimecode
LogPluginManager: Mounting plugin MediaCompositing
LogPluginManager: Mounting plugin MediaPlayerEditor
LogPluginManager: Mounting plugin WmfMedia
LogPluginManager: Mounting plugin TcpMessaging
LogPluginManager: Mounting plugin UdpMessaging
LogPluginManager: Mounting plugin ActorSequence
LogPluginManager: Mounting plugin LevelSequenceEditor
LogPluginManager: Mounting plugin MatineeToLevelSequence
LogPluginManager: Mounting plugin NetcodeUnitTest
LogPluginManager: Mounting plugin NUTUnrealEngine4
LogPluginManager: Mounting plugin OnlineSubsystemGooglePlay
LogPluginManager: Mounting plugin OnlineSubsystemIOS
LogPluginManager: Mounting plugin OnlineSubsystem
LogPluginManager: Mounting plugin OnlineSubsystemNull
LogPluginManager: Mounting plugin OnlineSubsystemUtils
LogPluginManager: Mounting plugin LauncherChunkInstaller
LogPluginManager: Mounting plugin AndroidDeviceProfileSelector
LogPluginManager: Mounting plugin AndroidMoviePlayer
LogPluginManager: Mounting plugin AndroidPermission
LogPluginManager: Mounting plugin AppleMoviePlayer
LogPluginManager: Mounting plugin ArchVisCharacter
LogPluginManager: Mounting plugin AudioCapture
LogPluginManager: Mounting plugin CableComponent
LogPluginManager: Mounting plugin CustomMeshComponent
LogPluginManager: Mounting plugin EditableMesh
LogPluginManager: Mounting plugin ExampleDeviceProfileSelector
LogPluginManager: Mounting plugin GoogleCloudMessaging
LogPluginManager: Mounting plugin ImmediatePhysics
LogPluginManager: Mounting plugin IOSDeviceProfileSelector
LogPluginManager: Mounting plugin LinuxDeviceProfileSelector
LogPluginManager: Mounting plugin LocationServicesBPLibrary
LogPluginManager: Mounting plugin MobilePatchingUtils
LogPluginManager: Mounting plugin OculusVR
LogPluginManager: Plugin shader directory ../../../Engine/Plugins/Runtime/Oculus/OculusVR/Shaders found
LogPluginManager: Mapping shader source directory ../../../Engine/Plugins/Runtime/Oculus/OculusVR/Shaders to virtual directory /Plugin/OculusVR
LogPluginManager: Mounting plugin PhysXVehicles
LogPluginManager: Mounting plugin ProceduralMeshComponent
LogPluginManager: Mounting plugin RuntimePhysXCooking
LogPluginManager: Mounting plugin SteamVR
LogPluginManager: Mounting plugin WindowsMoviePlayer
LogStreaming: Display: Took  0.086s to configure plugins.
LogInit: Using libcurl 7.55.1-DEV
LogInit:  - built for x86_64-pc-win32
LogInit:  - supports SSL with OpenSSL/1.0.2h
LogInit:  - supports HTTP deflate (compression) using libz 1.2.8
LogInit:  - other features:
LogInit:      CURL_VERSION_SSL
LogInit:      CURL_VERSION_LIBZ
LogInit:      CURL_VERSION_IPV6
LogInit:      CURL_VERSION_ASYNCHDNS
LogInit:      CURL_VERSION_LARGEFILE
LogInit:      CURL_VERSION_IDN
LogInit:  CurlRequestOptions (configurable via config and command line):
LogInit:  - bVerifyPeer = false  - Libcurl will NOT verify peer certificate
LogInit:  - bUseHttpProxy = false  - Libcurl will NOT use HTTP proxy
LogInit:  - bDontReuseConnections = false  - Libcurl will reuse connections
LogInit:  - CertBundlePath = nullptr  - Libcurl will use whatever was configured at build time.
LogInit:  - MaxHostConnections = 16  - Libcurl will limit the number of connections to a host
LogInit:  - LocalHostAddr = Default
LogInit:  - BufferSize = 65536
LogInit: WinSock: version 1.1 (2.2), MaxSocks=32767, MaxUdp=65467
LogInit: Build: ++UE4+Release-4.20-CL-4369336
LogInit: Engine Version: 4.20.3-4369336+++UE4+Release-4.20
LogInit: Compatible Engine Version: 4.20.0-4212847+++UE4+Release-4.20
LogInit: Net CL: 4212847
LogInit: OS: Windows 7 (Service Pack 1), CPU: Intel(R) Core(TM) i7-4770K CPU @ 3.50GHz, GPU: NVIDIA GeForce GTX 760
LogInit: Compiled (64-bit): Sep 17 2018 12:26:19
LogInit: Compiled with Visual C++: 19.13.26129.00
LogInit: Build Configuration: Development
LogInit: Branch Name: ++UE4+Release-4.20
LogInit: Command Line: -EpicPortal 
LogInit: Base Directory: D:/Paragon/UE_4.20/Engine/Binaries/Win64/
LogInit: Installed Engine Build: 1
LogDevObjectVersion: Number of dev versions registered: 20
LogDevObjectVersion:   Dev-Blueprints (B0D832E4-1F89-4F0D-ACCF-7EB736FD4AA2): 10
LogDevObjectVersion:   Dev-Build (E1C64328-A22C-4D53-A36C-8E866417BD8C): 0
LogDevObjectVersion:   Dev-Core (375EC13C-06E4-48FB-B500-84F0262A717E): 2
LogDevObjectVersion:   Dev-Editor (E4B068ED-F494-42E9-A231-DA0B2E46BB41): 24
LogDevObjectVersion:   Dev-Framework (CFFC743F-43B0-4480-9391-14DF171D2073): 34
LogDevObjectVersion:   Dev-Mobile (B02B49B5-BB20-44E9-A304-32B752E40360): 2
LogDevObjectVersion:   Dev-Networking (A4E4105C-59A1-49B5-A7C5-40C4547EDFEE): 0
LogDevObjectVersion:   Dev-Online (39C831C9-5AE6-47DC-9A44-9C173E1C8E7C): 0
LogDevObjectVersion:   Dev-Physics (78F01B33-EBEA-4F98-B9B4-84EACCB95AA2): 0
LogDevObjectVersion:   Dev-Platform (6631380F-2D4D-43E0-8009-CF276956A95A): 0
LogDevObjectVersion:   Dev-Rendering (12F88B9F-8875-4AFC-A67C-D90C383ABD29): 26
LogDevObjectVersion:   Dev-Sequencer (7B5AE74C-D270-4C10-A958-57980B212A5A): 9
LogDevObjectVersion:   Dev-VR (D7296918-1DD6-4BDD-9DE2-64A83CC13884): 2
LogDevObjectVersion:   Dev-LoadTimes (C2A15278-BFE7-4AFE-6C17-90FF531DF755): 1
LogDevObjectVersion:   Private-Geometry (6EACA3D4-40EC-4CC1-B786-8BED09428FC5): 3
LogDevObjectVersion:   Dev-AnimPhys (29E575DD-E0A3-4627-9D10-D276232CDCEA): 17
LogDevObjectVersion:   Dev-ReflectionCapture (6B266CEC-1EC7-4B8F-A30B-E4D90942FC07): 1
LogDevObjectVersion:   Dev-Automation (0DF73D61-A23F-47EA-B727-89E90C41499A): 1
LogDevObjectVersion:   FortniteMain (601D1886-AC64-4F84-AA16-D3DE0DEAC7D6): 12
LogDevObjectVersion:   Dev-Enterprise (9DFFBCD6-494F-0158-E221-12823C92A888): 1
LogStreaming: Display: Took  0.002s to delete old logs.
LogInit: Presizing for max 8388607 objects, including 0 objects not considered by GC, pre-allocating 0 bytes for permanent pool.
LogInit: Object subsystem initialized
[2018.10.03-22.04.42:286][  0]LogInit: Selected Device Profile: [Windows]
[2018.10.03-22.04.42:286][  0]LogInit: Applying CVar settings loaded from the selected device profile: [Windows]
[2018.10.03-22.04.42:300][  0]LogHAL: Display: Platform has ~ 16 GB [17114591232 / 17179869184 / 16], which maps to Larger [LargestMinGB=32, LargerMinGB=12, DefaultMinGB=8, SmallerMinGB=6, SmallestMinGB=0)
[2018.10.03-22.04.42:300][  0]LogInit: Setting Device Profile CVar: [[r.Vulkan.UseRealUBs:1]]
[2018.10.03-22.04.42:300][  0]LogInit: Going up to parent DeviceProfile []
[2018.10.03-22.04.42:300][  0]LogInit: Computer: SEAN-PC
[2018.10.03-22.04.42:300][  0]LogInit: User: Sean
[2018.10.03-22.04.42:300][  0]LogInit: CPU Page size=4096, Cores=4
[2018.10.03-22.04.42:300][  0]LogInit: High frequency timer resolution =3.423935 MHz
[2018.10.03-22.04.42:300][  0]LogMemory: Memory total: Physical=15.9GB (16GB approx)
[2018.10.03-22.04.42:300][  0]LogMemory: Platform Memory Stats for Windows
[2018.10.03-22.04.42:300][  0]LogMemory: Process Physical Memory: 102.83 MB used, 102.83 MB peak
[2018.10.03-22.04.42:300][  0]LogMemory: Process Virtual Memory: 94.05 MB used, 94.05 MB peak
[2018.10.03-22.04.42:300][  0]LogMemory: Physical Memory: 7802.64 MB used,  8519.11 MB free, 16321.75 MB total
[2018.10.03-22.04.42:300][  0]LogMemory: Virtual Memory: 487.68 MB used,  8519.11 MB free, 8388608.00 MB total
[2018.10.03-22.04.42:333][  0]LogInit: Using OS detected language (en-US).
[2018.10.03-22.04.42:333][  0]LogInit: Using OS detected locale (en-US).
[2018.10.03-22.04.42:333][  0]LogTextLocalizationManager: No specific localization for 'en-US' exists, so the 'en' localization will be used.
[2018.10.03-22.04.42:648][  0]LogStreaming: Display: Took  0.315s to InitEngineTextLocalization.
[2018.10.03-22.04.42:648][  0]LogWindows: Failed to load 'shcore.dll' (GetLastError=126)
[2018.10.03-22.04.42:648][  0]LogWindows: File 'shcore.dll' does not exist
[2018.10.03-22.04.42:648][  0]LogInit: Setting process to DPI aware
[2018.10.03-22.04.42:690][  0]LogSlate: New Slate User Created.  User Index 0, Is Virtual User: 0
[2018.10.03-22.04.42:690][  0]LogSlate: Slate User Registered.  User Index 0, Is Virtual User: 0
[2018.10.03-22.04.42:827][  0]LogHMD: Failed to initialize OpenVR with code 110
[2018.10.03-22.04.42:827][  0]LogD3D11RHI: D3D11 adapters:
[2018.10.03-22.04.42:864][  0]LogD3D11RHI:    0. 'NVIDIA GeForce GTX 760' (Feature Level 11_0)
[2018.10.03-22.04.42:864][  0]LogD3D11RHI:       1979/0/7904 MB DedicatedVideo/DedicatedSystem/SharedSystem, Outputs:2, VendorId:0x10de
[2018.10.03-22.04.42:864][  0]LogD3D11RHI: Chosen D3D11 Adapter: 0
[2018.10.03-22.04.42:869][  0]LogD3D11RHI: Creating new Direct3DDevice
[2018.10.03-22.04.42:869][  0]LogD3D11RHI:     GPU DeviceId: 0x1187 (for the marketing name, search the web for "GPU Device Id")
[2018.10.03-22.04.42:869][  0]LogWindows: EnumDisplayDevices:
[2018.10.03-22.04.42:869][  0]LogWindows:    0. 'NVIDIA GeForce GTX 760' (P:1 D:1)
[2018.10.03-22.04.42:870][  0]LogWindows:    1. 'NVIDIA GeForce GTX 760' (P:0 D:1)
[2018.10.03-22.04.42:870][  0]LogWindows:    2. 'NVIDIA GeForce GTX 760' (P:0 D:0)
[2018.10.03-22.04.42:870][  0]LogWindows:    3. 'NVIDIA GeForce GTX 760' (P:0 D:0)
[2018.10.03-22.04.42:870][  0]LogWindows:    4. 'RDPDD Chained DD' (P:0 D:0)
[2018.10.03-22.04.42:870][  0]LogWindows:    5. 'RDP Encoder Mirror Driver' (P:0 D:0)
[2018.10.03-22.04.42:870][  0]LogWindows:    6. 'RDP Reflector Display Driver' (P:0 D:0)
[2018.10.03-22.04.42:870][  0]LogWindows: DebugString: GetVideoDriverDetailsInvalid PrimaryIsNotTheChoosenAdapter GetVideoDriverDetailsInvalid PrimaryIsNotTheChoosenAdapter GetVideoDriverDetailsInvalid PrimaryIsNotTheChoosenAdapter FoundDriverCount:4 
[2018.10.03-22.04.42:870][  0]LogD3D11RHI:     Adapter Name: NVIDIA GeForce GTX 760
[2018.10.03-22.04.42:870][  0]LogD3D11RHI:   Driver Version: 398.82 (internal:24.21.13.9882, unified:398.82)
[2018.10.03-22.04.42:870][  0]LogD3D11RHI:      Driver Date: 7-30-2018
[2018.10.03-22.04.42:870][  0]LogRHI: Texture pool is 1385 MB (70% of 1979 MB)
[2018.10.03-22.04.42:897][  0]LogD3D11RHI: Async texture creation enabled
[2018.10.03-22.04.42:927][  0]LogD3D11RHI: GPU Timing Frequency: 1000.000000 (Debug: 2 2)
[2018.10.03-22.04.42:975][  0]LogShaderCompilers: Guid format shader working directory is -14 characters bigger than the processId version (C:/Users/Sean/Desktop/Colab/CastleRavenloft/CastleRavenloft/Intermediate/Shaders/WorkingDirectory/9984/).
[2018.10.03-22.04.42:975][  0]LogShaderCompilers: Cleaned the shader compiler working directory 'C:/Users/Sean/AppData/Local/Temp/UnrealShaderWorkingDir/AE8CB99F4DF0E107A9D42E8C4A25C154/'.
[2018.10.03-22.04.43:164][  0]LogTemp: Display: Loaded TP AllDesktopTargetPlatform
[2018.10.03-22.04.43:175][  0]LogTemp: Display: Loaded TP MacClientTargetPlatform
[2018.10.03-22.04.43:186][  0]LogTemp: Display: Loaded TP MacNoEditorTargetPlatform
[2018.10.03-22.04.43:197][  0]LogTemp: Display: Loaded TP MacServerTargetPlatform
[2018.10.03-22.04.43:209][  0]LogTemp: Display: Loaded TP MacTargetPlatform
[2018.10.03-22.04.43:221][  0]LogTemp: Display: Loaded TP WindowsClientTargetPlatform
[2018.10.03-22.04.43:232][  0]LogTemp: Display: Loaded TP WindowsNoEditorTargetPlatform
[2018.10.03-22.04.43:243][  0]LogTemp: Display: Loaded TP WindowsServerTargetPlatform
[2018.10.03-22.04.43:249][  0]LogTemp: Display: Loaded TP WindowsTargetPlatform
[2018.10.03-22.04.43:312][  0]LogTemp: Display: Loaded TP AndroidTargetPlatform
[2018.10.03-22.04.43:312][  0]LogTemp: Display: Loaded TP AndroidTargetPlatform
[2018.10.03-22.04.43:312][  0]LogTemp: Display: Loaded TP AndroidTargetPlatform
[2018.10.03-22.04.43:312][  0]LogTemp: Display: Loaded TP AndroidTargetPlatform
[2018.10.03-22.04.43:312][  0]LogTemp: Display: Loaded TP AndroidTargetPlatform
[2018.10.03-22.04.43:312][  0]LogTemp: Display: Loaded TP AndroidTargetPlatform
[2018.10.03-22.04.43:312][  0]LogTemp: Display: Loaded TP AndroidTargetPlatform
[2018.10.03-22.04.43:312][  0]LogTemp: Display: Loaded TP AndroidTargetPlatform
[2018.10.03-22.04.43:312][  0]LogTemp: Display: Loaded TP AndroidTargetPlatform
[2018.10.03-22.04.43:312][  0]LogTemp: Display: Loaded TP AndroidTargetPlatform
[2018.10.03-22.04.43:312][  0]LogTemp: Display: Loaded TP AndroidTargetPlatform
[2018.10.03-22.04.43:312][  0]LogTemp: Display: Loaded TP AndroidTargetPlatform
[2018.10.03-22.04.43:312][  0]LogTemp: Display: Loaded TP AndroidTargetPlatform
[2018.10.03-22.04.43:312][  0]LogTemp: Display: Loaded TP AndroidTargetPlatform
[2018.10.03-22.04.43:312][  0]LogTemp: Display: Loaded TP AndroidTargetPlatform
[2018.10.03-22.04.43:312][  0]LogTemp: Display: Loaded TP AndroidTargetPlatform
[2018.10.03-22.04.43:312][  0]LogTemp: Display: Loaded TP AndroidTargetPlatform
[2018.10.03-22.04.43:312][  0]LogTemp: Display: Loaded TP AndroidTargetPlatform
[2018.10.03-22.04.43:314][  0]LogTemp: Display: Loaded TP HTML5TargetPlatform
[2018.10.03-22.04.43:368][  0]LogTemp: Display: Loaded TP IOSTargetPlatform
[2018.10.03-22.04.43:368][  0]LogTemp: Display: Loaded TP IOSTargetPlatform
[2018.10.03-22.04.43:388][  0]LogTemp: Display: Loaded TP TVOSTargetPlatform
[2018.10.03-22.04.43:388][  0]LogTemp: Display: Loaded TP TVOSTargetPlatform
[2018.10.03-22.04.43:399][  0]LogTemp: Display: Loaded TP LinuxClientTargetPlatform
[2018.10.03-22.04.43:410][  0]LogTemp: Display: Loaded TP LinuxNoEditorTargetPlatform
[2018.10.03-22.04.43:421][  0]LogTemp: Display: Loaded TP LinuxServerTargetPlatform
[2018.10.03-22.04.43:432][  0]LogTemp: Display: Loaded TP LinuxTargetPlatform
[2018.10.03-22.04.43:440][  0]LogTemp: Display: Loaded TP LuminTargetPlatform
[2018.10.03-22.04.43:440][  0]LogTargetPlatformManager: Display: Building Assets For Windows
[2018.10.03-22.04.43:493][  0]LogXGEController: Cannot use XGE Controller as Incredibuild is not installed on this machine.
[2018.10.03-22.04.43:493][  0]LogShaderCompilers: Cannot use XGE Shader Compiler as Incredibuild is not installed on this machine.
[2018.10.03-22.04.43:493][  0]LogShaderCompilers: Display: Using Local Shader Compiler.
[2018.10.03-22.04.44:063][  0]LogDerivedDataCache: Display: Max Cache Size: 512 MB
[2018.10.03-22.04.44:128][  0]LogDerivedDataCache: Loaded boot cache 0.06s 71MB C:/Users/Sean/AppData/Local/UnrealEngine/4.20/DerivedDataCache/Boot.ddc.
[2018.10.03-22.04.44:128][  0]LogDerivedDataCache: Display: Loaded Boot cache: C:/Users/Sean/AppData/Local/UnrealEngine/4.20/DerivedDataCache/Boot.ddc
[2018.10.03-22.04.44:128][  0]LogDerivedDataCache: FDerivedDataBackendGraph:  Pak pak cache file C:/Users/Sean/Desktop/Colab/CastleRavenloft/CastleRavenloft/DerivedDataCache/DDC.ddp not found, will not use a pak cache.
[2018.10.03-22.04.44:128][  0]LogDerivedDataCache: Unable to find inner node Pak for hierarchical cache Hierarchy.
[2018.10.03-22.04.44:128][  0]LogDerivedDataCache: FDerivedDataBackendGraph:  CompressedPak pak cache file C:/Users/Sean/Desktop/Colab/CastleRavenloft/CastleRavenloft/DerivedDataCache/Compressed.ddp not found, will not use a pak cache.
[2018.10.03-22.04.44:128][  0]LogDerivedDataCache: Unable to find inner node CompressedPak for hierarchical cache Hierarchy.
[2018.10.03-22.04.44:141][  0]LogDerivedDataCache: Display: Pak cache opened for reading ../../../Engine/DerivedDataCache/Compressed.ddp.
[2018.10.03-22.04.44:152][  0]LogDerivedDataCache: Using Local data cache path C:/Users/Sean/AppData/Local/UnrealEngine/Common/DerivedDataCache: Writable
[2018.10.03-22.04.44:152][  0]LogDerivedDataCache: Shared data cache path not found in *engine.ini, will not use an Shared cache.
[2018.10.03-22.04.44:152][  0]LogDerivedDataCache: Unable to find inner node Shared for hierarchical cache Hierarchy.
[2018.10.03-22.04.44:169][  0]LogMaterial: Verifying Global Shaders for PCD3D_SM5
[2018.10.03-22.04.44:170][  0]LogSlate: Using FreeType 2.6.0
[2018.10.03-22.04.44:170][  0]LogSlate: SlateFontServices - WITH_FREETYPE: 1, WITH_HARFBUZZ: 1
[2018.10.03-22.04.44:233][  0]LogAssetRegistry: FAssetRegistry took 0.0232 seconds to start up
[2018.10.03-22.04.44:483][  0]LogInit: Selected Device Profile: [Windows]
[2018.10.03-22.04.44:593][  0]LogSimplygon: Simplygon DLL not present - disabling.
[2018.10.03-22.04.44:598][  0]LogMeshReduction: Using SimplygonSwarm for distributed automatic mesh merging
[2018.10.03-22.04.44:598][  0]LogMeshReduction: Using ProxyLODMeshReduction for automatic mesh merging
[2018.10.03-22.04.44:598][  0]LogMeshReduction: Using QuadricMeshReduction for automatic static mesh reduction
[2018.10.03-22.04.44:598][  0]LogMeshReduction: No automatic skeletal mesh reduction module available
[2018.10.03-22.04.44:616][  0]LogNetVersion: CastleRavenloft 1.0.0, NetCL: 4212847, EngineNetVer: 5, GameNetVer: 0 (Checksum: 37006697)
[2018.10.03-22.04.45:065][  0]LogPackageLocalizationCache: Processed 11 localized package path(s) for 2 prioritized culture(s) in 0.101417 seconds
[2018.10.03-22.04.45:071][  0]LogUObjectArray: 38425 objects as part of root set at end of initial load.
[2018.10.03-22.04.45:071][  0]LogUObjectAllocator: 6690864 out of 0 bytes used by permanent object pool.
[2018.10.03-22.04.45:071][  0]LogUObjectArray: CloseDisregardForGC: 0/0 objects in disregard for GC pool
[2018.10.03-22.04.45:764][  0]LogTcpMessaging: Initializing TcpMessaging bridge
[2018.10.03-22.04.45:777][  0]LogUdpMessaging: Initializing bridge on interface 0.0.0.0:0 to multicast group 230.0.0.1:6666.
[2018.10.03-22.04.45:915][  0]SourceControl: Source control is disabled
[2018.10.03-22.04.45:915][  0]SourceControl: Source control is disabled
[2018.10.03-22.04.45:918][  0]SourceControl: Source control is disabled
[2018.10.03-22.04.45:919][  0]SourceControl: Source control is disabled
[2018.10.03-22.04.46:097][  0]LogAndroidPermission: UAndroidPermissionCallbackProxy::GetInstance
[2018.10.03-22.04.46:182][  0]LogOcInput: OculusInput pre-init called
[2018.10.03-22.04.46:237][  0]LogEngine: Initializing Engine...
[2018.10.03-22.04.46:238][  0]LogHMD: Failed to initialize OpenVR with code 110
[2018.10.03-22.04.46:239][  0]LogStats: UGameplayTagsManager::ConstructGameplayTagTree: ImportINI prefixes -  0.000 s
[2018.10.03-22.04.46:239][  0]LogStats: UGameplayTagsManager::ConstructGameplayTagTree: Construct from data asset -  0.000 s
[2018.10.03-22.04.46:239][  0]LogStats: UGameplayTagsManager::ConstructGameplayTagTree: ImportINI -  0.000 s
[2018.10.03-22.04.46:239][  0]LogStats: UGameplayTagsManager::ConstructGameplayTagTree: GameplayTagTreeChangedEvent.Broadcast -  0.000 s
[2018.10.03-22.04.46:469][  0]LogInit: Initializing FReadOnlyCVARCache
[2018.10.03-22.04.46:481][  0]LogAIModule: Creating AISystem for world Untitled
[2018.10.03-22.04.46:502][  0]LogInit: XAudio2 using 'Acer H236HL (NVIDIA High Definition Audio)' : 2 channels at 48 kHz using 16 bits per sample (channel mask 0x3)
[2018.10.03-22.04.46:523][  0]LogInit: FAudioDevice initialized.
[2018.10.03-22.04.46:523][  0]LogNetVersion: Set ProjectVersion to 1.0.0.0. Version Checksum will be recalculated on next use.
[2018.10.03-22.04.46:625][  0]LogDerivedDataCache: Saved boot cache 0.10s 71MB C:/Users/Sean/AppData/Local/UnrealEngine/4.20/DerivedDataCache/Boot.ddc.
[2018.10.03-22.04.46:628][  0]LogInit: Texture streaming: Enabled
[2018.10.03-22.04.46:646][  0]LogEngineSessionManager: EngineSessionManager initialized
[2018.10.03-22.04.46:654][  0]LogInit: Transaction tracking system initialized
[2018.10.03-22.04.46:674][  0]BlueprintLog: New page: Editor Load
[2018.10.03-22.04.46:769][  0]LocalizationService: Localization service is disabled
[2018.10.03-22.04.47:037][  0]LogCook: Display: Max memory allowance for cook 16384mb min free memory 0mb
[2018.10.03-22.04.47:037][  0]LogCook: Display: Mobile HDR setting 1
[2018.10.03-22.04.47:037][  0]LogGameplayTags: Display: UGameplayTagsManager::DoneAddingNativeTags. DelegateIsBound: 0
[2018.10.03-22.04.47:037][  0]LogStats: UGameplayTagsManager::ConstructGameplayTagTree: ImportINI prefixes -  0.000 s
[2018.10.03-22.04.47:037][  0]LogStats: UGameplayTagsManager::ConstructGameplayTagTree: Construct from data asset -  0.000 s
[2018.10.03-22.04.47:037][  0]LogStats: UGameplayTagsManager::ConstructGameplayTagTree: ImportINI -  0.000 s
[2018.10.03-22.04.47:037][  0]LogStats: UGameplayTagsManager::ConstructGameplayTagTree: GameplayTagTreeChangedEvent.Broadcast -  0.000 s
[2018.10.03-22.04.47:066][  0]LogFileCache: Scanning file cache for directory 'C:/Users/Sean/Desktop/Colab/CastleRavenloft/CastleRavenloft/Content/' took 0.01s
[2018.10.03-22.04.47:169][  0]SourceControl: Source control is disabled
[2018.10.03-22.04.47:169][  0]Cmd: MAP LOAD FILE="C:/Users/Sean/Desktop/Colab/CastleRavenloft/CastleRavenloft/Content/CastleMap.umap" TEMPLATE=0 SHOWPROGRESS=1 FEATURELEVEL=3
[2018.10.03-22.04.47:170][  0]LightingResults: New page: Lighting Build
[2018.10.03-22.04.47:172][  0]MapCheck: New page: Map Check
[2018.10.03-22.04.47:172][  0]LightingResults: New page: Lighting Build
[2018.10.03-22.04.48:077][  0]LogLinker: Warning: Can't find file '/Game/CastleMap_BuiltData'
[2018.10.03-22.04.48:077][  0]LogLinker: Warning: Can't find file for asset '/Game/CastleMap_BuiltData' while loading C:/Users/Sean/Desktop/Colab/CastleRavenloft/CastleRavenloft/Content/CastleMap.umap.
[2018.10.03-22.04.48:077][  0]LoadErrors: Error: /Game/CastleMap : Can't find file for asset. /Game/CastleMap_BuiltData
[2018.10.03-22.04.48:079][  0]LogLinker: Warning: Can't find file '/Game/CastleMap_BuiltData'
[2018.10.03-22.04.48:079][  0]LogLinker: Warning: Can't find file for asset '/Game/CastleMap_BuiltData' while loading C:/Users/Sean/Desktop/Colab/CastleRavenloft/CastleRavenloft/Content/CastleMap.umap.
[2018.10.03-22.04.48:079][  0]LoadErrors: Error: /Game/CastleMap : Can't find file for asset. /Game/CastleMap_BuiltData
[2018.10.03-22.04.48:080][  0]LogLinker: Warning: Can't find file '/Game/CastleMap_BuiltData'
[2018.10.03-22.04.48:080][  0]LogLinker: Warning: Can't find file for asset '/Game/CastleMap_BuiltData' while loading NULL.
[2018.10.03-22.04.48:080][  0]LogLinker: Warning: Can't find file '/Game/CastleMap_BuiltData'
[2018.10.03-22.04.48:080][  0]LogLinker: Warning: Can't find file for asset '/Game/CastleMap_BuiltData' while loading NULL.
[2018.10.03-22.04.48:114][  0]LogLinker: Warning: Can't find file '/Game/CastleMap_BuiltData'
[2018.10.03-22.04.48:114][  0]LoadErrors: Failed to load /Game/CastleMap_BuiltData.CastleMap_BuiltData Referenced by PersistentLevel
[2018.10.03-22.04.48:114][  0]LogLinker: Warning: Can't find file for asset '/Game/CastleMap_BuiltData' while loading NULL.
[2018.10.03-22.04.48:114][  0]LoadErrors: Failed to load /Game/CastleMap_BuiltData.CastleMap_BuiltData Referenced by PersistentLevel
[2018.10.03-22.04.48:417][  0]LogAIModule: Creating AISystem for world CastleMap
[2018.10.03-22.04.48:427][  0]LogEditorServer: Finished looking for orphan Actors (0.000 secs)
[2018.10.03-22.04.48:446][  0]Cmd: MAP CHECKDEP NOCLEARLOG
[2018.10.03-22.04.48:481][  0]MapCheck: Map check complete: 0 Error(s), 0 Warning(s), took 34.608ms to complete.
[2018.10.03-22.04.48:481][  0]LogFileHelpers: Loading map 'CastleMap' took 1.312
[2018.10.03-22.04.49:792][  0]LogSlate: Updating window title bar state: overlay mode, drag disabled, window buttons hidden, title bar hidden
[2018.10.03-22.04.49:863][  0]LogSlate: Updating window title bar state: overlay mode, drag disabled, window buttons hidden, title bar hidden
[2018.10.03-22.04.49:869][  0]LogSlate: Updating window title bar state: overlay mode, drag disabled, window buttons hidden, title bar hidden
[2018.10.03-22.04.49:875][  0]LogSlate: Updating window title bar state: overlay mode, drag disabled, window buttons hidden, title bar hidden
[2018.10.03-22.04.49:895][  0]LogCollectionManager: Loaded 0 collections in 0.000909 seconds
[2018.10.03-22.04.50:264][  0]LogFileCache: Scanning file cache for directory 'C:/Users/Sean/Desktop/Colab/CastleRavenloft/CastleRavenloft/Saved/Collections/' took 0.01s
[2018.10.03-22.04.50:264][  0]LogFileCache: Scanning file cache for directory 'C:/Users/Sean/Desktop/Colab/CastleRavenloft/CastleRavenloft/Content/Developers/Sean/Collections/' took 0.01s
[2018.10.03-22.04.50:264][  0]LogFileCache: Scanning file cache for directory 'C:/Users/Sean/Desktop/Colab/CastleRavenloft/CastleRavenloft/Content/Collections/' took 0.01s
[2018.10.03-22.04.50:264][  0]LogCollectionManager: Rebuilt the GUID cache for 0 collections in 0.000000 seconds
[2018.10.03-22.04.50:272][  0]LogContentBrowser: Native class hierarchy populated in 0.0079 seconds. Added 2572 classes and 603 folders.
[2018.10.03-22.04.50:309][  0]LogContentBrowser: Native class hierarchy updated for 'WidgetCarousel' in 0.0002 seconds. Added 0 classes and 0 folders.
[2018.10.03-22.04.54:862][  0]LogContentBrowser: Native class hierarchy updated for 'AddContentDialog' in 0.0002 seconds. Added 0 classes and 0 folders.
[2018.10.03-22.04.54:962][  0]LogContentBrowser: Native class hierarchy updated for 'SceneOutliner' in 0.0003 seconds. Added 1 classes and 2 folders.
[2018.10.03-22.04.56:258][  0]LogSlate: Took 0.000181 seconds to synchronously load lazily loaded font '../../../Engine/Content/Slate/Fonts/Roboto-Regular.ttf' (155K)
[2018.10.03-22.04.56:274][  0]LogSlate: Took 0.000165 seconds to synchronously load lazily loaded font '../../../Engine/Content/Slate/Fonts/Roboto-Bold.ttf' (160K)
[2018.10.03-22.04.56:429][  0]LogSlate: Took 0.023243 seconds to synchronously load lazily loaded font '../../../Engine/Content/Editor/Slate/Fonts/FontAwesome.ttf' (139K)
[2018.10.03-22.04.56:943][  0]LogRenderer: Reallocating scene render targets to support 992x576 Format 10 NumSamples 1 (Frame:1).
[2018.10.03-22.04.57:425][  0]LogSlate: Took 0.096596 seconds to synchronously load lazily loaded font '../../../Engine/Content/Slate/Fonts/Roboto-Light.ttf' (167K)
[2018.10.03-22.04.57:542][  0]LogContentBrowser: Native class hierarchy updated for 'HierarchicalLODOutliner' in 0.0004 seconds. Added 0 classes and 0 folders.
[2018.10.03-22.04.57:542][  0]LogLoad: (Engine Initialization) Total time: 16.50 seconds
[2018.10.03-22.04.57:542][  0]LogLoad: (Engine Initialization) Total Blueprint compile time: 0.00 seconds
[2018.10.03-22.04.57:610][  0]LogContentStreaming: Texture pool size now 1000 MB
[2018.10.03-22.04.57:619][  0]LogSlate: FSceneViewport::OnFocusLost() reason 2
[2018.10.03-22.05.09:873][220]LogAssetRegistry: Asset discovery search completed in 25.6601 seconds
[2018.10.03-22.05.09:874][220]LogCollectionManager: Rebuilt the object cache for 0 collections in 0.000000 seconds (found 0 objects)
[2018.10.03-22.05.09:874][220]LogCollectionManager: Fixed up redirectors for 0 collections in 0.000041 seconds (updated 0 objects)
[2018.10.03-22.05.29:795][289]LogSlate: Window 'Message Log' being destroyed
[2018.10.03-22.05.29:796][289]LogSlate: Window 'Message Log' being destroyed
[2018.10.03-22.06.20:574][ 76]LogSlate: FSceneViewport::OnFocusLost() reason 0
[2018.10.03-22.09.54:736][109]LogSlate: Took 0.000250 seconds to synchronously load lazily loaded font '../../../Engine/Content/Slate/Fonts/Roboto-Light.ttf' (167K)
[2018.10.03-22.09.54:769][109]LogFactory: FactoryCreateFile: StaticMesh with FbxFactory (0 0 C:\Users\Sean\Desktop\Colab\Pillar.obj)
[2018.10.03-22.09.54:892][109]LogFbx: Loading FBX Scene from C:\Users\Sean\Desktop\Colab\Pillar.obj
[2018.10.03-22.09.54:900][109]LogFbx: FBX Scene Loaded Succesfully
[2018.10.03-22.10.04:875][109]LogSlate: Window 'FBX Import Options' being destroyed
[2018.10.03-22.10.05:107][109]LogMaterial: Display: Missing cached shader map for material initialShadingGroup, compiling. 
[2018.10.03-22.10.05:187][109]LogShaderCompilers: Display: Shaders left to compile 22
[2018.10.03-22.10.05:187][109]LogShaderCompilers: Display: Shaders left to compile 12
[2018.10.03-22.10.05:187][109]LogShaderCompilers: Display: Shaders left to compile 2
[2018.10.03-22.10.05:187][109]LogFbx: Warning: Triangulating static mesh pCylinder1_polySurface1
[2018.10.03-22.10.05:278][109]LogStaticMesh: Building static mesh Pillar_pCylinder1_polySurface1...
[2018.10.03-22.10.05:331][109]LogStaticMesh: Built static mesh [0.05s] /Game/Statics/Pillar_pCylinder1_polySurface1.Pillar_pCylinder1_polySurface1
[2018.10.03-22.10.05:455][109]LogFbx: Warning: Triangulating static mesh polySurface2_pCylinder1
[2018.10.03-22.10.05:464][109]LogStaticMesh: Building static mesh Pillar_polySurface2_pCylinder1...
[2018.10.03-22.10.05:469][109]LogStaticMesh: Built static mesh [0.01s] /Game/Statics/Pillar_polySurface2_pCylinder1.Pillar_polySurface2_pCylinder1
[2018.10.03-22.10.10:763][560]LogActorFactory: Actor Factory created Pillar_pCylinder1_polySurface1
[2018.10.03-22.10.11:781][665]LogActorFactory: Actor Factory created Pillar_pCylinder1_polySurface1
[2018.10.03-22.10.25:899][268]LogEditorViewport: Clicking on Actor (LMB): StaticMeshActor (Pillar_pCylinder1_polySurface1)
[2018.10.03-22.10.32:568][ 29]LogSlate: Took 0.029099 seconds to synchronously load lazily loaded font '../../../Engine/Content/Slate/Fonts/Roboto-Italic.ttf' (157K)
[2018.10.03-22.10.38:373][483]Cmd: DELETE
[2018.10.03-22.10.38:373][483]Cmd: ACTOR DELETE
[2018.10.03-22.10.38:426][483]LogEditorActor: Deleted Actor: Brush
[2018.10.03-22.10.38:573][483]LogEditorActor: Deleted 1 Actors (0.186 secs)
[2018.10.03-22.10.39:094][535]Cmd: DELETE
[2018.10.03-22.10.39:094][535]Cmd: ACTOR DELETE
[2018.10.03-22.10.39:110][535]LogEditorActor: Deleted Actor: Brush
[2018.10.03-22.10.39:239][535]LogEditorActor: Deleted 1 Actors (0.145 secs)
[2018.10.03-22.10.40:845][716]Cmd: DELETE
[2018.10.03-22.10.40:845][716]Cmd: ACTOR DELETE
[2018.10.03-22.10.40:863][716]LogEditorActor: Deleted Actor: Brush
[2018.10.03-22.10.40:992][716]LogEditorActor: Deleted 1 Actors (0.146 secs)
[2018.10.03-22.10.45:221][203]Cmd: DELETE
[2018.10.03-22.10.45:221][203]Cmd: ACTOR DELETE
[2018.10.03-22.10.45:238][203]LogEditorActor: Deleted Actor: Brush
[2018.10.03-22.10.45:365][203]LogEditorActor: Deleted 1 Actors (0.144 secs)
[2018.10.03-22.10.46:751][361]LogSlate: FSceneViewport::OnFocusLost() reason 2
[2018.10.03-22.10.52:775][ 83]LogEditorViewport: Clicking on Actor (LMB): StaticMeshActor (Pillar_pCylinder1_polySurface1)
[2018.10.03-22.10.55:944][452]LogSlate: FSceneViewport::OnFocusLost() reason 2
[2018.10.03-22.10.59:648][868]LogSlate: FSceneViewport::OnFocusLost() reason 0
[2018.10.03-22.10.59:922][898]LogActorFactory: Actor Factory created Pillar_polySurface2_pCylinder1
[2018.10.03-22.11.01:048][ 14]LogActorFactory: Actor Factory created Pillar_polySurface2_pCylinder1
[2018.10.03-22.11.22:584][475]LogSlate: FSceneViewport::OnFocusLost() reason 2
[2018.10.03-22.11.34:020][843]LogSlate: FSceneViewport::OnFocusLost() reason 2
[2018.10.03-22.11.42:396][798]LogEditorViewport: Clicking on Actor (LMB): StaticMeshActor (Pillar_polySurface2_pCylinder1)
[2018.10.03-22.11.43:079][872]LogEditorViewport: Clicking on Actor (CTRL LMB): StaticMeshActor (Pillar_pCylinder1_polySurface1)
[2018.10.03-22.12.03:302][207]LogSlate: FSceneViewport::OnFocusLost() reason 0
[2018.10.03-22.12.25:746][840]LogEditorViewport: Clicking on Actor (LMB): StaticMeshActor (Pillar_pCylinder1_polySurface1)
[2018.10.03-22.12.26:332][893]LogEditorViewport: Clicking on Actor (CTRL LMB): StaticMeshActor (Pillar_polySurface2_pCylinder1)
[2018.10.03-22.12.33:218][678]LogSlate: FSceneViewport::OnFocusLost() reason 2
[2018.10.03-22.12.40:472][544]LogSlate: FSceneViewport::OnFocusLost() reason 0
[2018.10.03-22.12.58:103][657]LogEditorViewport: Clicking Background
[2018.10.03-22.13.02:090][135]LogEditorViewport: Clicking on Actor (LMB): StaticMeshActor (Pillar_polySurface2_pCylinder1)
[2018.10.03-22.13.03:682][322]LogEditorViewport: Clicking on Actor (CTRL LMB): StaticMeshActor (Pillar_pCylinder1_polySurface1)
[2018.10.03-22.13.05:347][516]LogSlate: FSceneViewport::OnFocusLost() reason 0
[2018.10.03-22.13.15:257][705]LogEditorViewport: Clicking Background
[2018.10.03-22.13.16:002][793]LogSlate: FSceneViewport::OnFocusLost() reason 2
[2018.10.03-22.13.19:127][152]LogEditorViewport: Clicking on Actor (LMB): StaticMeshActor (Pillar_pCylinder1_polySurface1)
[2018.10.03-22.13.19:805][218]LogEditorViewport: Clicking on Actor (CTRL LMB): StaticMeshActor (Pillar_polySurface2_pCylinder1)
[2018.10.03-22.13.20:542][301]Cmd: EDIT COPY
[2018.10.03-22.13.20:810][333]Cmd: EDIT PASTE
[2018.10.03-22.13.35:343][  3]LogSlate: FSceneViewport::OnFocusLost() reason 2
[2018.10.03-22.13.44:100][ 52]LogSlate: FSceneViewport::OnFocusLost() reason 2
[2018.10.03-22.13.45:790][253]LogEditorViewport: Clicking on Actor (CTRL LMB): StaticMeshActor (Pillar_pCylinder1_polySurface1)
[2018.10.03-22.13.46:567][341]LogEditorViewport: Clicking on Actor (CTRL LMB): StaticMeshActor (Pillar_polySurface2_pCylinder1)
[2018.10.03-22.13.47:184][410]Cmd: EDIT COPY
[2018.10.03-22.13.47:485][446]Cmd: EDIT PASTE
[2018.10.03-22.13.48:667][580]LogSlate: FSceneViewport::OnFocusLost() reason 2
[2018.10.03-22.14.04:002][416]LogSlate: FSceneViewport::OnFocusLost() reason 2
[2018.10.03-22.14.06:162][671]LogEditorViewport: Clicking on Actor (CTRL LMB): StaticMeshActor (Pillar_pCylinder1_polySurface2)
[2018.10.03-22.14.07:191][789]LogEditorViewport: Clicking on Actor (CTRL LMB): StaticMeshActor (Pillar_polySurface2_pCylinder2)
[2018.10.03-22.14.08:101][893]LogEditorViewport: Clicking on Actor (CTRL LMB): StaticMeshActor (Pillar_polySurface2_pCylinder1)
[2018.10.03-22.14.09:278][ 29]LogEditorViewport: Clicking on Actor (CTRL LMB): StaticMeshActor (Pillar_pCylinder1_polySurface1)
[2018.10.03-22.14.10:824][208]LogSlate: FSceneViewport::OnFocusLost() reason 2
[2018.10.03-22.14.50:050][911]LogSlate: FSceneViewport::OnFocusLost() reason 2
[2018.10.03-22.14.52:398][190]LogSlate: FSceneViewport::OnFocusLost() reason 0
[2018.10.03-22.14.52:506][203]LogTemp: Repeating last play command: Selected Viewport
[2018.10.03-22.14.52:529][203]LogBlueprintUserMessages: Early PlayInEditor Detection: Level '/Game/CastleMap.CastleMap:PersistentLevel' has LevelScriptBlueprint '/Game/CastleMap.CastleMap:PersistentLevel.CastleMap' with GeneratedClass '/Game/CastleMap.CastleMap_C' with ClassGeneratedBy '/Game/CastleMap.CastleMap:PersistentLevel.CastleMap'
[2018.10.03-22.14.52:530][203]LogPlayLevel: PlayLevel: No blueprints needed recompiling
[2018.10.03-22.14.52:558][203]PIE: New page: PIE session: CastleMap (Oct 3, 2018, 2:14:52 PM)
[2018.10.03-22.14.52:558][203]LogPlayLevel: Creating play world package: /Game/UEDPIE_0_CastleMap
[2018.10.03-22.14.52:626][203]LogPlayLevel: PIE: StaticDuplicateObject took: (0.068662s)
[2018.10.03-22.14.52:636][203]LogAIModule: Creating AISystem for world CastleMap
[2018.10.03-22.14.52:636][203]LogPlayLevel: PIE: World Init took: (0.000592s)
[2018.10.03-22.14.52:636][203]LogPlayLevel: PIE: Created PIE world by copying editor world from /Game/CastleMap.CastleMap to /Game/UEDPIE_0_CastleMap.CastleMap (0.078163s)
[2018.10.03-22.14.52:660][203]LogInit: XAudio2 using 'Acer H236HL (NVIDIA High Definition Audio)' : 2 channels at 48 kHz using 16 bits per sample (channel mask 0x3)
[2018.10.03-22.14.52:665][203]LogInit: FAudioDevice initialized.
[2018.10.03-22.14.52:749][203]LogLoad: Game class is 'FirstPersonGameMode_C'
[2018.10.03-22.14.52:760][203]LogWorld: Bringing World /Game/UEDPIE_0_CastleMap.CastleMap up for play (max tick rate 0) at 2018.10.03-18.14.52
[2018.10.03-22.14.52:769][203]LogWorld: Bringing up level for play took: 0.011177
[2018.10.03-22.14.52:824][203]LogContentBrowser: Native class hierarchy updated for 'MovieSceneCapture' in 0.0003 seconds. Added 10 classes and 0 folders.
[2018.10.03-22.14.52:923][203]PIE: Play in editor start time for /Game/UEDPIE_0_CastleMap 0.642
[2018.10.03-22.14.52:923][203]LogBlueprintUserMessages: Late PlayInEditor Detection: Level '/Game/CastleMap.CastleMap:PersistentLevel' has LevelScriptBlueprint '/Game/CastleMap.CastleMap:PersistentLevel.CastleMap' with GeneratedClass '/Game/CastleMap.CastleMap_C' with ClassGeneratedBy '/Game/CastleMap.CastleMap:PersistentLevel.CastleMap'
[2018.10.03-22.15.49:667][988]LogBlueprintUserMessages: Early EndPlayMap Detection: Level '/Game/CastleMap.CastleMap:PersistentLevel' has LevelScriptBlueprint '/Game/CastleMap.CastleMap:PersistentLevel.CastleMap' with GeneratedClass '/Game/CastleMap.CastleMap_C' with ClassGeneratedBy '/Game/CastleMap.CastleMap:PersistentLevel.CastleMap'
[2018.10.03-22.15.49:670][988]LogSlate: Updating window title bar state: overlay mode, drag disabled, window buttons hidden, title bar hidden
[2018.10.03-22.15.49:699][988]LogPlayLevel: Display: Shutting down PIE online subsystems
[2018.10.03-22.15.49:699][988]LogBlueprintUserMessages: Late EndPlayMap Detection: Level '/Game/CastleMap.CastleMap:PersistentLevel' has LevelScriptBlueprint '/Game/CastleMap.CastleMap:PersistentLevel.CastleMap' with GeneratedClass '/Game/CastleMap.CastleMap_C' with ClassGeneratedBy '/Game/CastleMap.CastleMap:PersistentLevel.CastleMap'
[2018.10.03-22.15.49:723][988]LogSlate: Updating window title bar state: overlay mode, drag disabled, window buttons hidden, title bar hidden
[2018.10.03-22.15.49:768][992]LogPlayLevel: Display: Destroying online subsystem :Context_4
[2018.10.03-22.15.52:238][286]LogSlate: FSceneViewport::OnFocusLost() reason 2
[2018.10.03-22.15.52:856][358]LogSlate: FSceneViewport::OnFocusLost() reason 2
[2018.10.03-22.15.53:342][408]LogSlate: FSceneViewport::OnFocusLost() reason 2
[2018.10.03-22.15.54:518][548]LogSlate: FSceneViewport::OnFocusLost() reason 2
[2018.10.03-22.15.56:066][731]LogTemp: Repeating last play command: Selected Viewport
[2018.10.03-22.15.56:079][731]LogBlueprintUserMessages: Early PlayInEditor Detection: Level '/Game/CastleMap.CastleMap:PersistentLevel' has LevelScriptBlueprint '/Game/CastleMap.CastleMap:PersistentLevel.CastleMap' with GeneratedClass '/Game/CastleMap.CastleMap_C' with ClassGeneratedBy '/Game/CastleMap.CastleMap:PersistentLevel.CastleMap'
[2018.10.03-22.15.56:079][731]LogPlayLevel: PlayLevel: No blueprints needed recompiling
[2018.10.03-22.15.56:079][731]PIE: New page: PIE session: CastleMap (Oct 3, 2018, 2:15:56 PM)
[2018.10.03-22.15.56:079][731]LogPlayLevel: Creating play world package: /Game/UEDPIE_0_CastleMap
[2018.10.03-22.15.56:127][731]LogPlayLevel: PIE: StaticDuplicateObject took: (0.047688s)
[2018.10.03-22.15.56:128][731]LogAIModule: Creating AISystem for world CastleMap
[2018.10.03-22.15.56:128][731]LogPlayLevel: PIE: World Init took: (0.000907s)
[2018.10.03-22.15.56:128][731]LogPlayLevel: PIE: Created PIE world by copying editor world from /Game/CastleMap.CastleMap to /Game/UEDPIE_0_CastleMap.CastleMap (0.048843s)
[2018.10.03-22.15.56:150][731]LogInit: XAudio2 using 'Acer H236HL (NVIDIA High Definition Audio)' : 2 channels at 48 kHz using 16 bits per sample (channel mask 0x3)
[2018.10.03-22.15.56:155][731]LogInit: FAudioDevice initialized.
[2018.10.03-22.15.56:179][731]LogLoad: Game class is 'FirstPersonGameMode_C'
[2018.10.03-22.15.56:182][731]LogWorld: Bringing World /Game/UEDPIE_0_CastleMap.CastleMap up for play (max tick rate 0) at 2018.10.03-18.15.56
[2018.10.03-22.15.56:182][731]LogWorld: Bringing up level for play took: 0.002228
[2018.10.03-22.15.56:194][731]PIE: Play in editor start time for /Game/UEDPIE_0_CastleMap -0.086
[2018.10.03-22.15.56:195][731]LogBlueprintUserMessages: Late PlayInEditor Detection: Level '/Game/CastleMap.CastleMap:PersistentLevel' has LevelScriptBlueprint '/Game/CastleMap.CastleMap:PersistentLevel.CastleMap' with GeneratedClass '/Game/CastleMap.CastleMap_C' with ClassGeneratedBy '/Game/CastleMap.CastleMap:PersistentLevel.CastleMap'
[2018.10.03-22.16.05:393][829]LogSlate: FSceneViewport::OnFocusLost() reason 2
[2018.10.03-22.17.13:422][588]LogSlate: FSceneViewport::OnFocusLost() reason 0
[2018.10.03-22.18.33:498][651]LogBlueprintUserMessages: Early EndPlayMap Detection: Level '/Game/CastleMap.CastleMap:PersistentLevel' has LevelScriptBlueprint '/Game/CastleMap.CastleMap:PersistentLevel.CastleMap' with GeneratedClass '/Game/CastleMap.CastleMap_C' with ClassGeneratedBy '/Game/CastleMap.CastleMap:PersistentLevel.CastleMap'
[2018.10.03-22.18.33:498][651]LogSlate: Updating window title bar state: overlay mode, drag disabled, window buttons hidden, title bar hidden
[2018.10.03-22.18.33:527][651]LogPlayLevel: Display: Shutting down PIE online subsystems
[2018.10.03-22.18.33:527][651]LogBlueprintUserMessages: Late EndPlayMap Detection: Level '/Game/CastleMap.CastleMap:PersistentLevel' has LevelScriptBlueprint '/Game/CastleMap.CastleMap:PersistentLevel.CastleMap' with GeneratedClass '/Game/CastleMap.CastleMap_C' with ClassGeneratedBy '/Game/CastleMap.CastleMap:PersistentLevel.CastleMap'
[2018.10.03-22.18.33:545][651]LogSlate: Updating window title bar state: overlay mode, drag disabled, window buttons hidden, title bar hidden
[2018.10.03-22.18.33:597][656]LogPlayLevel: Display: Destroying online subsystem :Context_5
[2018.10.03-22.18.34:494][762]LogSlate: FSceneViewport::OnFocusLost() reason 2
[2018.10.03-22.18.38:918][292]LogSlate: FSceneViewport::OnFocusLost() reason 2
[2018.10.03-22.18.49:348][711]LogEditorViewport: Clicking on Actor (LMB): StaticMeshActor (Pillar_pCylinder1_polySurface1)
[2018.10.03-22.18.50:120][798]LogEditorViewport: Clicking on Actor (CTRL LMB): StaticMeshActor (Pillar_polySurface2_pCylinder1)
[2018.10.03-22.18.51:127][912]LogSlate: FSceneViewport::OnFocusLost() reason 2
[2018.10.03-22.18.53:113][150]Cmd: EDIT COPY
[2018.10.03-22.18.53:390][183]Cmd: EDIT PASTE
[2018.10.03-22.19.17:792][ 98]LogSlate: FSceneViewport::OnFocusLost() reason 2
[2018.10.03-22.19.23:177][725]LogSlate: FSceneViewport::OnFocusLost() reason 2
[2018.10.03-22.19.33:779][995]Cmd: EDIT COPY
[2018.10.03-22.19.34:038][ 26]Cmd: EDIT PASTE
[2018.10.03-22.19.41:702][939]Cmd: TRANSACTION UNDO
[2018.10.03-22.19.41:702][939]LogEditorTransaction: Undo Move Actors
[2018.10.03-22.19.42:043][969]Cmd: TRANSACTION UNDO
[2018.10.03-22.19.42:043][969]LogEditorTransaction: Undo Paste
[2018.10.03-22.19.43:249][ 98]Cmd: TRANSACTION UNDO
[2018.10.03-22.19.43:249][ 98]LogEditorTransaction: Undo Move Actors
[2018.10.03-22.19.45:307][343]Cmd: EDIT COPY
[2018.10.03-22.19.45:532][370]Cmd: EDIT PASTE
[2018.10.03-22.19.52:053][146]LogEditorViewport: Clicking on Actor (CTRL LMB): StaticMeshActor (Pillar_polySurface2_pCylinder5)
[2018.10.03-22.19.54:685][458]LogEditorViewport: Clicking Background
[2018.10.03-22.19.55:329][535]LogEditorViewport: Clicking on Actor (LMB): StaticMeshActor (Pillar_polySurface2_pCylinder5)
[2018.10.03-22.19.57:875][835]LogSlate: FSceneViewport::OnFocusLost() reason 0
[2018.10.03-22.20.06:036][798]LogSlate: FSceneViewport::OnFocusLost() reason 2
[2018.10.03-22.20.18:432][282]LogSlate: FSceneViewport::OnFocusLost() reason 2
[2018.10.03-22.20.20:150][487]Cmd: EDIT COPY
[2018.10.03-22.20.20:376][514]Cmd: EDIT PASTE
[2018.10.03-22.20.30:541][725]LogSlate: FSceneViewport::OnFocusLost() reason 2
[2018.10.03-22.20.45:112][451]LogEditorViewport: Clicking on Actor (LMB): StaticMeshActor (Pillar_pCylinder1_polySurface5)
[2018.10.03-22.20.45:935][544]LogEditorViewport: Clicking on Actor (CTRL LMB): StaticMeshActor (Pillar_polySurface2_pCylinder5)
[2018.10.03-22.20.48:842][881]LogSlate: FSceneViewport::OnFocusLost() reason 0
[2018.10.03-22.20.57:694][940]LogEditorViewport: Clicking on Actor (LMB): StaticMeshActor (Pillar_pCylinder1_polySurface6)
[2018.10.03-22.20.58:156][990]LogEditorViewport: Clicking on Actor (CTRL LMB): StaticMeshActor (Pillar_polySurface2_pCylinder6)
[2018.10.03-22.20.58:944][ 79]Cmd: DELETE
[2018.10.03-22.20.58:944][ 79]Cmd: ACTOR DELETE
[2018.10.03-22.20.58:956][ 79]LogEditorActor: Deleted Actor: StaticMeshActor
[2018.10.03-22.20.58:957][ 79]LogEditorActor: Deleted Actor: StaticMeshActor
[2018.10.03-22.20.58:974][ 79]LogEditorActor: Deleted 2 Actors (0.030 secs)
[2018.10.03-22.21.00:896][290]LogEditorViewport: Clicking on Actor (LMB): StaticMeshActor (Pillar_pCylinder1_polySurface8)
[2018.10.03-22.21.01:379][334]LogEditorViewport: Clicking on Actor (CTRL LMB): StaticMeshActor (Pillar_polySurface2_pCylinder8)
[2018.10.03-22.21.02:036][407]LogEditorViewport: Clicking on Actor (CTRL LMB): StaticMeshActor (Pillar_polySurface2_pCylinder7)
[2018.10.03-22.21.02:431][449]LogEditorViewport: Clicking on Actor (CTRL LMB): StaticMeshActor (Pillar_pCylinder1_polySurface7)
[2018.10.03-22.21.03:209][537]Cmd: DELETE
[2018.10.03-22.21.03:209][537]Cmd: ACTOR DELETE
[2018.10.03-22.21.03:221][537]LogEditorActor: Deleted Actor: StaticMeshActor
[2018.10.03-22.21.03:222][537]LogEditorActor: Deleted Actor: StaticMeshActor
[2018.10.03-22.21.03:222][537]LogEditorActor: Deleted Actor: StaticMeshActor
[2018.10.03-22.21.03:222][537]LogEditorActor: Deleted Actor: StaticMeshActor
[2018.10.03-22.21.03:238][537]LogEditorActor: Deleted 4 Actors (0.029 secs)
[2018.10.03-22.21.06:268][887]LogEditorViewport: Clicking on Actor (LMB): StaticMeshActor (Pillar_pCylinder1_polySurface5)
[2018.10.03-22.21.06:679][927]LogEditorViewport: Clicking on Actor (CTRL LMB): StaticMeshActor (Pillar_polySurface2_pCylinder5)
[2018.10.03-22.21.07:807][ 56]LogSlate: FSceneViewport::OnFocusLost() reason 2
[2018.10.03-22.21.17:929][265]Cmd: EDIT COPY
[2018.10.03-22.21.18:121][288]Cmd: EDIT PASTE
[2018.10.03-22.21.23:811][964]Cmd: EDIT COPY
[2018.10.03-22.21.23:995][986]Cmd: EDIT PASTE
[2018.10.03-22.21.30:583][770]LogSlate: FSceneViewport::OnFocusLost() reason 0
[2018.10.03-22.21.39:295][801]LogSlate: FSceneViewport::OnFocusLost() reason 2
[2018.10.03-22.21.39:566][830]LogSlate: FSceneViewport::OnFocusLost() reason 2
[2018.10.03-22.21.39:994][879]LogSlate: FSceneViewport::OnFocusLost() reason 2
[2018.10.03-22.21.54:428][575]LogSlate: FSceneViewport::OnFocusLost() reason 2
[2018.10.03-22.21.55:742][731]LogEditorViewport: Clicking on Actor (LMB): StaticMeshActor (Pillar_pCylinder1_polySurface5)
[2018.10.03-22.21.56:692][839]LogEditorViewport: Clicking on Actor (LMB): StaticMeshActor (Pillar_polySurface2_pCylinder6)
[2018.10.03-22.21.57:227][898]LogEditorViewport: Clicking on Actor (LMB): StaticMeshActor (Pillar_pCylinder1_polySurface6)
[2018.10.03-22.21.58:011][987]LogEditorViewport: Clicking on Actor (CTRL LMB): StaticMeshActor (Pillar_polySurface2_pCylinder6)
[2018.10.03-22.21.58:436][ 32]LogEditorViewport: Clicking on Actor (CTRL LMB): StaticMeshActor (Pillar_polySurface2_pCylinder7)
[2018.10.03-22.21.59:084][105]LogEditorViewport: Clicking on Actor (CTRL LMB): StaticMeshActor (Pillar_pCylinder1_polySurface7)
[2018.10.03-22.21.59:767][182]Cmd: DELETE
[2018.10.03-22.21.59:767][182]Cmd: ACTOR DELETE
[2018.10.03-22.21.59:780][182]LogEditorActor: Deleted Actor: StaticMeshActor
[2018.10.03-22.21.59:780][182]LogEditorActor: Deleted Actor: StaticMeshActor
[2018.10.03-22.21.59:780][182]LogEditorActor: Deleted Actor: StaticMeshActor
[2018.10.03-22.21.59:781][182]LogEditorActor: Deleted Actor: StaticMeshActor
[2018.10.03-22.21.59:797][182]LogEditorActor: Deleted 4 Actors (0.029 secs)
[2018.10.03-22.22.01:479][383]LogEditorViewport: Clicking on Actor (LMB): StaticMeshActor (Pillar_pCylinder1_polySurface5)
[2018.10.03-22.22.01:911][430]LogEditorViewport: Clicking on Actor (CTRL LMB): StaticMeshActor (Pillar_polySurface2_pCylinder5)
[2018.10.03-22.22.02:839][536]LogSlate: FSceneViewport::OnFocusLost() reason 0
[2018.10.03-22.22.09:624][342]LogSlate: FSceneViewport::OnFocusLost() reason 2
[2018.10.03-22.22.12:212][652]LogEditorViewport: Clicking on Actor (LMB): StaticMeshActor (Pillar_polySurface2_pCylinder5)
[2018.10.03-22.22.14:054][868]LogSlate: FSceneViewport::OnFocusLost() reason 0
[2018.10.03-22.22.18:787][432]Cmd: EDIT COPY
[2018.10.03-22.22.18:970][454]Cmd: EDIT PASTE
[2018.10.03-22.22.23:530][995]Cmd: EDIT COPY
[2018.10.03-22.22.23:714][ 17]Cmd: EDIT PASTE
[2018.10.03-22.22.28:224][552]Cmd: EDIT COPY
[2018.10.03-22.22.28:391][572]Cmd: EDIT PASTE
[2018.10.03-22.22.31:034][883]Cmd: EDIT COPY
[2018.10.03-22.22.31:202][903]Cmd: EDIT PASTE
[2018.10.03-22.22.35:819][451]LogEditorViewport: Clicking on Actor (CTRL LMB): StaticMeshActor (Pillar_polySurface2_pCylinder8)
[2018.10.03-22.22.36:275][502]LogEditorViewport: Clicking on Actor (CTRL LMB): StaticMeshActor (Pillar_polySurface2_pCylinder7)
[2018.10.03-22.22.36:658][544]LogEditorViewport: Clicking on Actor (CTRL LMB): StaticMeshActor (Pillar_polySurface2_pCylinder6)
[2018.10.03-22.22.37:122][596]LogEditorViewport: Clicking on Actor (CTRL LMB): StaticMeshActor (Pillar_polySurface2_pCylinder5)
[2018.10.03-22.22.39:904][926]LogSlate: FSceneViewport::OnFocusLost() reason 0
[2018.10.03-22.22.47:601][837]LogSlate: FSceneViewport::OnFocusLost() reason 0
[2018.10.03-22.22.58:435][135]LogSlate: FSceneViewport::OnFocusLost() reason 0
[2018.10.03-22.23.15:257][150]LogSlate: FSceneViewport::OnFocusLost() reason 0
[2018.10.03-22.23.19:750][685]LogSlate: FSceneViewport::OnFocusLost() reason 0
[2018.10.03-22.23.32:001][144]LogSlate: FSceneViewport::OnFocusLost() reason 2
[2018.10.03-22.23.36:924][732]LogSlate: FSceneViewport::OnFocusLost() reason 0
[2018.10.03-22.23.36:999][741]LogTemp: Repeating last play command: Selected Viewport
[2018.10.03-22.23.37:012][741]LogBlueprintUserMessages: Early PlayInEditor Detection: Level '/Game/CastleMap.CastleMap:PersistentLevel' has LevelScriptBlueprint '/Game/CastleMap.CastleMap:PersistentLevel.CastleMap' with GeneratedClass '/Game/CastleMap.CastleMap_C' with ClassGeneratedBy '/Game/CastleMap.CastleMap:PersistentLevel.CastleMap'
[2018.10.03-22.23.37:012][741]LogPlayLevel: PlayLevel: No blueprints needed recompiling
[2018.10.03-22.23.37:012][741]PIE: New page: PIE session: CastleMap (Oct 3, 2018, 2:23:37 PM)
[2018.10.03-22.23.37:012][741]LogPlayLevel: Creating play world package: /Game/UEDPIE_0_CastleMap
[2018.10.03-22.23.37:064][741]LogPlayLevel: PIE: StaticDuplicateObject took: (0.051251s)
[2018.10.03-22.23.37:064][741]LogAIModule: Creating AISystem for world CastleMap
[2018.10.03-22.23.37:065][741]LogPlayLevel: PIE: World Init took: (0.000831s)
[2018.10.03-22.23.37:065][741]LogPlayLevel: PIE: Created PIE world by copying editor world from /Game/CastleMap.CastleMap to /Game/UEDPIE_0_CastleMap.CastleMap (0.052274s)
[2018.10.03-22.23.37:088][741]LogInit: XAudio2 using 'Acer H236HL (NVIDIA High Definition Audio)' : 2 channels at 48 kHz using 16 bits per sample (channel mask 0x3)
[2018.10.03-22.23.37:092][741]LogInit: FAudioDevice initialized.
[2018.10.03-22.23.37:117][741]LogLoad: Game class is 'FirstPersonGameMode_C'
[2018.10.03-22.23.37:119][741]LogWorld: Bringing World /Game/UEDPIE_0_CastleMap.CastleMap up for play (max tick rate 0) at 2018.10.03-18.23.37
[2018.10.03-22.23.37:120][741]LogWorld: Bringing up level for play took: 0.002346
[2018.10.03-22.23.37:132][741]PIE: Play in editor start time for /Game/UEDPIE_0_CastleMap 0.848
[2018.10.03-22.23.37:132][741]LogBlueprintUserMessages: Late PlayInEditor Detection: Level '/Game/CastleMap.CastleMap:PersistentLevel' has LevelScriptBlueprint '/Game/CastleMap.CastleMap:PersistentLevel.CastleMap' with GeneratedClass '/Game/CastleMap.CastleMap_C' with ClassGeneratedBy '/Game/CastleMap.CastleMap:PersistentLevel.CastleMap'
[2018.10.03-22.24.03:122][853]LogSlate: FSceneViewport::OnFocusLost() reason 2
[2018.10.03-22.24.16:515][164]LogBlueprintUserMessages: Early EndPlayMap Detection: Level '/Game/CastleMap.CastleMap:PersistentLevel' has LevelScriptBlueprint '/Game/CastleMap.CastleMap:PersistentLevel.CastleMap' with GeneratedClass '/Game/CastleMap.CastleMap_C' with ClassGeneratedBy '/Game/CastleMap.CastleMap:PersistentLevel.CastleMap'
[2018.10.03-22.24.16:516][164]LogSlate: Updating window title bar state: overlay mode, drag disabled, window buttons hidden, title bar hidden
[2018.10.03-22.24.16:544][164]LogPlayLevel: Display: Shutting down PIE online subsystems
[2018.10.03-22.24.16:544][164]LogBlueprintUserMessages: Late EndPlayMap Detection: Level '/Game/CastleMap.CastleMap:PersistentLevel' has LevelScriptBlueprint '/Game/CastleMap.CastleMap:PersistentLevel.CastleMap' with GeneratedClass '/Game/CastleMap.CastleMap_C' with ClassGeneratedBy '/Game/CastleMap.CastleMap:PersistentLevel.CastleMap'
[2018.10.03-22.24.16:562][164]LogSlate: Updating window title bar state: overlay mode, drag disabled, window buttons hidden, title bar hidden
[2018.10.03-22.24.16:615][169]LogPlayLevel: Display: Destroying online subsystem :Context_6
[2018.10.03-22.24.20:537][639]LogSlate: FSceneViewport::OnFocusLost() reason 0
[2018.10.03-22.24.21:766][650]LogSlate: Window 'Save Content' being destroyed
[2018.10.03-22.24.21:835][650]LogSlate: Window 'CastleRavenloft - Unreal Editor' being destroyed
[2018.10.03-22.24.22:027][651]Cmd: QUIT_EDITOR
[2018.10.03-22.24.22:050][651]LogExit: Preparing to exit.
[2018.10.03-22.24.22:871][651]LogExit: Editor shut down
[2018.10.03-22.24.22:871][651]LogExit: Transaction tracking system shut down
[2018.10.03-22.24.23:543][651]LogExit: Object subsystem successfully closed.
[2018.10.03-22.24.23:555][651]LogShaderCompilers: Display: Shaders left to compile 0
[2018.10.03-22.24.23:557][651]LogD3D11RHI: Shutdown
[2018.10.03-22.24.23:557][651]LogD3D11RHI: CleanupD3DDevice
[2018.10.03-22.24.23:559][651]LogD3D11RHI: ~FD3D11DynamicRHI
[2018.10.03-22.24.23:567][651]LogModuleManager: Shutting down and abandoning module MovieSceneCapture (616)
[2018.10.03-22.24.23:567][651]LogModuleManager: Shutting down and abandoning module Voice (614)
[2018.10.03-22.24.23:567][651]LogModuleManager: Shutting down and abandoning module MeshBuilder (612)
[2018.10.03-22.24.23:567][651]LogModuleManager: Shutting down and abandoning module HierarchicalLODOutliner (610)
[2018.10.03-22.24.23:567][651]LogModuleManager: Shutting down and abandoning module SceneOutliner (608)
[2018.10.03-22.24.23:567][651]LogModuleManager: Shutting down and abandoning module AddContentDialog (606)
[2018.10.03-22.24.23:567][651]LogModuleManager: Shutting down and abandoning module WidgetCarousel (605)
[2018.10.03-22.24.23:567][651]LogModuleManager: Shutting down and abandoning module EditorWidgets (602)
[2018.10.03-22.24.23:567][651]LogModuleManager: Shutting down and abandoning module CollectionManager (600)
[2018.10.03-22.24.23:567][651]LogModuleManager: Shutting down and abandoning module StatsViewer (598)
[2018.10.03-22.24.23:567][651]LogModuleManager: Shutting down and abandoning module FoliageEdit (596)
[2018.10.03-22.24.23:567][651]LogModuleManager: Shutting down and abandoning module LandscapeEditor (594)
[2018.10.03-22.24.23:567][651]LogModuleManager: Shutting down and abandoning module MeshPaintMode (592)
[2018.10.03-22.24.23:567][651]LogModuleManager: Shutting down and abandoning module SceneDepthPickerMode (590)
[2018.10.03-22.24.23:567][651]LogModuleManager: Shutting down and abandoning module ActorPickerMode (588)
[2018.10.03-22.24.23:567][651]LogModuleManager: Shutting down and abandoning module GeometryMode (586)
[2018.10.03-22.24.23:567][651]LogModuleManager: Shutting down and abandoning module TextureAlignMode (584)
[2018.10.03-22.24.23:567][651]LogModuleManager: Shutting down and abandoning module BspMode (582)
[2018.10.03-22.24.23:568][651]LogModuleManager: Shutting down and abandoning module PIEPreviewDeviceProfileSelector (580)
[2018.10.03-22.24.23:568][651]LogModuleManager: Shutting down and abandoning module SequenceRecorderSections (578)
[2018.10.03-22.24.23:568][651]LogModuleManager: Shutting down and abandoning module AutomationWorker (576)
[2018.10.03-22.24.23:568][651]LogModuleManager: Shutting down and abandoning module AudioCaptureEditor (574)
[2018.10.03-22.24.23:568][651]LogModuleManager: Shutting down and abandoning module SequenceRecorder (573)
[2018.10.03-22.24.23:568][651]LogModuleManager: Shutting down and abandoning module MatineeToLevelSequence (570)
[2018.10.03-22.24.23:568][651]LogModuleManager: Shutting down and abandoning module LevelSequenceEditor (568)
[2018.10.03-22.24.23:568][651]LogModuleManager: Shutting down and abandoning module PlacementMode (567)
[2018.10.03-22.24.23:568][651]LogModuleManager: Shutting down and abandoning module MaterialEditor (566)
[2018.10.03-22.24.23:568][651]LogModuleManager: Shutting down and abandoning module WmfMediaFactory (562)
[2018.10.03-22.24.23:568][651]LogModuleManager: Shutting down and abandoning module WmfMediaEditor (560)
[2018.10.03-22.24.23:568][651]LogModuleManager: Shutting down and abandoning module MediaPlayerEditor (558)
[2018.10.03-22.24.23:568][651]LogModuleManager: Shutting down and abandoning module OpenExrWrapper (556)
[2018.10.03-22.24.23:568][651]LogModuleManager: Shutting down and abandoning module ImgMediaFactory (554)
[2018.10.03-22.24.23:568][651]LogModuleManager: Shutting down and abandoning module ImgMediaEditor (552)
[2018.10.03-22.24.23:568][651]LogModuleManager: Shutting down and abandoning module AvfMediaFactory (550)
[2018.10.03-22.24.23:568][651]LogModuleManager: Shutting down and abandoning module AvfMediaEditor (548)
[2018.10.03-22.24.23:568][651]LogModuleManager: Shutting down and abandoning module AndroidMediaFactory (546)
[2018.10.03-22.24.23:568][651]LogModuleManager: Shutting down and abandoning module AndroidMediaEditor (544)
[2018.10.03-22.24.23:568][651]LogModuleManager: Shutting down and abandoning module MagicLeapCameraPreviewFactory (542)
[2018.10.03-22.24.23:568][651]LogModuleManager: Shutting down and abandoning module MagicLeapMediaFactory (540)
[2018.10.03-22.24.23:568][651]LogModuleManager: Shutting down and abandoning module MagicLeapMediaEditor (538)
[2018.10.03-22.24.23:568][651]LogModuleManager: Shutting down and abandoning module CharacterAI (536)
[2018.10.03-22.24.23:568][651]LogModuleManager: Shutting down and abandoning module SmartSnapping (534)
[2018.10.03-22.24.23:568][651]LogModuleManager: Shutting down and abandoning module SessionServices (532)
[2018.10.03-22.24.23:568][651]LogModuleManager: Shutting down and abandoning module ViewportSnapping (530)
[2018.10.03-22.24.23:568][651]LogModuleManager: Shutting down and abandoning module ViewportInteraction (528)
[2018.10.03-22.24.23:568][651]LogModuleManager: Shutting down and abandoning module ClothPainter (526)
[2018.10.03-22.24.23:568][651]LogModuleManager: Shutting down and abandoning module SkeletalMeshEditor (525)
[2018.10.03-22.24.23:568][651]LogModuleManager: Shutting down and abandoning module LogVisualizer (522)
[2018.10.03-22.24.23:568][651]LogModuleManager: Shutting down and abandoning module IntroTutorials (520)
[2018.10.03-22.24.23:568][651]LogModuleManager: Shutting down and abandoning module GameProjectGeneration (519)
[2018.10.03-22.24.23:568][651]LogModuleManager: Shutting down and abandoning module LuminPlatformEditor (516)
[2018.10.03-22.24.23:568][651]LogModuleManager: Shutting down and abandoning module IOSPlatformEditor (514)
[2018.10.03-22.24.23:568][651]LogModuleManager: Shutting down and abandoning module HTML5PlatformEditor (512)
[2018.10.03-22.24.23:568][651]LogModuleManager: Shutting down and abandoning module AndroidPlatformEditor (510)
[2018.10.03-22.24.23:568][651]LogModuleManager: Shutting down and abandoning module AndroidDeviceDetection (509)
[2018.10.03-22.24.23:885][651]LogModuleManager: Shutting down and abandoning module WindowsPlatformEditor (506)
[2018.10.03-22.24.23:885][651]LogModuleManager: Shutting down and abandoning module LuminRuntimeSettings (504)
[2018.10.03-22.24.23:885][651]LogModuleManager: Shutting down and abandoning module IOSRuntimeSettings (502)
[2018.10.03-22.24.23:885][651]LogModuleManager: Shutting down and abandoning module AndroidRuntimeSettings (500)
[2018.10.03-22.24.23:885][651]LogModuleManager: Shutting down and abandoning module InputBindingEditor (498)
[2018.10.03-22.24.23:885][651]LogModuleManager: Shutting down and abandoning module MergeActors (496)
[2018.10.03-22.24.23:885][651]LogModuleManager: Shutting down and abandoning module LocalizationDashboard (494)
[2018.10.03-22.24.23:885][651]LogModuleManager: Shutting down and abandoning module LocalizationService (493)
[2018.10.03-22.24.23:885][651]LogModuleManager: Shutting down and abandoning module HardwareTargeting (490)
[2018.10.03-22.24.23:885][651]LogModuleManager: Shutting down and abandoning module DeviceProfileEditor (488)
[2018.10.03-22.24.23:885][651]LogModuleManager: Shutting down and abandoning module UndoHistory (486)
[2018.10.03-22.24.23:885][651]LogModuleManager: Shutting down and abandoning module XmlParser (484)
[2018.10.03-22.24.23:885][651]LogModuleManager: Shutting down and abandoning module Blutility (482)
[2018.10.03-22.24.23:885][651]LogModuleManager: Shutting down and abandoning module ProjectSettingsViewer (480)
[2018.10.03-22.24.23:885][651]LogModuleManager: Shutting down and abandoning module ProjectTargetPlatformEditor (479)
[2018.10.03-22.24.23:885][651]LogModuleManager: Shutting down and abandoning module EditorSettingsViewer (476)
[2018.10.03-22.24.23:885][651]LogModuleManager: Shutting down and abandoning module SettingsEditor (474)
[2018.10.03-22.24.23:885][651]LogModuleManager: Shutting down and abandoning module ProjectLauncher (472)
[2018.10.03-22.24.23:885][651]LogModuleManager: Shutting down and abandoning module SessionFrontend (470)
[2018.10.03-22.24.23:885][651]LogModuleManager: Shutting down and abandoning module ProfilerClient (468)
[2018.10.03-22.24.23:885][651]LogModuleManager: Shutting down and abandoning module DeviceManager (466)
[2018.10.03-22.24.23:885][651]LogModuleManager: Shutting down and abandoning module TargetDeviceServices (465)
[2018.10.03-22.24.23:935][651]LogModuleManager: Shutting down and abandoning module AutomationController (462)
[2018.10.03-22.24.23:935][651]LogModuleManager: Shutting down and abandoning module AutomationWindow (460)
[2018.10.03-22.24.23:935][651]LogModuleManager: Shutting down and abandoning module Layers (458)
[2018.10.03-22.24.23:935][651]LogModuleManager: Shutting down and abandoning module ComponentVisualizers (456)
[2018.10.03-22.24.23:935][651]LogModuleManager: Shutting down and abandoning module DetailCustomizations (454)
[2018.10.03-22.24.23:935][651]LogModuleManager: Shutting down and abandoning module PackagesDialog (452)
[2018.10.03-22.24.23:935][651]LogModuleManager: Shutting down and abandoning module Persona (450)
[2018.10.03-22.24.23:935][651]LogModuleManager: Shutting down and abandoning module AdvancedPreviewScene (449)
[2018.10.03-22.24.23:935][651]LogModuleManager: Shutting down and abandoning module AnimGraph (447)
[2018.10.03-22.24.23:935][651]LogModuleManager: Shutting down and abandoning module Kismet (444)
[2018.10.03-22.24.23:936][651]LogModuleManager: Shutting down and abandoning module GraphEditor (442)
[2018.10.03-22.24.23:936][651]LogModuleManager: Shutting down and abandoning module ClassViewer (440)
[2018.10.03-22.24.23:936][651]LogModuleManager: Shutting down and abandoning module Toolbox (438)
[2018.10.03-22.24.23:936][651]LogModuleManager: Shutting down and abandoning module ModuleUI (436)
[2018.10.03-22.24.23:936][651]LogModuleManager: Shutting down and abandoning module MovieSceneTools (434)
[2018.10.03-22.24.23:936][651]LogModuleManager: Shutting down and abandoning module OutputLog (432)
[2018.10.03-22.24.23:936][651]LogModuleManager: Shutting down and abandoning module GammaUI (430)
[2018.10.03-22.24.23:936][651]LogModuleManager: Shutting down and abandoning module Documentation (428)
[2018.10.03-22.24.23:936][651]LogModuleManager: Shutting down and abandoning module MovieSceneTracks (426)
[2018.10.03-22.24.23:936][651]LogModuleManager: Shutting down and abandoning module MovieScene (424)
[2018.10.03-22.24.23:936][651]LogModuleManager: Shutting down and abandoning module StreamingPauseRendering (422)
[2018.10.03-22.24.23:936][651]LogModuleManager: Shutting down and abandoning module LauncherPlatform (420)
[2018.10.03-22.24.23:936][651]LogModuleManager: Shutting down and abandoning module AnalyticsET (418)
[2018.10.03-22.24.23:936][651]LogModuleManager: Shutting down and abandoning module PortalServices (416)
[2018.10.03-22.24.23:936][651]LogModuleManager: Shutting down and abandoning module PortalRpc (414)
[2018.10.03-22.24.23:936][651]LogModuleManager: Shutting down and abandoning module MessagingRpc (412)
[2018.10.03-22.24.23:936][651]LogModuleManager: Shutting down and abandoning module AIModule (410)
[2018.10.03-22.24.23:936][651]LogModuleManager: Shutting down and abandoning module GameplayDebugger (409)
[2018.10.03-22.24.23:936][651]LogModuleManager: Shutting down and abandoning module AITestSuite (407)
[2018.10.03-22.24.23:936][651]LogModuleManager: Shutting down and abandoning module NavigationSystem (405)
[2018.10.03-22.24.23:936][651]LogModuleManager: Shutting down and abandoning module DesktopPlatform (402)
[2018.10.03-22.24.23:936][651]LogModuleManager: Shutting down and abandoning module ProfilerService (400)
[2018.10.03-22.24.24:029][651]LogModuleManager: Shutting down and abandoning module TaskGraph (398)
[2018.10.03-22.24.24:029][651]LogModuleManager: Shutting down and abandoning module SteamVRController (396)
[2018.10.03-22.24.24:029][651]LogModuleManager: Shutting down and abandoning module ProceduralMeshComponentEditor (394)
[2018.10.03-22.24.24:029][651]LogModuleManager: Shutting down and abandoning module ProceduralMeshComponent (392)
[2018.10.03-22.24.24:029][651]LogModuleManager: Shutting down and abandoning module OculusInput (390)
[2018.10.03-22.24.24:029][651]LogModuleManager: Shutting down and abandoning module MobilePatchingUtils (388)
[2018.10.03-22.24.24:029][651]LogModuleManager: Shutting down and abandoning module EditableMesh (386)
[2018.10.03-22.24.24:029][651]LogModuleManager: Shutting down and abandoning module CustomMeshComponent (384)
[2018.10.03-22.24.24:029][651]LogModuleManager: Shutting down and abandoning module CableComponent (382)
[2018.10.03-22.24.24:029][651]LogModuleManager: Shutting down and abandoning module AudioCapture (380)
[2018.10.03-22.24.24:029][651]LogModuleManager: Shutting down and abandoning module ArchVisCharacter (378)
[2018.10.03-22.24.24:029][651]LogModuleManager: Shutting down and abandoning module AndroidPermission (376)
[2018.10.03-22.24.24:029][651]LogModuleManager: Shutting down and abandoning module NUTUnrealEngine4 (374)
[2018.10.03-22.24.24:029][651]LogModuleManager: Shutting down and abandoning module NetcodeUnitTest (372)
[2018.10.03-22.24.24:029][651]LogModuleManager: Shutting down and abandoning module MediaCompositingEditor (370)
[2018.10.03-22.24.24:029][651]LogModuleManager: Shutting down and abandoning module MediaCompositing (368)
[2018.10.03-22.24.24:029][651]LogModuleManager: Shutting down and abandoning module LinearTimecode (366)
[2018.10.03-22.24.24:029][651]LogModuleManager: Shutting down and abandoning module ImgMedia (364)
[2018.10.03-22.24.24:031][651]LogModuleManager: Shutting down and abandoning module HTML5Networking (362)
[2018.10.03-22.24.24:031][651]LogModuleManager: Shutting down and abandoning module GeometryCacheTracks (360)
[2018.10.03-22.24.24:031][651]LogModuleManager: Shutting down and abandoning module GeometryCacheSequencer (358)
[2018.10.03-22.24.24:031][651]LogModuleManager: Shutting down and abandoning module BackChannel (356)
[2018.10.03-22.24.24:031][651]LogModuleManager: Shutting down and abandoning module AppleVision (354)
[2018.10.03-22.24.24:031][651]LogModuleManager: Shutting down and abandoning module AppleImageUtils (352)
[2018.10.03-22.24.24:031][651]LogModuleManager: Shutting down and abandoning module AlembicImporter (350)
[2018.10.03-22.24.24:031][651]LogModuleManager: Shutting down and abandoning module AlembicLibrary (349)
[2018.10.03-22.24.24:031][651]LogModuleManager: Shutting down and abandoning module GeometryCache (348)
[2018.10.03-22.24.24:031][651]LogModuleManager: Shutting down and abandoning module GeometryCacheEd (347)
[2018.10.03-22.24.24:031][651]LogModuleManager: Shutting down and abandoning module DatasmithContentEditor (342)
[2018.10.03-22.24.24:031][651]LogModuleManager: Shutting down and abandoning module DatasmithContent (340)
[2018.10.03-22.24.24:031][651]LogModuleManager: Shutting down and abandoning module SpeedTreeImporter (338)
[2018.10.03-22.24.24:031][651]LogModuleManager: Shutting down and abandoning module PluginBrowser (336)
[2018.10.03-22.24.24:031][651]LogModuleManager: Shutting down and abandoning module MobileLauncherProfileWizard (334)
[2018.10.03-22.24.24:031][651]LogModuleManager: Shutting down and abandoning module PolygonModeling (332)
[2018.10.03-22.24.24:031][651]LogModuleManager: Shutting down and abandoning module MeshEditor (330)
[2018.10.03-22.24.24:031][651]LogModuleManager: Shutting down and abandoning module CryptoKeysOpenSSL (328)
[2018.10.03-22.24.24:031][651]LogModuleManager: Shutting down and abandoning module CryptoKeys (326)
[2018.10.03-22.24.24:031][651]LogModuleManager: Shutting down and abandoning module VisualStudioSourceCodeAccess (324)
[2018.10.03-22.24.24:031][651]LogModuleManager: Shutting down and abandoning module VisualStudioCodeSourceCodeAccess (322)
[2018.10.03-22.24.24:031][651]LogModuleManager: Shutting down and abandoning module UObjectPlugin (320)
[2018.10.03-22.24.24:031][651]LogModuleManager: Shutting down and abandoning module SubversionSourceControl (318)
[2018.10.03-22.24.24:031][651]LogModuleManager: Shutting down and abandoning module PerforceSourceControl (316)
[2018.10.03-22.24.24:031][651]LogModuleManager: Shutting down and abandoning module GitSourceControl (314)
[2018.10.03-22.24.24:031][651]LogModuleManager: Shutting down and abandoning module SourceControl (313)
[2018.10.03-22.24.24:031][651]LogModuleManager: Shutting down and abandoning module CLionSourceCodeAccess (310)
[2018.10.03-22.24.24:031][651]LogModuleManager: Shutting down and abandoning module LightPropagationVolumeEditor (308)
[2018.10.03-22.24.24:031][651]LogModuleManager: Shutting down and abandoning module PaperTiledImporter (306)
[2018.10.03-22.24.24:031][651]LogModuleManager: Shutting down and abandoning module PaperSpriteSheetImporter (304)
[2018.10.03-22.24.24:031][651]LogModuleManager: Shutting down and abandoning module Paper2DEditor (302)
[2018.10.03-22.24.24:031][651]LogModuleManager: Shutting down and abandoning module MeshPaint (301)
[2018.10.03-22.24.24:031][651]LogModuleManager: Shutting down and abandoning module RuntimePhysXCooking (298)
[2018.10.03-22.24.24:032][651]LogModuleManager: Shutting down and abandoning module PhysXVehiclesEditor (296)
[2018.10.03-22.24.24:032][651]LogModuleManager: Shutting down and abandoning module PhysXVehicles (294)
[2018.10.03-22.24.24:032][651]LogModuleManager: Shutting down and abandoning module OculusEditor (292)
[2018.10.03-22.24.24:032][651]LogModuleManager: Shutting down and abandoning module LocationServicesBPLibrary (290)
[2018.10.03-22.24.24:032][651]LogModuleManager: Shutting down and abandoning module ImmediatePhysicsEditor (288)
[2018.10.03-22.24.24:032][651]LogModuleManager: Shutting down and abandoning module ImmediatePhysics (286)
[2018.10.03-22.24.24:032][651]LogModuleManager: Shutting down and abandoning module ActorSequence (284)
[2018.10.03-22.24.24:032][651]LogModuleManager: Shutting down and abandoning module UdpMessaging (282)
[2018.10.03-22.24.24:132][651]LogModuleManager: Shutting down and abandoning module TcpMessaging (280)
[2018.10.03-22.24.24:232][651]LogModuleManager: Shutting down and abandoning module MagicLeapAudio (278)
[2018.10.03-22.24.24:232][651]LogModuleManager: Shutting down and abandoning module GameplayTagsEditor (276)
[2018.10.03-22.24.24:232][651]LogModuleManager: Shutting down and abandoning module FacialAnimationEditor (274)
[2018.10.03-22.24.24:232][651]LogModuleManager: Shutting down and abandoning module FacialAnimation (272)
[2018.10.03-22.24.24:232][651]LogModuleManager: Shutting down and abandoning module DataValidation (270)
[2018.10.03-22.24.24:232][651]LogModuleManager: Shutting down and abandoning module AssetManagerEditor (268)
[2018.10.03-22.24.24:232][651]LogModuleManager: Shutting down and abandoning module LevelEditor (267)
[2018.10.03-22.24.24:232][651]LogModuleManager: Shutting down and abandoning module PixelInspectorModule (266)
[2018.10.03-22.24.24:232][651]LogModuleManager: Shutting down and abandoning module CommonMenuExtensions (264)
[2018.10.03-22.24.24:233][651]LogModuleManager: Shutting down and abandoning module MainFrame (262)
[2018.10.03-22.24.24:233][651]LogModuleManager: Shutting down and abandoning module HotReload (261)
[2018.10.03-22.24.24:233][651]LogModuleManager: Shutting down and abandoning module ContentBrowser (257)
[2018.10.03-22.24.24:234][651]LogModuleManager: Shutting down and abandoning module TreeMap (255)
[2018.10.03-22.24.24:234][651]LogModuleManager: Shutting down and abandoning module LightPropagationVolumeRuntime (252)
[2018.10.03-22.24.24:234][651]LogModuleManager: Shutting down and abandoning module AISupportModule (250)
[2018.10.03-22.24.24:234][651]LogModuleManager: Shutting down and abandoning module Paper2D (248)
[2018.10.03-22.24.24:234][651]LogModuleManager: Shutting down and abandoning module WindowsMoviePlayer (246)
[2018.10.03-22.24.24:234][651]LogModuleManager: Shutting down and abandoning module WmfMedia (244)
[2018.10.03-22.24.24:234][651]LogModuleManager: Shutting down and abandoning module Media (243)
[2018.10.03-22.24.24:239][651]LogModuleManager: Shutting down and abandoning module PacketHandler (240)
[2018.10.03-22.24.24:239][651]LogModuleManager: Shutting down and abandoning module ClothingSystemEditor (238)
[2018.10.03-22.24.24:239][651]LogModuleManager: Shutting down and abandoning module ClothingSystemRuntime (236)
[2018.10.03-22.24.24:239][651]LogModuleManager: Shutting down and abandoning module MediaAssets (234)
[2018.10.03-22.24.24:239][651]LogModuleManager: Shutting down and abandoning module Overlay (232)
[2018.10.03-22.24.24:239][651]LogModuleManager: Shutting down and abandoning module OverlayEditor (231)
[2018.10.03-22.24.24:239][651]LogModuleManager: Shutting down and abandoning module VREditor (228)
[2018.10.03-22.24.24:239][651]LogModuleManager: Shutting down and abandoning module StringTableEditor (226)
[2018.10.03-22.24.24:239][651]LogModuleManager: Shutting down and abandoning module GameplayTasksEditor (224)
[2018.10.03-22.24.24:239][651]LogModuleManager: Shutting down and abandoning module BehaviorTreeEditor (222)
[2018.10.03-22.24.24:239][651]LogModuleManager: Shutting down and abandoning module FunctionalTesting (220)
[2018.10.03-22.24.24:239][651]LogModuleManager: Shutting down and abandoning module CollisionAnalyzer (218)
[2018.10.03-22.24.24:239][651]LogModuleManager: Shutting down and abandoning module WorkspaceMenuStructure (217)
[2018.10.03-22.24.24:239][651]LogModuleManager: Shutting down and abandoning module UMG (214)
[2018.10.03-22.24.24:239][651]LogModuleManager: Shutting down and abandoning module UMGEditor (213)
[2018.10.03-22.24.24:239][651]LogModuleManager: Shutting down and abandoning module Sequencer (212)
[2018.10.03-22.24.24:239][651]LogModuleManager: Shutting down and abandoning module MessageLog (209)
[2018.10.03-22.24.24:239][651]LogModuleManager: Shutting down and abandoning module SlateReflector (204)
[2018.10.03-22.24.24:239][651]LogModuleManager: Shutting down and abandoning module Slate (202)
[2018.10.03-22.24.24:239][651]LogModuleManager: Shutting down and abandoning module EditorStyle (200)
[2018.10.03-22.24.24:240][651]LogModuleManager: Shutting down and abandoning module MRMesh (198)
[2018.10.03-22.24.24:240][651]LogModuleManager: Shutting down and abandoning module SourceCodeAccess (196)
[2018.10.03-22.24.24:240][651]LogModuleManager: Shutting down and abandoning module HeadMountedDisplay (194)
[2018.10.03-22.24.24:240][651]LogModuleManager: Shutting down and abandoning module XAudio2 (192)
[2018.10.03-22.24.24:240][651]LogModuleManager: Shutting down and abandoning module Networking (190)
[2018.10.03-22.24.24:241][651]LogModuleManager: Shutting down and abandoning module Core (188)
[2018.10.03-22.24.24:241][651]LogModuleManager: Shutting down and abandoning module LevelSequence (186)
[2018.10.03-22.24.24:241][651]LogModuleManager: Shutting down and abandoning module KismetCompiler (184)
[2018.10.03-22.24.24:241][651]LogModuleManager: Shutting down and abandoning module MeshUtilities (182)
[2018.10.03-22.24.24:241][651]LogModuleManager: Shutting down and abandoning module MeshMergeUtilities (181)
[2018.10.03-22.24.24:241][651]LogModuleManager: Shutting down and abandoning module MeshReductionInterface (180)
[2018.10.03-22.24.24:241][651]LogModuleManager: Shutting down and abandoning module SimplygonSwarm (179)
[2018.10.03-22.24.24:241][651]LogModuleManager: Shutting down and abandoning module ProxyLODMeshReduction (177)
[2018.10.03-22.24.24:241][651]LogModuleManager: Shutting down and abandoning module SimplygonMeshReduction (175)
[2018.10.03-22.24.24:241][651]LogModuleManager: Shutting down and abandoning module QuadricMeshReduction (173)
[2018.10.03-22.24.24:241][651]LogModuleManager: Shutting down and abandoning module MaterialBaking (169)
[2018.10.03-22.24.24:241][651]LogModuleManager: Shutting down and abandoning module DirectoryWatcher (165)
[2018.10.03-22.24.24:241][651]LogModuleManager: Shutting down and abandoning module DerivedDataCache (162)
[2018.10.03-22.24.24:251][651]LogDerivedDataCache: Shutdown
[2018.10.03-22.24.24:251][651]LogModuleManager: Shutting down and abandoning module XGEController (160)
[2018.10.03-22.24.24:251][651]LogModuleManager: Shutting down and abandoning module TargetPlatform (158)
[2018.10.03-22.24.24:251][651]LogModuleManager: Shutting down and abandoning module VulkanShaderFormat (157)
[2018.10.03-22.24.24:251][651]LogModuleManager: Shutting down and abandoning module ShaderFormatVectorVM (155)
[2018.10.03-22.24.24:251][651]LogModuleManager: Shutting down and abandoning module ShaderFormatOpenGL (153)
[2018.10.03-22.24.24:251][651]LogModuleManager: Shutting down and abandoning module ShaderFormatD3D (151)
[2018.10.03-22.24.24:251][651]LogModuleManager: Shutting down and abandoning module MetalShaderFormat (149)
[2018.10.03-22.24.24:251][651]LogModuleManager: Shutting down and abandoning module TextureFormatUncompressed (147)
[2018.10.03-22.24.24:251][651]LogModuleManager: Shutting down and abandoning module TextureFormatPVR (145)
[2018.10.03-22.24.24:251][651]LogModuleManager: Shutting down and abandoning module TextureFormatDXT (143)
[2018.10.03-22.24.24:251][651]LogModuleManager: Shutting down and abandoning module TextureFormatIntelISPCTexComp (141)
[2018.10.03-22.24.24:251][651]LogModuleManager: Shutting down and abandoning module TextureFormatASTC (139)
[2018.10.03-22.24.24:251][651]LogModuleManager: Shutting down and abandoning module ImageWrapper (138)
[2018.10.03-22.24.24:251][651]LogModuleManager: Shutting down and abandoning module TextureFormatAndroid (135)
[2018.10.03-22.24.24:251][651]LogModuleManager: Shutting down and abandoning module AudioFormatOpus (133)
[2018.10.03-22.24.24:251][651]LogModuleManager: Shutting down and abandoning module AudioFormatOgg (131)
[2018.10.03-22.24.24:251][651]LogModuleManager: Shutting down and abandoning module AudioFormatADPCM (129)
[2018.10.03-22.24.24:251][651]LogModuleManager: Shutting down and abandoning module LuminTargetPlatform (127)
[2018.10.03-22.24.24:251][651]LogModuleManager: Shutting down and abandoning module LinuxTargetPlatform (125)
[2018.10.03-22.24.24:251][651]LogModuleManager: Shutting down and abandoning module LinuxServerTargetPlatform (123)
[2018.10.03-22.24.24:251][651]LogModuleManager: Shutting down and abandoning module LinuxNoEditorTargetPlatform (121)
[2018.10.03-22.24.24:251][651]LogModuleManager: Shutting down and abandoning module LinuxClientTargetPlatform (119)
[2018.10.03-22.24.24:251][651]LogModuleManager: Shutting down and abandoning module TVOSTargetPlatform (117)
[2018.10.03-22.24.24:252][651]LogModuleManager: Shutting down and abandoning module Messaging (115)
[2018.10.03-22.24.24:252][651]LogModuleManager: Shutting down and abandoning module IOSTargetPlatform (113)
[2018.10.03-22.24.24:252][651]LogModuleManager: Shutting down and abandoning module HTML5TargetPlatform (111)
[2018.10.03-22.24.24:252][651]LogModuleManager: Shutting down and abandoning module AndroidTargetPlatform (109)
[2018.10.03-22.24.24:258][651]LogModuleManager: Shutting down and abandoning module WindowsTargetPlatform (107)
[2018.10.03-22.24.24:258][651]LogModuleManager: Shutting down and abandoning module WindowsServerTargetPlatform (105)
[2018.10.03-22.24.24:258][651]LogModuleManager: Shutting down and abandoning module WindowsNoEditorTargetPlatform (103)
[2018.10.03-22.24.24:258][651]LogModuleManager: Shutting down and abandoning module WindowsClientTargetPlatform (101)
[2018.10.03-22.24.24:258][651]LogModuleManager: Shutting down and abandoning module MacTargetPlatform (99)
[2018.10.03-22.24.24:258][651]LogModuleManager: Shutting down and abandoning module MacServerTargetPlatform (97)
[2018.10.03-22.24.24:258][651]LogModuleManager: Shutting down and abandoning module MacNoEditorTargetPlatform (95)
[2018.10.03-22.24.24:258][651]LogModuleManager: Shutting down and abandoning module MacClientTargetPlatform (93)
[2018.10.03-22.24.24:258][651]LogModuleManager: Shutting down and abandoning module AllDesktopTargetPlatform (91)
[2018.10.03-22.24.24:258][651]LogModuleManager: Shutting down and abandoning module InputCore (88)
[2018.10.03-22.24.24:258][651]LogModuleManager: Shutting down and abandoning module Settings (86)
[2018.10.03-22.24.24:259][651]LogModuleManager: Shutting down and abandoning module PhysXCooking (84)
[2018.10.03-22.24.24:259][651]LogModuleManager: Shutting down and abandoning module SteamVR (82)
[2018.10.03-22.24.24:259][651]LogModuleManager: Shutting down and abandoning module OculusHMD (80)
[2018.10.03-22.24.24:259][651]LogModuleManager: Shutting down and abandoning module ExampleDeviceProfileSelector (78)
[2018.10.03-22.24.24:259][651]LogModuleManager: Shutting down and abandoning module LauncherChunkInstaller (76)
[2018.10.03-22.24.24:259][651]LogModuleManager: Shutting down and abandoning module OnlineBlueprintSupport (74)
[2018.10.03-22.24.24:259][651]LogModuleManager: Shutting down and abandoning module OnlineSubsystem (70)
[2018.10.03-22.24.24:259][651]LogModuleManager: Shutting down and abandoning module XMPP (65)
[2018.10.03-22.24.24:259][651]LogModuleManager: Shutting down and abandoning module WebSockets (64)
[2018.10.03-22.24.24:273][651]LogModuleManager: Shutting down and abandoning module HTTP (61)
[2018.10.03-22.24.24:273][651]LogHttp: Display: Http module shutting down, but needs to wait on 1 outstanding Http requests:
[2018.10.03-22.24.24:273][651]LogHttp: Display: 	verb=[POST] url=[https://datarouter.ol.epicgames.com/datarouter/api/v1/public/data?SessionID=%7B63D95D94-44B0-621C-9EF2-0FBA3C0DD7C5%7D&AppID=UEEditor.Rocket.Release&AppVersion=4.20.3-4369336%2B%2B%2BUE4%2BRelease-4.20&UserID=1cc4ab9f4dc2e03946f10187557ebead%7C835cbaeb50c74b04991c798a180951a6%7Cf1992809-6609-441d-a6d5-d29a56ba17ab&AppEnvironment=datacollector-binary&UploadType=eteventstream] status=Processing
[2018.10.03-22.24.24:281][651]LogModuleManager: Shutting down and abandoning module SSL (60)
[2018.10.03-22.24.24:282][651]LogModuleManager: Shutting down and abandoning module MagicLeapEmulator (56)
[2018.10.03-22.24.24:282][651]LogModuleManager: Shutting down and abandoning module MagicLeapPrivileges (54)
[2018.10.03-22.24.24:282][651]LogModuleManager: Shutting down and abandoning module MagicLeapIdentity (52)
[2018.10.03-22.24.24:282][651]LogModuleManager: Shutting down and abandoning module MagicLeapHelperVulkan (50)
[2018.10.03-22.24.24:282][651]LogModuleManager: Shutting down and abandoning module MagicLeapHelperOpenGL (48)
[2018.10.03-22.24.24:282][651]LogModuleManager: Shutting down and abandoning module MagicLeapSecureStorage (46)
[2018.10.03-22.24.24:282][651]LogModuleManager: Shutting down and abandoning module MagicLeapGestures (44)
[2018.10.03-22.24.24:282][651]LogModuleManager: Shutting down and abandoning module MagicLeapEyeTracker (42)
[2018.10.03-22.24.24:282][651]LogModuleManager: Shutting down and abandoning module MagicLeapController (40)
[2018.10.03-22.24.24:282][651]LogSlate: Slate User Destroyed.  User Index 0, Is Virtual User: 0
[2018.10.03-22.24.24:282][651]LogModuleManager: Shutting down and abandoning module MagicLeap (38)
[2018.10.03-22.24.24:282][651]LogModuleManager: Shutting down and abandoning module AnimationModifiers (36)
[2018.10.03-22.24.24:282][651]LogModuleManager: Shutting down and abandoning module PropertyEditor (35)
[2018.10.03-22.24.24:282][651]LogModuleManager: Shutting down and abandoning module AudioEditor (32)
[2018.10.03-22.24.24:282][651]LogModuleManager: Shutting down and abandoning module TextureCompressor (30)
[2018.10.03-22.24.24:282][651]LogModuleManager: Shutting down and abandoning module ShaderCore (28)
[2018.10.03-22.24.24:282][651]LogModuleManager: Shutting down and abandoning module Landscape (26)
[2018.10.03-22.24.24:282][651]LogModuleManager: Shutting down and abandoning module SlateRHIRenderer (24)
[2018.10.03-22.24.24:283][651]LogModuleManager: Shutting down and abandoning module OpenGLDrv (22)
[2018.10.03-22.24.24:283][651]LogModuleManager: Shutting down and abandoning module D3D11RHI (20)
[2018.10.03-22.24.24:283][651]LogModuleManager: Shutting down and abandoning module AnimGraphRuntime (18)
[2018.10.03-22.24.24:283][651]LogModuleManager: Shutting down and abandoning module Renderer (16)
[2018.10.03-22.24.24:283][651]LogModuleManager: Shutting down and abandoning module Engine (14)
[2018.10.03-22.24.24:283][651]LogModuleManager: Shutting down and abandoning module CoreUObject (12)
[2018.10.03-22.24.24:283][651]LogModuleManager: Shutting down and abandoning module NetworkFile (10)
[2018.10.03-22.24.24:283][651]LogModuleManager: Shutting down and abandoning module CookedIterativeFile (8)
[2018.10.03-22.24.24:283][651]LogModuleManager: Shutting down and abandoning module StreamingFile (6)
[2018.10.03-22.24.24:283][651]LogModuleManager: Shutting down and abandoning module SandboxFile (4)
[2018.10.03-22.24.24:283][651]LogModuleManager: Shutting down and abandoning module PakFile (2)
[2018.10.03-22.24.24:286][651]LogExit: Exiting.
[2018.10.03-22.24.24:301][651]Log file closed, 10/03/18 18:24:24
