Log file open, 11/19/18 01:41:10
LogWindows: Failed to load 'aqProf.dll' (GetLastError=126)
LogWindows: File 'aqProf.dll' does not exist
LogWindows: Failed to load 'VSPerf140.dll' (GetLastError=126)
LogWindows: File 'VSPerf140.dll' does not exist
LogWindows: Failed to load 'VtuneApi.dll' (GetLastError=126)
LogWindows: File 'VtuneApi.dll' does not exist
LogWindows: Failed to load 'VtuneApi32e.dll' (GetLastError=126)
LogWindows: File 'VtuneApi32e.dll' does not exist
LogInit: Display: Running engine for game: CastleRavenloft
LogPlatformFile: Not using cached read wrapper
LogTaskGraph: Started task graph with 5 named threads and 23 total threads with 3 sets of task threads.
LogStats: Stats thread started at 0.245386
LogD3D11RHI: Loaded GFSDK_Aftermath_Lib.x64.dll
LogICUInternationalization: Display: ICU TimeZone Detection - Raw Offset: -5:00, Platform Override: ''
LogPluginManager: Mounting plugin Paper2D
LogPluginManager: Mounting plugin AISupport
LogPluginManager: Mounting plugin LightPropagationVolume
LogPluginManager: Mounting plugin CLionSourceCodeAccess
LogPluginManager: Mounting plugin CodeLiteSourceCodeAccess
LogPluginManager: Mounting plugin GitSourceControl
LogPluginManager: Mounting plugin KDevelopSourceCodeAccess
LogPluginManager: Mounting plugin NullSourceCodeAccess
LogPluginManager: Mounting plugin PerforceSourceControl
LogPluginManager: Mounting plugin SubversionSourceControl
LogPluginManager: Mounting plugin UObjectPlugin
LogPluginManager: Mounting plugin VisualStudioCodeSourceCodeAccess
LogPluginManager: Mounting plugin VisualStudioSourceCodeAccess
LogPluginManager: Mounting plugin XCodeSourceCodeAccess
LogPluginManager: Mounting plugin AssetManagerEditor
LogPluginManager: Mounting plugin CryptoKeys
LogPluginManager: Mounting plugin DataValidation
LogPluginManager: Mounting plugin FacialAnimation
LogPluginManager: Mounting plugin GameplayTagsEditor
LogPluginManager: Mounting plugin MacGraphicsSwitching
LogPluginManager: Mounting plugin MeshEditor
LogPluginManager: Mounting plugin MobileLauncherProfileWizard
LogPluginManager: Mounting plugin PluginBrowser
LogPluginManager: Mounting plugin SpeedTreeImporter
LogPluginManager: Mounting plugin DatasmithContent
LogPluginManager: Mounting plugin AlembicImporter
LogPluginManager: Mounting plugin AppleImageUtils
LogPluginManager: Mounting plugin AppleVision
LogPluginManager: Mounting plugin BackChannel
LogPluginManager: Mounting plugin CharacterAI
LogPluginManager: Mounting plugin GeometryCache
LogPluginManager: Mounting plugin HTML5Networking
LogPluginManager: Mounting plugin ProxyLODPlugin
LogPluginManager: Mounting plugin MagicLeap
LogPluginManager: Mounting plugin MagicLeapEmulator
LogPluginManager: Mounting plugin MagicLeapMedia
LogPluginManager: Mounting plugin AndroidMedia
LogPluginManager: Mounting plugin AvfMedia
LogPluginManager: Mounting plugin ImgMedia
LogPluginManager: Mounting plugin LinearTimecode
LogPluginManager: Mounting plugin MediaCompositing
LogPluginManager: Mounting plugin MediaPlayerEditor
LogPluginManager: Mounting plugin WmfMedia
LogPluginManager: Mounting plugin TcpMessaging
LogPluginManager: Mounting plugin UdpMessaging
LogPluginManager: Mounting plugin ActorSequence
LogPluginManager: Mounting plugin LevelSequenceEditor
LogPluginManager: Mounting plugin MatineeToLevelSequence
LogPluginManager: Mounting plugin NetcodeUnitTest
LogPluginManager: Mounting plugin NUTUnrealEngine4
LogPluginManager: Mounting plugin OnlineSubsystemGooglePlay
LogPluginManager: Mounting plugin OnlineSubsystemIOS
LogPluginManager: Mounting plugin OnlineSubsystem
LogPluginManager: Mounting plugin OnlineSubsystemNull
LogPluginManager: Mounting plugin OnlineSubsystemUtils
LogPluginManager: Mounting plugin LauncherChunkInstaller
LogPluginManager: Mounting plugin AndroidDeviceProfileSelector
LogPluginManager: Mounting plugin AndroidMoviePlayer
LogPluginManager: Mounting plugin AndroidPermission
LogPluginManager: Mounting plugin AppleMoviePlayer
LogPluginManager: Mounting plugin ArchVisCharacter
LogPluginManager: Mounting plugin AudioCapture
LogPluginManager: Mounting plugin CableComponent
LogPluginManager: Mounting plugin CustomMeshComponent
LogPluginManager: Mounting plugin EditableMesh
LogPluginManager: Mounting plugin ExampleDeviceProfileSelector
LogPluginManager: Mounting plugin GoogleCloudMessaging
LogPluginManager: Mounting plugin ImmediatePhysics
LogPluginManager: Mounting plugin IOSDeviceProfileSelector
LogPluginManager: Mounting plugin LinuxDeviceProfileSelector
LogPluginManager: Mounting plugin LocationServicesBPLibrary
LogPluginManager: Mounting plugin MobilePatchingUtils
LogPluginManager: Mounting plugin OculusVR
LogPluginManager: Plugin shader directory ../../../Engine/Plugins/Runtime/Oculus/OculusVR/Shaders found
LogPluginManager: Mapping shader source directory ../../../Engine/Plugins/Runtime/Oculus/OculusVR/Shaders to virtual directory /Plugin/OculusVR
LogPluginManager: Mounting plugin PhysXVehicles
LogPluginManager: Mounting plugin ProceduralMeshComponent
LogPluginManager: Mounting plugin RuntimePhysXCooking
LogPluginManager: Mounting plugin SteamVR
LogPluginManager: Mounting plugin WindowsMoviePlayer
LogStreaming: Display: Took  0.091s to configure plugins.
LogInit: Using libcurl 7.55.1-DEV
LogInit:  - built for x86_64-pc-win32
LogInit:  - supports SSL with OpenSSL/1.0.2h
LogInit:  - supports HTTP deflate (compression) using libz 1.2.8
LogInit:  - other features:
LogInit:      CURL_VERSION_SSL
LogInit:      CURL_VERSION_LIBZ
LogInit:      CURL_VERSION_IPV6
LogInit:      CURL_VERSION_ASYNCHDNS
LogInit:      CURL_VERSION_LARGEFILE
LogInit:      CURL_VERSION_IDN
LogInit:  CurlRequestOptions (configurable via config and command line):
LogInit:  - bVerifyPeer = false  - Libcurl will NOT verify peer certificate
LogInit:  - bUseHttpProxy = false  - Libcurl will NOT use HTTP proxy
LogInit:  - bDontReuseConnections = false  - Libcurl will reuse connections
LogInit:  - CertBundlePath = nullptr  - Libcurl will use whatever was configured at build time.
LogInit:  - MaxHostConnections = 16  - Libcurl will limit the number of connections to a host
LogInit:  - LocalHostAddr = Default
LogInit:  - BufferSize = 65536
LogInit: WinSock: version 1.1 (2.2), MaxSocks=32767, MaxUdp=65467
LogInit: Build: ++UE4+Release-4.20-CL-4369336
LogInit: Engine Version: 4.20.3-4369336+++UE4+Release-4.20
LogInit: Compatible Engine Version: 4.20.0-4212847+++UE4+Release-4.20
LogInit: Net CL: 4212847
LogInit: OS: Windows 7 (Service Pack 1), CPU: Intel(R) Core(TM) i7-4770K CPU @ 3.50GHz, GPU: NVIDIA GeForce GTX 760
LogInit: Compiled (64-bit): Sep 17 2018 12:26:19
LogInit: Compiled with Visual C++: 19.13.26129.00
LogInit: Build Configuration: Development
LogInit: Branch Name: ++UE4+Release-4.20
LogInit: Command Line: -EpicPortal  -epicusername="CMDR_Gazelle" -epicuserid=835cbaeb50c74b04991c798a180951a6 -epiclocale=en-US
LogInit: Base Directory: D:/Paragon/UE_4.20/Engine/Binaries/Win64/
LogInit: Installed Engine Build: 1
LogDevObjectVersion: Number of dev versions registered: 20
LogDevObjectVersion:   Dev-Blueprints (B0D832E4-1F89-4F0D-ACCF-7EB736FD4AA2): 10
LogDevObjectVersion:   Dev-Build (E1C64328-A22C-4D53-A36C-8E866417BD8C): 0
LogDevObjectVersion:   Dev-Core (375EC13C-06E4-48FB-B500-84F0262A717E): 2
LogDevObjectVersion:   Dev-Editor (E4B068ED-F494-42E9-A231-DA0B2E46BB41): 24
LogDevObjectVersion:   Dev-Framework (CFFC743F-43B0-4480-9391-14DF171D2073): 34
LogDevObjectVersion:   Dev-Mobile (B02B49B5-BB20-44E9-A304-32B752E40360): 2
LogDevObjectVersion:   Dev-Networking (A4E4105C-59A1-49B5-A7C5-40C4547EDFEE): 0
LogDevObjectVersion:   Dev-Online (39C831C9-5AE6-47DC-9A44-9C173E1C8E7C): 0
LogDevObjectVersion:   Dev-Physics (78F01B33-EBEA-4F98-B9B4-84EACCB95AA2): 0
LogDevObjectVersion:   Dev-Platform (6631380F-2D4D-43E0-8009-CF276956A95A): 0
LogDevObjectVersion:   Dev-Rendering (12F88B9F-8875-4AFC-A67C-D90C383ABD29): 26
LogDevObjectVersion:   Dev-Sequencer (7B5AE74C-D270-4C10-A958-57980B212A5A): 9
LogDevObjectVersion:   Dev-VR (D7296918-1DD6-4BDD-9DE2-64A83CC13884): 2
LogDevObjectVersion:   Dev-LoadTimes (C2A15278-BFE7-4AFE-6C17-90FF531DF755): 1
LogDevObjectVersion:   Private-Geometry (6EACA3D4-40EC-4CC1-B786-8BED09428FC5): 3
LogDevObjectVersion:   Dev-AnimPhys (29E575DD-E0A3-4627-9D10-D276232CDCEA): 17
LogDevObjectVersion:   Dev-ReflectionCapture (6B266CEC-1EC7-4B8F-A30B-E4D90942FC07): 1
LogDevObjectVersion:   Dev-Automation (0DF73D61-A23F-47EA-B727-89E90C41499A): 1
LogDevObjectVersion:   FortniteMain (601D1886-AC64-4F84-AA16-D3DE0DEAC7D6): 12
LogDevObjectVersion:   Dev-Enterprise (9DFFBCD6-494F-0158-E221-12823C92A888): 1
LogStreaming: Display: Took  0.001s to delete old logs.
LogInit: Presizing for max 8388607 objects, including 0 objects not considered by GC, pre-allocating 0 bytes for permanent pool.
LogInit: Object subsystem initialized
[2018.11.19-06.41.10:904][  0]LogInit: Selected Device Profile: [Windows]
[2018.11.19-06.41.10:905][  0]LogInit: Applying CVar settings loaded from the selected device profile: [Windows]
[2018.11.19-06.41.10:921][  0]LogHAL: Display: Platform has ~ 16 GB [17114591232 / 17179869184 / 16], which maps to Larger [LargestMinGB=32, LargerMinGB=12, DefaultMinGB=8, SmallerMinGB=6, SmallestMinGB=0)
[2018.11.19-06.41.10:921][  0]LogInit: Setting Device Profile CVar: [[r.Vulkan.UseRealUBs:1]]
[2018.11.19-06.41.10:921][  0]LogInit: Going up to parent DeviceProfile []
[2018.11.19-06.41.10:921][  0]LogInit: Computer: SEAN-PC
[2018.11.19-06.41.10:921][  0]LogInit: User: Sean
[2018.11.19-06.41.10:921][  0]LogInit: CPU Page size=4096, Cores=4
[2018.11.19-06.41.10:921][  0]LogInit: High frequency timer resolution =3.423925 MHz
[2018.11.19-06.41.10:921][  0]LogMemory: Memory total: Physical=15.9GB (16GB approx)
[2018.11.19-06.41.10:921][  0]LogMemory: Platform Memory Stats for Windows
[2018.11.19-06.41.10:921][  0]LogMemory: Process Physical Memory: 103.52 MB used, 103.52 MB peak
[2018.11.19-06.41.10:921][  0]LogMemory: Process Virtual Memory: 92.51 MB used, 92.51 MB peak
[2018.11.19-06.41.10:922][  0]LogMemory: Physical Memory: 9916.02 MB used,  6405.73 MB free, 16321.75 MB total
[2018.11.19-06.41.10:922][  0]LogMemory: Virtual Memory: 486.11 MB used,  6405.73 MB free, 8388608.00 MB total
[2018.11.19-06.41.10:963][  0]LogInit: Using OS detected language (en-US).
[2018.11.19-06.41.10:963][  0]LogInit: Using OS detected locale (en-US).
[2018.11.19-06.41.10:964][  0]LogTextLocalizationManager: No specific localization for 'en-US' exists, so the 'en' localization will be used.
[2018.11.19-06.41.11:296][  0]LogStreaming: Display: Took  0.332s to InitEngineTextLocalization.
[2018.11.19-06.41.11:296][  0]LogWindows: Failed to load 'shcore.dll' (GetLastError=126)
[2018.11.19-06.41.11:296][  0]LogWindows: File 'shcore.dll' does not exist
[2018.11.19-06.41.11:296][  0]LogInit: Setting process to DPI aware
[2018.11.19-06.41.11:321][  0]LogSlate: New Slate User Created.  User Index 0, Is Virtual User: 0
[2018.11.19-06.41.11:321][  0]LogSlate: Slate User Registered.  User Index 0, Is Virtual User: 0
[2018.11.19-06.41.11:457][  0]LogHMD: Failed to initialize OpenVR with code 110
[2018.11.19-06.41.11:457][  0]LogD3D11RHI: D3D11 adapters:
[2018.11.19-06.41.11:494][  0]LogD3D11RHI:    0. 'NVIDIA GeForce GTX 760' (Feature Level 11_0)
[2018.11.19-06.41.11:495][  0]LogD3D11RHI:       1979/0/7904 MB DedicatedVideo/DedicatedSystem/SharedSystem, Outputs:2, VendorId:0x10de
[2018.11.19-06.41.11:495][  0]LogD3D11RHI: Chosen D3D11 Adapter: 0
[2018.11.19-06.41.11:500][  0]LogD3D11RHI: Creating new Direct3DDevice
[2018.11.19-06.41.11:500][  0]LogD3D11RHI:     GPU DeviceId: 0x1187 (for the marketing name, search the web for "GPU Device Id")
[2018.11.19-06.41.11:500][  0]LogWindows: EnumDisplayDevices:
[2018.11.19-06.41.11:500][  0]LogWindows:    0. 'NVIDIA GeForce GTX 760' (P:1 D:1)
[2018.11.19-06.41.11:500][  0]LogWindows:    1. 'NVIDIA GeForce GTX 760' (P:0 D:1)
[2018.11.19-06.41.11:500][  0]LogWindows:    2. 'NVIDIA GeForce GTX 760' (P:0 D:0)
[2018.11.19-06.41.11:500][  0]LogWindows:    3. 'NVIDIA GeForce GTX 760' (P:0 D:0)
[2018.11.19-06.41.11:500][  0]LogWindows:    4. 'RDPDD Chained DD' (P:0 D:0)
[2018.11.19-06.41.11:500][  0]LogWindows:    5. 'RDP Encoder Mirror Driver' (P:0 D:0)
[2018.11.19-06.41.11:501][  0]LogWindows:    6. 'RDP Reflector Display Driver' (P:0 D:0)
[2018.11.19-06.41.11:501][  0]LogWindows: DebugString: GetVideoDriverDetailsInvalid PrimaryIsNotTheChoosenAdapter GetVideoDriverDetailsInvalid PrimaryIsNotTheChoosenAdapter GetVideoDriverDetailsInvalid PrimaryIsNotTheChoosenAdapter FoundDriverCount:4 
[2018.11.19-06.41.11:501][  0]LogD3D11RHI:     Adapter Name: NVIDIA GeForce GTX 760
[2018.11.19-06.41.11:501][  0]LogD3D11RHI:   Driver Version: 416.34 (internal:25.21.14.1634, unified:416.34)
[2018.11.19-06.41.11:501][  0]LogD3D11RHI:      Driver Date: 10-10-2018
[2018.11.19-06.41.11:501][  0]LogRHI: Texture pool is 1385 MB (70% of 1979 MB)
[2018.11.19-06.41.11:518][  0]LogD3D11RHI: Async texture creation enabled
[2018.11.19-06.41.11:545][  0]LogD3D11RHI: GPU Timing Frequency: 1000.000000 (Debug: 2 2)
[2018.11.19-06.41.11:594][  0]LogShaderCompilers: Guid format shader working directory is -14 characters bigger than the processId version (C:/Users/Sean/Desktop/Colab/CastleRavenloft/CastleRavenloft/Intermediate/Shaders/WorkingDirectory/2964/).
[2018.11.19-06.41.11:594][  0]LogShaderCompilers: Cleaned the shader compiler working directory 'C:/Users/Sean/AppData/Local/Temp/UnrealShaderWorkingDir/4513BF3F46DD731462934880F88CCB88/'.
[2018.11.19-06.41.11:773][  0]LogTemp: Display: Loaded TP AllDesktopTargetPlatform
[2018.11.19-06.41.11:784][  0]LogTemp: Display: Loaded TP MacClientTargetPlatform
[2018.11.19-06.41.11:796][  0]LogTemp: Display: Loaded TP MacNoEditorTargetPlatform
[2018.11.19-06.41.11:807][  0]LogTemp: Display: Loaded TP MacServerTargetPlatform
[2018.11.19-06.41.11:819][  0]LogTemp: Display: Loaded TP MacTargetPlatform
[2018.11.19-06.41.11:831][  0]LogTemp: Display: Loaded TP WindowsClientTargetPlatform
[2018.11.19-06.41.11:843][  0]LogTemp: Display: Loaded TP WindowsNoEditorTargetPlatform
[2018.11.19-06.41.11:854][  0]LogTemp: Display: Loaded TP WindowsServerTargetPlatform
[2018.11.19-06.41.11:859][  0]LogTemp: Display: Loaded TP WindowsTargetPlatform
[2018.11.19-06.41.11:926][  0]LogTemp: Display: Loaded TP AndroidTargetPlatform
[2018.11.19-06.41.11:926][  0]LogTemp: Display: Loaded TP AndroidTargetPlatform
[2018.11.19-06.41.11:926][  0]LogTemp: Display: Loaded TP AndroidTargetPlatform
[2018.11.19-06.41.11:926][  0]LogTemp: Display: Loaded TP AndroidTargetPlatform
[2018.11.19-06.41.11:926][  0]LogTemp: Display: Loaded TP AndroidTargetPlatform
[2018.11.19-06.41.11:926][  0]LogTemp: Display: Loaded TP AndroidTargetPlatform
[2018.11.19-06.41.11:926][  0]LogTemp: Display: Loaded TP AndroidTargetPlatform
[2018.11.19-06.41.11:926][  0]LogTemp: Display: Loaded TP AndroidTargetPlatform
[2018.11.19-06.41.11:926][  0]LogTemp: Display: Loaded TP AndroidTargetPlatform
[2018.11.19-06.41.11:926][  0]LogTemp: Display: Loaded TP AndroidTargetPlatform
[2018.11.19-06.41.11:926][  0]LogTemp: Display: Loaded TP AndroidTargetPlatform
[2018.11.19-06.41.11:926][  0]LogTemp: Display: Loaded TP AndroidTargetPlatform
[2018.11.19-06.41.11:926][  0]LogTemp: Display: Loaded TP AndroidTargetPlatform
[2018.11.19-06.41.11:926][  0]LogTemp: Display: Loaded TP AndroidTargetPlatform
[2018.11.19-06.41.11:926][  0]LogTemp: Display: Loaded TP AndroidTargetPlatform
[2018.11.19-06.41.11:926][  0]LogTemp: Display: Loaded TP AndroidTargetPlatform
[2018.11.19-06.41.11:926][  0]LogTemp: Display: Loaded TP AndroidTargetPlatform
[2018.11.19-06.41.11:926][  0]LogTemp: Display: Loaded TP AndroidTargetPlatform
[2018.11.19-06.41.11:928][  0]LogTemp: Display: Loaded TP HTML5TargetPlatform
[2018.11.19-06.41.11:981][  0]LogTemp: Display: Loaded TP IOSTargetPlatform
[2018.11.19-06.41.11:981][  0]LogTemp: Display: Loaded TP IOSTargetPlatform
[2018.11.19-06.41.12:002][  0]LogTemp: Display: Loaded TP TVOSTargetPlatform
[2018.11.19-06.41.12:002][  0]LogTemp: Display: Loaded TP TVOSTargetPlatform
[2018.11.19-06.41.12:013][  0]LogTemp: Display: Loaded TP LinuxClientTargetPlatform
[2018.11.19-06.41.12:024][  0]LogTemp: Display: Loaded TP LinuxNoEditorTargetPlatform
[2018.11.19-06.41.12:036][  0]LogTemp: Display: Loaded TP LinuxServerTargetPlatform
[2018.11.19-06.41.12:048][  0]LogTemp: Display: Loaded TP LinuxTargetPlatform
[2018.11.19-06.41.12:057][  0]LogTemp: Display: Loaded TP LuminTargetPlatform
[2018.11.19-06.41.12:057][  0]LogTargetPlatformManager: Display: Building Assets For Windows
[2018.11.19-06.41.12:115][  0]LogXGEController: Cannot use XGE Controller as Incredibuild is not installed on this machine.
[2018.11.19-06.41.12:115][  0]LogShaderCompilers: Cannot use XGE Shader Compiler as Incredibuild is not installed on this machine.
[2018.11.19-06.41.12:115][  0]LogShaderCompilers: Display: Using Local Shader Compiler.
[2018.11.19-06.41.12:700][  0]LogDerivedDataCache: Display: Max Cache Size: 512 MB
[2018.11.19-06.41.12:769][  0]LogDerivedDataCache: Loaded boot cache 0.07s 71MB C:/Users/Sean/AppData/Local/UnrealEngine/4.20/DerivedDataCache/Boot.ddc.
[2018.11.19-06.41.12:770][  0]LogDerivedDataCache: Display: Loaded Boot cache: C:/Users/Sean/AppData/Local/UnrealEngine/4.20/DerivedDataCache/Boot.ddc
[2018.11.19-06.41.12:770][  0]LogDerivedDataCache: FDerivedDataBackendGraph:  Pak pak cache file C:/Users/Sean/Desktop/Colab/CastleRavenloft/CastleRavenloft/DerivedDataCache/DDC.ddp not found, will not use a pak cache.
[2018.11.19-06.41.12:770][  0]LogDerivedDataCache: Unable to find inner node Pak for hierarchical cache Hierarchy.
[2018.11.19-06.41.12:770][  0]LogDerivedDataCache: FDerivedDataBackendGraph:  CompressedPak pak cache file C:/Users/Sean/Desktop/Colab/CastleRavenloft/CastleRavenloft/DerivedDataCache/Compressed.ddp not found, will not use a pak cache.
[2018.11.19-06.41.12:770][  0]LogDerivedDataCache: Unable to find inner node CompressedPak for hierarchical cache Hierarchy.
[2018.11.19-06.41.12:783][  0]LogDerivedDataCache: Display: Pak cache opened for reading ../../../Engine/DerivedDataCache/Compressed.ddp.
[2018.11.19-06.41.12:794][  0]LogDerivedDataCache: Using Local data cache path C:/Users/Sean/AppData/Local/UnrealEngine/Common/DerivedDataCache: Writable
[2018.11.19-06.41.12:794][  0]LogDerivedDataCache: Shared data cache path not found in *engine.ini, will not use an Shared cache.
[2018.11.19-06.41.12:794][  0]LogDerivedDataCache: Unable to find inner node Shared for hierarchical cache Hierarchy.
[2018.11.19-06.41.12:810][  0]LogMaterial: Verifying Global Shaders for PCD3D_SM5
[2018.11.19-06.41.12:811][  0]LogSlate: Using FreeType 2.6.0
[2018.11.19-06.41.12:812][  0]LogSlate: SlateFontServices - WITH_FREETYPE: 1, WITH_HARFBUZZ: 1
[2018.11.19-06.41.12:874][  0]LogAssetRegistry: FAssetRegistry took 0.0234 seconds to start up
[2018.11.19-06.41.13:126][  0]LogInit: Selected Device Profile: [Windows]
[2018.11.19-06.41.13:234][  0]LogSimplygon: Simplygon DLL not present - disabling.
[2018.11.19-06.41.13:237][  0]LogMeshReduction: Using SimplygonSwarm for distributed automatic mesh merging
[2018.11.19-06.41.13:237][  0]LogMeshReduction: Using ProxyLODMeshReduction for automatic mesh merging
[2018.11.19-06.41.13:237][  0]LogMeshReduction: Using QuadricMeshReduction for automatic static mesh reduction
[2018.11.19-06.41.13:237][  0]LogMeshReduction: No automatic skeletal mesh reduction module available
[2018.11.19-06.41.13:255][  0]LogNetVersion: CastleRavenloft 1.0.0, NetCL: 4212847, EngineNetVer: 5, GameNetVer: 0 (Checksum: 37006697)
[2018.11.19-06.41.13:693][  0]LogPackageLocalizationCache: Processed 11 localized package path(s) for 2 prioritized culture(s) in 0.089475 seconds
[2018.11.19-06.41.13:698][  0]LogUObjectArray: 38425 objects as part of root set at end of initial load.
[2018.11.19-06.41.13:698][  0]LogUObjectAllocator: 6690872 out of 0 bytes used by permanent object pool.
[2018.11.19-06.41.13:698][  0]LogUObjectArray: CloseDisregardForGC: 0/0 objects in disregard for GC pool
[2018.11.19-06.41.14:394][  0]LogTcpMessaging: Initializing TcpMessaging bridge
[2018.11.19-06.41.14:406][  0]LogUdpMessaging: Initializing bridge on interface 0.0.0.0:0 to multicast group 230.0.0.1:6666.
[2018.11.19-06.41.14:543][  0]SourceControl: Source control is disabled
[2018.11.19-06.41.14:543][  0]SourceControl: Source control is disabled
[2018.11.19-06.41.14:546][  0]SourceControl: Source control is disabled
[2018.11.19-06.41.14:548][  0]SourceControl: Source control is disabled
[2018.11.19-06.41.14:747][  0]LogAndroidPermission: UAndroidPermissionCallbackProxy::GetInstance
[2018.11.19-06.41.14:826][  0]LogOcInput: OculusInput pre-init called
[2018.11.19-06.41.14:883][  0]LogEngine: Initializing Engine...
[2018.11.19-06.41.14:883][  0]LogHMD: Failed to initialize OpenVR with code 110
[2018.11.19-06.41.14:884][  0]LogStats: UGameplayTagsManager::ConstructGameplayTagTree: ImportINI prefixes -  0.000 s
[2018.11.19-06.41.14:884][  0]LogStats: UGameplayTagsManager::ConstructGameplayTagTree: Construct from data asset -  0.000 s
[2018.11.19-06.41.14:884][  0]LogStats: UGameplayTagsManager::ConstructGameplayTagTree: ImportINI -  0.000 s
[2018.11.19-06.41.14:884][  0]LogStats: UGameplayTagsManager::ConstructGameplayTagTree: GameplayTagTreeChangedEvent.Broadcast -  0.000 s
[2018.11.19-06.41.15:080][  0]LogInit: Initializing FReadOnlyCVARCache
[2018.11.19-06.41.15:092][  0]LogAIModule: Creating AISystem for world Untitled
[2018.11.19-06.41.15:114][  0]LogInit: XAudio2 using 'Speakers (3- SteelSeries Siberia 840)' : 1 channels at 48 kHz using 16 bits per sample (channel mask 0x4)
[2018.11.19-06.41.15:120][  0]LogInit: FAudioDevice initialized.
[2018.11.19-06.41.15:120][  0]LogNetVersion: Set ProjectVersion to 1.0.0.0. Version Checksum will be recalculated on next use.
[2018.11.19-06.41.15:215][  0]LogDerivedDataCache: Saved boot cache 0.10s 71MB C:/Users/Sean/AppData/Local/UnrealEngine/4.20/DerivedDataCache/Boot.ddc.
[2018.11.19-06.41.15:226][  0]LogInit: Texture streaming: Enabled
[2018.11.19-06.41.15:243][  0]LogEngineSessionManager: EngineSessionManager initialized
[2018.11.19-06.41.15:252][  0]LogInit: Transaction tracking system initialized
[2018.11.19-06.41.15:272][  0]BlueprintLog: New page: Editor Load
[2018.11.19-06.41.15:349][  0]LocalizationService: Localization service is disabled
[2018.11.19-06.41.15:593][  0]LogCook: Display: Max memory allowance for cook 16384mb min free memory 0mb
[2018.11.19-06.41.15:593][  0]LogCook: Display: Mobile HDR setting 1
[2018.11.19-06.41.15:593][  0]LogGameplayTags: Display: UGameplayTagsManager::DoneAddingNativeTags. DelegateIsBound: 0
[2018.11.19-06.41.15:593][  0]LogStats: UGameplayTagsManager::ConstructGameplayTagTree: ImportINI prefixes -  0.000 s
[2018.11.19-06.41.15:593][  0]LogStats: UGameplayTagsManager::ConstructGameplayTagTree: Construct from data asset -  0.000 s
[2018.11.19-06.41.15:593][  0]LogStats: UGameplayTagsManager::ConstructGameplayTagTree: ImportINI -  0.000 s
[2018.11.19-06.41.15:593][  0]LogStats: UGameplayTagsManager::ConstructGameplayTagTree: GameplayTagTreeChangedEvent.Broadcast -  0.000 s
[2018.11.19-06.41.15:708][  0]LogFileCache: Scanning file cache for directory 'C:/Users/Sean/Desktop/Colab/CastleRavenloft/CastleRavenloft/Content/' took 0.02s
[2018.11.19-06.41.15:715][  0]SourceControl: Source control is disabled
[2018.11.19-06.41.15:716][  0]Cmd: MAP LOAD FILE="C:/Users/Sean/Desktop/Colab/CastleRavenloft/CastleRavenloft/Content/Maps/CastleMap.umap" TEMPLATE=0 SHOWPROGRESS=1 FEATURELEVEL=3
[2018.11.19-06.41.15:716][  0]LightingResults: New page: Lighting Build
[2018.11.19-06.41.15:718][  0]MapCheck: New page: Map Check
[2018.11.19-06.41.15:718][  0]LightingResults: New page: Lighting Build
[2018.11.19-06.41.21:467][  0]LogAIModule: Creating AISystem for world CastleMap
[2018.11.19-06.41.21:865][  0]LogEditorServer: Finished looking for orphan Actors (0.000 secs)
[2018.11.19-06.41.21:896][  0]Cmd: MAP CHECKDEP NOCLEARLOG
[2018.11.19-06.41.21:962][  0]MapCheck: Map check complete: 0 Error(s), 0 Warning(s), took 66.101ms to complete.
[2018.11.19-06.41.21:962][  0]LogFileHelpers: Loading map 'CastleMap' took 6.246
[2018.11.19-06.41.22:306][  0]LogSlate: Updating window title bar state: overlay mode, drag disabled, window buttons hidden, title bar hidden
[2018.11.19-06.41.22:320][  0]LogSlate: Updating window title bar state: overlay mode, drag disabled, window buttons hidden, title bar hidden
[2018.11.19-06.41.22:327][  0]LogSlate: Updating window title bar state: overlay mode, drag disabled, window buttons hidden, title bar hidden
[2018.11.19-06.41.22:333][  0]LogSlate: Updating window title bar state: overlay mode, drag disabled, window buttons hidden, title bar hidden
[2018.11.19-06.41.22:353][  0]LogCollectionManager: Loaded 0 collections in 0.001137 seconds
[2018.11.19-06.41.22:445][  0]LogFileCache: Scanning file cache for directory 'C:/Users/Sean/Desktop/Colab/CastleRavenloft/CastleRavenloft/Saved/Collections/' took 0.01s
[2018.11.19-06.41.22:445][  0]LogFileCache: Scanning file cache for directory 'C:/Users/Sean/Desktop/Colab/CastleRavenloft/CastleRavenloft/Content/Developers/Sean/Collections/' took 0.01s
[2018.11.19-06.41.22:445][  0]LogFileCache: Scanning file cache for directory 'C:/Users/Sean/Desktop/Colab/CastleRavenloft/CastleRavenloft/Content/Collections/' took 0.01s
[2018.11.19-06.41.22:445][  0]LogCollectionManager: Rebuilt the GUID cache for 0 collections in 0.000000 seconds
[2018.11.19-06.41.22:453][  0]LogContentBrowser: Native class hierarchy populated in 0.0080 seconds. Added 2572 classes and 603 folders.
[2018.11.19-06.41.22:487][  0]LogContentBrowser: Native class hierarchy updated for 'WidgetCarousel' in 0.0002 seconds. Added 0 classes and 0 folders.
[2018.11.19-06.41.23:388][  0]LogContentBrowser: Native class hierarchy updated for 'AddContentDialog' in 0.0002 seconds. Added 0 classes and 0 folders.
[2018.11.19-06.41.23:425][  0]LogContentBrowser: Native class hierarchy updated for 'SceneOutliner' in 0.0003 seconds. Added 1 classes and 2 folders.
[2018.11.19-06.41.23:696][  0]LogSlate: Took 0.000162 seconds to synchronously load lazily loaded font '../../../Engine/Content/Slate/Fonts/Roboto-Regular.ttf' (155K)
[2018.11.19-06.41.23:698][  0]LogSlate: Took 0.000163 seconds to synchronously load lazily loaded font '../../../Engine/Content/Slate/Fonts/Roboto-Bold.ttf' (160K)
[2018.11.19-06.41.23:766][  0]LogSlate: Took 0.014696 seconds to synchronously load lazily loaded font '../../../Engine/Content/Editor/Slate/Fonts/FontAwesome.ttf' (139K)
[2018.11.19-06.41.24:080][  0]LogRenderer: Reallocating scene render targets to support 992x576 Format 10 NumSamples 1 (Frame:1).
[2018.11.19-06.41.24:347][  0]LogContentBrowser: Native class hierarchy updated for 'HierarchicalLODOutliner' in 0.0002 seconds. Added 0 classes and 0 folders.
[2018.11.19-06.41.24:347][  0]LogLoad: (Engine Initialization) Total time: 14.81 seconds
[2018.11.19-06.41.24:348][  0]LogLoad: (Engine Initialization) Total Blueprint compile time: 0.00 seconds
[2018.11.19-06.41.24:415][  0]LogContentStreaming: Texture pool size now 1000 MB
[2018.11.19-06.41.24:508][  0]LogSlate: Took 0.017468 seconds to synchronously load lazily loaded font '../../../Engine/Content/Slate/Fonts/Roboto-Light.ttf' (167K)
[2018.11.19-06.41.24:572][  1]LogAssetRegistry: Asset discovery search completed in 11.7182 seconds
[2018.11.19-06.41.24:574][  1]LogCollectionManager: Rebuilt the object cache for 0 collections in 0.000000 seconds (found 0 objects)
[2018.11.19-06.41.24:574][  1]LogCollectionManager: Fixed up redirectors for 0 collections in 0.000042 seconds (updated 0 objects)
[2018.11.19-06.41.29:560][221]LogFileCache: Retrieving MD5 hashes for directory 'C:/Users/Sean/Desktop/Colab/CastleRavenloft/CastleRavenloft/Content/' took 5.19s
[2018.11.19-06.41.39:506][531]LogSlate: Took 0.000213 seconds to synchronously load lazily loaded font '../../../Engine/Content/Slate/Fonts/Roboto-Light.ttf' (167K)
[2018.11.19-06.41.39:544][531]LogFactory: FactoryCreateFile: StaticMesh with FbxFactory (0 0 C:\Users\Sean\Desktop\Colab Exports\Couch\Couch.fbx)
[2018.11.19-06.41.39:667][531]LogFbx: Loading FBX Scene from C:\Users\Sean\Desktop\Colab Exports\Couch\Couch.fbx
[2018.11.19-06.41.39:679][531]LogFbx: FBX Scene Loaded Succesfully
[2018.11.19-06.41.39:944][531]LogSlate: FSceneViewport::OnFocusLost() reason 2
[2018.11.19-06.41.42:265][531]LogSlate: Window 'FBX Import Options' being destroyed
[2018.11.19-06.41.42:438][531]LogFbx: Warning: Triangulating static mesh Couch
[2018.11.19-06.41.42:556][531]LogStaticMesh: Building static mesh Couch...
[2018.11.19-06.41.42:618][531]LogStaticMesh: Built static mesh [0.06s] /Game/StaticMeshes/Couch.Couch
[2018.11.19-06.41.42:669][531]FBXImport: Warning: No smoothing group information was found in this FBX scene.  Please make sure to enable the 'Export Smoothing Groups' option in the FBX Exporter plug-in before exporting the file.  Even for tools that don't support smoothing groups, the FBX Exporter will generate appropriate smoothing data at export-time so that correct vertex normals can be inferred while importing. 
[2018.11.19-06.41.51:596][  1]LogAssetEditorManager: Opening Asset editor for Material /Game/Materials/Couch.Couch
[2018.11.19-06.41.51:607][  1]LogMaterial: Display: Missing cached shader map for material Couch, compiling. 
[2018.11.19-06.41.52:325][  1]LogMaterial: Display: Missing cached shader map for material Couch, compiling. 
[2018.11.19-06.41.52:339][  1]LogMaterial: Display: Missing cached shader map for material Couch, compiling. 
[2018.11.19-06.41.52:364][  1]LogShaderCompilers: Display: Shaders left to compile 21
[2018.11.19-06.41.52:364][  1]LogShaderCompilers: Display: Shaders left to compile 20
[2018.11.19-06.41.52:364][  1]LogShaderCompilers: Display: Shaders left to compile 19
[2018.11.19-06.41.52:364][  1]LogShaderCompilers: Display: Shaders left to compile 18
[2018.11.19-06.41.52:490][  1]LogSlate: Took 0.083268 seconds to synchronously load lazily loaded font '../../../Engine/Content/Slate/Fonts/Roboto-BoldCondensed.ttf' (158K)
[2018.11.19-06.41.54:126][ 48]LogShaderCompilers: Display: Shaders left to compile 17
[2018.11.19-06.41.54:131][ 48]LogShaderCompilers: Display: Shaders left to compile 16
[2018.11.19-06.41.54:152][ 49]LogShaderCompilers: Display: Shaders left to compile 15
[2018.11.19-06.41.54:153][ 49]LogShaderCompilers: Display: Shaders left to compile 14
[2018.11.19-06.41.54:292][ 53]LogShaderCompilers: Display: Shaders left to compile 13
[2018.11.19-06.41.54:325][ 54]LogShaderCompilers: Display: Shaders left to compile 12
[2018.11.19-06.41.54:325][ 54]LogShaderCompilers: Display: Shaders left to compile 11
[2018.11.19-06.41.54:325][ 54]LogShaderCompilers: Display: Shaders left to compile 10
[2018.11.19-06.41.54:462][ 58]LogShaderCompilers: Display: Shaders left to compile 9
[2018.11.19-06.41.54:575][ 61]LogShaderCompilers: Display: Shaders left to compile 8
[2018.11.19-06.41.54:712][ 64]LogShaderCompilers: Display: Shaders left to compile 7
[2018.11.19-06.41.54:774][ 66]LogShaderCompilers: Display: Shaders left to compile 6
[2018.11.19-06.41.54:861][ 68]LogShaderCompilers: Display: Shaders left to compile 5
[2018.11.19-06.41.54:959][ 70]LogShaderCompilers: Display: Shaders left to compile 4
[2018.11.19-06.41.54:999][ 71]LogShaderCompilers: Display: Shaders left to compile 3
[2018.11.19-06.41.55:225][ 77]LogShaderCompilers: Display: Shaders left to compile 2
[2018.11.19-06.41.55:225][ 77]LogShaderCompilers: Display: Shaders left to compile 1
[2018.11.19-06.41.55:634][ 91]MaterialEditorStats: Base pass shader: 99 instructions
[2018.11.19-06.41.55:634][ 91]MaterialEditorStats: Base pass shader with Volumetric Lightmap: 172 instructions
[2018.11.19-06.41.55:634][ 91]MaterialEditorStats: Base pass vertex shader: 32 instructions
[2018.11.19-06.41.55:634][ 91]MaterialEditorStats: Texture samplers: 3/16
[2018.11.19-06.42.13:429][344]LogFactory: FactoryCreateFile: Texture with ReimportTextureFactory (0 0 C:\Users\Sean\Desktop\Colab Exports\Couch\TEX_Couch_BaseColor.png)
[2018.11.19-06.42.13:592][344]LogTexture: Display: Building textures: TEX_Couch_BaseColor (AutoDXT, 2048X2048)
[2018.11.19-06.42.14:517][344]LogFactory: FactoryCreateFile: Texture with ReimportTextureFactory (0 0 C:\Users\Sean\Desktop\Colab Exports\Couch\TEX_Couch_Roughness.png)
[2018.11.19-06.42.14:562][344]LogTexture: Display: Building textures: TEX_Couch_Roughness (AutoDXT, 2048X2048)
[2018.11.19-06.42.26:289][436]LogFactory: FactoryCreateFile: Texture with ReimportTextureFactory (0 0 C:\Users\Sean\Desktop\Colab Exports\Couch\TEX_Couch_AO.png)
[2018.11.19-06.42.26:389][436]LogTexture: Display: Building textures: TEX_Couch_AO (AutoDXT, 2048X2048)
[2018.11.19-06.42.31:199][565]LogSlate: Window 'Message Log' being destroyed
[2018.11.19-06.42.31:202][565]LogSlate: Window 'Message Log' being destroyed
[2018.11.19-06.42.39:630][ 13]LogAssetEditorManager: Opening Asset editor for StaticMesh /Game/StaticMeshes/Couch.Couch
[2018.11.19-06.42.40:310][ 13]LogRenderer: Reallocating scene render targets to support 1432x964 Format 10 NumSamples 1 (Frame:1).
[2018.11.19-06.42.40:310][ 13]LogSlate: Took 0.082489 seconds to synchronously load lazily loaded font '../../../Engine/Content/Slate/Fonts/Roboto-Italic.ttf' (157K)
[2018.11.19-06.42.56:853][841]LogMaterial: Display: Missing cached shader map for material Couch, compiling. 
[2018.11.19-06.42.56:866][841]LogMaterial: Display: Missing cached shader map for material FMatExpressionPreview MaterialExpressionTextureSample_0, compiling. 
[2018.11.19-06.42.56:872][841]LogShaderCompilers: Display: Shaders left to compile 23
[2018.11.19-06.42.56:872][841]LogShaderCompilers: Display: Shaders left to compile 22
[2018.11.19-06.42.56:872][841]LogShaderCompilers: Display: Shaders left to compile 21
[2018.11.19-06.42.56:872][841]LogShaderCompilers: Display: Shaders left to compile 20
[2018.11.19-06.42.56:894][841]LogMaterial: Display: Missing cached shader map for material FMatExpressionPreview MaterialExpressionTextureSample_0, compiling. 
[2018.11.19-06.42.56:909][841]LogMaterial: Display: Missing cached shader map for material Couch, compiling. 
[2018.11.19-06.42.56:922][841]LogMaterial: Display: Missing cached shader map for material FMatExpressionPreview MaterialExpressionTextureSample_1, compiling. 
[2018.11.19-06.42.56:953][841]LogMaterial: Display: Missing cached shader map for material FMatExpressionPreview MaterialExpressionTextureSample_0, compiling. 
[2018.11.19-06.42.56:958][841]LogMaterial: Display: Missing cached shader map for material FMatExpressionPreview MaterialExpressionTextureSample_1, compiling. 
[2018.11.19-06.42.56:971][841]LogMaterial: Display: Missing cached shader map for material Couch, compiling. 
[2018.11.19-06.42.56:984][841]LogMaterial: Display: Missing cached shader map for material FMatExpressionPreview MaterialExpressionTextureSample_2, compiling. 
[2018.11.19-06.42.57:011][841]LogMaterial: Display: Missing cached shader map for material FMatExpressionPreview MaterialExpressionTextureSample_0, compiling. 
[2018.11.19-06.42.57:016][841]LogMaterial: Display: Missing cached shader map for material FMatExpressionPreview MaterialExpressionTextureSample_1, compiling. 
[2018.11.19-06.42.57:020][841]LogMaterial: Display: Missing cached shader map for material FMatExpressionPreview MaterialExpressionTextureSample_2, compiling. 
[2018.11.19-06.42.57:354][848]LogShaderCompilers: Display: Shaders left to compile 27
[2018.11.19-06.42.57:360][848]LogShaderCompilers: Display: Shaders left to compile 26
[2018.11.19-06.42.57:360][848]LogShaderCompilers: Display: Shaders left to compile 25
[2018.11.19-06.42.57:360][848]LogShaderCompilers: Display: Shaders left to compile 24
[2018.11.19-06.42.57:546][852]LogShaderCompilers: Display: Shaders left to compile 23
[2018.11.19-06.42.57:566][853]LogShaderCompilers: Display: Shaders left to compile 22
[2018.11.19-06.42.57:578][853]LogShaderCompilers: Display: Shaders left to compile 21
[2018.11.19-06.42.57:584][853]LogShaderCompilers: Display: Shaders left to compile 20
[2018.11.19-06.42.57:707][856]LogShaderCompilers: Display: Shaders left to compile 19
[2018.11.19-06.42.57:707][856]LogShaderCompilers: Display: Shaders left to compile 18
[2018.11.19-06.42.57:727][857]LogShaderCompilers: Display: Shaders left to compile 17
[2018.11.19-06.42.57:731][857]LogShaderCompilers: Display: Shaders left to compile 16
[2018.11.19-06.42.57:847][860]LogShaderCompilers: Display: Shaders left to compile 15
[2018.11.19-06.42.57:973][863]LogShaderCompilers: Display: Shaders left to compile 14
[2018.11.19-06.42.58:082][866]LogShaderCompilers: Display: Shaders left to compile 13
[2018.11.19-06.42.58:122][867]LogShaderCompilers: Display: Shaders left to compile 12
[2018.11.19-06.42.58:213][870]LogShaderCompilers: Display: Shaders left to compile 11
[2018.11.19-06.42.58:272][873]LogShaderCompilers: Display: Shaders left to compile 10
[2018.11.19-06.42.58:331][877]LogShaderCompilers: Display: Shaders left to compile 9
[2018.11.19-06.42.58:487][888]LogShaderCompilers: Display: Shaders left to compile 8
[2018.11.19-06.42.58:487][888]LogShaderCompilers: Display: Shaders left to compile 7
[2018.11.19-06.42.58:608][897]LogShaderCompilers: Display: Shaders left to compile 6
[2018.11.19-06.42.58:657][899]LogShaderCompilers: Display: Shaders left to compile 5
[2018.11.19-06.42.58:713][901]LogShaderCompilers: Display: Shaders left to compile 4
[2018.11.19-06.42.58:845][904]LogShaderCompilers: Display: Shaders left to compile 3
[2018.11.19-06.42.58:852][904]MaterialEditorStats: Base pass shader: 99 instructions
[2018.11.19-06.42.58:852][904]MaterialEditorStats: Base pass shader with Volumetric Lightmap: 172 instructions
[2018.11.19-06.42.58:852][904]MaterialEditorStats: Base pass vertex shader: 32 instructions
[2018.11.19-06.42.58:852][904]MaterialEditorStats: Texture samplers: 3/16
[2018.11.19-06.42.58:876][905]LogShaderCompilers: Display: Shaders left to compile 2
[2018.11.19-06.42.58:909][906]LogShaderCompilers: Display: Shaders left to compile 1
[2018.11.19-06.43.00:512][ 39]LogMaterial: Display: Missing cached shader map for material Couch, compiling. 
[2018.11.19-06.43.00:528][ 39]LogShaderCompilers: Display: Shaders left to compile 21
[2018.11.19-06.43.00:528][ 39]LogShaderCompilers: Display: Shaders left to compile 20
[2018.11.19-06.43.00:528][ 39]LogShaderCompilers: Display: Shaders left to compile 19
[2018.11.19-06.43.00:528][ 39]LogShaderCompilers: Display: Shaders left to compile 18
[2018.11.19-06.43.00:530][ 39]LogMaterial: Display: Missing cached shader map for material FMatExpressionPreview MaterialExpressionTextureSample_0, compiling. 
[2018.11.19-06.43.00:703][ 43]LogShaderCompilers: Display: Shaders left to compile 19
[2018.11.19-06.43.00:751][ 45]LogShaderCompilers: Display: Shaders left to compile 18
[2018.11.19-06.43.00:774][ 46]LogShaderCompilers: Display: Shaders left to compile 17
[2018.11.19-06.43.00:786][ 46]LogShaderCompilers: Display: Shaders left to compile 16
[2018.11.19-06.43.00:880][ 49]LogShaderCompilers: Display: Shaders left to compile 15
[2018.11.19-06.43.00:924][ 50]LogShaderCompilers: Display: Shaders left to compile 14
[2018.11.19-06.43.00:944][ 51]LogShaderCompilers: Display: Shaders left to compile 13
[2018.11.19-06.43.00:944][ 51]LogShaderCompilers: Display: Shaders left to compile 12
[2018.11.19-06.43.01:038][ 54]LogShaderCompilers: Display: Shaders left to compile 11
[2018.11.19-06.43.01:190][ 58]LogShaderCompilers: Display: Shaders left to compile 10
[2018.11.19-06.43.01:295][ 64]LogShaderCompilers: Display: Shaders left to compile 9
[2018.11.19-06.43.01:338][ 67]LogShaderCompilers: Display: Shaders left to compile 8
[2018.11.19-06.43.01:409][ 72]LogShaderCompilers: Display: Shaders left to compile 7
[2018.11.19-06.43.01:503][ 79]LogShaderCompilers: Display: Shaders left to compile 6
[2018.11.19-06.43.01:566][ 83]LogShaderCompilers: Display: Shaders left to compile 5
[2018.11.19-06.43.01:730][ 88]LogShaderCompilers: Display: Shaders left to compile 4
[2018.11.19-06.43.01:756][ 89]LogShaderCompilers: Display: Shaders left to compile 3
[2018.11.19-06.43.01:822][ 91]LogShaderCompilers: Display: Shaders left to compile 2
[2018.11.19-06.43.01:892][ 93]LogShaderCompilers: Display: Shaders left to compile 1
[2018.11.19-06.43.02:352][123]MaterialEditorStats: Base pass shader: 99 instructions
[2018.11.19-06.43.02:352][123]MaterialEditorStats: Base pass shader with Volumetric Lightmap: 176 instructions
[2018.11.19-06.43.02:352][123]MaterialEditorStats: Base pass vertex shader: 36 instructions
[2018.11.19-06.43.02:352][123]MaterialEditorStats: Texture samplers: 4/16
[2018.11.19-06.43.02:352][123]MaterialEditorStats: Texture Lookups (Est.): VS(0), PS(1)
[2018.11.19-06.43.02:352][123]MaterialEditorStats: User interpolators: 2/4 Scalars (1/4 Vectors) (TexCoords: 2, Custom: 0)
[2018.11.19-06.43.06:863][496]LogMaterial: Display: Missing cached shader map for material Couch, compiling. 
[2018.11.19-06.43.06:881][496]LogShaderCompilers: Display: Shaders left to compile 21
[2018.11.19-06.43.06:881][496]LogShaderCompilers: Display: Shaders left to compile 20
[2018.11.19-06.43.06:881][496]LogShaderCompilers: Display: Shaders left to compile 19
[2018.11.19-06.43.06:881][496]LogShaderCompilers: Display: Shaders left to compile 18
[2018.11.19-06.43.06:881][496]LogMaterial: Display: Missing cached shader map for material FMatExpressionPreview MaterialExpressionTextureSample_2, compiling. 
[2018.11.19-06.43.07:080][500]LogShaderCompilers: Display: Shaders left to compile 19
[2018.11.19-06.43.07:091][500]LogShaderCompilers: Display: Shaders left to compile 18
[2018.11.19-06.43.07:114][500]LogShaderCompilers: Display: Shaders left to compile 17
[2018.11.19-06.43.07:114][500]LogShaderCompilers: Display: Shaders left to compile 16
[2018.11.19-06.43.07:249][504]LogShaderCompilers: Display: Shaders left to compile 15
[2018.11.19-06.43.07:257][504]LogShaderCompilers: Display: Shaders left to compile 14
[2018.11.19-06.43.07:282][505]LogShaderCompilers: Display: Shaders left to compile 13
[2018.11.19-06.43.07:283][505]LogShaderCompilers: Display: Shaders left to compile 12
[2018.11.19-06.43.07:416][509]LogShaderCompilers: Display: Shaders left to compile 11
[2018.11.19-06.43.07:527][512]LogShaderCompilers: Display: Shaders left to compile 10
[2018.11.19-06.43.07:656][515]LogShaderCompilers: Display: Shaders left to compile 9
[2018.11.19-06.43.07:659][515]LogShaderCompilers: Display: Shaders left to compile 8
[2018.11.19-06.43.07:775][521]LogShaderCompilers: Display: Shaders left to compile 7
[2018.11.19-06.43.07:872][527]LogShaderCompilers: Display: Shaders left to compile 6
[2018.11.19-06.43.07:899][528]LogShaderCompilers: Display: Shaders left to compile 5
[2018.11.19-06.43.08:030][538]LogShaderCompilers: Display: Shaders left to compile 4
[2018.11.19-06.43.08:100][543]LogShaderCompilers: Display: Shaders left to compile 3
[2018.11.19-06.43.08:161][548]LogShaderCompilers: Display: Shaders left to compile 2
[2018.11.19-06.43.08:216][552]LogMaterial: Display: Missing cached shader map for material Couch, compiling. 
[2018.11.19-06.43.08:238][552]LogShaderCompilers: Display: Shaders left to compile 1
[2018.11.19-06.43.08:248][552]LogMaterial: Display: Missing cached shader map for material FMatExpressionPreview MaterialExpressionTextureSample_1, compiling. 
[2018.11.19-06.43.08:339][555]LogShaderCompilers: Display: Shaders left to compile 23
[2018.11.19-06.43.08:393][555]LogShaderCompilers: Display: Shaders left to compile 22
[2018.11.19-06.43.08:476][558]LogShaderCompilers: Display: Shaders left to compile 21
[2018.11.19-06.43.08:479][558]LogShaderCompilers: Display: Shaders left to compile 20
[2018.11.19-06.43.08:547][560]LogShaderCompilers: Display: Shaders left to compile 19
[2018.11.19-06.43.08:629][562]LogShaderCompilers: Display: Shaders left to compile 18
[2018.11.19-06.43.08:668][563]LogShaderCompilers: Display: Shaders left to compile 17
[2018.11.19-06.43.08:696][564]LogShaderCompilers: Display: Shaders left to compile 16
[2018.11.19-06.43.08:726][565]LogShaderCompilers: Display: Shaders left to compile 15
[2018.11.19-06.43.08:837][568]LogShaderCompilers: Display: Shaders left to compile 14
[2018.11.19-06.43.08:843][568]LogShaderCompilers: Display: Shaders left to compile 13
[2018.11.19-06.43.08:857][568]LogShaderCompilers: Display: Shaders left to compile 12
[2018.11.19-06.43.08:889][568]LogShaderCompilers: Display: Shaders left to compile 11
[2018.11.19-06.43.09:105][573]LogShaderCompilers: Display: Shaders left to compile 10
[2018.11.19-06.43.09:215][577]LogShaderCompilers: Display: Shaders left to compile 9
[2018.11.19-06.43.09:241][577]LogShaderCompilers: Display: Shaders left to compile 8
[2018.11.19-06.43.09:264][577]LogShaderCompilers: Display: Shaders left to compile 7
[2018.11.19-06.43.09:446][583]LogShaderCompilers: Display: Shaders left to compile 6
[2018.11.19-06.43.09:501][585]LogShaderCompilers: Display: Shaders left to compile 5
[2018.11.19-06.43.09:513][586]LogMaterialEditor: Saving and Compiling material Couch
[2018.11.19-06.43.10:067][586]LogShaderCompilers: Display: Shaders left to compile 4
[2018.11.19-06.43.10:068][586]LogShaderCompilers: Display: Shaders left to compile 3
[2018.11.19-06.43.10:068][586]LogShaderCompilers: Display: Shaders left to compile 2
[2018.11.19-06.43.10:068][586]LogShaderCompilers: Display: Shaders left to compile 1
[2018.11.19-06.43.10:081][586]LogMaterial: Display: Missing cached shader map for material Couch, compiling. 
[2018.11.19-06.43.10:122][586]LogShaderCompilers: Display: Shaders left to compile 21
[2018.11.19-06.43.10:122][586]LogShaderCompilers: Display: Shaders left to compile 20
[2018.11.19-06.43.10:122][586]LogShaderCompilers: Display: Shaders left to compile 19
[2018.11.19-06.43.10:122][586]LogShaderCompilers: Display: Shaders left to compile 18
[2018.11.19-06.43.10:163][586]LogMaterial: Display: Missing cached shader map for material Couch, compiling. 
[2018.11.19-06.43.10:197][586]LogMaterial: Display: Missing cached shader map for material Couch, compiling. 
[2018.11.19-06.43.10:312][586]LogMaterial: Display: Missing cached shader map for material FDebugViewModeMaterialProxy Couch, compiling. 
[2018.11.19-06.43.11:430][586]LogShaderCompilers: Display: Shaders left to compile 39
[2018.11.19-06.43.11:430][586]LogShaderCompilers: Display: Shaders left to compile 39
[2018.11.19-06.43.11:430][586]LogShaderCompilers: Display: Shaders left to compile 38
[2018.11.19-06.43.11:430][586]LogShaderCompilers: Display: Shaders left to compile 37
[2018.11.19-06.43.11:430][586]LogShaderCompilers: Display: Shaders left to compile 36
[2018.11.19-06.43.11:430][586]LogShaderCompilers: Display: Shaders left to compile 35
[2018.11.19-06.43.11:430][586]LogShaderCompilers: Display: Shaders left to compile 34
[2018.11.19-06.43.11:430][586]LogShaderCompilers: Display: Shaders left to compile 33
[2018.11.19-06.43.11:430][586]LogShaderCompilers: Display: Shaders left to compile 32
[2018.11.19-06.43.11:430][586]LogShaderCompilers: Display: Shaders left to compile 31
[2018.11.19-06.43.11:430][586]LogShaderCompilers: Display: Shaders left to compile 30
[2018.11.19-06.43.11:430][586]LogShaderCompilers: Display: Shaders left to compile 29
[2018.11.19-06.43.11:430][586]LogShaderCompilers: Display: Shaders left to compile 28
[2018.11.19-06.43.11:430][586]LogShaderCompilers: Display: Shaders left to compile 27
[2018.11.19-06.43.11:430][586]LogShaderCompilers: Display: Shaders left to compile 26
[2018.11.19-06.43.11:430][586]LogShaderCompilers: Display: Shaders left to compile 25
[2018.11.19-06.43.11:430][586]LogShaderCompilers: Display: Shaders left to compile 24
[2018.11.19-06.43.11:430][586]LogShaderCompilers: Display: Shaders left to compile 23
[2018.11.19-06.43.11:430][586]LogShaderCompilers: Display: Shaders left to compile 22
[2018.11.19-06.43.11:430][586]LogShaderCompilers: Display: Shaders left to compile 12
[2018.11.19-06.43.11:430][586]LogShaderCompilers: Display: Shaders left to compile 2
[2018.11.19-06.43.11:442][586]TextureStreamingBuild: Display: Compiling optional shaders took 1.138 seconds.
[2018.11.19-06.43.13:430][586]Cmd: OBJ SAVEPACKAGE PACKAGE="/Game/Materials/Couch" FILE="C:/Users/Sean/Desktop/Colab/CastleRavenloft/CastleRavenloft/Content/Materials/Couch.uasset" SILENT=true
[2018.11.19-06.43.13:473][586]LogSavePackage: Moving 'C:/Users/Sean/Desktop/Colab/CastleRavenloft/CastleRavenloft/Saved/Couch430A157F4216DB217E71A6B4A7065C1B.tmp' to 'C:/Users/Sean/Desktop/Colab/CastleRavenloft/CastleRavenloft/Content/Materials/Couch.uasset'
[2018.11.19-06.43.13:522][586]MaterialEditorStats: Base pass shader: 104 instructions
[2018.11.19-06.43.13:522][586]MaterialEditorStats: Base pass shader with Volumetric Lightmap: 181 instructions
[2018.11.19-06.43.13:522][586]MaterialEditorStats: Base pass vertex shader: 36 instructions
[2018.11.19-06.43.13:522][586]MaterialEditorStats: Texture samplers: 6/16
[2018.11.19-06.43.13:522][586]MaterialEditorStats: Texture Lookups (Est.): VS(0), PS(3)
[2018.11.19-06.43.13:522][586]MaterialEditorStats: User interpolators: 2/4 Scalars (1/4 Vectors) (TexCoords: 2, Custom: 0)
[2018.11.19-06.43.30:568][669]LogSlate: FSceneViewport::OnFocusLost() reason 2
[2018.11.19-06.43.34:881][945]LogSlate: FSceneViewport::OnFocusLost() reason 0
[2018.11.19-06.43.35:817][  8]LogActorFactory: Actor Factory created Couch
[2018.11.19-06.43.36:454][ 44]LogActorFactory: Actor Factory created Couch
[2018.11.19-06.43.37:514][ 93]Cmd: DELETE
[2018.11.19-06.43.37:514][ 93]Cmd: ACTOR DELETE
[2018.11.19-06.43.37:608][ 93]LogEditorActor: Deleted Actor: StaticMeshActor
[2018.11.19-06.43.37:637][ 93]LogEditorActor: Deleted 1 Actors (0.110 secs)
[2018.11.19-06.43.39:446][213]LogSlate: FSceneViewport::OnFocusLost() reason 0
[2018.11.19-06.43.43:452][508]LogStaticMesh: Building static mesh Couch...
[2018.11.19-06.43.43:491][508]LogStaticMesh: Built static mesh [0.04s] /Game/StaticMeshes/Couch.Couch
[2018.11.19-06.43.44:803][597]LogActorFactory: Actor Factory created Couch
[2018.11.19-06.43.45:263][620]LogActorFactory: Actor Factory created Couch
[2018.11.19-06.43.52:404][  2]LogSlate: FSceneViewport::OnFocusLost() reason 2
[2018.11.19-06.43.53:397][ 66]LogBlueprintUserMessages: Early PlayInEditor Detection: Level '/Game/Maps/CastleMap.CastleMap:PersistentLevel' has LevelScriptBlueprint '/Game/Maps/CastleMap.CastleMap:PersistentLevel.CastleMap' with GeneratedClass '/Game/Maps/CastleMap.CastleMap_C' with ClassGeneratedBy '/Game/Maps/CastleMap.CastleMap:PersistentLevel.CastleMap'
[2018.11.19-06.43.53:397][ 66]LogPlayLevel: PlayLevel: No blueprints needed recompiling
[2018.11.19-06.43.53:444][ 66]PIE: New page: PIE session: CastleMap (Nov 18, 2018, 8:43:53 PM)
[2018.11.19-06.43.53:444][ 66]LogPlayLevel: Creating play world package: /Game/Maps/UEDPIE_0_CastleMap
[2018.11.19-06.43.53:689][ 66]LogPlayLevel: PIE: StaticDuplicateObject took: (0.244602s)
[2018.11.19-06.43.53:689][ 66]LogAIModule: Creating AISystem for world CastleMap
[2018.11.19-06.43.53:690][ 66]LogPlayLevel: PIE: World Init took: (0.000902s)
[2018.11.19-06.43.53:690][ 66]LogPlayLevel: PIE: Created PIE world by copying editor world from /Game/Maps/CastleMap.CastleMap to /Game/Maps/UEDPIE_0_CastleMap.CastleMap (0.245858s)
[2018.11.19-06.43.53:716][ 66]LogInit: XAudio2 using 'Speakers (3- SteelSeries Siberia 840)' : 1 channels at 48 kHz using 16 bits per sample (channel mask 0x4)
[2018.11.19-06.43.53:721][ 66]LogInit: FAudioDevice initialized.
[2018.11.19-06.43.53:724][ 66]LogSlate: FSceneViewport::OnFocusLost() reason 2
[2018.11.19-06.43.53:779][ 66]LogLoad: Game class is 'FirstPersonGameMode_C'
[2018.11.19-06.43.53:814][ 66]LogWorld: Bringing World /Game/Maps/UEDPIE_0_CastleMap.CastleMap up for play (max tick rate 0) at 2018.11.19-01.43.53
[2018.11.19-06.43.53:848][ 66]LogWorld: Bringing up level for play took: 0.054587
[2018.11.19-06.43.53:893][ 66]LogContentBrowser: Native class hierarchy updated for 'MovieSceneCapture' in 0.0003 seconds. Added 10 classes and 0 folders.
[2018.11.19-06.43.53:952][ 66]PIE: Play in editor start time for /Game/Maps/UEDPIE_0_CastleMap 1.255
[2018.11.19-06.43.53:959][ 66]LogBlueprintUserMessages: Late PlayInEditor Detection: Level '/Game/Maps/CastleMap.CastleMap:PersistentLevel' has LevelScriptBlueprint '/Game/Maps/CastleMap.CastleMap:PersistentLevel.CastleMap' with GeneratedClass '/Game/Maps/CastleMap.CastleMap_C' with ClassGeneratedBy '/Game/Maps/CastleMap.CastleMap:PersistentLevel.CastleMap'
[2018.11.19-06.43.57:644][397]LogBlueprintUserMessages: Early EndPlayMap Detection: Level '/Game/Maps/CastleMap.CastleMap:PersistentLevel' has LevelScriptBlueprint '/Game/Maps/CastleMap.CastleMap:PersistentLevel.CastleMap' with GeneratedClass '/Game/Maps/CastleMap.CastleMap_C' with ClassGeneratedBy '/Game/Maps/CastleMap.CastleMap:PersistentLevel.CastleMap'
[2018.11.19-06.43.57:665][397]LogSlate: Updating window title bar state: overlay mode, drag disabled, window buttons hidden, title bar hidden
[2018.11.19-06.43.57:714][397]LogPlayLevel: Display: Shutting down PIE online subsystems
[2018.11.19-06.43.57:714][397]LogBlueprintUserMessages: Late EndPlayMap Detection: Level '/Game/Maps/CastleMap.CastleMap:PersistentLevel' has LevelScriptBlueprint '/Game/Maps/CastleMap.CastleMap:PersistentLevel.CastleMap' with GeneratedClass '/Game/Maps/CastleMap.CastleMap_C' with ClassGeneratedBy '/Game/Maps/CastleMap.CastleMap:PersistentLevel.CastleMap'
[2018.11.19-06.43.57:742][397]LogSlate: Updating window title bar state: overlay mode, drag disabled, window buttons hidden, title bar hidden
[2018.11.19-06.43.57:778][398]LogPlayLevel: Display: Destroying online subsystem :Context_5
[2018.11.19-06.43.59:153][476]LogSlate: FSceneViewport::OnFocusLost() reason 0
[2018.11.19-06.44.02:152][657]LogStaticMesh: Building static mesh Couch...
[2018.11.19-06.44.02:191][657]LogStaticMesh: Built static mesh [0.04s] /Game/StaticMeshes/Couch.Couch
[2018.11.19-06.44.04:285][787]LogSlate: FSceneViewport::OnFocusLost() reason 0
[2018.11.19-06.44.09:619][113]LogStaticMesh: Building static mesh Couch...
[2018.11.19-06.44.09:658][113]LogStaticMesh: Built static mesh [0.04s] /Game/StaticMeshes/Couch.Couch
[2018.11.19-06.44.14:058][333]LogSlate: FSceneViewport::OnFocusLost() reason 2
[2018.11.19-06.44.15:371][377]LogBlueprintUserMessages: Early PlayInEditor Detection: Level '/Game/Maps/CastleMap.CastleMap:PersistentLevel' has LevelScriptBlueprint '/Game/Maps/CastleMap.CastleMap:PersistentLevel.CastleMap' with GeneratedClass '/Game/Maps/CastleMap.CastleMap_C' with ClassGeneratedBy '/Game/Maps/CastleMap.CastleMap:PersistentLevel.CastleMap'
[2018.11.19-06.44.15:371][377]LogPlayLevel: PlayLevel: No blueprints needed recompiling
[2018.11.19-06.44.15:371][377]PIE: New page: PIE session: CastleMap (Nov 18, 2018, 8:44:15 PM)
[2018.11.19-06.44.15:371][377]LogPlayLevel: Creating play world package: /Game/Maps/UEDPIE_0_CastleMap
[2018.11.19-06.44.15:593][377]LogPlayLevel: PIE: StaticDuplicateObject took: (0.221640s)
[2018.11.19-06.44.15:594][377]LogAIModule: Creating AISystem for world CastleMap
[2018.11.19-06.44.15:594][377]LogPlayLevel: PIE: World Init took: (0.000801s)
[2018.11.19-06.44.15:594][377]LogPlayLevel: PIE: Created PIE world by copying editor world from /Game/Maps/CastleMap.CastleMap to /Game/Maps/UEDPIE_0_CastleMap.CastleMap (0.222710s)
[2018.11.19-06.44.15:622][377]LogInit: XAudio2 using 'Speakers (3- SteelSeries Siberia 840)' : 1 channels at 48 kHz using 16 bits per sample (channel mask 0x4)
[2018.11.19-06.44.15:626][377]LogInit: FAudioDevice initialized.
[2018.11.19-06.44.15:626][377]LogSlate: FSceneViewport::OnFocusLost() reason 2
[2018.11.19-06.44.15:657][377]LogLoad: Game class is 'FirstPersonGameMode_C'
[2018.11.19-06.44.15:678][377]LogWorld: Bringing World /Game/Maps/UEDPIE_0_CastleMap.CastleMap up for play (max tick rate 0) at 2018.11.19-01.44.15
[2018.11.19-06.44.15:682][377]LogWorld: Bringing up level for play took: 0.024989
[2018.11.19-06.44.15:696][377]PIE: Play in editor start time for /Game/Maps/UEDPIE_0_CastleMap 0.999
[2018.11.19-06.44.15:703][377]LogBlueprintUserMessages: Late PlayInEditor Detection: Level '/Game/Maps/CastleMap.CastleMap:PersistentLevel' has LevelScriptBlueprint '/Game/Maps/CastleMap.CastleMap:PersistentLevel.CastleMap' with GeneratedClass '/Game/Maps/CastleMap.CastleMap_C' with ClassGeneratedBy '/Game/Maps/CastleMap.CastleMap:PersistentLevel.CastleMap'
[2018.11.19-06.44.24:305][210]LogBlueprintUserMessages: Early EndPlayMap Detection: Level '/Game/Maps/CastleMap.CastleMap:PersistentLevel' has LevelScriptBlueprint '/Game/Maps/CastleMap.CastleMap:PersistentLevel.CastleMap' with GeneratedClass '/Game/Maps/CastleMap.CastleMap_C' with ClassGeneratedBy '/Game/Maps/CastleMap.CastleMap:PersistentLevel.CastleMap'
[2018.11.19-06.44.24:306][210]LogSlate: Updating window title bar state: overlay mode, drag disabled, window buttons hidden, title bar hidden
[2018.11.19-06.44.24:355][210]LogPlayLevel: Display: Shutting down PIE online subsystems
[2018.11.19-06.44.24:355][210]LogBlueprintUserMessages: Late EndPlayMap Detection: Level '/Game/Maps/CastleMap.CastleMap:PersistentLevel' has LevelScriptBlueprint '/Game/Maps/CastleMap.CastleMap:PersistentLevel.CastleMap' with GeneratedClass '/Game/Maps/CastleMap.CastleMap_C' with ClassGeneratedBy '/Game/Maps/CastleMap.CastleMap:PersistentLevel.CastleMap'
[2018.11.19-06.44.24:379][210]LogSlate: Updating window title bar state: overlay mode, drag disabled, window buttons hidden, title bar hidden
[2018.11.19-06.44.24:413][211]LogPlayLevel: Display: Destroying online subsystem :Context_6
[2018.11.19-06.44.25:114][256]LogEditorViewport: Clicking on Actor (LMB): StaticMeshActor (Couch)
[2018.11.19-06.44.25:873][298]Cmd: DELETE
[2018.11.19-06.44.25:873][298]Cmd: ACTOR DELETE
[2018.11.19-06.44.25:938][298]LogEditorActor: Deleted Actor: StaticMeshActor
[2018.11.19-06.44.25:956][298]LogEditorActor: Deleted 1 Actors (0.083 secs)
[2018.11.19-06.44.27:562][395]LogSlate: FSceneViewport::OnFocusLost() reason 0
[2018.11.19-06.44.27:687][400]Cmd: OBJ SAVEPACKAGE PACKAGE="/Game/Maps/CastleMap" FILE="C:/Users/Sean/Desktop/Colab/CastleRavenloft/CastleRavenloft/Content/Maps/CastleMap.umap" SILENT=true AUTOSAVING=false KEEPDIRTY=false
[2018.11.19-06.44.29:520][400]LogSavePackage: Moving 'C:/Users/Sean/Desktop/Colab/CastleRavenloft/CastleRavenloft/Saved/CastleMapC7EF6D4C4D7C79CAC7FE7A89386252F3.tmp' to 'C:/Users/Sean/Desktop/Colab/CastleRavenloft/CastleRavenloft/Content/Maps/CastleMap.umap'
[2018.11.19-06.44.30:046][429]LogSlate: FSceneViewport::OnFocusLost() reason 0
[2018.11.19-06.44.30:199][434]Cmd: OBJ SAVEPACKAGE PACKAGE="/Game/StaticMeshes/Couch" FILE="C:/Users/Sean/Desktop/Colab/CastleRavenloft/CastleRavenloft/Content/StaticMeshes/Couch.uasset" SILENT=true
[2018.11.19-06.44.30:213][434]LogSavePackage: Moving 'C:/Users/Sean/Desktop/Colab/CastleRavenloft/CastleRavenloft/Saved/CouchDD88876046CCFEC5C6914CBD67F8566C.tmp' to 'C:/Users/Sean/Desktop/Colab/CastleRavenloft/CastleRavenloft/Content/StaticMeshes/Couch.uasset'
[2018.11.19-06.44.30:684][464]LogSlate: FSceneViewport::OnFocusLost() reason 0
[2018.11.19-06.44.31:526][507]LogMaterialEditor: Saving and Compiling material Couch
[2018.11.19-06.44.31:586][507]Cmd: OBJ SAVEPACKAGE PACKAGE="/Game/Materials/Couch" FILE="C:/Users/Sean/Desktop/Colab/CastleRavenloft/CastleRavenloft/Content/Materials/Couch.uasset" SILENT=true
[2018.11.19-06.44.31:599][507]LogSavePackage: Moving 'C:/Users/Sean/Desktop/Colab/CastleRavenloft/CastleRavenloft/Saved/CouchD19DE99E43F8E9B62B00ED8408748D18.tmp' to 'C:/Users/Sean/Desktop/Colab/CastleRavenloft/CastleRavenloft/Content/Materials/Couch.uasset'
[2018.11.19-06.44.32:186][543]LogSlate: FSceneViewport::OnFocusLost() reason 0
[2018.11.19-06.44.32:234][546]LogSlate: Window 'Couch' being destroyed
[2018.11.19-06.44.32:249][546]LogSlate: Window 'Couch' being destroyed
[2018.11.19-06.44.33:704][636]LogSlate: FSceneViewport::OnFocusLost() reason 2
[2018.11.19-06.44.36:205][826]LogSlate: FSceneViewport::OnFocusLost() reason 2
[2018.11.19-06.44.36:231][826]Cmd: OBJ SAVEPACKAGE PACKAGE="/Game/Textures/TEX_Couch_BaseColor" FILE="C:/Users/Sean/Desktop/Colab/CastleRavenloft/CastleRavenloft/Content/Textures/TEX_Couch_BaseColor.uasset" SILENT=true
[2018.11.19-06.44.36:599][826]LogSavePackage: Moving 'C:/Users/Sean/Desktop/Colab/CastleRavenloft/CastleRavenloft/Saved/TEX_Couch_BaseColor783BC0B1454BE85D9BDAFAAB3EDC4082.tmp' to 'C:/Users/Sean/Desktop/Colab/CastleRavenloft/CastleRavenloft/Content/Textures/TEX_Couch_BaseColor.uasset'
[2018.11.19-06.44.36:609][826]Cmd: OBJ SAVEPACKAGE PACKAGE="/Game/Textures/TEX_Couch_Roughness" FILE="C:/Users/Sean/Desktop/Colab/CastleRavenloft/CastleRavenloft/Content/Textures/TEX_Couch_Roughness.uasset" SILENT=true
[2018.11.19-06.44.36:670][826]LogSavePackage: Moving 'C:/Users/Sean/Desktop/Colab/CastleRavenloft/CastleRavenloft/Saved/TEX_Couch_RoughnessDBA1AB9040A9065E847CC594E5F9C190.tmp' to 'C:/Users/Sean/Desktop/Colab/CastleRavenloft/CastleRavenloft/Content/Textures/TEX_Couch_Roughness.uasset'
[2018.11.19-06.44.36:682][826]Cmd: OBJ SAVEPACKAGE PACKAGE="/Game/Textures/TEX_Couch_AO" FILE="C:/Users/Sean/Desktop/Colab/CastleRavenloft/CastleRavenloft/Content/Textures/TEX_Couch_AO.uasset" SILENT=true
[2018.11.19-06.44.36:890][826]LogSavePackage: Moving 'C:/Users/Sean/Desktop/Colab/CastleRavenloft/CastleRavenloft/Saved/TEX_Couch_AO90638A0A4C51EB6E701ACAAC28986918.tmp' to 'C:/Users/Sean/Desktop/Colab/CastleRavenloft/CastleRavenloft/Content/Textures/TEX_Couch_AO.uasset'
[2018.11.19-06.44.39:086][  2]LogSlate: FSceneViewport::OnFocusLost() reason 0
[2018.11.19-06.44.39:301][ 12]LogSlate: Window 'CastleRavenloft - Unreal Editor' being destroyed
[2018.11.19-06.44.39:455][ 13]Cmd: QUIT_EDITOR
[2018.11.19-06.44.39:472][ 13]LogExit: Preparing to exit.
[2018.11.19-06.44.40:461][ 13]LogExit: Editor shut down
[2018.11.19-06.44.40:462][ 13]LogExit: Transaction tracking system shut down
[2018.11.19-06.44.41:138][ 13]LogExit: Object subsystem successfully closed.
[2018.11.19-06.44.41:155][ 13]LogShaderCompilers: Display: Shaders left to compile 0
[2018.11.19-06.44.41:158][ 13]LogD3D11RHI: Shutdown
[2018.11.19-06.44.41:158][ 13]LogD3D11RHI: CleanupD3DDevice
[2018.11.19-06.44.41:163][ 13]LogD3D11RHI: ~FD3D11DynamicRHI
[2018.11.19-06.44.41:168][ 13]LogModuleManager: Shutting down and abandoning module MovieSceneCapture (618)
[2018.11.19-06.44.41:168][ 13]LogModuleManager: Shutting down and abandoning module Voice (616)
[2018.11.19-06.44.41:168][ 13]LogModuleManager: Shutting down and abandoning module StaticMeshEditor (614)
[2018.11.19-06.44.41:168][ 13]LogModuleManager: Shutting down and abandoning module MeshBuilder (612)
[2018.11.19-06.44.41:168][ 13]LogModuleManager: Shutting down and abandoning module HierarchicalLODOutliner (610)
[2018.11.19-06.44.41:168][ 13]LogModuleManager: Shutting down and abandoning module SceneOutliner (608)
[2018.11.19-06.44.41:168][ 13]LogModuleManager: Shutting down and abandoning module AddContentDialog (606)
[2018.11.19-06.44.41:169][ 13]LogModuleManager: Shutting down and abandoning module WidgetCarousel (605)
[2018.11.19-06.44.41:169][ 13]LogModuleManager: Shutting down and abandoning module EditorWidgets (602)
[2018.11.19-06.44.41:169][ 13]LogModuleManager: Shutting down and abandoning module CollectionManager (600)
[2018.11.19-06.44.41:169][ 13]LogModuleManager: Shutting down and abandoning module StatsViewer (598)
[2018.11.19-06.44.41:169][ 13]LogModuleManager: Shutting down and abandoning module FoliageEdit (596)
[2018.11.19-06.44.41:169][ 13]LogModuleManager: Shutting down and abandoning module LandscapeEditor (594)
[2018.11.19-06.44.41:169][ 13]LogModuleManager: Shutting down and abandoning module MeshPaintMode (592)
[2018.11.19-06.44.41:169][ 13]LogModuleManager: Shutting down and abandoning module SceneDepthPickerMode (590)
[2018.11.19-06.44.41:169][ 13]LogModuleManager: Shutting down and abandoning module ActorPickerMode (588)
[2018.11.19-06.44.41:169][ 13]LogModuleManager: Shutting down and abandoning module GeometryMode (586)
[2018.11.19-06.44.41:169][ 13]LogModuleManager: Shutting down and abandoning module TextureAlignMode (584)
[2018.11.19-06.44.41:169][ 13]LogModuleManager: Shutting down and abandoning module BspMode (582)
[2018.11.19-06.44.41:169][ 13]LogModuleManager: Shutting down and abandoning module PIEPreviewDeviceProfileSelector (580)
[2018.11.19-06.44.41:169][ 13]LogModuleManager: Shutting down and abandoning module SequenceRecorderSections (578)
[2018.11.19-06.44.41:169][ 13]LogModuleManager: Shutting down and abandoning module AutomationWorker (576)
[2018.11.19-06.44.41:169][ 13]LogModuleManager: Shutting down and abandoning module AudioCaptureEditor (574)
[2018.11.19-06.44.41:169][ 13]LogModuleManager: Shutting down and abandoning module SequenceRecorder (573)
[2018.11.19-06.44.41:169][ 13]LogModuleManager: Shutting down and abandoning module MatineeToLevelSequence (570)
[2018.11.19-06.44.41:169][ 13]LogModuleManager: Shutting down and abandoning module LevelSequenceEditor (568)
[2018.11.19-06.44.41:169][ 13]LogModuleManager: Shutting down and abandoning module PlacementMode (567)
[2018.11.19-06.44.41:169][ 13]LogModuleManager: Shutting down and abandoning module MaterialEditor (566)
[2018.11.19-06.44.41:169][ 13]LogModuleManager: Shutting down and abandoning module WmfMediaFactory (562)
[2018.11.19-06.44.41:169][ 13]LogModuleManager: Shutting down and abandoning module WmfMediaEditor (560)
[2018.11.19-06.44.41:169][ 13]LogModuleManager: Shutting down and abandoning module MediaPlayerEditor (558)
[2018.11.19-06.44.41:169][ 13]LogModuleManager: Shutting down and abandoning module OpenExrWrapper (556)
[2018.11.19-06.44.41:169][ 13]LogModuleManager: Shutting down and abandoning module ImgMediaFactory (554)
[2018.11.19-06.44.41:170][ 13]LogModuleManager: Shutting down and abandoning module ImgMediaEditor (552)
[2018.11.19-06.44.41:170][ 13]LogModuleManager: Shutting down and abandoning module AvfMediaFactory (550)
[2018.11.19-06.44.41:170][ 13]LogModuleManager: Shutting down and abandoning module AvfMediaEditor (548)
[2018.11.19-06.44.41:170][ 13]LogModuleManager: Shutting down and abandoning module AndroidMediaFactory (546)
[2018.11.19-06.44.41:170][ 13]LogModuleManager: Shutting down and abandoning module AndroidMediaEditor (544)
[2018.11.19-06.44.41:170][ 13]LogModuleManager: Shutting down and abandoning module MagicLeapCameraPreviewFactory (542)
[2018.11.19-06.44.41:170][ 13]LogModuleManager: Shutting down and abandoning module MagicLeapMediaFactory (540)
[2018.11.19-06.44.41:170][ 13]LogModuleManager: Shutting down and abandoning module MagicLeapMediaEditor (538)
[2018.11.19-06.44.41:170][ 13]LogModuleManager: Shutting down and abandoning module CharacterAI (536)
[2018.11.19-06.44.41:170][ 13]LogModuleManager: Shutting down and abandoning module SmartSnapping (534)
[2018.11.19-06.44.41:170][ 13]LogModuleManager: Shutting down and abandoning module SessionServices (532)
[2018.11.19-06.44.41:170][ 13]LogModuleManager: Shutting down and abandoning module ViewportSnapping (530)
[2018.11.19-06.44.41:170][ 13]LogModuleManager: Shutting down and abandoning module ViewportInteraction (528)
[2018.11.19-06.44.41:170][ 13]LogModuleManager: Shutting down and abandoning module ClothPainter (526)
[2018.11.19-06.44.41:170][ 13]LogModuleManager: Shutting down and abandoning module SkeletalMeshEditor (525)
[2018.11.19-06.44.41:170][ 13]LogModuleManager: Shutting down and abandoning module LogVisualizer (522)
[2018.11.19-06.44.41:170][ 13]LogModuleManager: Shutting down and abandoning module IntroTutorials (520)
[2018.11.19-06.44.41:170][ 13]LogModuleManager: Shutting down and abandoning module GameProjectGeneration (519)
[2018.11.19-06.44.41:170][ 13]LogModuleManager: Shutting down and abandoning module LuminPlatformEditor (516)
[2018.11.19-06.44.41:170][ 13]LogModuleManager: Shutting down and abandoning module IOSPlatformEditor (514)
[2018.11.19-06.44.41:170][ 13]LogModuleManager: Shutting down and abandoning module HTML5PlatformEditor (512)
[2018.11.19-06.44.41:170][ 13]LogModuleManager: Shutting down and abandoning module AndroidPlatformEditor (510)
[2018.11.19-06.44.41:170][ 13]LogModuleManager: Shutting down and abandoning module AndroidDeviceDetection (509)
[2018.11.19-06.44.41:408][ 13]LogModuleManager: Shutting down and abandoning module WindowsPlatformEditor (506)
[2018.11.19-06.44.41:408][ 13]LogModuleManager: Shutting down and abandoning module LuminRuntimeSettings (504)
[2018.11.19-06.44.41:408][ 13]LogModuleManager: Shutting down and abandoning module IOSRuntimeSettings (502)
[2018.11.19-06.44.41:408][ 13]LogModuleManager: Shutting down and abandoning module AndroidRuntimeSettings (500)
[2018.11.19-06.44.41:408][ 13]LogModuleManager: Shutting down and abandoning module InputBindingEditor (498)
[2018.11.19-06.44.41:408][ 13]LogModuleManager: Shutting down and abandoning module MergeActors (496)
[2018.11.19-06.44.41:408][ 13]LogModuleManager: Shutting down and abandoning module LocalizationDashboard (494)
[2018.11.19-06.44.41:408][ 13]LogModuleManager: Shutting down and abandoning module LocalizationService (493)
[2018.11.19-06.44.41:408][ 13]LogModuleManager: Shutting down and abandoning module HardwareTargeting (490)
[2018.11.19-06.44.41:408][ 13]LogModuleManager: Shutting down and abandoning module DeviceProfileEditor (488)
[2018.11.19-06.44.41:408][ 13]LogModuleManager: Shutting down and abandoning module UndoHistory (486)
[2018.11.19-06.44.41:408][ 13]LogModuleManager: Shutting down and abandoning module XmlParser (484)
[2018.11.19-06.44.41:408][ 13]LogModuleManager: Shutting down and abandoning module Blutility (482)
[2018.11.19-06.44.41:408][ 13]LogModuleManager: Shutting down and abandoning module ProjectSettingsViewer (480)
[2018.11.19-06.44.41:408][ 13]LogModuleManager: Shutting down and abandoning module ProjectTargetPlatformEditor (479)
[2018.11.19-06.44.41:408][ 13]LogModuleManager: Shutting down and abandoning module EditorSettingsViewer (476)
[2018.11.19-06.44.41:408][ 13]LogModuleManager: Shutting down and abandoning module SettingsEditor (474)
[2018.11.19-06.44.41:408][ 13]LogModuleManager: Shutting down and abandoning module ProjectLauncher (472)
[2018.11.19-06.44.41:408][ 13]LogModuleManager: Shutting down and abandoning module SessionFrontend (470)
[2018.11.19-06.44.41:408][ 13]LogModuleManager: Shutting down and abandoning module ProfilerClient (468)
[2018.11.19-06.44.41:408][ 13]LogModuleManager: Shutting down and abandoning module DeviceManager (466)
[2018.11.19-06.44.41:408][ 13]LogModuleManager: Shutting down and abandoning module TargetDeviceServices (465)
[2018.11.19-06.44.41:459][ 13]LogModuleManager: Shutting down and abandoning module AutomationController (462)
[2018.11.19-06.44.41:459][ 13]LogModuleManager: Shutting down and abandoning module AutomationWindow (460)
[2018.11.19-06.44.41:459][ 13]LogModuleManager: Shutting down and abandoning module Layers (458)
[2018.11.19-06.44.41:459][ 13]LogModuleManager: Shutting down and abandoning module ComponentVisualizers (456)
[2018.11.19-06.44.41:459][ 13]LogModuleManager: Shutting down and abandoning module DetailCustomizations (454)
[2018.11.19-06.44.41:459][ 13]LogModuleManager: Shutting down and abandoning module PackagesDialog (452)
[2018.11.19-06.44.41:459][ 13]LogModuleManager: Shutting down and abandoning module Persona (450)
[2018.11.19-06.44.41:459][ 13]LogModuleManager: Shutting down and abandoning module AdvancedPreviewScene (449)
[2018.11.19-06.44.41:459][ 13]LogModuleManager: Shutting down and abandoning module AnimGraph (447)
[2018.11.19-06.44.41:459][ 13]LogModuleManager: Shutting down and abandoning module Kismet (444)
[2018.11.19-06.44.41:459][ 13]LogModuleManager: Shutting down and abandoning module GraphEditor (442)
[2018.11.19-06.44.41:459][ 13]LogModuleManager: Shutting down and abandoning module ClassViewer (440)
[2018.11.19-06.44.41:459][ 13]LogModuleManager: Shutting down and abandoning module Toolbox (438)
[2018.11.19-06.44.41:459][ 13]LogModuleManager: Shutting down and abandoning module ModuleUI (436)
[2018.11.19-06.44.41:460][ 13]LogModuleManager: Shutting down and abandoning module MovieSceneTools (434)
[2018.11.19-06.44.41:460][ 13]LogModuleManager: Shutting down and abandoning module OutputLog (432)
[2018.11.19-06.44.41:460][ 13]LogModuleManager: Shutting down and abandoning module GammaUI (430)
[2018.11.19-06.44.41:460][ 13]LogModuleManager: Shutting down and abandoning module Documentation (428)
[2018.11.19-06.44.41:460][ 13]LogModuleManager: Shutting down and abandoning module MovieSceneTracks (426)
[2018.11.19-06.44.41:460][ 13]LogModuleManager: Shutting down and abandoning module MovieScene (424)
[2018.11.19-06.44.41:460][ 13]LogModuleManager: Shutting down and abandoning module StreamingPauseRendering (422)
[2018.11.19-06.44.41:460][ 13]LogModuleManager: Shutting down and abandoning module LauncherPlatform (420)
[2018.11.19-06.44.41:460][ 13]LogModuleManager: Shutting down and abandoning module AnalyticsET (418)
[2018.11.19-06.44.41:460][ 13]LogModuleManager: Shutting down and abandoning module PortalServices (416)
[2018.11.19-06.44.41:460][ 13]LogModuleManager: Shutting down and abandoning module PortalRpc (414)
[2018.11.19-06.44.41:460][ 13]LogModuleManager: Shutting down and abandoning module MessagingRpc (412)
[2018.11.19-06.44.41:460][ 13]LogModuleManager: Shutting down and abandoning module AIModule (410)
[2018.11.19-06.44.41:460][ 13]LogModuleManager: Shutting down and abandoning module GameplayDebugger (409)
[2018.11.19-06.44.41:460][ 13]LogModuleManager: Shutting down and abandoning module AITestSuite (407)
[2018.11.19-06.44.41:460][ 13]LogModuleManager: Shutting down and abandoning module NavigationSystem (405)
[2018.11.19-06.44.41:460][ 13]LogModuleManager: Shutting down and abandoning module DesktopPlatform (402)
[2018.11.19-06.44.41:460][ 13]LogModuleManager: Shutting down and abandoning module ProfilerService (400)
[2018.11.19-06.44.41:630][ 13]LogModuleManager: Shutting down and abandoning module TaskGraph (398)
[2018.11.19-06.44.41:630][ 13]LogModuleManager: Shutting down and abandoning module SteamVRController (396)
[2018.11.19-06.44.41:630][ 13]LogModuleManager: Shutting down and abandoning module ProceduralMeshComponentEditor (394)
[2018.11.19-06.44.41:630][ 13]LogModuleManager: Shutting down and abandoning module ProceduralMeshComponent (392)
[2018.11.19-06.44.41:630][ 13]LogModuleManager: Shutting down and abandoning module OculusInput (390)
[2018.11.19-06.44.41:630][ 13]LogModuleManager: Shutting down and abandoning module MobilePatchingUtils (388)
[2018.11.19-06.44.41:630][ 13]LogModuleManager: Shutting down and abandoning module EditableMesh (386)
[2018.11.19-06.44.41:630][ 13]LogModuleManager: Shutting down and abandoning module CustomMeshComponent (384)
[2018.11.19-06.44.41:630][ 13]LogModuleManager: Shutting down and abandoning module CableComponent (382)
[2018.11.19-06.44.41:630][ 13]LogModuleManager: Shutting down and abandoning module AudioCapture (380)
[2018.11.19-06.44.41:630][ 13]LogModuleManager: Shutting down and abandoning module ArchVisCharacter (378)
[2018.11.19-06.44.41:630][ 13]LogModuleManager: Shutting down and abandoning module AndroidPermission (376)
[2018.11.19-06.44.41:630][ 13]LogModuleManager: Shutting down and abandoning module NUTUnrealEngine4 (374)
[2018.11.19-06.44.41:630][ 13]LogModuleManager: Shutting down and abandoning module NetcodeUnitTest (372)
[2018.11.19-06.44.41:630][ 13]LogModuleManager: Shutting down and abandoning module MediaCompositingEditor (370)
[2018.11.19-06.44.41:630][ 13]LogModuleManager: Shutting down and abandoning module MediaCompositing (368)
[2018.11.19-06.44.41:630][ 13]LogModuleManager: Shutting down and abandoning module LinearTimecode (366)
[2018.11.19-06.44.41:630][ 13]LogModuleManager: Shutting down and abandoning module ImgMedia (364)
[2018.11.19-06.44.41:632][ 13]LogModuleManager: Shutting down and abandoning module HTML5Networking (362)
[2018.11.19-06.44.41:632][ 13]LogModuleManager: Shutting down and abandoning module GeometryCacheTracks (360)
[2018.11.19-06.44.41:632][ 13]LogModuleManager: Shutting down and abandoning module GeometryCacheSequencer (358)
[2018.11.19-06.44.41:632][ 13]LogModuleManager: Shutting down and abandoning module BackChannel (356)
[2018.11.19-06.44.41:632][ 13]LogModuleManager: Shutting down and abandoning module AppleVision (354)
[2018.11.19-06.44.41:632][ 13]LogModuleManager: Shutting down and abandoning module AppleImageUtils (352)
[2018.11.19-06.44.41:632][ 13]LogModuleManager: Shutting down and abandoning module AlembicImporter (350)
[2018.11.19-06.44.41:632][ 13]LogModuleManager: Shutting down and abandoning module AlembicLibrary (349)
[2018.11.19-06.44.41:632][ 13]LogModuleManager: Shutting down and abandoning module GeometryCache (348)
[2018.11.19-06.44.41:632][ 13]LogModuleManager: Shutting down and abandoning module GeometryCacheEd (347)
[2018.11.19-06.44.41:632][ 13]LogModuleManager: Shutting down and abandoning module DatasmithContentEditor (342)
[2018.11.19-06.44.41:632][ 13]LogModuleManager: Shutting down and abandoning module DatasmithContent (340)
[2018.11.19-06.44.41:632][ 13]LogModuleManager: Shutting down and abandoning module SpeedTreeImporter (338)
[2018.11.19-06.44.41:632][ 13]LogModuleManager: Shutting down and abandoning module PluginBrowser (336)
[2018.11.19-06.44.41:632][ 13]LogModuleManager: Shutting down and abandoning module MobileLauncherProfileWizard (334)
[2018.11.19-06.44.41:632][ 13]LogModuleManager: Shutting down and abandoning module PolygonModeling (332)
[2018.11.19-06.44.41:632][ 13]LogModuleManager: Shutting down and abandoning module MeshEditor (330)
[2018.11.19-06.44.41:632][ 13]LogModuleManager: Shutting down and abandoning module CryptoKeysOpenSSL (328)
[2018.11.19-06.44.41:632][ 13]LogModuleManager: Shutting down and abandoning module CryptoKeys (326)
[2018.11.19-06.44.41:632][ 13]LogModuleManager: Shutting down and abandoning module VisualStudioSourceCodeAccess (324)
[2018.11.19-06.44.41:632][ 13]LogModuleManager: Shutting down and abandoning module VisualStudioCodeSourceCodeAccess (322)
[2018.11.19-06.44.41:632][ 13]LogModuleManager: Shutting down and abandoning module UObjectPlugin (320)
[2018.11.19-06.44.41:632][ 13]LogModuleManager: Shutting down and abandoning module SubversionSourceControl (318)
[2018.11.19-06.44.41:632][ 13]LogModuleManager: Shutting down and abandoning module PerforceSourceControl (316)
[2018.11.19-06.44.41:632][ 13]LogModuleManager: Shutting down and abandoning module GitSourceControl (314)
[2018.11.19-06.44.41:632][ 13]LogModuleManager: Shutting down and abandoning module SourceControl (313)
[2018.11.19-06.44.41:632][ 13]LogModuleManager: Shutting down and abandoning module CLionSourceCodeAccess (310)
[2018.11.19-06.44.41:632][ 13]LogModuleManager: Shutting down and abandoning module LightPropagationVolumeEditor (308)
[2018.11.19-06.44.41:633][ 13]LogModuleManager: Shutting down and abandoning module PaperTiledImporter (306)
[2018.11.19-06.44.41:633][ 13]LogModuleManager: Shutting down and abandoning module PaperSpriteSheetImporter (304)
[2018.11.19-06.44.41:633][ 13]LogModuleManager: Shutting down and abandoning module Paper2DEditor (302)
[2018.11.19-06.44.41:633][ 13]LogModuleManager: Shutting down and abandoning module MeshPaint (301)
[2018.11.19-06.44.41:633][ 13]LogModuleManager: Shutting down and abandoning module RuntimePhysXCooking (298)
[2018.11.19-06.44.41:633][ 13]LogModuleManager: Shutting down and abandoning module PhysXVehiclesEditor (296)
[2018.11.19-06.44.41:633][ 13]LogModuleManager: Shutting down and abandoning module PhysXVehicles (294)
[2018.11.19-06.44.41:633][ 13]LogModuleManager: Shutting down and abandoning module OculusEditor (292)
[2018.11.19-06.44.41:633][ 13]LogModuleManager: Shutting down and abandoning module LocationServicesBPLibrary (290)
[2018.11.19-06.44.41:633][ 13]LogModuleManager: Shutting down and abandoning module ImmediatePhysicsEditor (288)
[2018.11.19-06.44.41:633][ 13]LogModuleManager: Shutting down and abandoning module ImmediatePhysics (286)
[2018.11.19-06.44.41:633][ 13]LogModuleManager: Shutting down and abandoning module ActorSequence (284)
[2018.11.19-06.44.41:633][ 13]LogModuleManager: Shutting down and abandoning module UdpMessaging (282)
[2018.11.19-06.44.41:733][ 13]LogModuleManager: Shutting down and abandoning module TcpMessaging (280)
[2018.11.19-06.44.41:833][ 13]LogModuleManager: Shutting down and abandoning module MagicLeapAudio (278)
[2018.11.19-06.44.41:833][ 13]LogModuleManager: Shutting down and abandoning module GameplayTagsEditor (276)
[2018.11.19-06.44.41:833][ 13]LogModuleManager: Shutting down and abandoning module FacialAnimationEditor (274)
[2018.11.19-06.44.41:833][ 13]LogModuleManager: Shutting down and abandoning module FacialAnimation (272)
[2018.11.19-06.44.41:833][ 13]LogModuleManager: Shutting down and abandoning module DataValidation (270)
[2018.11.19-06.44.41:833][ 13]LogModuleManager: Shutting down and abandoning module AssetManagerEditor (268)
[2018.11.19-06.44.41:833][ 13]LogModuleManager: Shutting down and abandoning module LevelEditor (267)
[2018.11.19-06.44.41:833][ 13]LogModuleManager: Shutting down and abandoning module PixelInspectorModule (266)
[2018.11.19-06.44.41:833][ 13]LogModuleManager: Shutting down and abandoning module CommonMenuExtensions (264)
[2018.11.19-06.44.41:833][ 13]LogModuleManager: Shutting down and abandoning module MainFrame (262)
[2018.11.19-06.44.41:834][ 13]LogModuleManager: Shutting down and abandoning module HotReload (261)
[2018.11.19-06.44.41:834][ 13]LogModuleManager: Shutting down and abandoning module ContentBrowser (257)
[2018.11.19-06.44.41:835][ 13]LogModuleManager: Shutting down and abandoning module TreeMap (255)
[2018.11.19-06.44.41:835][ 13]LogModuleManager: Shutting down and abandoning module LightPropagationVolumeRuntime (252)
[2018.11.19-06.44.41:835][ 13]LogModuleManager: Shutting down and abandoning module AISupportModule (250)
[2018.11.19-06.44.41:835][ 13]LogModuleManager: Shutting down and abandoning module Paper2D (248)
[2018.11.19-06.44.41:835][ 13]LogModuleManager: Shutting down and abandoning module WindowsMoviePlayer (246)
[2018.11.19-06.44.41:835][ 13]LogModuleManager: Shutting down and abandoning module WmfMedia (244)
[2018.11.19-06.44.41:835][ 13]LogModuleManager: Shutting down and abandoning module Media (243)
[2018.11.19-06.44.41:840][ 13]LogModuleManager: Shutting down and abandoning module PacketHandler (240)
[2018.11.19-06.44.41:840][ 13]LogModuleManager: Shutting down and abandoning module ClothingSystemEditor (238)
[2018.11.19-06.44.41:840][ 13]LogModuleManager: Shutting down and abandoning module ClothingSystemRuntime (236)
[2018.11.19-06.44.41:840][ 13]LogModuleManager: Shutting down and abandoning module MediaAssets (234)
[2018.11.19-06.44.41:840][ 13]LogModuleManager: Shutting down and abandoning module Overlay (232)
[2018.11.19-06.44.41:840][ 13]LogModuleManager: Shutting down and abandoning module OverlayEditor (231)
[2018.11.19-06.44.41:840][ 13]LogModuleManager: Shutting down and abandoning module VREditor (228)
[2018.11.19-06.44.41:840][ 13]LogModuleManager: Shutting down and abandoning module StringTableEditor (226)
[2018.11.19-06.44.41:840][ 13]LogModuleManager: Shutting down and abandoning module GameplayTasksEditor (224)
[2018.11.19-06.44.41:840][ 13]LogModuleManager: Shutting down and abandoning module BehaviorTreeEditor (222)
[2018.11.19-06.44.41:840][ 13]LogModuleManager: Shutting down and abandoning module FunctionalTesting (220)
[2018.11.19-06.44.41:840][ 13]LogModuleManager: Shutting down and abandoning module CollisionAnalyzer (218)
[2018.11.19-06.44.41:840][ 13]LogModuleManager: Shutting down and abandoning module WorkspaceMenuStructure (217)
[2018.11.19-06.44.41:840][ 13]LogModuleManager: Shutting down and abandoning module UMG (214)
[2018.11.19-06.44.41:840][ 13]LogModuleManager: Shutting down and abandoning module UMGEditor (213)
[2018.11.19-06.44.41:840][ 13]LogModuleManager: Shutting down and abandoning module Sequencer (212)
[2018.11.19-06.44.41:840][ 13]LogModuleManager: Shutting down and abandoning module MessageLog (209)
[2018.11.19-06.44.41:840][ 13]LogModuleManager: Shutting down and abandoning module SlateReflector (204)
[2018.11.19-06.44.41:840][ 13]LogModuleManager: Shutting down and abandoning module Slate (202)
[2018.11.19-06.44.41:840][ 13]LogModuleManager: Shutting down and abandoning module EditorStyle (200)
[2018.11.19-06.44.41:841][ 13]LogModuleManager: Shutting down and abandoning module MRMesh (198)
[2018.11.19-06.44.41:841][ 13]LogModuleManager: Shutting down and abandoning module SourceCodeAccess (196)
[2018.11.19-06.44.41:841][ 13]LogModuleManager: Shutting down and abandoning module HeadMountedDisplay (194)
[2018.11.19-06.44.41:841][ 13]LogModuleManager: Shutting down and abandoning module XAudio2 (192)
[2018.11.19-06.44.41:841][ 13]LogModuleManager: Shutting down and abandoning module Networking (190)
[2018.11.19-06.44.41:841][ 13]LogModuleManager: Shutting down and abandoning module Core (188)
[2018.11.19-06.44.41:841][ 13]LogModuleManager: Shutting down and abandoning module LevelSequence (186)
[2018.11.19-06.44.41:841][ 13]LogModuleManager: Shutting down and abandoning module KismetCompiler (184)
[2018.11.19-06.44.41:841][ 13]LogModuleManager: Shutting down and abandoning module MeshUtilities (182)
[2018.11.19-06.44.41:841][ 13]LogModuleManager: Shutting down and abandoning module MeshMergeUtilities (181)
[2018.11.19-06.44.41:841][ 13]LogModuleManager: Shutting down and abandoning module MeshReductionInterface (180)
[2018.11.19-06.44.41:841][ 13]LogModuleManager: Shutting down and abandoning module SimplygonSwarm (179)
[2018.11.19-06.44.41:841][ 13]LogModuleManager: Shutting down and abandoning module ProxyLODMeshReduction (177)
[2018.11.19-06.44.41:841][ 13]LogModuleManager: Shutting down and abandoning module SimplygonMeshReduction (175)
[2018.11.19-06.44.41:841][ 13]LogModuleManager: Shutting down and abandoning module QuadricMeshReduction (173)
[2018.11.19-06.44.41:842][ 13]LogModuleManager: Shutting down and abandoning module MaterialBaking (169)
[2018.11.19-06.44.41:842][ 13]LogModuleManager: Shutting down and abandoning module DirectoryWatcher (165)
[2018.11.19-06.44.41:842][ 13]LogModuleManager: Shutting down and abandoning module DerivedDataCache (162)
[2018.11.19-06.44.41:924][ 13]LogDerivedDataCache: Shutdown
[2018.11.19-06.44.41:924][ 13]LogModuleManager: Shutting down and abandoning module XGEController (160)
[2018.11.19-06.44.41:924][ 13]LogModuleManager: Shutting down and abandoning module TargetPlatform (158)
[2018.11.19-06.44.41:924][ 13]LogModuleManager: Shutting down and abandoning module VulkanShaderFormat (157)
[2018.11.19-06.44.41:924][ 13]LogModuleManager: Shutting down and abandoning module ShaderFormatVectorVM (155)
[2018.11.19-06.44.41:924][ 13]LogModuleManager: Shutting down and abandoning module ShaderFormatOpenGL (153)
[2018.11.19-06.44.41:924][ 13]LogModuleManager: Shutting down and abandoning module ShaderFormatD3D (151)
[2018.11.19-06.44.41:924][ 13]LogModuleManager: Shutting down and abandoning module MetalShaderFormat (149)
[2018.11.19-06.44.41:924][ 13]LogModuleManager: Shutting down and abandoning module TextureFormatUncompressed (147)
[2018.11.19-06.44.41:924][ 13]LogModuleManager: Shutting down and abandoning module TextureFormatPVR (145)
[2018.11.19-06.44.41:924][ 13]LogModuleManager: Shutting down and abandoning module TextureFormatDXT (143)
[2018.11.19-06.44.41:924][ 13]LogModuleManager: Shutting down and abandoning module TextureFormatIntelISPCTexComp (141)
[2018.11.19-06.44.41:924][ 13]LogModuleManager: Shutting down and abandoning module TextureFormatASTC (139)
[2018.11.19-06.44.41:924][ 13]LogModuleManager: Shutting down and abandoning module ImageWrapper (138)
[2018.11.19-06.44.41:924][ 13]LogModuleManager: Shutting down and abandoning module TextureFormatAndroid (135)
[2018.11.19-06.44.41:924][ 13]LogModuleManager: Shutting down and abandoning module AudioFormatOpus (133)
[2018.11.19-06.44.41:924][ 13]LogModuleManager: Shutting down and abandoning module AudioFormatOgg (131)
[2018.11.19-06.44.41:924][ 13]LogModuleManager: Shutting down and abandoning module AudioFormatADPCM (129)
[2018.11.19-06.44.41:924][ 13]LogModuleManager: Shutting down and abandoning module LuminTargetPlatform (127)
[2018.11.19-06.44.41:924][ 13]LogModuleManager: Shutting down and abandoning module LinuxTargetPlatform (125)
[2018.11.19-06.44.41:924][ 13]LogModuleManager: Shutting down and abandoning module LinuxServerTargetPlatform (123)
[2018.11.19-06.44.41:924][ 13]LogModuleManager: Shutting down and abandoning module LinuxNoEditorTargetPlatform (121)
[2018.11.19-06.44.41:924][ 13]LogModuleManager: Shutting down and abandoning module LinuxClientTargetPlatform (119)
[2018.11.19-06.44.41:924][ 13]LogModuleManager: Shutting down and abandoning module TVOSTargetPlatform (117)
[2018.11.19-06.44.41:925][ 13]LogModuleManager: Shutting down and abandoning module Messaging (115)
[2018.11.19-06.44.41:925][ 13]LogModuleManager: Shutting down and abandoning module IOSTargetPlatform (113)
[2018.11.19-06.44.41:925][ 13]LogModuleManager: Shutting down and abandoning module HTML5TargetPlatform (111)
[2018.11.19-06.44.41:925][ 13]LogModuleManager: Shutting down and abandoning module AndroidTargetPlatform (109)
[2018.11.19-06.44.41:930][ 13]LogModuleManager: Shutting down and abandoning module WindowsTargetPlatform (107)
[2018.11.19-06.44.41:930][ 13]LogModuleManager: Shutting down and abandoning module WindowsServerTargetPlatform (105)
[2018.11.19-06.44.41:930][ 13]LogModuleManager: Shutting down and abandoning module WindowsNoEditorTargetPlatform (103)
[2018.11.19-06.44.41:930][ 13]LogModuleManager: Shutting down and abandoning module WindowsClientTargetPlatform (101)
[2018.11.19-06.44.41:930][ 13]LogModuleManager: Shutting down and abandoning module MacTargetPlatform (99)
[2018.11.19-06.44.41:930][ 13]LogModuleManager: Shutting down and abandoning module MacServerTargetPlatform (97)
[2018.11.19-06.44.41:930][ 13]LogModuleManager: Shutting down and abandoning module MacNoEditorTargetPlatform (95)
[2018.11.19-06.44.41:930][ 13]LogModuleManager: Shutting down and abandoning module MacClientTargetPlatform (93)
[2018.11.19-06.44.41:930][ 13]LogModuleManager: Shutting down and abandoning module AllDesktopTargetPlatform (91)
[2018.11.19-06.44.41:930][ 13]LogModuleManager: Shutting down and abandoning module InputCore (88)
[2018.11.19-06.44.41:930][ 13]LogModuleManager: Shutting down and abandoning module Settings (86)
[2018.11.19-06.44.41:930][ 13]LogModuleManager: Shutting down and abandoning module PhysXCooking (84)
[2018.11.19-06.44.41:930][ 13]LogModuleManager: Shutting down and abandoning module SteamVR (82)
[2018.11.19-06.44.41:930][ 13]LogModuleManager: Shutting down and abandoning module OculusHMD (80)
[2018.11.19-06.44.41:930][ 13]LogModuleManager: Shutting down and abandoning module ExampleDeviceProfileSelector (78)
[2018.11.19-06.44.41:930][ 13]LogModuleManager: Shutting down and abandoning module LauncherChunkInstaller (76)
[2018.11.19-06.44.41:930][ 13]LogModuleManager: Shutting down and abandoning module OnlineBlueprintSupport (74)
[2018.11.19-06.44.41:930][ 13]LogModuleManager: Shutting down and abandoning module OnlineSubsystem (70)
[2018.11.19-06.44.41:931][ 13]LogModuleManager: Shutting down and abandoning module XMPP (65)
[2018.11.19-06.44.41:931][ 13]LogModuleManager: Shutting down and abandoning module WebSockets (64)
[2018.11.19-06.44.41:959][ 13]LogModuleManager: Shutting down and abandoning module HTTP (61)
[2018.11.19-06.44.41:959][ 13]LogHttp: Display: Http module shutting down, but needs to wait on 1 outstanding Http requests:
[2018.11.19-06.44.41:959][ 13]LogHttp: Display: 	verb=[POST] url=[https://datarouter.ol.epicgames.com/datarouter/api/v1/public/data?SessionID=%7BF9456681-4204-C2BF-1B55-8B988FB15F5E%7D&AppID=UEEditor.Rocket.Release&AppVersion=4.20.3-4369336%2B%2B%2BUE4%2BRelease-4.20&UserID=1cc4ab9f4dc2e03946f10187557ebead%7C835cbaeb50c74b04991c798a180951a6%7Cf1992809-6609-441d-a6d5-d29a56ba17ab&AppEnvironment=datacollector-binary&UploadType=eteventstream] status=Processing
[2018.11.19-06.44.41:981][ 13]LogModuleManager: Shutting down and abandoning module SSL (60)
[2018.11.19-06.44.41:982][ 13]LogModuleManager: Shutting down and abandoning module MagicLeapEmulator (56)
[2018.11.19-06.44.41:982][ 13]LogModuleManager: Shutting down and abandoning module MagicLeapPrivileges (54)
[2018.11.19-06.44.41:982][ 13]LogModuleManager: Shutting down and abandoning module MagicLeapIdentity (52)
[2018.11.19-06.44.41:982][ 13]LogModuleManager: Shutting down and abandoning module MagicLeapHelperVulkan (50)
[2018.11.19-06.44.41:982][ 13]LogModuleManager: Shutting down and abandoning module MagicLeapHelperOpenGL (48)
[2018.11.19-06.44.41:982][ 13]LogModuleManager: Shutting down and abandoning module MagicLeapSecureStorage (46)
[2018.11.19-06.44.41:982][ 13]LogModuleManager: Shutting down and abandoning module MagicLeapGestures (44)
[2018.11.19-06.44.41:982][ 13]LogModuleManager: Shutting down and abandoning module MagicLeapEyeTracker (42)
[2018.11.19-06.44.41:982][ 13]LogModuleManager: Shutting down and abandoning module MagicLeapController (40)
[2018.11.19-06.44.41:982][ 13]LogSlate: Slate User Destroyed.  User Index 0, Is Virtual User: 0
[2018.11.19-06.44.41:982][ 13]LogModuleManager: Shutting down and abandoning module MagicLeap (38)
[2018.11.19-06.44.41:982][ 13]LogModuleManager: Shutting down and abandoning module AnimationModifiers (36)
[2018.11.19-06.44.41:982][ 13]LogModuleManager: Shutting down and abandoning module PropertyEditor (35)
[2018.11.19-06.44.41:982][ 13]LogModuleManager: Shutting down and abandoning module AudioEditor (32)
[2018.11.19-06.44.41:982][ 13]LogModuleManager: Shutting down and abandoning module TextureCompressor (30)
[2018.11.19-06.44.41:982][ 13]LogModuleManager: Shutting down and abandoning module ShaderCore (28)
[2018.11.19-06.44.41:982][ 13]LogModuleManager: Shutting down and abandoning module Landscape (26)
[2018.11.19-06.44.41:982][ 13]LogModuleManager: Shutting down and abandoning module SlateRHIRenderer (24)
[2018.11.19-06.44.41:982][ 13]LogModuleManager: Shutting down and abandoning module OpenGLDrv (22)
[2018.11.19-06.44.41:983][ 13]LogModuleManager: Shutting down and abandoning module D3D11RHI (20)
[2018.11.19-06.44.41:983][ 13]LogModuleManager: Shutting down and abandoning module AnimGraphRuntime (18)
[2018.11.19-06.44.41:983][ 13]LogModuleManager: Shutting down and abandoning module Renderer (16)
[2018.11.19-06.44.41:983][ 13]LogModuleManager: Shutting down and abandoning module Engine (14)
[2018.11.19-06.44.41:983][ 13]LogModuleManager: Shutting down and abandoning module CoreUObject (12)
[2018.11.19-06.44.41:983][ 13]LogModuleManager: Shutting down and abandoning module NetworkFile (10)
[2018.11.19-06.44.41:983][ 13]LogModuleManager: Shutting down and abandoning module CookedIterativeFile (8)
[2018.11.19-06.44.41:983][ 13]LogModuleManager: Shutting down and abandoning module StreamingFile (6)
[2018.11.19-06.44.41:983][ 13]LogModuleManager: Shutting down and abandoning module SandboxFile (4)
[2018.11.19-06.44.41:983][ 13]LogModuleManager: Shutting down and abandoning module PakFile (2)
[2018.11.19-06.44.41:985][ 13]LogExit: Exiting.
[2018.11.19-06.44.41:994][ 13]Log file closed, 11/19/18 01:44:41
