Log file open, 11/08/18 10:14:04
LogWindows: Failed to load 'aqProf.dll' (GetLastError=126)
LogWindows: File 'aqProf.dll' does not exist
LogWindows: Failed to load 'VSPerf140.dll' (GetLastError=126)
LogWindows: File 'VSPerf140.dll' does not exist
LogWindows: Failed to load 'VtuneApi.dll' (GetLastError=126)
LogWindows: File 'VtuneApi.dll' does not exist
LogWindows: Failed to load 'VtuneApi32e.dll' (GetLastError=126)
LogWindows: File 'VtuneApi32e.dll' does not exist
LogInit: Display: Running engine for game: CastleRavenloft
LogPlatformFile: Not using cached read wrapper
LogTaskGraph: Started task graph with 5 named threads and 23 total threads with 3 sets of task threads.
LogStats: Stats thread started at 2.003139
LogD3D11RHI: Loaded GFSDK_Aftermath_Lib.x64.dll
LogICUInternationalization: Display: ICU TimeZone Detection - Raw Offset: -5:00, Platform Override: ''
LogPluginManager: Mounting plugin Paper2D
LogPluginManager: Mounting plugin AISupport
LogPluginManager: Mounting plugin LightPropagationVolume
LogPluginManager: Mounting plugin CLionSourceCodeAccess
LogPluginManager: Mounting plugin CodeLiteSourceCodeAccess
LogPluginManager: Mounting plugin GitSourceControl
LogPluginManager: Mounting plugin KDevelopSourceCodeAccess
LogPluginManager: Mounting plugin NullSourceCodeAccess
LogPluginManager: Mounting plugin PerforceSourceControl
LogPluginManager: Mounting plugin SubversionSourceControl
LogPluginManager: Mounting plugin UObjectPlugin
LogPluginManager: Mounting plugin VisualStudioCodeSourceCodeAccess
LogPluginManager: Mounting plugin VisualStudioSourceCodeAccess
LogPluginManager: Mounting plugin XCodeSourceCodeAccess
LogPluginManager: Mounting plugin AssetManagerEditor
LogPluginManager: Mounting plugin CryptoKeys
LogPluginManager: Mounting plugin DataValidation
LogPluginManager: Mounting plugin FacialAnimation
LogPluginManager: Mounting plugin GameplayTagsEditor
LogPluginManager: Mounting plugin MacGraphicsSwitching
LogPluginManager: Mounting plugin MeshEditor
LogPluginManager: Mounting plugin MobileLauncherProfileWizard
LogPluginManager: Mounting plugin PluginBrowser
LogPluginManager: Mounting plugin SpeedTreeImporter
LogPluginManager: Mounting plugin DatasmithContent
LogPluginManager: Mounting plugin AlembicImporter
LogPluginManager: Mounting plugin AppleImageUtils
LogPluginManager: Mounting plugin AppleVision
LogPluginManager: Mounting plugin BackChannel
LogPluginManager: Mounting plugin CharacterAI
LogPluginManager: Mounting plugin GeometryCache
LogPluginManager: Mounting plugin HTML5Networking
LogPluginManager: Mounting plugin ProxyLODPlugin
LogPluginManager: Mounting plugin MagicLeap
LogPluginManager: Mounting plugin MagicLeapEmulator
LogPluginManager: Mounting plugin MagicLeapMedia
LogPluginManager: Mounting plugin AndroidMedia
LogPluginManager: Mounting plugin AvfMedia
LogPluginManager: Mounting plugin ImgMedia
LogPluginManager: Mounting plugin LinearTimecode
LogPluginManager: Mounting plugin MediaCompositing
LogPluginManager: Mounting plugin MediaPlayerEditor
LogPluginManager: Mounting plugin WmfMedia
LogPluginManager: Mounting plugin TcpMessaging
LogPluginManager: Mounting plugin UdpMessaging
LogPluginManager: Mounting plugin ActorSequence
LogPluginManager: Mounting plugin LevelSequenceEditor
LogPluginManager: Mounting plugin MatineeToLevelSequence
LogPluginManager: Mounting plugin NetcodeUnitTest
LogPluginManager: Mounting plugin NUTUnrealEngine4
LogPluginManager: Mounting plugin OnlineSubsystemGooglePlay
LogPluginManager: Mounting plugin OnlineSubsystemIOS
LogPluginManager: Mounting plugin OnlineSubsystem
LogPluginManager: Mounting plugin OnlineSubsystemNull
LogPluginManager: Mounting plugin OnlineSubsystemUtils
LogPluginManager: Mounting plugin LauncherChunkInstaller
LogPluginManager: Mounting plugin AndroidDeviceProfileSelector
LogPluginManager: Mounting plugin AndroidMoviePlayer
LogPluginManager: Mounting plugin AndroidPermission
LogPluginManager: Mounting plugin AppleMoviePlayer
LogPluginManager: Mounting plugin ArchVisCharacter
LogPluginManager: Mounting plugin AudioCapture
LogPluginManager: Mounting plugin CableComponent
LogPluginManager: Mounting plugin CustomMeshComponent
LogPluginManager: Mounting plugin EditableMesh
LogPluginManager: Mounting plugin ExampleDeviceProfileSelector
LogPluginManager: Mounting plugin GoogleCloudMessaging
LogPluginManager: Mounting plugin ImmediatePhysics
LogPluginManager: Mounting plugin IOSDeviceProfileSelector
LogPluginManager: Mounting plugin LinuxDeviceProfileSelector
LogPluginManager: Mounting plugin LocationServicesBPLibrary
LogPluginManager: Mounting plugin MobilePatchingUtils
LogPluginManager: Mounting plugin OculusVR
LogPluginManager: Plugin shader directory ../../../Engine/Plugins/Runtime/Oculus/OculusVR/Shaders found
LogPluginManager: Mapping shader source directory ../../../Engine/Plugins/Runtime/Oculus/OculusVR/Shaders to virtual directory /Plugin/OculusVR
LogPluginManager: Mounting plugin PhysXVehicles
LogPluginManager: Mounting plugin ProceduralMeshComponent
LogPluginManager: Mounting plugin RuntimePhysXCooking
LogPluginManager: Mounting plugin SteamVR
LogPluginManager: Mounting plugin WindowsMoviePlayer
LogStreaming: Display: Took  0.246s to configure plugins.
LogInit: Using libcurl 7.55.1-DEV
LogInit:  - built for x86_64-pc-win32
LogInit:  - supports SSL with OpenSSL/1.0.2h
LogInit:  - supports HTTP deflate (compression) using libz 1.2.8
LogInit:  - other features:
LogInit:      CURL_VERSION_SSL
LogInit:      CURL_VERSION_LIBZ
LogInit:      CURL_VERSION_IPV6
LogInit:      CURL_VERSION_ASYNCHDNS
LogInit:      CURL_VERSION_LARGEFILE
LogInit:      CURL_VERSION_IDN
LogInit:  CurlRequestOptions (configurable via config and command line):
LogInit:  - bVerifyPeer = false  - Libcurl will NOT verify peer certificate
LogInit:  - bUseHttpProxy = false  - Libcurl will NOT use HTTP proxy
LogInit:  - bDontReuseConnections = false  - Libcurl will reuse connections
LogInit:  - CertBundlePath = nullptr  - Libcurl will use whatever was configured at build time.
LogInit:  - MaxHostConnections = 16  - Libcurl will limit the number of connections to a host
LogInit:  - LocalHostAddr = Default
LogInit:  - BufferSize = 65536
LogInit: WinSock: version 1.1 (2.2), MaxSocks=32767, MaxUdp=65467
LogInit: Build: ++UE4+Release-4.20-CL-4369336
LogInit: Engine Version: 4.20.3-4369336+++UE4+Release-4.20
LogInit: Compatible Engine Version: 4.20.0-4212847+++UE4+Release-4.20
LogInit: Net CL: 4212847
LogInit: OS: Windows 10 (), CPU:        Intel(R) Core(TM) i7-4820K CPU @ 3.70GHz, GPU: NVIDIA GeForce GTX TITAN Z
LogInit: Compiled (64-bit): Sep 17 2018 12:26:19
LogInit: Compiled with Visual C++: 19.13.26129.00
LogInit: Build Configuration: Development
LogInit: Branch Name: ++UE4+Release-4.20
LogInit: Command Line:  
LogInit: Base Directory: D:/Epic Games/UE_4.20/Engine/Binaries/Win64/
LogInit: Installed Engine Build: 1
LogDevObjectVersion: Number of dev versions registered: 20
LogDevObjectVersion:   Dev-Blueprints (B0D832E4-1F89-4F0D-ACCF-7EB736FD4AA2): 10
LogDevObjectVersion:   Dev-Build (E1C64328-A22C-4D53-A36C-8E866417BD8C): 0
LogDevObjectVersion:   Dev-Core (375EC13C-06E4-48FB-B500-84F0262A717E): 2
LogDevObjectVersion:   Dev-Editor (E4B068ED-F494-42E9-A231-DA0B2E46BB41): 24
LogDevObjectVersion:   Dev-Framework (CFFC743F-43B0-4480-9391-14DF171D2073): 34
LogDevObjectVersion:   Dev-Mobile (B02B49B5-BB20-44E9-A304-32B752E40360): 2
LogDevObjectVersion:   Dev-Networking (A4E4105C-59A1-49B5-A7C5-40C4547EDFEE): 0
LogDevObjectVersion:   Dev-Online (39C831C9-5AE6-47DC-9A44-9C173E1C8E7C): 0
LogDevObjectVersion:   Dev-Physics (78F01B33-EBEA-4F98-B9B4-84EACCB95AA2): 0
LogDevObjectVersion:   Dev-Platform (6631380F-2D4D-43E0-8009-CF276956A95A): 0
LogDevObjectVersion:   Dev-Rendering (12F88B9F-8875-4AFC-A67C-D90C383ABD29): 26
LogDevObjectVersion:   Dev-Sequencer (7B5AE74C-D270-4C10-A958-57980B212A5A): 9
LogDevObjectVersion:   Dev-VR (D7296918-1DD6-4BDD-9DE2-64A83CC13884): 2
LogDevObjectVersion:   Dev-LoadTimes (C2A15278-BFE7-4AFE-6C17-90FF531DF755): 1
LogDevObjectVersion:   Private-Geometry (6EACA3D4-40EC-4CC1-B786-8BED09428FC5): 3
LogDevObjectVersion:   Dev-AnimPhys (29E575DD-E0A3-4627-9D10-D276232CDCEA): 17
LogDevObjectVersion:   Dev-ReflectionCapture (6B266CEC-1EC7-4B8F-A30B-E4D90942FC07): 1
LogDevObjectVersion:   Dev-Automation (0DF73D61-A23F-47EA-B727-89E90C41499A): 1
LogDevObjectVersion:   FortniteMain (601D1886-AC64-4F84-AA16-D3DE0DEAC7D6): 12
LogDevObjectVersion:   Dev-Enterprise (9DFFBCD6-494F-0158-E221-12823C92A888): 1
LogStreaming: Display: Took  0.009s to delete old logs.
LogInit: Presizing for max 8388607 objects, including 0 objects not considered by GC, pre-allocating 0 bytes for permanent pool.
LogInit: Object subsystem initialized
[2018.11.08-15.14.06:732][  0]LogInit: Selected Device Profile: [Windows]
[2018.11.08-15.14.06:732][  0]LogInit: Applying CVar settings loaded from the selected device profile: [Windows]
[2018.11.08-15.14.06:780][  0]LogHAL: Display: Platform has ~ 16 GB [17094057984 / 17179869184 / 16], which maps to Larger [LargestMinGB=32, LargerMinGB=12, DefaultMinGB=8, SmallerMinGB=6, SmallestMinGB=0)
[2018.11.08-15.14.06:780][  0]LogInit: Setting Device Profile CVar: [[r.Vulkan.UseRealUBs:1]]
[2018.11.08-15.14.06:780][  0]LogInit: Going up to parent DeviceProfile []
[2018.11.08-15.14.06:798][  0]LogInit: Computer: DESKTOP-TRDEAJO
[2018.11.08-15.14.06:798][  0]LogInit: User: AuroraR4
[2018.11.08-15.14.06:798][  0]LogInit: CPU Page size=4096, Cores=4
[2018.11.08-15.14.06:798][  0]LogInit: High frequency timer resolution =3.613285 MHz
[2018.11.08-15.14.06:799][  0]LogMemory: Memory total: Physical=15.9GB (16GB approx)
[2018.11.08-15.14.06:799][  0]LogMemory: Platform Memory Stats for Windows
[2018.11.08-15.14.06:799][  0]LogMemory: Process Physical Memory: 102.20 MB used, 102.20 MB peak
[2018.11.08-15.14.06:799][  0]LogMemory: Process Virtual Memory: 90.62 MB used, 90.62 MB peak
[2018.11.08-15.14.06:799][  0]LogMemory: Physical Memory: 6514.84 MB used,  9787.33 MB free, 16302.16 MB total
[2018.11.08-15.14.06:799][  0]LogMemory: Virtual Memory: 4644.61 MB used,  9787.33 MB free, 134217728.00 MB total
[2018.11.08-15.14.07:478][  0]LogInit: Using OS detected language (en-US).
[2018.11.08-15.14.07:478][  0]LogInit: Using OS detected locale (en-US).
[2018.11.08-15.14.07:495][  0]LogTextLocalizationManager: No specific localization for 'en-US' exists, so the 'en' localization will be used.
[2018.11.08-15.14.08:345][  0]LogStreaming: Display: Took  0.867s to InitEngineTextLocalization.
[2018.11.08-15.14.08:345][  0]LogInit: Setting process to per monitor DPI aware
[2018.11.08-15.14.08:745][  0]LogSlate: New Slate User Created.  User Index 0, Is Virtual User: 0
[2018.11.08-15.14.08:745][  0]LogSlate: Slate User Registered.  User Index 0, Is Virtual User: 0
[2018.11.08-15.14.11:002][  0]LogHMD: Failed to initialize OpenVR with code 110
[2018.11.08-15.14.11:002][  0]LogD3D11RHI: D3D11 adapters:
[2018.11.08-15.14.11:090][  0]LogD3D11RHI:    0. 'NVIDIA GeForce GTX TITAN Z' (Feature Level 11_0)
[2018.11.08-15.14.11:090][  0]LogD3D11RHI:       6035/0/8151 MB DedicatedVideo/DedicatedSystem/SharedSystem, Outputs:2, VendorId:0x10de
[2018.11.08-15.14.11:092][  0]LogD3D11RHI:    1. 'Microsoft Basic Render Driver' (Feature Level 11_0)
[2018.11.08-15.14.11:092][  0]LogD3D11RHI:       0/0/8151 MB DedicatedVideo/DedicatedSystem/SharedSystem, Outputs:0, VendorId:0x1414
[2018.11.08-15.14.11:092][  0]LogD3D11RHI: Chosen D3D11 Adapter: 0
[2018.11.08-15.14.11:099][  0]LogD3D11RHI: Creating new Direct3DDevice
[2018.11.08-15.14.11:099][  0]LogD3D11RHI:     GPU DeviceId: 0x1001 (for the marketing name, search the web for "GPU Device Id")
[2018.11.08-15.14.11:099][  0]LogWindows: EnumDisplayDevices:
[2018.11.08-15.14.11:099][  0]LogWindows:    0. 'NVIDIA GeForce GTX TITAN Z' (P:1 D:1)
[2018.11.08-15.14.11:099][  0]LogWindows:    1. 'NVIDIA GeForce GTX TITAN Z' (P:0 D:1)
[2018.11.08-15.14.11:099][  0]LogWindows:    2. 'NVIDIA GeForce GTX TITAN Z' (P:0 D:0)
[2018.11.08-15.14.11:100][  0]LogWindows:    3. 'NVIDIA GeForce GTX TITAN Z' (P:0 D:0)
[2018.11.08-15.14.11:100][  0]LogWindows: DebugString: FoundDriverCount:4 
[2018.11.08-15.14.11:100][  0]LogD3D11RHI:     Adapter Name: NVIDIA GeForce GTX TITAN Z
[2018.11.08-15.14.11:100][  0]LogD3D11RHI:   Driver Version: 398.11 (internal:24.21.13.9811, unified:398.11)
[2018.11.08-15.14.11:100][  0]LogD3D11RHI:      Driver Date: 6-1-2018
[2018.11.08-15.14.11:100][  0]LogRHI: Texture pool is 4224 MB (70% of 6035 MB)
[2018.11.08-15.14.11:151][  0]LogD3D11RHI: Async texture creation enabled
[2018.11.08-15.14.11:170][  0]LogD3D11RHI: GPU Timing Frequency: 1000.000000 (Debug: 2 2)
[2018.11.08-15.14.11:174][  0]LogShaderCompilers: Guid format shader working directory is -3 characters bigger than the processId version (../../../../../GitHub/CastleRavenloft/CastleRavenloft/Intermediate/Shaders/WorkingDirectory/6808/).
[2018.11.08-15.14.11:175][  0]LogShaderCompilers: Cleaned the shader compiler working directory 'C:/Users/Aurora R4/AppData/Local/Temp/UnrealShaderWorkingDir/BB41C22549CF3640E3D6A989B2FCE8E1/'.
[2018.11.08-15.14.12:238][  0]LogTemp: Display: Loaded TP AllDesktopTargetPlatform
[2018.11.08-15.14.12:281][  0]LogTemp: Display: Loaded TP MacClientTargetPlatform
[2018.11.08-15.14.12:305][  0]LogTemp: Display: Loaded TP MacNoEditorTargetPlatform
[2018.11.08-15.14.12:343][  0]LogTemp: Display: Loaded TP MacServerTargetPlatform
[2018.11.08-15.14.12:403][  0]LogTemp: Display: Loaded TP MacTargetPlatform
[2018.11.08-15.14.12:434][  0]LogTemp: Display: Loaded TP WindowsClientTargetPlatform
[2018.11.08-15.14.12:486][  0]LogTemp: Display: Loaded TP WindowsNoEditorTargetPlatform
[2018.11.08-15.14.12:520][  0]LogTemp: Display: Loaded TP WindowsServerTargetPlatform
[2018.11.08-15.14.12:550][  0]LogTemp: Display: Loaded TP WindowsTargetPlatform
[2018.11.08-15.14.12:700][  0]LogTemp: Display: Loaded TP AndroidTargetPlatform
[2018.11.08-15.14.12:700][  0]LogTemp: Display: Loaded TP AndroidTargetPlatform
[2018.11.08-15.14.12:700][  0]LogTemp: Display: Loaded TP AndroidTargetPlatform
[2018.11.08-15.14.12:700][  0]LogTemp: Display: Loaded TP AndroidTargetPlatform
[2018.11.08-15.14.12:700][  0]LogTemp: Display: Loaded TP AndroidTargetPlatform
[2018.11.08-15.14.12:700][  0]LogTemp: Display: Loaded TP AndroidTargetPlatform
[2018.11.08-15.14.12:700][  0]LogTemp: Display: Loaded TP AndroidTargetPlatform
[2018.11.08-15.14.12:701][  0]LogTemp: Display: Loaded TP AndroidTargetPlatform
[2018.11.08-15.14.12:701][  0]LogTemp: Display: Loaded TP AndroidTargetPlatform
[2018.11.08-15.14.12:701][  0]LogTemp: Display: Loaded TP AndroidTargetPlatform
[2018.11.08-15.14.12:701][  0]LogTemp: Display: Loaded TP AndroidTargetPlatform
[2018.11.08-15.14.12:701][  0]LogTemp: Display: Loaded TP AndroidTargetPlatform
[2018.11.08-15.14.12:701][  0]LogTemp: Display: Loaded TP AndroidTargetPlatform
[2018.11.08-15.14.12:701][  0]LogTemp: Display: Loaded TP AndroidTargetPlatform
[2018.11.08-15.14.12:701][  0]LogTemp: Display: Loaded TP AndroidTargetPlatform
[2018.11.08-15.14.12:701][  0]LogTemp: Display: Loaded TP AndroidTargetPlatform
[2018.11.08-15.14.12:701][  0]LogTemp: Display: Loaded TP AndroidTargetPlatform
[2018.11.08-15.14.12:701][  0]LogTemp: Display: Loaded TP AndroidTargetPlatform
[2018.11.08-15.14.12:736][  0]LogTemp: Display: Loaded TP HTML5TargetPlatform
[2018.11.08-15.14.12:877][  0]LogTemp: Display: Loaded TP IOSTargetPlatform
[2018.11.08-15.14.12:877][  0]LogTemp: Display: Loaded TP IOSTargetPlatform
[2018.11.08-15.14.12:920][  0]LogTemp: Display: Loaded TP TVOSTargetPlatform
[2018.11.08-15.14.12:920][  0]LogTemp: Display: Loaded TP TVOSTargetPlatform
[2018.11.08-15.14.12:960][  0]LogTemp: Display: Loaded TP LinuxClientTargetPlatform
[2018.11.08-15.14.12:995][  0]LogTemp: Display: Loaded TP LinuxNoEditorTargetPlatform
[2018.11.08-15.14.13:034][  0]LogTemp: Display: Loaded TP LinuxServerTargetPlatform
[2018.11.08-15.14.13:074][  0]LogTemp: Display: Loaded TP LinuxTargetPlatform
[2018.11.08-15.14.13:106][  0]LogTemp: Display: Loaded TP LuminTargetPlatform
[2018.11.08-15.14.13:106][  0]LogTargetPlatformManager: Display: Building Assets For Windows
[2018.11.08-15.14.13:903][  0]LogXGEController: Cleaning working directory: C:/Users/Aurora R4/AppData/Local/Temp/UnrealXGEWorkingDir/
[2018.11.08-15.14.13:903][  0]LogXGEController: Cannot use XGE Controller as Incredibuild is not installed on this machine.
[2018.11.08-15.14.13:903][  0]LogShaderCompilers: Cannot use XGE Shader Compiler as Incredibuild is not installed on this machine.
[2018.11.08-15.14.13:903][  0]LogShaderCompilers: Display: Using Local Shader Compiler.
[2018.11.08-15.14.16:301][  0]LogDerivedDataCache: Display: Max Cache Size: 512 MB
[2018.11.08-15.14.16:580][  0]LogDerivedDataCache: Loaded boot cache 0.28s 71MB C:/Users/Aurora R4/AppData/Local/UnrealEngine/4.20/DerivedDataCache/Boot.ddc.
[2018.11.08-15.14.16:580][  0]LogDerivedDataCache: Display: Loaded Boot cache: C:/Users/Aurora R4/AppData/Local/UnrealEngine/4.20/DerivedDataCache/Boot.ddc
[2018.11.08-15.14.16:581][  0]LogDerivedDataCache: FDerivedDataBackendGraph:  Pak pak cache file ../../../../../GitHub/CastleRavenloft/CastleRavenloft/DerivedDataCache/DDC.ddp not found, will not use a pak cache.
[2018.11.08-15.14.16:581][  0]LogDerivedDataCache: Unable to find inner node Pak for hierarchical cache Hierarchy.
[2018.11.08-15.14.16:581][  0]LogDerivedDataCache: FDerivedDataBackendGraph:  CompressedPak pak cache file ../../../../../GitHub/CastleRavenloft/CastleRavenloft/DerivedDataCache/Compressed.ddp not found, will not use a pak cache.
[2018.11.08-15.14.16:581][  0]LogDerivedDataCache: Unable to find inner node CompressedPak for hierarchical cache Hierarchy.
[2018.11.08-15.14.16:625][  0]LogDerivedDataCache: Display: Pak cache opened for reading ../../../Engine/DerivedDataCache/Compressed.ddp.
[2018.11.08-15.14.16:637][  0]LogDerivedDataCache: Using Local data cache path C:/Users/Aurora R4/AppData/Local/UnrealEngine/Common/DerivedDataCache: Writable
[2018.11.08-15.14.16:637][  0]LogDerivedDataCache: Shared data cache path not found in *engine.ini, will not use an Shared cache.
[2018.11.08-15.14.16:637][  0]LogDerivedDataCache: Unable to find inner node Shared for hierarchical cache Hierarchy.
[2018.11.08-15.14.16:658][  0]LogMaterial: Verifying Global Shaders for PCD3D_SM5
[2018.11.08-15.14.16:659][  0]LogSlate: Using FreeType 2.6.0
[2018.11.08-15.14.16:704][  0]LogSlate: SlateFontServices - WITH_FREETYPE: 1, WITH_HARFBUZZ: 1
[2018.11.08-15.14.17:021][  0]LogAssetRegistry: FAssetRegistry took 0.0269 seconds to start up
[2018.11.08-15.14.17:491][  0]LogInit: Selected Device Profile: [Windows]
[2018.11.08-15.14.18:477][  0]LogSimplygon: Simplygon DLL not present - disabling.
[2018.11.08-15.14.18:596][  0]LogMeshReduction: Using SimplygonSwarm for distributed automatic mesh merging
[2018.11.08-15.14.18:596][  0]LogMeshReduction: Using ProxyLODMeshReduction for automatic mesh merging
[2018.11.08-15.14.18:608][  0]LogMeshReduction: Using QuadricMeshReduction for automatic static mesh reduction
[2018.11.08-15.14.18:608][  0]LogMeshReduction: No automatic skeletal mesh reduction module available
[2018.11.08-15.14.18:720][  0]LogNetVersion: CastleRavenloft 1.0.0, NetCL: 4212847, EngineNetVer: 5, GameNetVer: 0 (Checksum: 37006697)
[2018.11.08-15.14.20:701][  0]LogPackageLocalizationCache: Processed 11 localized package path(s) for 2 prioritized culture(s) in 0.180887 seconds
[2018.11.08-15.14.20:707][  0]LogUObjectArray: 38425 objects as part of root set at end of initial load.
[2018.11.08-15.14.20:707][  0]LogUObjectAllocator: 6690872 out of 0 bytes used by permanent object pool.
[2018.11.08-15.14.20:707][  0]LogUObjectArray: CloseDisregardForGC: 0/0 objects in disregard for GC pool
[2018.11.08-15.14.27:902][  0]LogTcpMessaging: Initializing TcpMessaging bridge
[2018.11.08-15.14.27:953][  0]LogUdpMessaging: Initializing bridge on interface 0.0.0.0:0 to multicast group 230.0.0.1:6666.
[2018.11.08-15.14.28:881][  0]SourceControl: Source control is disabled
[2018.11.08-15.14.28:881][  0]SourceControl: Source control is disabled
[2018.11.08-15.14.28:992][  0]SourceControl: Source control is disabled
[2018.11.08-15.14.29:020][  0]SourceControl: Source control is disabled
[2018.11.08-15.14.30:600][  0]LogAndroidPermission: UAndroidPermissionCallbackProxy::GetInstance
[2018.11.08-15.14.30:852][  0]LogOcInput: OculusInput pre-init called
[2018.11.08-15.14.31:133][  0]LogEngine: Initializing Engine...
[2018.11.08-15.14.31:134][  0]LogHMD: Failed to initialize OpenVR with code 110
[2018.11.08-15.14.31:135][  0]LogStats: UGameplayTagsManager::ConstructGameplayTagTree: ImportINI prefixes -  0.000 s
[2018.11.08-15.14.31:135][  0]LogStats: UGameplayTagsManager::ConstructGameplayTagTree: Construct from data asset -  0.000 s
[2018.11.08-15.14.31:135][  0]LogStats: UGameplayTagsManager::ConstructGameplayTagTree: ImportINI -  0.000 s
[2018.11.08-15.14.31:135][  0]LogStats: UGameplayTagsManager::ConstructGameplayTagTree: GameplayTagTreeChangedEvent.Broadcast -  0.000 s
[2018.11.08-15.14.31:850][  0]LogInit: Initializing FReadOnlyCVARCache
[2018.11.08-15.14.31:901][  0]LogAIModule: Creating AISystem for world Untitled
[2018.11.08-15.14.31:922][  0]LogInit: XAudio2 using 'Headset Earphone (Corsair VOID Wireless Gaming Dongle)' : 2 channels at 48 kHz using 16 bits per sample (channel mask 0x3)
[2018.11.08-15.14.31:943][  0]LogInit: FAudioDevice initialized.
[2018.11.08-15.14.31:943][  0]LogNetVersion: Set ProjectVersion to 1.0.0.0. Version Checksum will be recalculated on next use.
[2018.11.08-15.14.32:024][  0]LogDerivedDataCache: Saved boot cache 0.08s 71MB C:/Users/Aurora R4/AppData/Local/UnrealEngine/4.20/DerivedDataCache/Boot.ddc.
[2018.11.08-15.14.32:035][  0]LogInit: Texture streaming: Enabled
[2018.11.08-15.14.32:159][  0]LogEngineSessionManager: EngineSessionManager initialized
[2018.11.08-15.14.32:193][  0]LogInit: Transaction tracking system initialized
[2018.11.08-15.14.32:373][  0]BlueprintLog: New page: Editor Load
[2018.11.08-15.14.33:247][  0]LocalizationService: Localization service is disabled
[2018.11.08-15.14.35:556][  0]LogCook: Display: Max memory allowance for cook 16384mb min free memory 0mb
[2018.11.08-15.14.35:556][  0]LogCook: Display: Mobile HDR setting 1
[2018.11.08-15.14.35:556][  0]LogGameplayTags: Display: UGameplayTagsManager::DoneAddingNativeTags. DelegateIsBound: 0
[2018.11.08-15.14.35:556][  0]LogStats: UGameplayTagsManager::ConstructGameplayTagTree: ImportINI prefixes -  0.000 s
[2018.11.08-15.14.35:556][  0]LogStats: UGameplayTagsManager::ConstructGameplayTagTree: Construct from data asset -  0.000 s
[2018.11.08-15.14.35:556][  0]LogStats: UGameplayTagsManager::ConstructGameplayTagTree: ImportINI -  0.000 s
[2018.11.08-15.14.35:556][  0]LogStats: UGameplayTagsManager::ConstructGameplayTagTree: GameplayTagTreeChangedEvent.Broadcast -  0.000 s
[2018.11.08-15.14.36:587][  0]LogFileCache: Scanning file cache for directory 'D:/GitHub/CastleRavenloft/CastleRavenloft/Content/' took 0.23s
[2018.11.08-15.14.37:250][  0]SourceControl: Source control is disabled
[2018.11.08-15.14.37:250][  0]Cmd: MAP LOAD FILE="../../../../../GitHub/CastleRavenloft/CastleRavenloft/Content/Maps/CastleMap.umap" TEMPLATE=0 SHOWPROGRESS=1 FEATURELEVEL=3
[2018.11.08-15.14.37:251][  0]LightingResults: New page: Lighting Build
[2018.11.08-15.14.37:253][  0]MapCheck: New page: Map Check
[2018.11.08-15.14.37:253][  0]LightingResults: New page: Lighting Build
[2018.11.08-15.14.44:056][  0]LogAIModule: Creating AISystem for world CastleMap
[2018.11.08-15.14.44:574][  0]LogEditorServer: Finished looking for orphan Actors (0.000 secs)
[2018.11.08-15.14.44:613][  0]Cmd: MAP CHECKDEP NOCLEARLOG
[2018.11.08-15.14.44:697][  0]MapCheck: Map check complete: 0 Error(s), 0 Warning(s), took 83.553ms to complete.
[2018.11.08-15.14.44:697][  0]LogFileHelpers: Loading map 'CastleMap' took 7.446
[2018.11.08-15.14.44:896][  0]LogSlate: Updating window title bar state: overlay mode, drag disabled, window buttons hidden, title bar hidden
[2018.11.08-15.14.44:904][  0]LogSlate: Updating window title bar state: overlay mode, drag disabled, window buttons hidden, title bar hidden
[2018.11.08-15.14.44:913][  0]LogSlate: Updating window title bar state: overlay mode, drag disabled, window buttons hidden, title bar hidden
[2018.11.08-15.14.44:921][  0]LogSlate: Updating window title bar state: overlay mode, drag disabled, window buttons hidden, title bar hidden
[2018.11.08-15.14.44:953][  0]LogCollectionManager: Loaded 0 collections in 0.000955 seconds
[2018.11.08-15.14.44:997][  0]LogFileCache: Scanning file cache for directory 'D:/GitHub/CastleRavenloft/CastleRavenloft/Saved/Collections/' took 0.01s
[2018.11.08-15.14.44:997][  0]LogFileCache: Scanning file cache for directory 'D:/GitHub/CastleRavenloft/CastleRavenloft/Content/Developers/AuroraR4/Collections/' took 0.01s
[2018.11.08-15.14.44:997][  0]LogFileCache: Scanning file cache for directory 'D:/GitHub/CastleRavenloft/CastleRavenloft/Content/Collections/' took 0.01s
[2018.11.08-15.14.44:997][  0]LogCollectionManager: Rebuilt the GUID cache for 0 collections in 0.000001 seconds
[2018.11.08-15.14.45:007][  0]LogContentBrowser: Native class hierarchy populated in 0.0099 seconds. Added 2572 classes and 603 folders.
[2018.11.08-15.14.45:012][  0]LogContentBrowser: Native class hierarchy updated for 'WidgetCarousel' in 0.0003 seconds. Added 0 classes and 0 folders.
[2018.11.08-15.14.45:735][  0]LogContentBrowser: Native class hierarchy updated for 'AddContentDialog' in 0.0003 seconds. Added 0 classes and 0 folders.
[2018.11.08-15.14.45:771][  0]LogContentBrowser: Native class hierarchy updated for 'SceneOutliner' in 0.0003 seconds. Added 1 classes and 2 folders.
[2018.11.08-15.14.45:951][  0]LogSlate: Took 0.021063 seconds to synchronously load lazily loaded font '../../../Engine/Content/Slate/Fonts/Roboto-Regular.ttf' (155K)
[2018.11.08-15.14.45:989][  0]LogSlate: Took 0.035941 seconds to synchronously load lazily loaded font '../../../Engine/Content/Slate/Fonts/Roboto-Bold.ttf' (160K)
[2018.11.08-15.14.46:014][  0]LogSlate: Took 0.018562 seconds to synchronously load lazily loaded font '../../../Engine/Content/Editor/Slate/Fonts/FontAwesome.ttf' (139K)
[2018.11.08-15.14.46:239][  0]LogRenderer: Reallocating scene render targets to support 1552x840 Format 10 NumSamples 1 (Frame:1).
[2018.11.08-15.14.47:063][  0]LogContentBrowser: Native class hierarchy updated for 'HierarchicalLODOutliner' in 0.0003 seconds. Added 0 classes and 0 folders.
[2018.11.08-15.14.47:063][  0]LogLoad: (Engine Initialization) Total time: 53.08 seconds
[2018.11.08-15.14.47:063][  0]LogLoad: (Engine Initialization) Total Blueprint compile time: 0.00 seconds
[2018.11.08-15.14.47:113][  0]LogContentStreaming: Texture pool size now 1000 MB
[2018.11.08-15.14.47:295][  1]LogAssetRegistry: Asset discovery search completed in 30.2957 seconds
[2018.11.08-15.14.47:299][  1]LogCollectionManager: Rebuilt the object cache for 0 collections in 0.000001 seconds (found 0 objects)
[2018.11.08-15.14.47:299][  1]LogCollectionManager: Fixed up redirectors for 0 collections in 0.000128 seconds (updated 0 objects)
[2018.11.08-15.14.52:242][ 16]LogFileCache: Retrieving MD5 hashes for directory 'D:/GitHub/CastleRavenloft/CastleRavenloft/Content/' took 5.15s
[2018.11.08-15.32.47:789][604]LogSlate: FSceneViewport::OnFocusLost() reason 0
[2018.11.08-15.46.55:475][658]LogSlate: Took 0.023299 seconds to synchronously load lazily loaded font '../../../Engine/Content/Slate/Fonts/Roboto-Light.ttf' (167K)
[2018.11.08-15.46.55:487][658]LogFactory: FactoryCreateFile: StaticMesh with FbxFactory (0 0 C:/Users/Aurora R4/Downloads/SM_Bed.fbx)
[2018.11.08-15.46.55:504][658]LogFbx: Loading FBX Scene from C:/Users/Aurora R4/Downloads/SM_Bed.fbx
[2018.11.08-15.46.55:520][658]LogFbx: FBX Scene Loaded Succesfully
[2018.11.08-15.47.33:119][658]LogSlate: Window 'FBX Import Options' being destroyed
[2018.11.08-15.47.33:145][658]LogFbx: Warning: Triangulating static mesh m_Post
[2018.11.08-15.47.33:163][658]LogFbx: Warning: Triangulating static mesh m_Post1
[2018.11.08-15.47.33:182][658]LogFbx: Warning: Triangulating static mesh m_Post2
[2018.11.08-15.47.33:199][658]LogFbx: Warning: Triangulating static mesh m_Post3
[2018.11.08-15.47.33:217][658]LogFbx: Warning: Triangulating static mesh m_PostTop
[2018.11.08-15.47.33:230][658]LogFbx: Warning: Triangulating static mesh m_PostTop1
[2018.11.08-15.47.33:243][658]LogFbx: Warning: Triangulating static mesh m_PostTop2
[2018.11.08-15.47.33:255][658]LogFbx: Warning: Triangulating static mesh m_PostTop3
[2018.11.08-15.47.33:268][658]LogFbx: Warning: Triangulating static mesh m_Base
[2018.11.08-15.47.33:280][658]LogFbx: Warning: Triangulating static mesh m_Footboard
[2018.11.08-15.47.33:282][658]LogFbx: Warning: Triangulating static mesh m_Headboard
[2018.11.08-15.47.33:284][658]LogFbx: Warning: Triangulating static mesh m_Headrest
[2018.11.08-15.47.33:287][658]LogFbx: Warning: Triangulating static mesh m_Matress
[2018.11.08-15.47.33:287][658]LogFbx: Warning: Triangulating static mesh m_Pillow
[2018.11.08-15.47.33:292][658]LogFbx: Warning: Triangulating static mesh m_Pillow1
[2018.11.08-15.47.33:296][658]LogFbx: Warning: Triangulating static mesh m_Pillow2
[2018.11.08-15.47.33:301][658]LogFbx: Warning: Triangulating static mesh m_Pillow3
[2018.11.08-15.47.33:305][658]LogFbx: Warning: Triangulating static mesh m_TopSide
[2018.11.08-15.47.33:310][658]LogFbx: Warning: Triangulating static mesh m_TopSide1
[2018.11.08-15.47.33:315][658]LogFbx: Warning: Triangulating static mesh m_TopSide2
[2018.11.08-15.47.33:320][658]LogFbx: Warning: Triangulating static mesh m_TopSide3
[2018.11.08-15.47.33:324][658]LogFbx: Warning: Triangulating static mesh m_Top
[2018.11.08-15.47.33:358][658]LogStaticMesh: Building static mesh SM_Bed...
[2018.11.08-15.47.33:482][658]LogStaticMesh: Built static mesh [0.12s] /Game/StaticMeshes/SM_Bed.SM_Bed
[2018.11.08-15.47.36:676][851]LogFileHelpers: Editor autosave (incl. sublevels) for '/Game/Maps/CastleMap' took 0.022
[2018.11.08-15.47.36:678][851]OBJ SavePackage: Generating thumbnails for [1] asset(s) in package [/Game/StaticMeshes/SM_Bed] ([1] browsable assets)...
[2018.11.08-15.47.36:694][851]OBJ SavePackage:     Rendered thumbnail for [StaticMesh /Game/StaticMeshes/SM_Bed.SM_Bed]
[2018.11.08-15.47.36:694][851]OBJ SavePackage: Finished generating thumbnails for package [/Game/StaticMeshes/SM_Bed]
[2018.11.08-15.47.36:694][851]Cmd: OBJ SAVEPACKAGE PACKAGE="/Game/StaticMeshes/SM_Bed" FILE="../../../../../GitHub/CastleRavenloft/CastleRavenloft/Saved/Autosaves/Game/StaticMeshes/SM_Bed_Auto1.uasset" SILENT=false AUTOSAVING=true
[2018.11.08-15.47.36:711][851]LogSavePackage: Moving '../../../../../GitHub/CastleRavenloft/CastleRavenloft/Saved/SM_Bed_Auto15C5D43BD44E81844C452AFBEB45E93C3.tmp' to '../../../../../GitHub/CastleRavenloft/CastleRavenloft/Saved/Autosaves/Game/StaticMeshes/SM_Bed_Auto1.uasset'
[2018.11.08-15.47.36:712][851]LogFileHelpers: Auto-saving content packages took 0.035
[2018.11.08-15.47.37:012][880]LogActorFactory: Actor Factory created SM_Bed
[2018.11.08-15.47.37:872][924]LogActorFactory: Actor Factory created SM_Bed
[2018.11.08-15.47.42:962][250]Cmd: DELETE
[2018.11.08-15.47.42:962][250]Cmd: ACTOR DELETE
[2018.11.08-15.47.43:041][250]LogEditorActor: Deleted Actor: StaticMeshActor
[2018.11.08-15.47.43:061][250]LogEditorActor: Deleted 1 Actors (0.098 secs)
[2018.11.08-15.47.45:048][379]LogSlate: FSceneViewport::OnFocusLost() reason 0
[2018.11.08-15.47.48:587][607]LogSlate: Window 'Delete Assets' being destroyed
[2018.11.08-15.47.52:495][833]LogFactory: FactoryCreateFile: StaticMesh with FbxFactory (0 0 C:/Users/Aurora R4/Downloads/SM_Bed.fbx)
[2018.11.08-15.47.52:508][833]LogFbx: Loading FBX Scene from C:/Users/Aurora R4/Downloads/SM_Bed.fbx
[2018.11.08-15.47.52:523][833]LogFbx: FBX Scene Loaded Succesfully
[2018.11.08-15.48.03:679][833]LogSlate: Window 'FBX Import Options' being destroyed
[2018.11.08-15.48.03:735][833]LogFbx: Warning: Triangulating static mesh m_Post
[2018.11.08-15.48.03:753][833]LogFbx: Warning: Triangulating static mesh m_Post1
[2018.11.08-15.48.03:770][833]LogFbx: Warning: Triangulating static mesh m_Post2
[2018.11.08-15.48.03:788][833]LogFbx: Warning: Triangulating static mesh m_Post3
[2018.11.08-15.48.03:805][833]LogFbx: Warning: Triangulating static mesh m_PostTop
[2018.11.08-15.48.03:818][833]LogFbx: Warning: Triangulating static mesh m_PostTop1
[2018.11.08-15.48.03:830][833]LogFbx: Warning: Triangulating static mesh m_PostTop2
[2018.11.08-15.48.03:842][833]LogFbx: Warning: Triangulating static mesh m_PostTop3
[2018.11.08-15.48.03:855][833]LogFbx: Warning: Triangulating static mesh m_Base
[2018.11.08-15.48.03:866][833]LogFbx: Warning: Triangulating static mesh m_Footboard
[2018.11.08-15.48.03:868][833]LogFbx: Warning: Triangulating static mesh m_Headboard
[2018.11.08-15.48.03:870][833]LogFbx: Warning: Triangulating static mesh m_Headrest
[2018.11.08-15.48.03:873][833]LogFbx: Warning: Triangulating static mesh m_Matress
[2018.11.08-15.48.03:873][833]LogFbx: Warning: Triangulating static mesh m_Pillow
[2018.11.08-15.48.03:877][833]LogFbx: Warning: Triangulating static mesh m_Pillow1
[2018.11.08-15.48.03:882][833]LogFbx: Warning: Triangulating static mesh m_Pillow2
[2018.11.08-15.48.03:886][833]LogFbx: Warning: Triangulating static mesh m_Pillow3
[2018.11.08-15.48.03:890][833]LogFbx: Warning: Triangulating static mesh m_TopSide
[2018.11.08-15.48.03:895][833]LogFbx: Warning: Triangulating static mesh m_TopSide1
[2018.11.08-15.48.03:899][833]LogFbx: Warning: Triangulating static mesh m_TopSide2
[2018.11.08-15.48.03:904][833]LogFbx: Warning: Triangulating static mesh m_TopSide3
[2018.11.08-15.48.03:909][833]LogFbx: Warning: Triangulating static mesh m_Top
[2018.11.08-15.48.03:941][833]LogStaticMesh: Building static mesh SM_Bed...
[2018.11.08-15.48.04:059][833]LogStaticMesh: Built static mesh [0.12s] /Game/StaticMeshes/SM_Bed.SM_Bed
[2018.11.08-15.48.05:313][907]LogActorFactory: Actor Factory created SM_Bed
[2018.11.08-15.48.06:263][943]LogActorFactory: Actor Factory created SM_Bed
[2018.11.08-15.48.09:082][109]Cmd: TRANSACTION UNDO
[2018.11.08-15.48.09:082][109]LogEditorTransaction: Undo Create Actors
[2018.11.08-15.48.10:907][186]LogSlate: FSceneViewport::OnFocusLost() reason 0
[2018.11.08-15.48.12:673][217]LogSlate: Window 'Delete Assets' being destroyed
[2018.11.08-15.48.16:081][393]LogFactory: FactoryCreateFile: StaticMesh with FbxFactory (0 0 C:/Users/Aurora R4/Downloads/SM_Bed.fbx)
[2018.11.08-15.48.16:090][393]LogFbx: Loading FBX Scene from C:/Users/Aurora R4/Downloads/SM_Bed.fbx
[2018.11.08-15.48.16:107][393]LogFbx: FBX Scene Loaded Succesfully
[2018.11.08-15.48.20:619][393]LogSlate: Window 'FBX Import Options' being destroyed
[2018.11.08-15.48.20:675][393]LogFbx: Warning: Triangulating static mesh m_Post
[2018.11.08-15.48.20:692][393]LogFbx: Warning: Triangulating static mesh m_Post1
[2018.11.08-15.48.20:710][393]LogFbx: Warning: Triangulating static mesh m_Post2
[2018.11.08-15.48.20:731][393]LogFbx: Warning: Triangulating static mesh m_Post3
[2018.11.08-15.48.20:748][393]LogFbx: Warning: Triangulating static mesh m_PostTop
[2018.11.08-15.48.20:761][393]LogFbx: Warning: Triangulating static mesh m_PostTop1
[2018.11.08-15.48.20:773][393]LogFbx: Warning: Triangulating static mesh m_PostTop2
[2018.11.08-15.48.20:786][393]LogFbx: Warning: Triangulating static mesh m_PostTop3
[2018.11.08-15.48.20:798][393]LogFbx: Warning: Triangulating static mesh m_Base
[2018.11.08-15.48.20:810][393]LogFbx: Warning: Triangulating static mesh m_Footboard
[2018.11.08-15.48.20:812][393]LogFbx: Warning: Triangulating static mesh m_Headboard
[2018.11.08-15.48.20:814][393]LogFbx: Warning: Triangulating static mesh m_Headrest
[2018.11.08-15.48.20:817][393]LogFbx: Warning: Triangulating static mesh m_Matress
[2018.11.08-15.48.20:818][393]LogFbx: Warning: Triangulating static mesh m_Pillow
[2018.11.08-15.48.20:822][393]LogFbx: Warning: Triangulating static mesh m_Pillow1
[2018.11.08-15.48.20:826][393]LogFbx: Warning: Triangulating static mesh m_Pillow2
[2018.11.08-15.48.20:831][393]LogFbx: Warning: Triangulating static mesh m_Pillow3
[2018.11.08-15.48.20:835][393]LogFbx: Warning: Triangulating static mesh m_TopSide
[2018.11.08-15.48.20:840][393]LogFbx: Warning: Triangulating static mesh m_TopSide1
[2018.11.08-15.48.20:844][393]LogFbx: Warning: Triangulating static mesh m_TopSide2
[2018.11.08-15.48.20:849][393]LogFbx: Warning: Triangulating static mesh m_TopSide3
[2018.11.08-15.48.20:854][393]LogFbx: Warning: Triangulating static mesh m_Top
[2018.11.08-15.48.20:883][393]LogStaticMesh: Building static mesh SM_Bed...
[2018.11.08-15.48.20:998][393]LogStaticMesh: Built static mesh [0.12s] /Game/StaticMeshes/SM_Bed.SM_Bed
[2018.11.08-15.48.22:098][460]LogActorFactory: Actor Factory created SM_Bed
[2018.11.08-15.48.22:979][495]LogActorFactory: Actor Factory created SM_Bed
[2018.11.08-15.48.42:606][609]LogEditorViewport: Clicking on Actor (LMB): StaticMeshActor (SM_Bed)
[2018.11.08-15.49.10:708][203]LogSlate: FSceneViewport::OnFocusLost() reason 0
[2018.11.08-15.49.10:810][214]LogTemp: Repeating last play command: Selected Viewport
[2018.11.08-15.49.10:834][214]LogBlueprintUserMessages: Early PlayInEditor Detection: Level '/Game/Maps/CastleMap.CastleMap:PersistentLevel' has LevelScriptBlueprint '/Game/Maps/CastleMap.CastleMap:PersistentLevel.CastleMap' with GeneratedClass '/Game/Maps/CastleMap.CastleMap_C' with ClassGeneratedBy '/Game/Maps/CastleMap.CastleMap:PersistentLevel.CastleMap'
[2018.11.08-15.49.10:834][214]LogPlayLevel: PlayLevel: No blueprints needed recompiling
[2018.11.08-15.49.10:847][214]PIE: New page: PIE session: CastleMap (Nov 8, 2018, 5:49:10 AM)
[2018.11.08-15.49.10:847][214]LogPlayLevel: Creating play world package: /Game/Maps/UEDPIE_0_CastleMap
[2018.11.08-15.49.11:109][214]LogPlayLevel: PIE: StaticDuplicateObject took: (0.261370s)
[2018.11.08-15.49.11:110][214]LogAIModule: Creating AISystem for world CastleMap
[2018.11.08-15.49.11:110][214]LogPlayLevel: PIE: World Init took: (0.000937s)
[2018.11.08-15.49.11:111][214]LogPlayLevel: PIE: Created PIE world by copying editor world from /Game/Maps/CastleMap.CastleMap to /Game/Maps/UEDPIE_0_CastleMap.CastleMap (0.262667s)
[2018.11.08-15.49.11:146][214]LogInit: XAudio2 using 'Headset Earphone (Corsair VOID Wireless Gaming Dongle)' : 2 channels at 48 kHz using 16 bits per sample (channel mask 0x3)
[2018.11.08-15.49.11:157][214]LogInit: FAudioDevice initialized.
[2018.11.08-15.49.11:613][214]LogLoad: Game class is 'FirstPersonGameMode_C'
[2018.11.08-15.49.11:646][214]LogWorld: Bringing World /Game/Maps/UEDPIE_0_CastleMap.CastleMap up for play (max tick rate 0) at 2018.11.08-10.49.11
[2018.11.08-15.49.11:652][214]LogWorld: Bringing up level for play took: 0.037998
[2018.11.08-15.49.11:668][214]LogContentBrowser: Native class hierarchy updated for 'MovieSceneCapture' in 0.0003 seconds. Added 10 classes and 0 folders.
[2018.11.08-15.49.11:674][214]PIE: Play in editor start time for /Game/Maps/UEDPIE_0_CastleMap 0.557
[2018.11.08-15.49.11:674][214]LogBlueprintUserMessages: Late PlayInEditor Detection: Level '/Game/Maps/CastleMap.CastleMap:PersistentLevel' has LevelScriptBlueprint '/Game/Maps/CastleMap.CastleMap:PersistentLevel.CastleMap' with GeneratedClass '/Game/Maps/CastleMap.CastleMap_C' with ClassGeneratedBy '/Game/Maps/CastleMap.CastleMap:PersistentLevel.CastleMap'
[2018.11.08-15.49.28:513][599]LogBlueprintUserMessages: Early EndPlayMap Detection: Level '/Game/Maps/CastleMap.CastleMap:PersistentLevel' has LevelScriptBlueprint '/Game/Maps/CastleMap.CastleMap:PersistentLevel.CastleMap' with GeneratedClass '/Game/Maps/CastleMap.CastleMap_C' with ClassGeneratedBy '/Game/Maps/CastleMap.CastleMap:PersistentLevel.CastleMap'
[2018.11.08-15.49.28:513][599]LogSlate: Updating window title bar state: overlay mode, drag disabled, window buttons hidden, title bar hidden
[2018.11.08-15.49.28:578][599]LogPlayLevel: Display: Shutting down PIE online subsystems
[2018.11.08-15.49.28:579][599]LogBlueprintUserMessages: Late EndPlayMap Detection: Level '/Game/Maps/CastleMap.CastleMap:PersistentLevel' has LevelScriptBlueprint '/Game/Maps/CastleMap.CastleMap:PersistentLevel.CastleMap' with GeneratedClass '/Game/Maps/CastleMap.CastleMap_C' with ClassGeneratedBy '/Game/Maps/CastleMap.CastleMap:PersistentLevel.CastleMap'
[2018.11.08-15.49.28:608][599]LogSlate: Updating window title bar state: overlay mode, drag disabled, window buttons hidden, title bar hidden
[2018.11.08-15.49.28:655][600]LogPlayLevel: Display: Destroying online subsystem :Context_6
[2018.11.08-15.49.31:734][794]LogEditorViewport: Clicking on Actor (LMB): StaticMeshActor (SM_Bed)
[2018.11.08-15.49.33:398][894]Cmd: DELETE
[2018.11.08-15.49.33:398][894]Cmd: ACTOR DELETE
[2018.11.08-15.49.33:476][894]LogEditorActor: Deleted Actor: StaticMeshActor
[2018.11.08-15.49.33:496][894]LogEditorActor: Deleted 1 Actors (0.098 secs)
[2018.11.08-15.49.35:535][ 44]LogSlate: FSceneViewport::OnFocusLost() reason 0
[2018.11.08-15.49.38:365][ 50]LogSlate: Window 'Save Content' being destroyed
[2018.11.08-15.49.38:471][ 50]Cmd: OBJ SAVEPACKAGE PACKAGE="/Game/Maps/CastleMap" FILE="../../../../../GitHub/CastleRavenloft/CastleRavenloft/Content/Maps/CastleMap.umap" SILENT=true AUTOSAVING=false KEEPDIRTY=false
[2018.11.08-15.49.40:674][ 50]LogSavePackage: Moving '../../../../../GitHub/CastleRavenloft/CastleRavenloft/Saved/CastleMapF0DA7C9A4E2E32039F5071906509E266.tmp' to '../../../../../GitHub/CastleRavenloft/CastleRavenloft/Content/Maps/CastleMap.umap'
[2018.11.08-15.49.40:712][ 50]LogFileHelpers: Saving map 'CastleMap' took 2.326
[2018.11.08-15.49.40:731][ 50]Cmd: OBJ SAVEPACKAGE PACKAGE="/Game/StaticMeshes/SM_Bed" FILE="../../../../../GitHub/CastleRavenloft/CastleRavenloft/Content/StaticMeshes/SM_Bed.uasset" SILENT=true
[2018.11.08-15.49.40:748][ 50]LogSavePackage: Moving '../../../../../GitHub/CastleRavenloft/CastleRavenloft/Saved/SM_Bed8DDD41D74A114BCE667B7E85B22B395C.tmp' to '../../../../../GitHub/CastleRavenloft/CastleRavenloft/Content/StaticMeshes/SM_Bed.uasset'
[2018.11.08-15.49.40:838][ 50]LogSlate: Window 'CastleRavenloft - Unreal Editor' being destroyed
[2018.11.08-15.49.40:838][ 50]LogWindowsTextInputMethodSystem: Display: IME system now deactivated.
[2018.11.08-15.49.41:038][ 51]Cmd: QUIT_EDITOR
[2018.11.08-15.49.41:764][ 51]LogExit: Preparing to exit.
[2018.11.08-15.49.42:038][ 51]LogDirectoryWatcher: A directory notification failed for 'D:/GitHub/CastleRavenloft/CastleRavenloft/Content/', and we were unable to create a new request.
[2018.11.08-15.49.42:074][ 51]LogExit: Editor shut down
[2018.11.08-15.49.42:074][ 51]LogExit: Transaction tracking system shut down
[2018.11.08-15.49.42:414][ 51]LogExit: Object subsystem successfully closed.
[2018.11.08-15.49.42:437][ 51]LogShaderCompilers: Display: Shaders left to compile 0
[2018.11.08-15.49.42:441][ 51]LogD3D11RHI: Shutdown
[2018.11.08-15.49.42:441][ 51]LogD3D11RHI: CleanupD3DDevice
[2018.11.08-15.49.42:447][ 51]LogD3D11RHI: ~FD3D11DynamicRHI
[2018.11.08-15.49.42:459][ 51]LogModuleManager: Shutting down and abandoning module MovieSceneCapture (616)
[2018.11.08-15.49.42:459][ 51]LogModuleManager: Shutting down and abandoning module Voice (614)
[2018.11.08-15.49.42:459][ 51]LogModuleManager: Shutting down and abandoning module MeshBuilder (612)
[2018.11.08-15.49.42:459][ 51]LogModuleManager: Shutting down and abandoning module HierarchicalLODOutliner (610)
[2018.11.08-15.49.42:459][ 51]LogModuleManager: Shutting down and abandoning module SceneOutliner (608)
[2018.11.08-15.49.42:459][ 51]LogModuleManager: Shutting down and abandoning module AddContentDialog (606)
[2018.11.08-15.49.42:460][ 51]LogModuleManager: Shutting down and abandoning module WidgetCarousel (605)
[2018.11.08-15.49.42:460][ 51]LogModuleManager: Shutting down and abandoning module EditorWidgets (602)
[2018.11.08-15.49.42:460][ 51]LogModuleManager: Shutting down and abandoning module CollectionManager (600)
[2018.11.08-15.49.42:460][ 51]LogModuleManager: Shutting down and abandoning module StatsViewer (598)
[2018.11.08-15.49.42:460][ 51]LogModuleManager: Shutting down and abandoning module FoliageEdit (596)
[2018.11.08-15.49.42:460][ 51]LogModuleManager: Shutting down and abandoning module LandscapeEditor (594)
[2018.11.08-15.49.42:460][ 51]LogModuleManager: Shutting down and abandoning module MeshPaintMode (592)
[2018.11.08-15.49.42:460][ 51]LogModuleManager: Shutting down and abandoning module SceneDepthPickerMode (590)
[2018.11.08-15.49.42:460][ 51]LogModuleManager: Shutting down and abandoning module ActorPickerMode (588)
[2018.11.08-15.49.42:460][ 51]LogModuleManager: Shutting down and abandoning module GeometryMode (586)
[2018.11.08-15.49.42:460][ 51]LogModuleManager: Shutting down and abandoning module TextureAlignMode (584)
[2018.11.08-15.49.42:460][ 51]LogModuleManager: Shutting down and abandoning module BspMode (582)
[2018.11.08-15.49.42:460][ 51]LogModuleManager: Shutting down and abandoning module PIEPreviewDeviceProfileSelector (580)
[2018.11.08-15.49.42:460][ 51]LogModuleManager: Shutting down and abandoning module SequenceRecorderSections (578)
[2018.11.08-15.49.42:461][ 51]LogModuleManager: Shutting down and abandoning module AutomationWorker (576)
[2018.11.08-15.49.42:461][ 51]LogModuleManager: Shutting down and abandoning module AudioCaptureEditor (574)
[2018.11.08-15.49.42:461][ 51]LogModuleManager: Shutting down and abandoning module SequenceRecorder (573)
[2018.11.08-15.49.42:461][ 51]LogModuleManager: Shutting down and abandoning module MatineeToLevelSequence (570)
[2018.11.08-15.49.42:461][ 51]LogModuleManager: Shutting down and abandoning module LevelSequenceEditor (568)
[2018.11.08-15.49.42:461][ 51]LogModuleManager: Shutting down and abandoning module PlacementMode (567)
[2018.11.08-15.49.42:461][ 51]LogModuleManager: Shutting down and abandoning module MaterialEditor (566)
[2018.11.08-15.49.42:461][ 51]LogModuleManager: Shutting down and abandoning module WmfMediaFactory (562)
[2018.11.08-15.49.42:461][ 51]LogModuleManager: Shutting down and abandoning module WmfMediaEditor (560)
[2018.11.08-15.49.42:461][ 51]LogModuleManager: Shutting down and abandoning module MediaPlayerEditor (558)
[2018.11.08-15.49.42:461][ 51]LogModuleManager: Shutting down and abandoning module OpenExrWrapper (556)
[2018.11.08-15.49.42:461][ 51]LogModuleManager: Shutting down and abandoning module ImgMediaFactory (554)
[2018.11.08-15.49.42:461][ 51]LogModuleManager: Shutting down and abandoning module ImgMediaEditor (552)
[2018.11.08-15.49.42:461][ 51]LogModuleManager: Shutting down and abandoning module AvfMediaFactory (550)
[2018.11.08-15.49.42:461][ 51]LogModuleManager: Shutting down and abandoning module AvfMediaEditor (548)
[2018.11.08-15.49.42:461][ 51]LogModuleManager: Shutting down and abandoning module AndroidMediaFactory (546)
[2018.11.08-15.49.42:461][ 51]LogModuleManager: Shutting down and abandoning module AndroidMediaEditor (544)
[2018.11.08-15.49.42:461][ 51]LogModuleManager: Shutting down and abandoning module MagicLeapCameraPreviewFactory (542)
[2018.11.08-15.49.42:461][ 51]LogModuleManager: Shutting down and abandoning module MagicLeapMediaFactory (540)
[2018.11.08-15.49.42:461][ 51]LogModuleManager: Shutting down and abandoning module MagicLeapMediaEditor (538)
[2018.11.08-15.49.42:461][ 51]LogModuleManager: Shutting down and abandoning module CharacterAI (536)
[2018.11.08-15.49.42:461][ 51]LogModuleManager: Shutting down and abandoning module SmartSnapping (534)
[2018.11.08-15.49.42:461][ 51]LogModuleManager: Shutting down and abandoning module SessionServices (532)
[2018.11.08-15.49.42:461][ 51]LogModuleManager: Shutting down and abandoning module ViewportSnapping (530)
[2018.11.08-15.49.42:461][ 51]LogModuleManager: Shutting down and abandoning module ViewportInteraction (528)
[2018.11.08-15.49.42:461][ 51]LogModuleManager: Shutting down and abandoning module ClothPainter (526)
[2018.11.08-15.49.42:461][ 51]LogModuleManager: Shutting down and abandoning module SkeletalMeshEditor (525)
[2018.11.08-15.49.42:461][ 51]LogModuleManager: Shutting down and abandoning module LogVisualizer (522)
[2018.11.08-15.49.42:461][ 51]LogModuleManager: Shutting down and abandoning module IntroTutorials (520)
[2018.11.08-15.49.42:462][ 51]LogModuleManager: Shutting down and abandoning module GameProjectGeneration (519)
[2018.11.08-15.49.42:462][ 51]LogModuleManager: Shutting down and abandoning module LuminPlatformEditor (516)
[2018.11.08-15.49.42:462][ 51]LogModuleManager: Shutting down and abandoning module IOSPlatformEditor (514)
[2018.11.08-15.49.42:462][ 51]LogModuleManager: Shutting down and abandoning module HTML5PlatformEditor (512)
[2018.11.08-15.49.42:462][ 51]LogModuleManager: Shutting down and abandoning module AndroidPlatformEditor (510)
[2018.11.08-15.49.42:462][ 51]LogModuleManager: Shutting down and abandoning module AndroidDeviceDetection (509)
[2018.11.08-15.49.42:743][ 51]LogModuleManager: Shutting down and abandoning module WindowsPlatformEditor (506)
[2018.11.08-15.49.42:743][ 51]LogModuleManager: Shutting down and abandoning module LuminRuntimeSettings (504)
[2018.11.08-15.49.42:743][ 51]LogModuleManager: Shutting down and abandoning module IOSRuntimeSettings (502)
[2018.11.08-15.49.42:743][ 51]LogModuleManager: Shutting down and abandoning module AndroidRuntimeSettings (500)
[2018.11.08-15.49.42:743][ 51]LogModuleManager: Shutting down and abandoning module InputBindingEditor (498)
[2018.11.08-15.49.42:744][ 51]LogModuleManager: Shutting down and abandoning module MergeActors (496)
[2018.11.08-15.49.42:744][ 51]LogModuleManager: Shutting down and abandoning module LocalizationDashboard (494)
[2018.11.08-15.49.42:744][ 51]LogModuleManager: Shutting down and abandoning module LocalizationService (493)
[2018.11.08-15.49.42:744][ 51]LogModuleManager: Shutting down and abandoning module HardwareTargeting (490)
[2018.11.08-15.49.42:744][ 51]LogModuleManager: Shutting down and abandoning module DeviceProfileEditor (488)
[2018.11.08-15.49.42:744][ 51]LogModuleManager: Shutting down and abandoning module UndoHistory (486)
[2018.11.08-15.49.42:744][ 51]LogModuleManager: Shutting down and abandoning module XmlParser (484)
[2018.11.08-15.49.42:744][ 51]LogModuleManager: Shutting down and abandoning module Blutility (482)
[2018.11.08-15.49.42:744][ 51]LogModuleManager: Shutting down and abandoning module ProjectSettingsViewer (480)
[2018.11.08-15.49.42:744][ 51]LogModuleManager: Shutting down and abandoning module ProjectTargetPlatformEditor (479)
[2018.11.08-15.49.42:744][ 51]LogModuleManager: Shutting down and abandoning module EditorSettingsViewer (476)
[2018.11.08-15.49.42:744][ 51]LogModuleManager: Shutting down and abandoning module SettingsEditor (474)
[2018.11.08-15.49.42:744][ 51]LogModuleManager: Shutting down and abandoning module ProjectLauncher (472)
[2018.11.08-15.49.42:744][ 51]LogModuleManager: Shutting down and abandoning module SessionFrontend (470)
[2018.11.08-15.49.42:744][ 51]LogModuleManager: Shutting down and abandoning module ProfilerClient (468)
[2018.11.08-15.49.42:744][ 51]LogModuleManager: Shutting down and abandoning module DeviceManager (466)
[2018.11.08-15.49.42:744][ 51]LogModuleManager: Shutting down and abandoning module TargetDeviceServices (465)
[2018.11.08-15.49.42:798][ 51]LogModuleManager: Shutting down and abandoning module AutomationController (462)
[2018.11.08-15.49.42:798][ 51]LogModuleManager: Shutting down and abandoning module AutomationWindow (460)
[2018.11.08-15.49.42:798][ 51]LogModuleManager: Shutting down and abandoning module Layers (458)
[2018.11.08-15.49.42:798][ 51]LogModuleManager: Shutting down and abandoning module ComponentVisualizers (456)
[2018.11.08-15.49.42:798][ 51]LogModuleManager: Shutting down and abandoning module DetailCustomizations (454)
[2018.11.08-15.49.42:798][ 51]LogModuleManager: Shutting down and abandoning module PackagesDialog (452)
[2018.11.08-15.49.42:798][ 51]LogModuleManager: Shutting down and abandoning module Persona (450)
[2018.11.08-15.49.42:798][ 51]LogModuleManager: Shutting down and abandoning module AdvancedPreviewScene (449)
[2018.11.08-15.49.42:798][ 51]LogModuleManager: Shutting down and abandoning module AnimGraph (447)
[2018.11.08-15.49.42:798][ 51]LogModuleManager: Shutting down and abandoning module Kismet (444)
[2018.11.08-15.49.42:799][ 51]LogModuleManager: Shutting down and abandoning module GraphEditor (442)
[2018.11.08-15.49.42:799][ 51]LogModuleManager: Shutting down and abandoning module ClassViewer (440)
[2018.11.08-15.49.42:799][ 51]LogModuleManager: Shutting down and abandoning module Toolbox (438)
[2018.11.08-15.49.42:799][ 51]LogModuleManager: Shutting down and abandoning module ModuleUI (436)
[2018.11.08-15.49.42:799][ 51]LogModuleManager: Shutting down and abandoning module MovieSceneTools (434)
[2018.11.08-15.49.42:799][ 51]LogModuleManager: Shutting down and abandoning module OutputLog (432)
[2018.11.08-15.49.42:799][ 51]LogModuleManager: Shutting down and abandoning module GammaUI (430)
[2018.11.08-15.49.42:799][ 51]LogModuleManager: Shutting down and abandoning module Documentation (428)
[2018.11.08-15.49.42:799][ 51]LogModuleManager: Shutting down and abandoning module MovieSceneTracks (426)
[2018.11.08-15.49.42:799][ 51]LogModuleManager: Shutting down and abandoning module MovieScene (424)
[2018.11.08-15.49.42:799][ 51]LogModuleManager: Shutting down and abandoning module StreamingPauseRendering (422)
[2018.11.08-15.49.42:799][ 51]LogModuleManager: Shutting down and abandoning module LauncherPlatform (420)
[2018.11.08-15.49.42:799][ 51]LogModuleManager: Shutting down and abandoning module AnalyticsET (418)
[2018.11.08-15.49.42:799][ 51]LogModuleManager: Shutting down and abandoning module PortalServices (416)
[2018.11.08-15.49.42:799][ 51]LogModuleManager: Shutting down and abandoning module PortalRpc (414)
[2018.11.08-15.49.42:799][ 51]LogModuleManager: Shutting down and abandoning module MessagingRpc (412)
[2018.11.08-15.49.42:799][ 51]LogModuleManager: Shutting down and abandoning module AIModule (410)
[2018.11.08-15.49.42:799][ 51]LogModuleManager: Shutting down and abandoning module GameplayDebugger (409)
[2018.11.08-15.49.42:799][ 51]LogModuleManager: Shutting down and abandoning module AITestSuite (407)
[2018.11.08-15.49.42:799][ 51]LogModuleManager: Shutting down and abandoning module NavigationSystem (405)
[2018.11.08-15.49.42:799][ 51]LogModuleManager: Shutting down and abandoning module DesktopPlatform (402)
[2018.11.08-15.49.42:799][ 51]LogModuleManager: Shutting down and abandoning module ProfilerService (400)
[2018.11.08-15.49.42:864][ 51]LogModuleManager: Shutting down and abandoning module TaskGraph (398)
[2018.11.08-15.49.42:864][ 51]LogModuleManager: Shutting down and abandoning module SteamVRController (396)
[2018.11.08-15.49.42:864][ 51]LogModuleManager: Shutting down and abandoning module ProceduralMeshComponentEditor (394)
[2018.11.08-15.49.42:864][ 51]LogModuleManager: Shutting down and abandoning module ProceduralMeshComponent (392)
[2018.11.08-15.49.42:864][ 51]LogModuleManager: Shutting down and abandoning module OculusInput (390)
[2018.11.08-15.49.42:865][ 51]LogModuleManager: Shutting down and abandoning module MobilePatchingUtils (388)
[2018.11.08-15.49.42:865][ 51]LogModuleManager: Shutting down and abandoning module EditableMesh (386)
[2018.11.08-15.49.42:865][ 51]LogModuleManager: Shutting down and abandoning module CustomMeshComponent (384)
[2018.11.08-15.49.42:865][ 51]LogModuleManager: Shutting down and abandoning module CableComponent (382)
[2018.11.08-15.49.42:865][ 51]LogModuleManager: Shutting down and abandoning module AudioCapture (380)
[2018.11.08-15.49.42:865][ 51]LogModuleManager: Shutting down and abandoning module ArchVisCharacter (378)
[2018.11.08-15.49.42:865][ 51]LogModuleManager: Shutting down and abandoning module AndroidPermission (376)
[2018.11.08-15.49.42:865][ 51]LogModuleManager: Shutting down and abandoning module NUTUnrealEngine4 (374)
[2018.11.08-15.49.42:865][ 51]LogModuleManager: Shutting down and abandoning module NetcodeUnitTest (372)
[2018.11.08-15.49.42:865][ 51]LogModuleManager: Shutting down and abandoning module MediaCompositingEditor (370)
[2018.11.08-15.49.42:865][ 51]LogModuleManager: Shutting down and abandoning module MediaCompositing (368)
[2018.11.08-15.49.42:865][ 51]LogModuleManager: Shutting down and abandoning module LinearTimecode (366)
[2018.11.08-15.49.42:865][ 51]LogModuleManager: Shutting down and abandoning module ImgMedia (364)
[2018.11.08-15.49.42:868][ 51]LogModuleManager: Shutting down and abandoning module HTML5Networking (362)
[2018.11.08-15.49.42:868][ 51]LogModuleManager: Shutting down and abandoning module GeometryCacheTracks (360)
[2018.11.08-15.49.42:868][ 51]LogModuleManager: Shutting down and abandoning module GeometryCacheSequencer (358)
[2018.11.08-15.49.42:868][ 51]LogModuleManager: Shutting down and abandoning module BackChannel (356)
[2018.11.08-15.49.42:868][ 51]LogModuleManager: Shutting down and abandoning module AppleVision (354)
[2018.11.08-15.49.42:868][ 51]LogModuleManager: Shutting down and abandoning module AppleImageUtils (352)
[2018.11.08-15.49.42:868][ 51]LogModuleManager: Shutting down and abandoning module AlembicImporter (350)
[2018.11.08-15.49.42:868][ 51]LogModuleManager: Shutting down and abandoning module AlembicLibrary (349)
[2018.11.08-15.49.42:868][ 51]LogModuleManager: Shutting down and abandoning module GeometryCache (348)
[2018.11.08-15.49.42:868][ 51]LogModuleManager: Shutting down and abandoning module GeometryCacheEd (347)
[2018.11.08-15.49.42:868][ 51]LogModuleManager: Shutting down and abandoning module DatasmithContentEditor (342)
[2018.11.08-15.49.42:868][ 51]LogModuleManager: Shutting down and abandoning module DatasmithContent (340)
[2018.11.08-15.49.42:868][ 51]LogModuleManager: Shutting down and abandoning module SpeedTreeImporter (338)
[2018.11.08-15.49.42:868][ 51]LogModuleManager: Shutting down and abandoning module PluginBrowser (336)
[2018.11.08-15.49.42:868][ 51]LogModuleManager: Shutting down and abandoning module MobileLauncherProfileWizard (334)
[2018.11.08-15.49.42:868][ 51]LogModuleManager: Shutting down and abandoning module PolygonModeling (332)
[2018.11.08-15.49.42:868][ 51]LogModuleManager: Shutting down and abandoning module MeshEditor (330)
[2018.11.08-15.49.42:868][ 51]LogModuleManager: Shutting down and abandoning module CryptoKeysOpenSSL (328)
[2018.11.08-15.49.42:868][ 51]LogModuleManager: Shutting down and abandoning module CryptoKeys (326)
[2018.11.08-15.49.42:868][ 51]LogModuleManager: Shutting down and abandoning module VisualStudioSourceCodeAccess (324)
[2018.11.08-15.49.42:869][ 51]LogModuleManager: Shutting down and abandoning module VisualStudioCodeSourceCodeAccess (322)
[2018.11.08-15.49.42:869][ 51]LogModuleManager: Shutting down and abandoning module UObjectPlugin (320)
[2018.11.08-15.49.42:869][ 51]LogModuleManager: Shutting down and abandoning module SubversionSourceControl (318)
[2018.11.08-15.49.42:869][ 51]LogModuleManager: Shutting down and abandoning module PerforceSourceControl (316)
[2018.11.08-15.49.42:869][ 51]LogModuleManager: Shutting down and abandoning module GitSourceControl (314)
[2018.11.08-15.49.42:869][ 51]LogModuleManager: Shutting down and abandoning module SourceControl (313)
[2018.11.08-15.49.42:869][ 51]LogModuleManager: Shutting down and abandoning module CLionSourceCodeAccess (310)
[2018.11.08-15.49.42:869][ 51]LogModuleManager: Shutting down and abandoning module LightPropagationVolumeEditor (308)
[2018.11.08-15.49.42:869][ 51]LogModuleManager: Shutting down and abandoning module PaperTiledImporter (306)
[2018.11.08-15.49.42:869][ 51]LogModuleManager: Shutting down and abandoning module PaperSpriteSheetImporter (304)
[2018.11.08-15.49.42:869][ 51]LogModuleManager: Shutting down and abandoning module Paper2DEditor (302)
[2018.11.08-15.49.42:869][ 51]LogModuleManager: Shutting down and abandoning module MeshPaint (301)
[2018.11.08-15.49.42:869][ 51]LogModuleManager: Shutting down and abandoning module RuntimePhysXCooking (298)
[2018.11.08-15.49.42:869][ 51]LogModuleManager: Shutting down and abandoning module PhysXVehiclesEditor (296)
[2018.11.08-15.49.42:869][ 51]LogModuleManager: Shutting down and abandoning module PhysXVehicles (294)
[2018.11.08-15.49.42:869][ 51]LogModuleManager: Shutting down and abandoning module OculusEditor (292)
[2018.11.08-15.49.42:869][ 51]LogModuleManager: Shutting down and abandoning module LocationServicesBPLibrary (290)
[2018.11.08-15.49.42:869][ 51]LogModuleManager: Shutting down and abandoning module ImmediatePhysicsEditor (288)
[2018.11.08-15.49.42:869][ 51]LogModuleManager: Shutting down and abandoning module ImmediatePhysics (286)
[2018.11.08-15.49.42:869][ 51]LogModuleManager: Shutting down and abandoning module ActorSequence (284)
[2018.11.08-15.49.42:869][ 51]LogModuleManager: Shutting down and abandoning module UdpMessaging (282)
[2018.11.08-15.49.42:969][ 51]LogModuleManager: Shutting down and abandoning module TcpMessaging (280)
[2018.11.08-15.49.43:070][ 51]LogModuleManager: Shutting down and abandoning module MagicLeapAudio (278)
[2018.11.08-15.49.43:070][ 51]LogModuleManager: Shutting down and abandoning module GameplayTagsEditor (276)
[2018.11.08-15.49.43:070][ 51]LogModuleManager: Shutting down and abandoning module FacialAnimationEditor (274)
[2018.11.08-15.49.43:070][ 51]LogModuleManager: Shutting down and abandoning module FacialAnimation (272)
[2018.11.08-15.49.43:070][ 51]LogModuleManager: Shutting down and abandoning module DataValidation (270)
[2018.11.08-15.49.43:070][ 51]LogModuleManager: Shutting down and abandoning module AssetManagerEditor (268)
[2018.11.08-15.49.43:070][ 51]LogModuleManager: Shutting down and abandoning module LevelEditor (267)
[2018.11.08-15.49.43:071][ 51]LogModuleManager: Shutting down and abandoning module PixelInspectorModule (266)
[2018.11.08-15.49.43:071][ 51]LogModuleManager: Shutting down and abandoning module CommonMenuExtensions (264)
[2018.11.08-15.49.43:071][ 51]LogModuleManager: Shutting down and abandoning module MainFrame (262)
[2018.11.08-15.49.43:071][ 51]LogModuleManager: Shutting down and abandoning module HotReload (261)
[2018.11.08-15.49.43:071][ 51]LogModuleManager: Shutting down and abandoning module ContentBrowser (257)
[2018.11.08-15.49.43:072][ 51]LogModuleManager: Shutting down and abandoning module TreeMap (255)
[2018.11.08-15.49.43:072][ 51]LogModuleManager: Shutting down and abandoning module LightPropagationVolumeRuntime (252)
[2018.11.08-15.49.43:072][ 51]LogModuleManager: Shutting down and abandoning module AISupportModule (250)
[2018.11.08-15.49.43:072][ 51]LogModuleManager: Shutting down and abandoning module Paper2D (248)
[2018.11.08-15.49.43:072][ 51]LogModuleManager: Shutting down and abandoning module WindowsMoviePlayer (246)
[2018.11.08-15.49.43:072][ 51]LogModuleManager: Shutting down and abandoning module WmfMedia (244)
[2018.11.08-15.49.43:075][ 51]LogModuleManager: Shutting down and abandoning module Media (243)
[2018.11.08-15.49.43:081][ 51]LogModuleManager: Shutting down and abandoning module PacketHandler (240)
[2018.11.08-15.49.43:081][ 51]LogModuleManager: Shutting down and abandoning module ClothingSystemEditor (238)
[2018.11.08-15.49.43:081][ 51]LogModuleManager: Shutting down and abandoning module ClothingSystemRuntime (236)
[2018.11.08-15.49.43:081][ 51]LogModuleManager: Shutting down and abandoning module MediaAssets (234)
[2018.11.08-15.49.43:081][ 51]LogModuleManager: Shutting down and abandoning module Overlay (232)
[2018.11.08-15.49.43:081][ 51]LogModuleManager: Shutting down and abandoning module OverlayEditor (231)
[2018.11.08-15.49.43:081][ 51]LogModuleManager: Shutting down and abandoning module VREditor (228)
[2018.11.08-15.49.43:081][ 51]LogModuleManager: Shutting down and abandoning module StringTableEditor (226)
[2018.11.08-15.49.43:082][ 51]LogModuleManager: Shutting down and abandoning module GameplayTasksEditor (224)
[2018.11.08-15.49.43:082][ 51]LogModuleManager: Shutting down and abandoning module BehaviorTreeEditor (222)
[2018.11.08-15.49.43:082][ 51]LogModuleManager: Shutting down and abandoning module FunctionalTesting (220)
[2018.11.08-15.49.43:082][ 51]LogModuleManager: Shutting down and abandoning module CollisionAnalyzer (218)
[2018.11.08-15.49.43:082][ 51]LogModuleManager: Shutting down and abandoning module WorkspaceMenuStructure (217)
[2018.11.08-15.49.43:082][ 51]LogModuleManager: Shutting down and abandoning module UMG (214)
[2018.11.08-15.49.43:082][ 51]LogModuleManager: Shutting down and abandoning module UMGEditor (213)
[2018.11.08-15.49.43:082][ 51]LogModuleManager: Shutting down and abandoning module Sequencer (212)
[2018.11.08-15.49.43:082][ 51]LogModuleManager: Shutting down and abandoning module MessageLog (209)
[2018.11.08-15.49.43:082][ 51]LogModuleManager: Shutting down and abandoning module SlateReflector (204)
[2018.11.08-15.49.43:082][ 51]LogModuleManager: Shutting down and abandoning module Slate (202)
[2018.11.08-15.49.43:082][ 51]LogModuleManager: Shutting down and abandoning module EditorStyle (200)
[2018.11.08-15.49.43:084][ 51]LogModuleManager: Shutting down and abandoning module MRMesh (198)
[2018.11.08-15.49.43:084][ 51]LogModuleManager: Shutting down and abandoning module SourceCodeAccess (196)
[2018.11.08-15.49.43:084][ 51]LogModuleManager: Shutting down and abandoning module HeadMountedDisplay (194)
[2018.11.08-15.49.43:084][ 51]LogModuleManager: Shutting down and abandoning module XAudio2 (192)
[2018.11.08-15.49.43:084][ 51]LogModuleManager: Shutting down and abandoning module Networking (190)
[2018.11.08-15.49.43:084][ 51]LogModuleManager: Shutting down and abandoning module Core (188)
[2018.11.08-15.49.43:084][ 51]LogModuleManager: Shutting down and abandoning module LevelSequence (186)
[2018.11.08-15.49.43:084][ 51]LogModuleManager: Shutting down and abandoning module KismetCompiler (184)
[2018.11.08-15.49.43:084][ 51]LogModuleManager: Shutting down and abandoning module MeshUtilities (182)
[2018.11.08-15.49.43:084][ 51]LogModuleManager: Shutting down and abandoning module MeshMergeUtilities (181)
[2018.11.08-15.49.43:084][ 51]LogModuleManager: Shutting down and abandoning module MeshReductionInterface (180)
[2018.11.08-15.49.43:084][ 51]LogModuleManager: Shutting down and abandoning module SimplygonSwarm (179)
[2018.11.08-15.49.43:084][ 51]LogModuleManager: Shutting down and abandoning module ProxyLODMeshReduction (177)
[2018.11.08-15.49.43:084][ 51]LogModuleManager: Shutting down and abandoning module SimplygonMeshReduction (175)
[2018.11.08-15.49.43:084][ 51]LogModuleManager: Shutting down and abandoning module QuadricMeshReduction (173)
[2018.11.08-15.49.43:084][ 51]LogModuleManager: Shutting down and abandoning module MaterialBaking (169)
[2018.11.08-15.49.43:084][ 51]LogModuleManager: Shutting down and abandoning module DirectoryWatcher (165)
[2018.11.08-15.49.43:084][ 51]LogModuleManager: Shutting down and abandoning module DerivedDataCache (162)
[2018.11.08-15.49.43:128][ 51]LogDerivedDataCache: Shutdown
[2018.11.08-15.49.43:128][ 51]LogModuleManager: Shutting down and abandoning module XGEController (160)
[2018.11.08-15.49.43:128][ 51]LogXGEController: Cleaning working directory: C:/Users/Aurora R4/AppData/Local/Temp/UnrealXGEWorkingDir/
[2018.11.08-15.49.43:129][ 51]LogModuleManager: Shutting down and abandoning module TargetPlatform (158)
[2018.11.08-15.49.43:129][ 51]LogModuleManager: Shutting down and abandoning module VulkanShaderFormat (157)
[2018.11.08-15.49.43:129][ 51]LogModuleManager: Shutting down and abandoning module ShaderFormatVectorVM (155)
[2018.11.08-15.49.43:129][ 51]LogModuleManager: Shutting down and abandoning module ShaderFormatOpenGL (153)
[2018.11.08-15.49.43:129][ 51]LogModuleManager: Shutting down and abandoning module ShaderFormatD3D (151)
[2018.11.08-15.49.43:129][ 51]LogModuleManager: Shutting down and abandoning module MetalShaderFormat (149)
[2018.11.08-15.49.43:129][ 51]LogModuleManager: Shutting down and abandoning module TextureFormatUncompressed (147)
[2018.11.08-15.49.43:129][ 51]LogModuleManager: Shutting down and abandoning module TextureFormatPVR (145)
[2018.11.08-15.49.43:129][ 51]LogModuleManager: Shutting down and abandoning module TextureFormatDXT (143)
[2018.11.08-15.49.43:129][ 51]LogModuleManager: Shutting down and abandoning module TextureFormatIntelISPCTexComp (141)
[2018.11.08-15.49.43:129][ 51]LogModuleManager: Shutting down and abandoning module TextureFormatASTC (139)
[2018.11.08-15.49.43:129][ 51]LogModuleManager: Shutting down and abandoning module ImageWrapper (138)
[2018.11.08-15.49.43:129][ 51]LogModuleManager: Shutting down and abandoning module TextureFormatAndroid (135)
[2018.11.08-15.49.43:129][ 51]LogModuleManager: Shutting down and abandoning module AudioFormatOpus (133)
[2018.11.08-15.49.43:129][ 51]LogModuleManager: Shutting down and abandoning module AudioFormatOgg (131)
[2018.11.08-15.49.43:129][ 51]LogModuleManager: Shutting down and abandoning module AudioFormatADPCM (129)
[2018.11.08-15.49.43:129][ 51]LogModuleManager: Shutting down and abandoning module LuminTargetPlatform (127)
[2018.11.08-15.49.43:129][ 51]LogModuleManager: Shutting down and abandoning module LinuxTargetPlatform (125)
[2018.11.08-15.49.43:129][ 51]LogModuleManager: Shutting down and abandoning module LinuxServerTargetPlatform (123)
[2018.11.08-15.49.43:129][ 51]LogModuleManager: Shutting down and abandoning module LinuxNoEditorTargetPlatform (121)
[2018.11.08-15.49.43:129][ 51]LogModuleManager: Shutting down and abandoning module LinuxClientTargetPlatform (119)
[2018.11.08-15.49.43:129][ 51]LogModuleManager: Shutting down and abandoning module TVOSTargetPlatform (117)
[2018.11.08-15.49.43:130][ 51]LogModuleManager: Shutting down and abandoning module Messaging (115)
[2018.11.08-15.49.43:130][ 51]LogModuleManager: Shutting down and abandoning module IOSTargetPlatform (113)
[2018.11.08-15.49.43:131][ 51]LogModuleManager: Shutting down and abandoning module HTML5TargetPlatform (111)
[2018.11.08-15.49.43:131][ 51]LogModuleManager: Shutting down and abandoning module AndroidTargetPlatform (109)
[2018.11.08-15.49.43:136][ 51]LogModuleManager: Shutting down and abandoning module WindowsTargetPlatform (107)
[2018.11.08-15.49.43:136][ 51]LogModuleManager: Shutting down and abandoning module WindowsServerTargetPlatform (105)
[2018.11.08-15.49.43:137][ 51]LogModuleManager: Shutting down and abandoning module WindowsNoEditorTargetPlatform (103)
[2018.11.08-15.49.43:137][ 51]LogModuleManager: Shutting down and abandoning module WindowsClientTargetPlatform (101)
[2018.11.08-15.49.43:137][ 51]LogModuleManager: Shutting down and abandoning module MacTargetPlatform (99)
[2018.11.08-15.49.43:137][ 51]LogModuleManager: Shutting down and abandoning module MacServerTargetPlatform (97)
[2018.11.08-15.49.43:137][ 51]LogModuleManager: Shutting down and abandoning module MacNoEditorTargetPlatform (95)
[2018.11.08-15.49.43:137][ 51]LogModuleManager: Shutting down and abandoning module MacClientTargetPlatform (93)
[2018.11.08-15.49.43:137][ 51]LogModuleManager: Shutting down and abandoning module AllDesktopTargetPlatform (91)
[2018.11.08-15.49.43:137][ 51]LogModuleManager: Shutting down and abandoning module InputCore (88)
[2018.11.08-15.49.43:137][ 51]LogModuleManager: Shutting down and abandoning module Settings (86)
[2018.11.08-15.49.43:137][ 51]LogModuleManager: Shutting down and abandoning module PhysXCooking (84)
[2018.11.08-15.49.43:137][ 51]LogModuleManager: Shutting down and abandoning module SteamVR (82)
[2018.11.08-15.49.43:137][ 51]LogModuleManager: Shutting down and abandoning module OculusHMD (80)
[2018.11.08-15.49.43:137][ 51]LogModuleManager: Shutting down and abandoning module ExampleDeviceProfileSelector (78)
[2018.11.08-15.49.43:137][ 51]LogModuleManager: Shutting down and abandoning module LauncherChunkInstaller (76)
[2018.11.08-15.49.43:137][ 51]LogModuleManager: Shutting down and abandoning module OnlineBlueprintSupport (74)
[2018.11.08-15.49.43:137][ 51]LogModuleManager: Shutting down and abandoning module OnlineSubsystem (70)
[2018.11.08-15.49.43:138][ 51]LogModuleManager: Shutting down and abandoning module XMPP (65)
[2018.11.08-15.49.43:138][ 51]LogModuleManager: Shutting down and abandoning module WebSockets (64)
[2018.11.08-15.49.43:168][ 51]LogModuleManager: Shutting down and abandoning module HTTP (61)
[2018.11.08-15.49.43:168][ 51]LogHttp: Display: Http module shutting down, but needs to wait on 1 outstanding Http requests:
[2018.11.08-15.49.43:168][ 51]LogHttp: Display: 	verb=[POST] url=[https://datarouter.ol.epicgames.com/datarouter/api/v1/public/data?SessionID=%7B4A13CEFB-403A-9B5B-EDC0-B3A03B5358A2%7D&AppID=UEEditor.Rocket.Release&AppVersion=4.20.3-4369336%2B%2B%2BUE4%2BRelease-4.20&UserID=3390e48f42edcfc399dbc0aac3562c11%7Cd8e41813bb5c4e62b4ce07fe080dc9e0%7C72d11875-506a-4c23-b636-6aa1269d9b41&AppEnvironment=datacollector-binary&UploadType=eteventstream] status=Processing
[2018.11.08-15.49.43:187][ 51]LogModuleManager: Shutting down and abandoning module SSL (60)
[2018.11.08-15.49.43:189][ 51]LogModuleManager: Shutting down and abandoning module MagicLeapEmulator (56)
[2018.11.08-15.49.43:189][ 51]LogModuleManager: Shutting down and abandoning module MagicLeapPrivileges (54)
[2018.11.08-15.49.43:189][ 51]LogModuleManager: Shutting down and abandoning module MagicLeapIdentity (52)
[2018.11.08-15.49.43:189][ 51]LogModuleManager: Shutting down and abandoning module MagicLeapHelperVulkan (50)
[2018.11.08-15.49.43:189][ 51]LogModuleManager: Shutting down and abandoning module MagicLeapHelperOpenGL (48)
[2018.11.08-15.49.43:189][ 51]LogModuleManager: Shutting down and abandoning module MagicLeapSecureStorage (46)
[2018.11.08-15.49.43:189][ 51]LogModuleManager: Shutting down and abandoning module MagicLeapGestures (44)
[2018.11.08-15.49.43:189][ 51]LogModuleManager: Shutting down and abandoning module MagicLeapEyeTracker (42)
[2018.11.08-15.49.43:189][ 51]LogModuleManager: Shutting down and abandoning module MagicLeapController (40)
[2018.11.08-15.49.43:189][ 51]LogSlate: Slate User Destroyed.  User Index 0, Is Virtual User: 0
[2018.11.08-15.49.43:189][ 51]LogModuleManager: Shutting down and abandoning module MagicLeap (38)
[2018.11.08-15.49.43:189][ 51]LogModuleManager: Shutting down and abandoning module AnimationModifiers (36)
[2018.11.08-15.49.43:189][ 51]LogModuleManager: Shutting down and abandoning module PropertyEditor (35)
[2018.11.08-15.49.43:189][ 51]LogModuleManager: Shutting down and abandoning module AudioEditor (32)
[2018.11.08-15.49.43:189][ 51]LogModuleManager: Shutting down and abandoning module TextureCompressor (30)
[2018.11.08-15.49.43:189][ 51]LogModuleManager: Shutting down and abandoning module ShaderCore (28)
[2018.11.08-15.49.43:189][ 51]LogModuleManager: Shutting down and abandoning module Landscape (26)
[2018.11.08-15.49.43:189][ 51]LogModuleManager: Shutting down and abandoning module SlateRHIRenderer (24)
[2018.11.08-15.49.43:190][ 51]LogModuleManager: Shutting down and abandoning module OpenGLDrv (22)
[2018.11.08-15.49.43:190][ 51]LogModuleManager: Shutting down and abandoning module D3D11RHI (20)
[2018.11.08-15.49.43:190][ 51]LogModuleManager: Shutting down and abandoning module AnimGraphRuntime (18)
[2018.11.08-15.49.43:190][ 51]LogModuleManager: Shutting down and abandoning module Renderer (16)
[2018.11.08-15.49.43:190][ 51]LogModuleManager: Shutting down and abandoning module Engine (14)
[2018.11.08-15.49.43:190][ 51]LogModuleManager: Shutting down and abandoning module CoreUObject (12)
[2018.11.08-15.49.43:190][ 51]LogModuleManager: Shutting down and abandoning module NetworkFile (10)
[2018.11.08-15.49.43:190][ 51]LogModuleManager: Shutting down and abandoning module CookedIterativeFile (8)
[2018.11.08-15.49.43:190][ 51]LogModuleManager: Shutting down and abandoning module StreamingFile (6)
[2018.11.08-15.49.43:190][ 51]LogModuleManager: Shutting down and abandoning module SandboxFile (4)
[2018.11.08-15.49.43:190][ 51]LogModuleManager: Shutting down and abandoning module PakFile (2)
[2018.11.08-15.49.43:195][ 51]LogExit: Exiting.
[2018.11.08-15.49.43:221][ 51]Log file closed, 11/08/18 10:49:43
