Log file open, 09/11/18 14:07:00
LogWindows: Failed to load 'aqProf.dll' (GetLastError=126)
LogWindows: File 'aqProf.dll' does not exist
LogWindows: Failed to load 'VtuneApi.dll' (GetLastError=126)
LogWindows: File 'VtuneApi.dll' does not exist
LogWindows: Failed to load 'VtuneApi32e.dll' (GetLastError=126)
LogWindows: File 'VtuneApi32e.dll' does not exist
LogInit: Display: Running engine for game: CastleRavenloft
LogPlatformFile: Not using cached read wrapper
LogTaskGraph: Started task graph with 5 named threads and 14 total threads with 3 sets of task threads.
LogStats: Stats thread started at 0.189050
LogD3D11RHI: Loaded GFSDK_Aftermath_Lib.x64.dll
LogICUInternationalization: Display: ICU TimeZone Detection - Raw Offset: -5:00, Platform Override: ''
LogPluginManager: Mounting plugin Paper2D
LogPluginManager: Mounting plugin AISupport
LogPluginManager: Mounting plugin LightPropagationVolume
LogPluginManager: Mounting plugin CLionSourceCodeAccess
LogPluginManager: Mounting plugin CodeLiteSourceCodeAccess
LogPluginManager: Mounting plugin GitSourceControl
LogPluginManager: Mounting plugin KDevelopSourceCodeAccess
LogPluginManager: Mounting plugin NullSourceCodeAccess
LogPluginManager: Mounting plugin PerforceSourceControl
LogPluginManager: Mounting plugin SubversionSourceControl
LogPluginManager: Mounting plugin UObjectPlugin
LogPluginManager: Mounting plugin VisualStudioCodeSourceCodeAccess
LogPluginManager: Mounting plugin VisualStudioSourceCodeAccess
LogPluginManager: Mounting plugin XCodeSourceCodeAccess
LogPluginManager: Mounting plugin AssetManagerEditor
LogPluginManager: Mounting plugin CryptoKeys
LogPluginManager: Mounting plugin DataValidation
LogPluginManager: Mounting plugin FacialAnimation
LogPluginManager: Mounting plugin GameplayTagsEditor
LogPluginManager: Mounting plugin MacGraphicsSwitching
LogPluginManager: Mounting plugin MeshEditor
LogPluginManager: Mounting plugin MobileLauncherProfileWizard
LogPluginManager: Mounting plugin PluginBrowser
LogPluginManager: Mounting plugin SpeedTreeImporter
LogPluginManager: Mounting plugin DatasmithContent
LogPluginManager: Mounting plugin AlembicImporter
LogPluginManager: Mounting plugin AppleImageUtils
LogPluginManager: Mounting plugin AppleVision
LogPluginManager: Mounting plugin BackChannel
LogPluginManager: Mounting plugin CharacterAI
LogPluginManager: Mounting plugin GeometryCache
LogPluginManager: Mounting plugin HTML5Networking
LogPluginManager: Mounting plugin ProxyLODPlugin
LogPluginManager: Mounting plugin MagicLeap
LogPluginManager: Mounting plugin MagicLeapEmulator
LogPluginManager: Mounting plugin MagicLeapMedia
LogPluginManager: Mounting plugin AndroidMedia
LogPluginManager: Mounting plugin AvfMedia
LogPluginManager: Mounting plugin ImgMedia
LogPluginManager: Mounting plugin LinearTimecode
LogPluginManager: Mounting plugin MediaCompositing
LogPluginManager: Mounting plugin MediaPlayerEditor
LogPluginManager: Mounting plugin WmfMedia
LogPluginManager: Mounting plugin TcpMessaging
LogPluginManager: Mounting plugin UdpMessaging
LogPluginManager: Mounting plugin ActorSequence
LogPluginManager: Mounting plugin LevelSequenceEditor
LogPluginManager: Mounting plugin MatineeToLevelSequence
LogPluginManager: Mounting plugin NetcodeUnitTest
LogPluginManager: Mounting plugin NUTUnrealEngine4
LogPluginManager: Mounting plugin OnlineSubsystemGooglePlay
LogPluginManager: Mounting plugin OnlineSubsystemIOS
LogPluginManager: Mounting plugin OnlineSubsystem
LogPluginManager: Mounting plugin OnlineSubsystemNull
LogPluginManager: Mounting plugin OnlineSubsystemUtils
LogPluginManager: Mounting plugin LauncherChunkInstaller
LogPluginManager: Mounting plugin AndroidDeviceProfileSelector
LogPluginManager: Mounting plugin AndroidMoviePlayer
LogPluginManager: Mounting plugin AndroidPermission
LogPluginManager: Mounting plugin AppleMoviePlayer
LogPluginManager: Mounting plugin ArchVisCharacter
LogPluginManager: Mounting plugin AudioCapture
LogPluginManager: Mounting plugin CableComponent
LogPluginManager: Mounting plugin CustomMeshComponent
LogPluginManager: Mounting plugin EditableMesh
LogPluginManager: Mounting plugin ExampleDeviceProfileSelector
LogPluginManager: Mounting plugin GoogleCloudMessaging
LogPluginManager: Mounting plugin ImmediatePhysics
LogPluginManager: Mounting plugin IOSDeviceProfileSelector
LogPluginManager: Mounting plugin LinuxDeviceProfileSelector
LogPluginManager: Mounting plugin LocationServicesBPLibrary
LogPluginManager: Mounting plugin MobilePatchingUtils
LogPluginManager: Mounting plugin OculusVR
LogPluginManager: Plugin shader directory ../../../Engine/Plugins/Runtime/Oculus/OculusVR/Shaders found
LogPluginManager: Mapping shader source directory ../../../Engine/Plugins/Runtime/Oculus/OculusVR/Shaders to virtual directory /Plugin/OculusVR
LogPluginManager: Mounting plugin PhysXVehicles
LogPluginManager: Mounting plugin ProceduralMeshComponent
LogPluginManager: Mounting plugin RuntimePhysXCooking
LogPluginManager: Mounting plugin SteamVR
LogPluginManager: Mounting plugin WindowsMoviePlayer
LogStreaming: Display: Took  0.074s to configure plugins.
LogInit: Using libcurl 7.55.1-DEV
LogInit:  - built for x86_64-pc-win32
LogInit:  - supports SSL with OpenSSL/1.0.2h
LogInit:  - supports HTTP deflate (compression) using libz 1.2.8
LogInit:  - other features:
LogInit:      CURL_VERSION_SSL
LogInit:      CURL_VERSION_LIBZ
LogInit:      CURL_VERSION_IPV6
LogInit:      CURL_VERSION_ASYNCHDNS
LogInit:      CURL_VERSION_LARGEFILE
LogInit:      CURL_VERSION_IDN
LogInit:  CurlRequestOptions (configurable via config and command line):
LogInit:  - bVerifyPeer = false  - Libcurl will NOT verify peer certificate
LogInit:  - bUseHttpProxy = false  - Libcurl will NOT use HTTP proxy
LogInit:  - bDontReuseConnections = false  - Libcurl will reuse connections
LogInit:  - CertBundlePath = nullptr  - Libcurl will use whatever was configured at build time.
LogInit:  - MaxHostConnections = 16  - Libcurl will limit the number of connections to a host
LogInit:  - LocalHostAddr = Default
LogInit:  - BufferSize = 65536
LogInit: WinSock: version 1.1 (2.2), MaxSocks=32767, MaxUdp=65467
LogHMD: Failed initializing OVRPlugin 1.25.0
LogInit: Build: ++UE4+Release-4.20-CL-4302132
LogInit: Engine Version: 4.20.2-4302132+++UE4+Release-4.20
LogInit: Compatible Engine Version: 4.20.0-4212847+++UE4+Release-4.20
LogInit: Net CL: 4212847
LogInit: OS: Windows 10 (), CPU: Intel(R) Core(TM) i5-6400 CPU @ 2.70GHz, GPU: NVIDIA GeForce GTX 1080
LogInit: Compiled (64-bit): Aug 21 2018 02:06:06
LogInit: Compiled with Visual C++: 19.13.26129.00
LogInit: Build Configuration: Development
LogInit: Branch Name: ++UE4+Release-4.20
LogInit: Command Line: -EpicPortal 
LogInit: Base Directory: C:/Program Files/Epic Games/UE_4.20/Engine/Binaries/Win64/
LogInit: Installed Engine Build: 1
LogDevObjectVersion: Number of dev versions registered: 20
LogDevObjectVersion:   Dev-Blueprints (B0D832E4-1F89-4F0D-ACCF-7EB736FD4AA2): 10
LogDevObjectVersion:   Dev-Build (E1C64328-A22C-4D53-A36C-8E866417BD8C): 0
LogDevObjectVersion:   Dev-Core (375EC13C-06E4-48FB-B500-84F0262A717E): 2
LogDevObjectVersion:   Dev-Editor (E4B068ED-F494-42E9-A231-DA0B2E46BB41): 24
LogDevObjectVersion:   Dev-Framework (CFFC743F-43B0-4480-9391-14DF171D2073): 34
LogDevObjectVersion:   Dev-Mobile (B02B49B5-BB20-44E9-A304-32B752E40360): 2
LogDevObjectVersion:   Dev-Networking (A4E4105C-59A1-49B5-A7C5-40C4547EDFEE): 0
LogDevObjectVersion:   Dev-Online (39C831C9-5AE6-47DC-9A44-9C173E1C8E7C): 0
LogDevObjectVersion:   Dev-Physics (78F01B33-EBEA-4F98-B9B4-84EACCB95AA2): 0
LogDevObjectVersion:   Dev-Platform (6631380F-2D4D-43E0-8009-CF276956A95A): 0
LogDevObjectVersion:   Dev-Rendering (12F88B9F-8875-4AFC-A67C-D90C383ABD29): 26
LogDevObjectVersion:   Dev-Sequencer (7B5AE74C-D270-4C10-A958-57980B212A5A): 9
LogDevObjectVersion:   Dev-VR (D7296918-1DD6-4BDD-9DE2-64A83CC13884): 2
LogDevObjectVersion:   Dev-LoadTimes (C2A15278-BFE7-4AFE-6C17-90FF531DF755): 1
LogDevObjectVersion:   Private-Geometry (6EACA3D4-40EC-4CC1-B786-8BED09428FC5): 3
LogDevObjectVersion:   Dev-AnimPhys (29E575DD-E0A3-4627-9D10-D276232CDCEA): 17
LogDevObjectVersion:   Dev-ReflectionCapture (6B266CEC-1EC7-4B8F-A30B-E4D90942FC07): 1
LogDevObjectVersion:   Dev-Automation (0DF73D61-A23F-47EA-B727-89E90C41499A): 1
LogDevObjectVersion:   FortniteMain (601D1886-AC64-4F84-AA16-D3DE0DEAC7D6): 12
LogDevObjectVersion:   Dev-Enterprise (9DFFBCD6-494F-0158-E221-12823C92A888): 1
LogStreaming: Display: Took  0.000s to delete old logs.
LogInit: Presizing for max 8388607 objects, including 0 objects not considered by GC, pre-allocating 0 bytes for permanent pool.
LogInit: Object subsystem initialized
[2018.09.11-18.07.01:491][  0]LogInit: Selected Device Profile: [Windows]
[2018.09.11-18.07.01:491][  0]LogInit: Applying CVar settings loaded from the selected device profile: [Windows]
[2018.09.11-18.07.01:503][  0]LogHAL: Display: Platform has ~ 16 GB [17078054912 / 17179869184 / 16], which maps to Larger [LargestMinGB=32, LargerMinGB=12, DefaultMinGB=8, SmallerMinGB=6, SmallestMinGB=0)
[2018.09.11-18.07.01:503][  0]LogInit: Setting Device Profile CVar: [[r.Vulkan.UseRealUBs:1]]
[2018.09.11-18.07.01:503][  0]LogInit: Going up to parent DeviceProfile []
[2018.09.11-18.07.01:503][  0]LogInit: Computer: WK-B7XPPD2
[2018.09.11-18.07.01:503][  0]LogInit: User: afbatista
[2018.09.11-18.07.01:503][  0]LogInit: CPU Page size=4096, Cores=4
[2018.09.11-18.07.01:503][  0]LogInit: High frequency timer resolution =2.648435 MHz
[2018.09.11-18.07.01:504][  0]LogMemory: Memory total: Physical=15.9GB (16GB approx)
[2018.09.11-18.07.01:504][  0]LogMemory: Platform Memory Stats for Windows
[2018.09.11-18.07.01:504][  0]LogMemory: Process Physical Memory: 104.16 MB used, 104.16 MB peak
[2018.09.11-18.07.01:504][  0]LogMemory: Process Virtual Memory: 87.89 MB used, 87.89 MB peak
[2018.09.11-18.07.01:504][  0]LogMemory: Physical Memory: 5582.86 MB used,  10704.05 MB free, 16286.90 MB total
[2018.09.11-18.07.01:504][  0]LogMemory: Virtual Memory: 4639.27 MB used,  10704.05 MB free, 134217728.00 MB total
[2018.09.11-18.07.01:516][  0]LogInit: Using OS detected language (en-US).
[2018.09.11-18.07.01:516][  0]LogInit: Using OS detected locale (en-US).
[2018.09.11-18.07.01:516][  0]LogTextLocalizationManager: No specific localization for 'en-US' exists, so the 'en' localization will be used.
[2018.09.11-18.07.01:925][  0]LogStreaming: Display: Took  0.410s to InitEngineTextLocalization.
[2018.09.11-18.07.01:926][  0]LogInit: Setting process to per monitor DPI aware
[2018.09.11-18.07.01:957][  0]LogSlate: New Slate User Created.  User Index 0, Is Virtual User: 0
[2018.09.11-18.07.01:957][  0]LogSlate: Slate User Registered.  User Index 0, Is Virtual User: 0
[2018.09.11-18.07.02:128][  0]LogHMD: Failed to initialize OpenVR with code 110
[2018.09.11-18.07.02:128][  0]LogD3D11RHI: D3D11 adapters:
[2018.09.11-18.07.02:183][  0]LogD3D11RHI:    0. 'NVIDIA GeForce GTX 1080' (Feature Level 11_0)
[2018.09.11-18.07.02:183][  0]LogD3D11RHI:       8079/0/8143 MB DedicatedVideo/DedicatedSystem/SharedSystem, Outputs:2, VendorId:0x10de
[2018.09.11-18.07.02:191][  0]LogD3D11RHI:    1. 'Intel(R) HD Graphics 530' (Feature Level 11_0)
[2018.09.11-18.07.02:192][  0]LogD3D11RHI:       128/0/8143 MB DedicatedVideo/DedicatedSystem/SharedSystem, Outputs:0, VendorId:0x8086
[2018.09.11-18.07.02:193][  0]LogD3D11RHI:    2. 'Microsoft Basic Render Driver' (Feature Level 11_0)
[2018.09.11-18.07.02:193][  0]LogD3D11RHI:       0/0/8143 MB DedicatedVideo/DedicatedSystem/SharedSystem, Outputs:0, VendorId:0x1414
[2018.09.11-18.07.02:194][  0]LogD3D11RHI: Chosen D3D11 Adapter: 0
[2018.09.11-18.07.02:200][  0]LogD3D11RHI: Creating new Direct3DDevice
[2018.09.11-18.07.02:200][  0]LogD3D11RHI:     GPU DeviceId: 0x1b80 (for the marketing name, search the web for "GPU Device Id")
[2018.09.11-18.07.02:200][  0]LogWindows: EnumDisplayDevices:
[2018.09.11-18.07.02:200][  0]LogWindows:    0. 'NVIDIA GeForce GTX 1080' (P:0 D:1)
[2018.09.11-18.07.02:200][  0]LogWindows:    1. 'NVIDIA GeForce GTX 1080' (P:1 D:1)
[2018.09.11-18.07.02:201][  0]LogWindows:    2. 'NVIDIA GeForce GTX 1080' (P:0 D:0)
[2018.09.11-18.07.02:201][  0]LogWindows:    3. 'NVIDIA GeForce GTX 1080' (P:0 D:0)
[2018.09.11-18.07.02:201][  0]LogWindows:    4. 'Intel(R) HD Graphics 530' (P:0 D:0)
[2018.09.11-18.07.02:201][  0]LogWindows:    5. 'Intel(R) HD Graphics 530' (P:0 D:0)
[2018.09.11-18.07.02:201][  0]LogWindows:    6. 'Intel(R) HD Graphics 530' (P:0 D:0)
[2018.09.11-18.07.02:201][  0]LogWindows: DebugString: PrimaryIsNotTheChoosenAdapter PrimaryIsNotTheChoosenAdapter PrimaryIsNotTheChoosenAdapter FoundDriverCount:4 
[2018.09.11-18.07.02:201][  0]LogD3D11RHI:     Adapter Name: NVIDIA GeForce GTX 1080
[2018.09.11-18.07.02:201][  0]LogD3D11RHI:   Driver Version: 391.25 (internal:23.21.13.9125, unified:391.25)
[2018.09.11-18.07.02:201][  0]LogD3D11RHI:      Driver Date: 3-16-2018
[2018.09.11-18.07.02:201][  0]LogRHI: Texture pool is 5655 MB (70% of 8079 MB)
[2018.09.11-18.07.02:237][  0]LogD3D11RHI: Async texture creation enabled
[2018.09.11-18.07.02:255][  0]LogD3D11RHI: GPU Timing Frequency: 1000.000000 (Debug: 2 2)
[2018.09.11-18.07.02:299][  0]LogShaderCompilers: Guid format shader working directory is -20 characters bigger than the processId version (D:/Users/afbatista/My Documents/GitHub/CastleRavenloft/CastleRavenloft/Intermediate/Shaders/WorkingDirectory/8884/).
[2018.09.11-18.07.02:299][  0]LogShaderCompilers: Cleaned the shader compiler working directory 'C:/Users/afbatista/AppData/Local/Temp/UnrealShaderWorkingDir/68371AAF47A61B46BDE4C5B8042CD214/'.
[2018.09.11-18.07.02:554][  0]LogTemp: Display: Loaded TP AllDesktopTargetPlatform
[2018.09.11-18.07.02:569][  0]LogTemp: Display: Loaded TP MacClientTargetPlatform
[2018.09.11-18.07.02:583][  0]LogTemp: Display: Loaded TP MacNoEditorTargetPlatform
[2018.09.11-18.07.02:596][  0]LogTemp: Display: Loaded TP MacServerTargetPlatform
[2018.09.11-18.07.02:610][  0]LogTemp: Display: Loaded TP MacTargetPlatform
[2018.09.11-18.07.02:624][  0]LogTemp: Display: Loaded TP WindowsClientTargetPlatform
[2018.09.11-18.07.02:637][  0]LogTemp: Display: Loaded TP WindowsNoEditorTargetPlatform
[2018.09.11-18.07.02:651][  0]LogTemp: Display: Loaded TP WindowsServerTargetPlatform
[2018.09.11-18.07.02:657][  0]LogTemp: Display: Loaded TP WindowsTargetPlatform
[2018.09.11-18.07.02:739][  0]LogTemp: Display: Loaded TP AndroidTargetPlatform
[2018.09.11-18.07.02:739][  0]LogTemp: Display: Loaded TP AndroidTargetPlatform
[2018.09.11-18.07.02:739][  0]LogTemp: Display: Loaded TP AndroidTargetPlatform
[2018.09.11-18.07.02:739][  0]LogTemp: Display: Loaded TP AndroidTargetPlatform
[2018.09.11-18.07.02:739][  0]LogTemp: Display: Loaded TP AndroidTargetPlatform
[2018.09.11-18.07.02:739][  0]LogTemp: Display: Loaded TP AndroidTargetPlatform
[2018.09.11-18.07.02:739][  0]LogTemp: Display: Loaded TP AndroidTargetPlatform
[2018.09.11-18.07.02:739][  0]LogTemp: Display: Loaded TP AndroidTargetPlatform
[2018.09.11-18.07.02:739][  0]LogTemp: Display: Loaded TP AndroidTargetPlatform
[2018.09.11-18.07.02:739][  0]LogTemp: Display: Loaded TP AndroidTargetPlatform
[2018.09.11-18.07.02:739][  0]LogTemp: Display: Loaded TP AndroidTargetPlatform
[2018.09.11-18.07.02:739][  0]LogTemp: Display: Loaded TP AndroidTargetPlatform
[2018.09.11-18.07.02:739][  0]LogTemp: Display: Loaded TP AndroidTargetPlatform
[2018.09.11-18.07.02:739][  0]LogTemp: Display: Loaded TP AndroidTargetPlatform
[2018.09.11-18.07.02:739][  0]LogTemp: Display: Loaded TP AndroidTargetPlatform
[2018.09.11-18.07.02:739][  0]LogTemp: Display: Loaded TP AndroidTargetPlatform
[2018.09.11-18.07.02:739][  0]LogTemp: Display: Loaded TP AndroidTargetPlatform
[2018.09.11-18.07.02:739][  0]LogTemp: Display: Loaded TP AndroidTargetPlatform
[2018.09.11-18.07.02:740][  0]LogTemp: Display: Loaded TP HTML5TargetPlatform
[2018.09.11-18.07.02:799][  0]LogTemp: Display: Loaded TP IOSTargetPlatform
[2018.09.11-18.07.02:799][  0]LogTemp: Display: Loaded TP IOSTargetPlatform
[2018.09.11-18.07.02:823][  0]LogTemp: Display: Loaded TP TVOSTargetPlatform
[2018.09.11-18.07.02:823][  0]LogTemp: Display: Loaded TP TVOSTargetPlatform
[2018.09.11-18.07.02:835][  0]LogTemp: Display: Loaded TP LinuxClientTargetPlatform
[2018.09.11-18.07.02:848][  0]LogTemp: Display: Loaded TP LinuxNoEditorTargetPlatform
[2018.09.11-18.07.02:861][  0]LogTemp: Display: Loaded TP LinuxServerTargetPlatform
[2018.09.11-18.07.02:874][  0]LogTemp: Display: Loaded TP LinuxTargetPlatform
[2018.09.11-18.07.02:884][  0]LogTemp: Display: Loaded TP LuminTargetPlatform
[2018.09.11-18.07.02:884][  0]LogTargetPlatformManager: Display: Building Assets For Windows
[2018.09.11-18.07.02:942][  0]LogXGEController: Cannot use XGE Controller as Incredibuild is not installed on this machine.
[2018.09.11-18.07.02:942][  0]LogShaderCompilers: Cannot use XGE Shader Compiler as Incredibuild is not installed on this machine.
[2018.09.11-18.07.02:942][  0]LogShaderCompilers: Display: Using Local Shader Compiler.
[2018.09.11-18.07.03:673][  0]LogDerivedDataCache: Display: Max Cache Size: 512 MB
[2018.09.11-18.07.03:744][  0]LogDerivedDataCache: Loaded boot cache 0.07s 87MB C:/Users/afbatista/AppData/Local/UnrealEngine/4.20/DerivedDataCache/Boot.ddc.
[2018.09.11-18.07.03:744][  0]LogDerivedDataCache: Display: Loaded Boot cache: C:/Users/afbatista/AppData/Local/UnrealEngine/4.20/DerivedDataCache/Boot.ddc
[2018.09.11-18.07.03:744][  0]LogDerivedDataCache: FDerivedDataBackendGraph:  Pak pak cache file D:/Users/afbatista/My Documents/GitHub/CastleRavenloft/CastleRavenloft/DerivedDataCache/DDC.ddp not found, will not use a pak cache.
[2018.09.11-18.07.03:744][  0]LogDerivedDataCache: Unable to find inner node Pak for hierarchical cache Hierarchy.
[2018.09.11-18.07.03:744][  0]LogDerivedDataCache: FDerivedDataBackendGraph:  CompressedPak pak cache file D:/Users/afbatista/My Documents/GitHub/CastleRavenloft/CastleRavenloft/DerivedDataCache/Compressed.ddp not found, will not use a pak cache.
[2018.09.11-18.07.03:744][  0]LogDerivedDataCache: Unable to find inner node CompressedPak for hierarchical cache Hierarchy.
[2018.09.11-18.07.03:757][  0]LogDerivedDataCache: Display: Pak cache opened for reading ../../../Engine/DerivedDataCache/Compressed.ddp.
[2018.09.11-18.07.03:770][  0]LogDerivedDataCache: Using Local data cache path C:/Users/afbatista/AppData/Local/UnrealEngine/Common/DerivedDataCache: Writable
[2018.09.11-18.07.03:770][  0]LogDerivedDataCache: Shared data cache path not found in *engine.ini, will not use an Shared cache.
[2018.09.11-18.07.03:770][  0]LogDerivedDataCache: Unable to find inner node Shared for hierarchical cache Hierarchy.
[2018.09.11-18.07.03:789][  0]LogMaterial: Verifying Global Shaders for PCD3D_SM5
[2018.09.11-18.07.03:791][  0]LogSlate: Using FreeType 2.6.0
[2018.09.11-18.07.03:791][  0]LogSlate: SlateFontServices - WITH_FREETYPE: 1, WITH_HARFBUZZ: 1
[2018.09.11-18.07.03:868][  0]LogAssetRegistry: FAssetRegistry took 0.0267 seconds to start up
[2018.09.11-18.07.04:195][  0]LogInit: Selected Device Profile: [Windows]
[2018.09.11-18.07.04:332][  0]LogSimplygon: Simplygon DLL not present - disabling.
[2018.09.11-18.07.04:336][  0]LogMeshReduction: Using SimplygonSwarm for distributed automatic mesh merging
[2018.09.11-18.07.04:336][  0]LogMeshReduction: Using ProxyLODMeshReduction for automatic mesh merging
[2018.09.11-18.07.04:336][  0]LogMeshReduction: Using QuadricMeshReduction for automatic static mesh reduction
[2018.09.11-18.07.04:336][  0]LogMeshReduction: No automatic skeletal mesh reduction module available
[2018.09.11-18.07.04:353][  0]LogNetVersion: CastleRavenloft 1.0.0, NetCL: 4212847, EngineNetVer: 5, GameNetVer: 0 (Checksum: 37006697)
[2018.09.11-18.07.04:893][  0]LogPackageLocalizationCache: Processed 11 localized package path(s) for 2 prioritized culture(s) in 0.096566 seconds
[2018.09.11-18.07.04:900][  0]LogUObjectArray: 38425 objects as part of root set at end of initial load.
[2018.09.11-18.07.04:900][  0]LogUObjectAllocator: 6690864 out of 0 bytes used by permanent object pool.
[2018.09.11-18.07.04:900][  0]LogUObjectArray: CloseDisregardForGC: 0/0 objects in disregard for GC pool
[2018.09.11-18.07.05:745][  0]LogTcpMessaging: Initializing TcpMessaging bridge
[2018.09.11-18.07.05:758][  0]LogUdpMessaging: Initializing bridge on interface 0.0.0.0:0 to multicast group 230.0.0.1:6666.
[2018.09.11-18.07.05:897][  0]SourceControl: Source control is disabled
[2018.09.11-18.07.05:898][  0]SourceControl: Source control is disabled
[2018.09.11-18.07.05:899][  0]SourceControl: Source control is disabled
[2018.09.11-18.07.05:900][  0]SourceControl: Source control is disabled
[2018.09.11-18.07.06:057][  0]LogAndroidPermission: UAndroidPermissionCallbackProxy::GetInstance
[2018.09.11-18.07.06:141][  0]LogOcInput: OculusInput pre-init called
[2018.09.11-18.07.06:202][  0]LogEngine: Initializing Engine...
[2018.09.11-18.07.06:203][  0]LogHMD: Failed to initialize OpenVR with code 110
[2018.09.11-18.07.06:204][  0]LogStats: UGameplayTagsManager::ConstructGameplayTagTree: ImportINI prefixes -  0.000 s
[2018.09.11-18.07.06:205][  0]LogStats: UGameplayTagsManager::ConstructGameplayTagTree: Construct from data asset -  0.000 s
[2018.09.11-18.07.06:205][  0]LogStats: UGameplayTagsManager::ConstructGameplayTagTree: ImportINI -  0.000 s
[2018.09.11-18.07.06:205][  0]LogStats: UGameplayTagsManager::ConstructGameplayTagTree: GameplayTagTreeChangedEvent.Broadcast -  0.000 s
[2018.09.11-18.07.06:419][  0]LogInit: Initializing FReadOnlyCVARCache
[2018.09.11-18.07.06:432][  0]LogAIModule: Creating AISystem for world Untitled
[2018.09.11-18.07.06:500][  0]LogInit: XAudio2 using 'Speakers / Headphones (2- Realtek Audio)' : 2 channels at 48 kHz using 32 bits per sample (channel mask 0x3)
[2018.09.11-18.07.06:549][  0]LogInit: FAudioDevice initialized.
[2018.09.11-18.07.06:549][  0]LogNetVersion: Set ProjectVersion to 1.0.0.0. Version Checksum will be recalculated on next use.
[2018.09.11-18.07.06:609][  0]LogDerivedDataCache: Saved boot cache 0.06s 87MB C:/Users/afbatista/AppData/Local/UnrealEngine/4.20/DerivedDataCache/Boot.ddc.
[2018.09.11-18.07.06:613][  0]LogInit: Texture streaming: Enabled
[2018.09.11-18.07.06:630][  0]LogEngineSessionManager: EngineSessionManager initialized
[2018.09.11-18.07.06:646][  0]LogInit: Transaction tracking system initialized
[2018.09.11-18.07.06:668][  0]BlueprintLog: New page: Editor Load
[2018.09.11-18.07.06:755][  0]LocalizationService: Localization service is disabled
[2018.09.11-18.07.07:004][  0]LogCook: Display: Max memory allowance for cook 16384mb min free memory 0mb
[2018.09.11-18.07.07:004][  0]LogCook: Display: Mobile HDR setting 1
[2018.09.11-18.07.07:004][  0]LogGameplayTags: Display: UGameplayTagsManager::DoneAddingNativeTags. DelegateIsBound: 0
[2018.09.11-18.07.07:004][  0]LogStats: UGameplayTagsManager::ConstructGameplayTagTree: ImportINI prefixes -  0.000 s
[2018.09.11-18.07.07:004][  0]LogStats: UGameplayTagsManager::ConstructGameplayTagTree: Construct from data asset -  0.000 s
[2018.09.11-18.07.07:004][  0]LogFileCache: Scanning file cache for directory 'D:/Users/afbatista/My Documents/GitHub/CastleRavenloft/CastleRavenloft/Content/' took 0.02s
[2018.09.11-18.07.07:004][  0]LogStats: UGameplayTagsManager::ConstructGameplayTagTree: ImportINI -  0.000 s
[2018.09.11-18.07.07:005][  0]LogStats: UGameplayTagsManager::ConstructGameplayTagTree: GameplayTagTreeChangedEvent.Broadcast -  0.000 s
[2018.09.11-18.07.07:123][  0]SourceControl: Source control is disabled
[2018.09.11-18.07.07:123][  0]Cmd: MAP LOAD FILE="D:/Users/afbatista/My Documents/GitHub/CastleRavenloft/CastleRavenloft/Content/FirstPersonBP/Maps/FirstPersonExampleMap.umap" TEMPLATE=0 SHOWPROGRESS=1 FEATURELEVEL=3
[2018.09.11-18.07.07:123][  0]LogEditorServer: Warning: Can't find file 'D:/Users/afbatista/My Documents/GitHub/CastleRavenloft/CastleRavenloft/Content/FirstPersonBP/Maps/FirstPersonExampleMap.umap'
[2018.09.11-18.07.07:123][  0]Cmd: MAP CHECKDEP NOCLEARLOG
[2018.09.11-18.07.07:173][  0]MapCheck: Map check complete: 0 Error(s), 0 Warning(s), took 51.388ms to complete.
[2018.09.11-18.07.07:174][  0]LogFileHelpers: Loading map 'FirstPersonExampleMap' took 0.052
[2018.09.11-18.07.07:302][  0]LogSlate: Updating window title bar state: overlay mode, drag disabled, window buttons hidden, title bar hidden
[2018.09.11-18.07.07:311][  0]LogSlate: Updating window title bar state: overlay mode, drag disabled, window buttons hidden, title bar hidden
[2018.09.11-18.07.07:319][  0]LogSlate: Updating window title bar state: overlay mode, drag disabled, window buttons hidden, title bar hidden
[2018.09.11-18.07.07:326][  0]LogSlate: Updating window title bar state: overlay mode, drag disabled, window buttons hidden, title bar hidden
[2018.09.11-18.07.07:340][  0]LogCollectionManager: Loaded 0 collections in 0.001458 seconds
[2018.09.11-18.07.07:394][  0]LogFileCache: Scanning file cache for directory 'D:/Users/afbatista/My Documents/GitHub/CastleRavenloft/CastleRavenloft/Saved/Collections/' took 0.01s
[2018.09.11-18.07.07:394][  0]LogFileCache: Scanning file cache for directory 'D:/Users/afbatista/My Documents/GitHub/CastleRavenloft/CastleRavenloft/Content/Developers/afbatista/Collections/' took 0.01s
[2018.09.11-18.07.07:394][  0]LogFileCache: Scanning file cache for directory 'D:/Users/afbatista/My Documents/GitHub/CastleRavenloft/CastleRavenloft/Content/Collections/' took 0.01s
[2018.09.11-18.07.07:394][  0]LogCollectionManager: Rebuilt the GUID cache for 0 collections in 0.000000 seconds
[2018.09.11-18.07.07:405][  0]LogContentBrowser: Native class hierarchy populated in 0.0102 seconds. Added 2572 classes and 603 folders.
[2018.09.11-18.07.07:418][  0]LogContentBrowser: Native class hierarchy updated for 'WidgetCarousel' in 0.0003 seconds. Added 0 classes and 0 folders.
[2018.09.11-18.07.07:808][  0]LogContentBrowser: Native class hierarchy updated for 'AddContentDialog' in 0.0002 seconds. Added 0 classes and 0 folders.
[2018.09.11-18.07.07:826][  0]LogContentBrowser: Native class hierarchy updated for 'SceneOutliner' in 0.0003 seconds. Added 1 classes and 2 folders.
[2018.09.11-18.07.07:870][  0]LogSlate: Took 0.000278 seconds to synchronously load lazily loaded font '../../../Engine/Content/Slate/Fonts/Roboto-Regular.ttf' (155K)
[2018.09.11-18.07.07:872][  0]LogSlate: Took 0.000187 seconds to synchronously load lazily loaded font '../../../Engine/Content/Slate/Fonts/Roboto-Bold.ttf' (160K)
[2018.09.11-18.07.07:885][  0]LogSlate: Took 0.005414 seconds to synchronously load lazily loaded font '../../../Engine/Content/Editor/Slate/Fonts/FontAwesome.ttf' (139K)
[2018.09.11-18.07.08:004][  0]LogRenderer: Reallocating scene render targets to support 1208x576 Format 10 NumSamples 1 (Frame:1).
[2018.09.11-18.07.08:151][  0]LogSlate: FSceneViewport::OnFocusLost() reason 2
[2018.09.11-18.07.08:167][  0]LogSlate: Window 'Tutorials' being destroyed
[2018.09.11-18.07.08:196][  0]LogContentBrowser: Native class hierarchy updated for 'HierarchicalLODOutliner' in 0.0003 seconds. Added 0 classes and 0 folders.
[2018.09.11-18.07.08:196][  0]LogLoad: (Engine Initialization) Total time: 8.65 seconds
[2018.09.11-18.07.08:196][  0]LogLoad: (Engine Initialization) Total Blueprint compile time: 0.00 seconds
[2018.09.11-18.07.08:206][  0]LogWindowsTextInputMethodSystem: Display: IME system now deactivated.
[2018.09.11-18.07.08:227][  0]LogContentStreaming: Texture pool size now 1000 MB
[2018.09.11-18.07.08:258][  0]LogSlate: Took 0.005165 seconds to synchronously load lazily loaded font '../../../Engine/Content/Slate/Fonts/Roboto-Light.ttf' (167K)
[2018.09.11-18.07.08:279][  1]LogAssetRegistry: Asset discovery search completed in 4.4342 seconds
[2018.09.11-18.07.08:281][  1]LogCollectionManager: Rebuilt the object cache for 0 collections in 0.000001 seconds (found 0 objects)
[2018.09.11-18.07.08:281][  1]LogCollectionManager: Fixed up redirectors for 0 collections in 0.000049 seconds (updated 0 objects)
[2018.09.11-18.07.12:603][511]LogSlate: FSceneViewport::OnFocusLost() reason 2
[2018.09.11-18.07.13:331][598]LogSlate: FSceneViewport::OnFocusLost() reason 2
[2018.09.11-18.07.14:544][598]LogSlate: Only BGRA pngs, bmps or icos are supported in by External Image Picker
[2018.09.11-18.07.14:638][599]LogTemp: Executing iPhonePackager certificates Engine -bundlename com.YourCompany.CastleRavenloft
[2018.09.11-18.07.14:638][599]LogTemp: CWD: C:\Program Files\Epic Games\UE_4.20\Engine\Binaries\DotNET\IOS
[2018.09.11-18.07.14:638][599]LogTemp: Initial Dir: C:\Program Files\Epic Games\UE_4.20
[2018.09.11-18.07.14:639][599]LogTemp: Env CWD: C:\Program Files\Epic Games\UE_4.20\Engine\Binaries\DotNET\IOS
[2018.09.11-18.07.14:639][599]LogTemp: BranchPath = WK-B7XPPD2/C/Program Files/Epic Games/UE_4.20/Engine/Binaries --- GameBranchPath = WK-B7XPPD2/C/Program Files/Epic Games/UE_4.20/Engine/Binaries
[2018.09.11-18.07.14:639][599]LogTemp: IPP ERROR: Could not find provision directory 'C:\Users\afbatista\AppData\Local/Apple Computer/MobileDevice/Provisioning Profiles/'.
[2018.09.11-18.07.17:480][925]LogLinker: Warning: Can't find file '/Game/FirstPerson/Blueprints/FirstPersonGameMode'
[2018.09.11-18.07.17:480][925]LogLinker: Warning: Can't find file '/Game/FirstPerson/Blueprints/FirstPersonGameMode'
[2018.09.11-18.07.17:480][925]LogUObjectGlobals: Warning: Failed to find object 'Class /Game/FirstPerson/Blueprints/FirstPersonGameMode.FirstPersonGameMode_C'
[2018.09.11-18.07.18:249][ 13]LogSlate: Took 0.000140 seconds to synchronously load lazily loaded font '../../../Engine/Content/Slate/Fonts/Roboto-Light.ttf' (167K)
[2018.09.11-18.07.21:099][340]LogSlate: Window 'Project Settings' being destroyed
[2018.09.11-18.07.22:582][515]LogSlate: FSceneViewport::OnFocusLost() reason 0
[2018.09.11-18.07.24:677][734]LogAIModule: Creating AISystem for world CastleMap
[2018.09.11-18.07.24:694][734]LogAssetEditorManager: Opening Asset editor for World /Game/CastleMap.CastleMap
[2018.09.11-18.07.24:722][734]Cmd: MAP LOAD FILE="D:/Users/afbatista/My Documents/GitHub/CastleRavenloft/CastleRavenloft/Content/CastleMap.umap" TEMPLATE=0 SHOWPROGRESS=1 FEATURELEVEL=3
[2018.09.11-18.07.24:722][734]LightingResults: New page: Lighting Build
[2018.09.11-18.07.24:725][734]LogContentBrowser: Native class hierarchy updated for 'StatsViewer' in 0.0004 seconds. Added 5 classes and 0 folders.
[2018.09.11-18.07.24:725][734]LoadErrors: New page: Loading map: CastleMap.umap
[2018.09.11-18.07.24:726][734]MapCheck: New page: Map Check
[2018.09.11-18.07.24:726][734]LightingResults: New page: Lighting Build
[2018.09.11-18.07.24:760][734]LogEditorServer: Finished looking for orphan Actors (0.000 secs)
[2018.09.11-18.07.24:807][734]Cmd: MAP CHECKDEP NOCLEARLOG
[2018.09.11-18.07.24:863][734]MapCheck: Map check complete: 0 Error(s), 0 Warning(s), took 54.95ms to complete.
[2018.09.11-18.07.24:863][734]LogFileHelpers: Loading map 'CastleMap' took 0.142
[2018.09.11-18.07.33:301][691]LogEditorViewport: Clicking on Actor (LMB): PlayerStart (PlayerStart)
[2018.09.11-18.07.34:662][845]Cmd: SELECT NONE
[2018.09.11-18.07.36:147][ 19]LogSlate: FSceneViewport::OnFocusLost() reason 2
[2018.09.11-18.07.37:457][176]LogSlate: FSceneViewport::OnFocusLost() reason 2
[2018.09.11-18.07.38:412][176]LogSlate: Only BGRA pngs, bmps or icos are supported in by External Image Picker
[2018.09.11-18.07.38:481][177]LogTemp: Executing iPhonePackager certificates Engine -bundlename com.YourCompany.CastleRavenloft
[2018.09.11-18.07.38:481][177]LogTemp: CWD: C:\Program Files\Epic Games\UE_4.20\Engine\Binaries\DotNET\IOS
[2018.09.11-18.07.38:481][177]LogTemp: Initial Dir: C:\Program Files\Epic Games\UE_4.20
[2018.09.11-18.07.38:481][177]LogTemp: Env CWD: C:\Program Files\Epic Games\UE_4.20\Engine\Binaries\DotNET\IOS
[2018.09.11-18.07.38:481][177]LogTemp: BranchPath = WK-B7XPPD2/C/Program Files/Epic Games/UE_4.20/Engine/Binaries --- GameBranchPath = WK-B7XPPD2/C/Program Files/Epic Games/UE_4.20/Engine/Binaries
[2018.09.11-18.07.38:482][177]LogTemp: IPP ERROR: Could not find provision directory 'C:\Users\afbatista\AppData\Local/Apple Computer/MobileDevice/Provisioning Profiles/'.
[2018.09.11-18.07.57:185][373]LogSlate: FSceneViewport::OnFocusLost() reason 2
[2018.09.11-18.07.58:840][567]LogSlate: Prevented a slow task dialog from being summoned while a context menu was open
[2018.09.11-18.08.00:694][745]LogSlate: Window 'Project Settings' being destroyed
[2018.09.11-18.08.00:698][745]LogSlate: Window 'Project Settings' being destroyed
[2018.09.11-18.08.01:601][850]LogSlate: FSceneViewport::OnFocusLost() reason 0
[2018.09.11-18.08.01:709][863]LogTemp: Repeating last play command: Selected Viewport
[2018.09.11-18.08.01:726][863]LogBlueprintUserMessages: Early PlayInEditor Detection: Level '/Game/CastleMap.CastleMap:PersistentLevel' has LevelScriptBlueprint '/Game/CastleMap.CastleMap:PersistentLevel.CastleMap' with GeneratedClass '/Game/CastleMap.CastleMap_C' with ClassGeneratedBy '/Game/CastleMap.CastleMap:PersistentLevel.CastleMap'
[2018.09.11-18.08.01:726][863]LogPlayLevel: PlayLevel: No blueprints needed recompiling
[2018.09.11-18.08.01:742][863]PIE: New page: PIE session: CastleMap (Sep 11, 2018, 10:08:01 AM)
[2018.09.11-18.08.01:742][863]LogPlayLevel: Creating play world package: /Game/UEDPIE_0_CastleMap
[2018.09.11-18.08.01:800][863]LogPlayLevel: PIE: StaticDuplicateObject took: (0.058511s)
[2018.09.11-18.08.01:801][863]LogAIModule: Creating AISystem for world CastleMap
[2018.09.11-18.08.01:802][863]LogPlayLevel: PIE: World Init took: (0.001202s)
[2018.09.11-18.08.01:802][863]LogPlayLevel: PIE: Created PIE world by copying editor world from /Game/CastleMap.CastleMap to /Game/UEDPIE_0_CastleMap.CastleMap (0.060100s)
[2018.09.11-18.08.01:837][863]LogInit: XAudio2 using 'Speakers / Headphones (2- Realtek Audio)' : 2 channels at 48 kHz using 32 bits per sample (channel mask 0x3)
[2018.09.11-18.08.01:856][863]LogInit: FAudioDevice initialized.
[2018.09.11-18.08.01:899][863]LogLoad: Game class is 'FirstPersonGameMode_C'
[2018.09.11-18.08.01:912][863]LogWorld: Bringing World /Game/UEDPIE_0_CastleMap.CastleMap up for play (max tick rate 0) at 2018.09.11-14.08.01
[2018.09.11-18.08.01:913][863]LogWorld: Bringing up level for play took: 0.002610
[2018.09.11-18.08.01:945][863]LogContentBrowser: Native class hierarchy updated for 'MovieSceneCapture' in 0.0007 seconds. Added 10 classes and 0 folders.
[2018.09.11-18.08.01:973][863]PIE: Play in editor start time for /Game/UEDPIE_0_CastleMap -0.236
[2018.09.11-18.08.01:973][863]LogBlueprintUserMessages: Late PlayInEditor Detection: Level '/Game/CastleMap.CastleMap:PersistentLevel' has LevelScriptBlueprint '/Game/CastleMap.CastleMap:PersistentLevel.CastleMap' with GeneratedClass '/Game/CastleMap.CastleMap_C' with ClassGeneratedBy '/Game/CastleMap.CastleMap:PersistentLevel.CastleMap'
[2018.09.11-18.08.30:627][274]LogBlueprintUserMessages: Early EndPlayMap Detection: Level '/Game/CastleMap.CastleMap:PersistentLevel' has LevelScriptBlueprint '/Game/CastleMap.CastleMap:PersistentLevel.CastleMap' with GeneratedClass '/Game/CastleMap.CastleMap_C' with ClassGeneratedBy '/Game/CastleMap.CastleMap:PersistentLevel.CastleMap'
[2018.09.11-18.08.30:629][274]LogSlate: Updating window title bar state: overlay mode, drag disabled, window buttons hidden, title bar hidden
[2018.09.11-18.08.30:666][274]LogPlayLevel: Display: Shutting down PIE online subsystems
[2018.09.11-18.08.30:666][274]LogBlueprintUserMessages: Late EndPlayMap Detection: Level '/Game/CastleMap.CastleMap:PersistentLevel' has LevelScriptBlueprint '/Game/CastleMap.CastleMap:PersistentLevel.CastleMap' with GeneratedClass '/Game/CastleMap.CastleMap_C' with ClassGeneratedBy '/Game/CastleMap.CastleMap:PersistentLevel.CastleMap'
[2018.09.11-18.08.30:692][274]LogSlate: Updating window title bar state: overlay mode, drag disabled, window buttons hidden, title bar hidden
[2018.09.11-18.08.30:731][277]LogPlayLevel: Display: Destroying online subsystem :Context_2
[2018.09.11-18.09.09:209][857]Cmd: DELETE
[2018.09.11-18.09.09:209][857]Cmd: ACTOR DELETE
[2018.09.11-18.09.09:230][857]LogEditorActor: Deleted Actor: Brush
[2018.09.11-18.09.09:343][857]LogEditorActor: Deleted 1 Actors (0.133 secs)
[2018.09.11-18.09.14:472][461]Cmd: TRANSACTION UNDO
[2018.09.11-18.09.14:472][461]LogEditorTransaction: Undo Delete Actors
[2018.09.11-18.09.14:521][461]LogActorComponent: ~FComponentReregisterContext: (/Game/CastleMap.CastleMap:PersistentLevel.BoxBrush7.BrushComponent0) Component already registered.
[2018.09.11-18.09.14:534][461]LogActorComponent: ~FComponentReregisterContext: (/Game/CastleMap.CastleMap:PersistentLevel.BoxBrush8.BrushComponent0) Component already registered.
[2018.09.11-18.09.14:536][461]LogActorComponent: ~FComponentReregisterContext: (/Game/CastleMap.CastleMap:PersistentLevel.LinearStairBrush8.BrushComponent0) Component already registered.
[2018.09.11-18.09.14:536][461]LogActorComponent: ~FComponentReregisterContext: (/Game/CastleMap.CastleMap:PersistentLevel.LinearStairBrush9.BrushComponent0) Component already registered.
[2018.09.11-18.09.14:539][461]LogActorComponent: ~FComponentReregisterContext: (/Game/CastleMap.CastleMap:PersistentLevel.BoxBrush43.BrushComponent0) Component already registered.
[2018.09.11-18.09.14:539][461]LogActorComponent: ~FComponentReregisterContext: (/Game/CastleMap.CastleMap:PersistentLevel.BoxBrush37.BrushComponent0) Component already registered.
[2018.09.11-18.09.14:539][461]LogActorComponent: ~FComponentReregisterContext: (/Game/CastleMap.CastleMap:PersistentLevel.BoxBrush38.BrushComponent0) Component already registered.
[2018.09.11-18.09.18:408][891]Cmd: SELECT NONE
[2018.09.11-18.09.23:468][456]LogSlate: FSceneViewport::OnFocusLost() reason 0
[2018.09.11-18.09.23:484][456]LogPhysics: Warning: UBodySetup::GetCookInfo: Triangle data from '/Game/CastleMap.CastleMap:PersistentLevel.ModelComponent_3327' invalid (14784 verts, 0 indices).
[2018.09.11-18.09.23:485][456]LogPhysics: Warning: Attempt to build physics data for /Game/CastleMap.CastleMap:PersistentLevel.ModelComponent_3327.BodySetup_0 when we are unable to.
[2018.09.11-18.09.23:485][456]LogPhysics: Warning: UBodySetup::GetCookInfo: Triangle data from '/Game/CastleMap.CastleMap:PersistentLevel.ModelComponent_3328' invalid (14784 verts, 0 indices).
[2018.09.11-18.09.23:485][456]LogPhysics: Warning: Attempt to build physics data for /Game/CastleMap.CastleMap:PersistentLevel.ModelComponent_3328.BodySetup_0 when we are unable to.
[2018.09.11-18.09.23:485][456]LogPhysics: Warning: UBodySetup::GetCookInfo: Triangle data from '/Game/CastleMap.CastleMap:PersistentLevel.ModelComponent_3329' invalid (14784 verts, 0 indices).
[2018.09.11-18.09.23:485][456]LogPhysics: Warning: Attempt to build physics data for /Game/CastleMap.CastleMap:PersistentLevel.ModelComponent_3329.BodySetup_0 when we are unable to.
[2018.09.11-18.09.24:122][528]Cmd: SELECT NONE
[2018.09.11-18.10.02:627][121]LogSlate: FSceneViewport::OnFocusLost() reason 0
[2018.09.11-18.10.04:221][310]Cmd: OBJ SAVEPACKAGE PACKAGE="/Game/CastleMap" FILE="D:/Users/afbatista/My Documents/GitHub/CastleRavenloft/CastleRavenloft/Content/CastleMap.umap" SILENT=true AUTOSAVING=false KEEPDIRTY=false
[2018.09.11-18.10.04:598][310]LogSavePackage: Moving 'D:/Users/afbatista/My Documents/GitHub/CastleRavenloft/CastleRavenloft/Saved/CastleMap1A8D54A14812353723BD39979568DB0C.tmp' to 'D:/Users/afbatista/My Documents/GitHub/CastleRavenloft/CastleRavenloft/Content/CastleMap.umap'
