Log file open, 09/26/18 22:30:49
LogWindows: Failed to load 'aqProf.dll' (GetLastError=126)
LogWindows: File 'aqProf.dll' does not exist
LogWindows: Failed to load 'VSPerf140.dll' (GetLastError=126)
LogWindows: File 'VSPerf140.dll' does not exist
LogWindows: Failed to load 'VtuneApi.dll' (GetLastError=126)
LogWindows: File 'VtuneApi.dll' does not exist
LogWindows: Failed to load 'VtuneApi32e.dll' (GetLastError=126)
LogWindows: File 'VtuneApi32e.dll' does not exist
LogInit: Display: Running engine for game: CastleRavenloft
LogPlatformFile: Not using cached read wrapper
LogTaskGraph: Started task graph with 5 named threads and 23 total threads with 3 sets of task threads.
LogStats: Stats thread started at 0.278246
LogD3D11RHI: Loaded GFSDK_Aftermath_Lib.x64.dll
LogICUInternationalization: Display: ICU TimeZone Detection - Raw Offset: -5:00, Platform Override: ''
LogPluginManager: Mounting plugin Paper2D
LogPluginManager: Mounting plugin AISupport
LogPluginManager: Mounting plugin LightPropagationVolume
LogPluginManager: Mounting plugin CLionSourceCodeAccess
LogPluginManager: Mounting plugin CodeLiteSourceCodeAccess
LogPluginManager: Mounting plugin GitSourceControl
LogPluginManager: Mounting plugin KDevelopSourceCodeAccess
LogPluginManager: Mounting plugin NullSourceCodeAccess
LogPluginManager: Mounting plugin PerforceSourceControl
LogPluginManager: Mounting plugin SubversionSourceControl
LogPluginManager: Mounting plugin UObjectPlugin
LogPluginManager: Mounting plugin VisualStudioCodeSourceCodeAccess
LogPluginManager: Mounting plugin VisualStudioSourceCodeAccess
LogPluginManager: Mounting plugin XCodeSourceCodeAccess
LogPluginManager: Mounting plugin AssetManagerEditor
LogPluginManager: Mounting plugin CryptoKeys
LogPluginManager: Mounting plugin DataValidation
LogPluginManager: Mounting plugin FacialAnimation
LogPluginManager: Mounting plugin GameplayTagsEditor
LogPluginManager: Mounting plugin MacGraphicsSwitching
LogPluginManager: Mounting plugin MeshEditor
LogPluginManager: Mounting plugin MobileLauncherProfileWizard
LogPluginManager: Mounting plugin PluginBrowser
LogPluginManager: Mounting plugin SpeedTreeImporter
LogPluginManager: Mounting plugin DatasmithContent
LogPluginManager: Mounting plugin AlembicImporter
LogPluginManager: Mounting plugin AppleImageUtils
LogPluginManager: Mounting plugin AppleVision
LogPluginManager: Mounting plugin BackChannel
LogPluginManager: Mounting plugin CharacterAI
LogPluginManager: Mounting plugin GeometryCache
LogPluginManager: Mounting plugin HTML5Networking
LogPluginManager: Mounting plugin ProxyLODPlugin
LogPluginManager: Mounting plugin MagicLeap
LogPluginManager: Mounting plugin MagicLeapEmulator
LogPluginManager: Mounting plugin MagicLeapMedia
LogPluginManager: Mounting plugin AndroidMedia
LogPluginManager: Mounting plugin AvfMedia
LogPluginManager: Mounting plugin ImgMedia
LogPluginManager: Mounting plugin LinearTimecode
LogPluginManager: Mounting plugin MediaCompositing
LogPluginManager: Mounting plugin MediaPlayerEditor
LogPluginManager: Mounting plugin WmfMedia
LogPluginManager: Mounting plugin TcpMessaging
LogPluginManager: Mounting plugin UdpMessaging
LogPluginManager: Mounting plugin ActorSequence
LogPluginManager: Mounting plugin LevelSequenceEditor
LogPluginManager: Mounting plugin MatineeToLevelSequence
LogPluginManager: Mounting plugin NetcodeUnitTest
LogPluginManager: Mounting plugin NUTUnrealEngine4
LogPluginManager: Mounting plugin OnlineSubsystemGooglePlay
LogPluginManager: Mounting plugin OnlineSubsystemIOS
LogPluginManager: Mounting plugin OnlineSubsystem
LogPluginManager: Mounting plugin OnlineSubsystemNull
LogPluginManager: Mounting plugin OnlineSubsystemUtils
LogPluginManager: Mounting plugin LauncherChunkInstaller
LogPluginManager: Mounting plugin AndroidDeviceProfileSelector
LogPluginManager: Mounting plugin AndroidMoviePlayer
LogPluginManager: Mounting plugin AndroidPermission
LogPluginManager: Mounting plugin AppleMoviePlayer
LogPluginManager: Mounting plugin ArchVisCharacter
LogPluginManager: Mounting plugin AudioCapture
LogPluginManager: Mounting plugin CableComponent
LogPluginManager: Mounting plugin CustomMeshComponent
LogPluginManager: Mounting plugin EditableMesh
LogPluginManager: Mounting plugin ExampleDeviceProfileSelector
LogPluginManager: Mounting plugin GoogleCloudMessaging
LogPluginManager: Mounting plugin ImmediatePhysics
LogPluginManager: Mounting plugin IOSDeviceProfileSelector
LogPluginManager: Mounting plugin LinuxDeviceProfileSelector
LogPluginManager: Mounting plugin LocationServicesBPLibrary
LogPluginManager: Mounting plugin MobilePatchingUtils
LogPluginManager: Mounting plugin OculusVR
LogPluginManager: Plugin shader directory ../../../Engine/Plugins/Runtime/Oculus/OculusVR/Shaders found
LogPluginManager: Mapping shader source directory ../../../Engine/Plugins/Runtime/Oculus/OculusVR/Shaders to virtual directory /Plugin/OculusVR
LogPluginManager: Mounting plugin PhysXVehicles
LogPluginManager: Mounting plugin ProceduralMeshComponent
LogPluginManager: Mounting plugin RuntimePhysXCooking
LogPluginManager: Mounting plugin SteamVR
LogPluginManager: Mounting plugin WindowsMoviePlayer
LogStreaming: Display: Took  0.175s to configure plugins.
LogInit: Using libcurl 7.55.1-DEV
LogInit:  - built for x86_64-pc-win32
LogInit:  - supports SSL with OpenSSL/1.0.2h
LogInit:  - supports HTTP deflate (compression) using libz 1.2.8
LogInit:  - other features:
LogInit:      CURL_VERSION_SSL
LogInit:      CURL_VERSION_LIBZ
LogInit:      CURL_VERSION_IPV6
LogInit:      CURL_VERSION_ASYNCHDNS
LogInit:      CURL_VERSION_LARGEFILE
LogInit:      CURL_VERSION_IDN
LogInit:  CurlRequestOptions (configurable via config and command line):
LogInit:  - bVerifyPeer = false  - Libcurl will NOT verify peer certificate
LogInit:  - bUseHttpProxy = false  - Libcurl will NOT use HTTP proxy
LogInit:  - bDontReuseConnections = false  - Libcurl will reuse connections
LogInit:  - CertBundlePath = nullptr  - Libcurl will use whatever was configured at build time.
LogInit:  - MaxHostConnections = 16  - Libcurl will limit the number of connections to a host
LogInit:  - LocalHostAddr = Default
LogInit:  - BufferSize = 65536
LogInit: WinSock: version 1.1 (2.2), MaxSocks=32767, MaxUdp=65467
LogInit: Build: ++UE4+Release-4.20-CL-4369336
LogInit: Engine Version: 4.20.3-4369336+++UE4+Release-4.20
LogInit: Compatible Engine Version: 4.20.0-4212847+++UE4+Release-4.20
LogInit: Net CL: 4212847
LogInit: OS: Windows 10 (), CPU:        Intel(R) Core(TM) i7-4820K CPU @ 3.70GHz, GPU: NVIDIA GeForce GTX TITAN Z
LogInit: Compiled (64-bit): Sep 17 2018 12:26:19
LogInit: Compiled with Visual C++: 19.13.26129.00
LogInit: Build Configuration: Development
LogInit: Branch Name: ++UE4+Release-4.20
LogInit: Command Line: -EpicPortal 
LogInit: Base Directory: D:/Epic Games/UE_4.20/Engine/Binaries/Win64/
LogInit: Installed Engine Build: 1
LogDevObjectVersion: Number of dev versions registered: 20
LogDevObjectVersion:   Dev-Blueprints (B0D832E4-1F89-4F0D-ACCF-7EB736FD4AA2): 10
LogDevObjectVersion:   Dev-Build (E1C64328-A22C-4D53-A36C-8E866417BD8C): 0
LogDevObjectVersion:   Dev-Core (375EC13C-06E4-48FB-B500-84F0262A717E): 2
LogDevObjectVersion:   Dev-Editor (E4B068ED-F494-42E9-A231-DA0B2E46BB41): 24
LogDevObjectVersion:   Dev-Framework (CFFC743F-43B0-4480-9391-14DF171D2073): 34
LogDevObjectVersion:   Dev-Mobile (B02B49B5-BB20-44E9-A304-32B752E40360): 2
LogDevObjectVersion:   Dev-Networking (A4E4105C-59A1-49B5-A7C5-40C4547EDFEE): 0
LogDevObjectVersion:   Dev-Online (39C831C9-5AE6-47DC-9A44-9C173E1C8E7C): 0
LogDevObjectVersion:   Dev-Physics (78F01B33-EBEA-4F98-B9B4-84EACCB95AA2): 0
LogDevObjectVersion:   Dev-Platform (6631380F-2D4D-43E0-8009-CF276956A95A): 0
LogDevObjectVersion:   Dev-Rendering (12F88B9F-8875-4AFC-A67C-D90C383ABD29): 26
LogDevObjectVersion:   Dev-Sequencer (7B5AE74C-D270-4C10-A958-57980B212A5A): 9
LogDevObjectVersion:   Dev-VR (D7296918-1DD6-4BDD-9DE2-64A83CC13884): 2
LogDevObjectVersion:   Dev-LoadTimes (C2A15278-BFE7-4AFE-6C17-90FF531DF755): 1
LogDevObjectVersion:   Private-Geometry (6EACA3D4-40EC-4CC1-B786-8BED09428FC5): 3
LogDevObjectVersion:   Dev-AnimPhys (29E575DD-E0A3-4627-9D10-D276232CDCEA): 17
LogDevObjectVersion:   Dev-ReflectionCapture (6B266CEC-1EC7-4B8F-A30B-E4D90942FC07): 1
LogDevObjectVersion:   Dev-Automation (0DF73D61-A23F-47EA-B727-89E90C41499A): 1
LogDevObjectVersion:   FortniteMain (601D1886-AC64-4F84-AA16-D3DE0DEAC7D6): 12
LogDevObjectVersion:   Dev-Enterprise (9DFFBCD6-494F-0158-E221-12823C92A888): 1
LogStreaming: Display: Took  0.053s to delete old logs.
LogInit: Presizing for max 8388607 objects, including 0 objects not considered by GC, pre-allocating 0 bytes for permanent pool.
LogInit: Object subsystem initialized
[2018.09.27-02.30.50:269][  0]LogInit: Selected Device Profile: [Windows]
[2018.09.27-02.30.50:269][  0]LogInit: Applying CVar settings loaded from the selected device profile: [Windows]
[2018.09.27-02.30.50:301][  0]LogHAL: Display: Platform has ~ 16 GB [17094057984 / 17179869184 / 16], which maps to Larger [LargestMinGB=32, LargerMinGB=12, DefaultMinGB=8, SmallerMinGB=6, SmallestMinGB=0)
[2018.09.27-02.30.50:301][  0]LogInit: Setting Device Profile CVar: [[r.Vulkan.UseRealUBs:1]]
[2018.09.27-02.30.50:301][  0]LogInit: Going up to parent DeviceProfile []
[2018.09.27-02.30.50:301][  0]LogInit: Computer: DESKTOP-TRDEAJO
[2018.09.27-02.30.50:301][  0]LogInit: User: AuroraR4
[2018.09.27-02.30.50:301][  0]LogInit: CPU Page size=4096, Cores=4
[2018.09.27-02.30.50:301][  0]LogInit: High frequency timer resolution =3.613280 MHz
[2018.09.27-02.30.50:302][  0]LogMemory: Memory total: Physical=15.9GB (16GB approx)
[2018.09.27-02.30.50:302][  0]LogMemory: Platform Memory Stats for Windows
[2018.09.27-02.30.50:302][  0]LogMemory: Process Physical Memory: 100.21 MB used, 100.21 MB peak
[2018.09.27-02.30.50:302][  0]LogMemory: Process Virtual Memory: 90.99 MB used, 90.99 MB peak
[2018.09.27-02.30.50:302][  0]LogMemory: Physical Memory: 8778.91 MB used,  7523.25 MB free, 16302.16 MB total
[2018.09.27-02.30.50:302][  0]LogMemory: Virtual Memory: 4645.11 MB used,  7523.25 MB free, 134217728.00 MB total
[2018.09.27-02.30.50:315][  0]LogInit: Using OS detected language (en-US).
[2018.09.27-02.30.50:315][  0]LogInit: Using OS detected locale (en-US).
[2018.09.27-02.30.50:316][  0]LogTextLocalizationManager: No specific localization for 'en-US' exists, so the 'en' localization will be used.
[2018.09.27-02.30.50:706][  0]LogStreaming: Display: Took  0.390s to InitEngineTextLocalization.
[2018.09.27-02.30.50:706][  0]LogInit: Setting process to per monitor DPI aware
[2018.09.27-02.30.50:743][  0]LogSlate: New Slate User Created.  User Index 0, Is Virtual User: 0
[2018.09.27-02.30.50:743][  0]LogSlate: Slate User Registered.  User Index 0, Is Virtual User: 0
[2018.09.27-02.30.50:958][  0]LogHMD: Failed to initialize OpenVR with code 110
[2018.09.27-02.30.50:958][  0]LogD3D11RHI: D3D11 adapters:
[2018.09.27-02.30.51:054][  0]LogD3D11RHI:    0. 'NVIDIA GeForce GTX TITAN Z' (Feature Level 11_0)
[2018.09.27-02.30.51:054][  0]LogD3D11RHI:       6035/0/8151 MB DedicatedVideo/DedicatedSystem/SharedSystem, Outputs:2, VendorId:0x10de
[2018.09.27-02.30.51:057][  0]LogD3D11RHI:    1. 'Microsoft Basic Render Driver' (Feature Level 11_0)
[2018.09.27-02.30.51:057][  0]LogD3D11RHI:       0/0/8151 MB DedicatedVideo/DedicatedSystem/SharedSystem, Outputs:0, VendorId:0x1414
[2018.09.27-02.30.51:057][  0]LogD3D11RHI: Chosen D3D11 Adapter: 0
[2018.09.27-02.30.51:066][  0]LogD3D11RHI: Creating new Direct3DDevice
[2018.09.27-02.30.51:066][  0]LogD3D11RHI:     GPU DeviceId: 0x1001 (for the marketing name, search the web for "GPU Device Id")
[2018.09.27-02.30.51:066][  0]LogWindows: EnumDisplayDevices:
[2018.09.27-02.30.51:066][  0]LogWindows:    0. 'NVIDIA GeForce GTX TITAN Z' (P:1 D:1)
[2018.09.27-02.30.51:066][  0]LogWindows:    1. 'NVIDIA GeForce GTX TITAN Z' (P:0 D:1)
[2018.09.27-02.30.51:067][  0]LogWindows:    2. 'NVIDIA GeForce GTX TITAN Z' (P:0 D:0)
[2018.09.27-02.30.51:067][  0]LogWindows:    3. 'NVIDIA GeForce GTX TITAN Z' (P:0 D:0)
[2018.09.27-02.30.51:067][  0]LogWindows: DebugString: FoundDriverCount:4 
[2018.09.27-02.30.51:067][  0]LogD3D11RHI:     Adapter Name: NVIDIA GeForce GTX TITAN Z
[2018.09.27-02.30.51:067][  0]LogD3D11RHI:   Driver Version: 398.11 (internal:24.21.13.9811, unified:398.11)
[2018.09.27-02.30.51:067][  0]LogD3D11RHI:      Driver Date: 6-1-2018
[2018.09.27-02.30.51:067][  0]LogRHI: Texture pool is 4224 MB (70% of 6035 MB)
[2018.09.27-02.30.51:119][  0]LogD3D11RHI: Async texture creation enabled
[2018.09.27-02.30.51:138][  0]LogD3D11RHI: GPU Timing Frequency: 1000.000000 (Debug: 2 2)
[2018.09.27-02.30.51:141][  0]LogShaderCompilers: Guid format shader working directory is -3 characters bigger than the processId version (../../../../../GitHub/CastleRavenloft/CastleRavenloft/Intermediate/Shaders/WorkingDirectory/1520/).
[2018.09.27-02.30.51:141][  0]LogShaderCompilers: Cleaned the shader compiler working directory 'C:/Users/Aurora R4/AppData/Local/Temp/UnrealShaderWorkingDir/E3081BF84981A36811660A9344FD89C3/'.
[2018.09.27-02.30.51:461][  0]LogTemp: Display: Loaded TP AllDesktopTargetPlatform
[2018.09.27-02.30.51:474][  0]LogTemp: Display: Loaded TP MacClientTargetPlatform
[2018.09.27-02.30.51:490][  0]LogTemp: Display: Loaded TP MacNoEditorTargetPlatform
[2018.09.27-02.30.51:503][  0]LogTemp: Display: Loaded TP MacServerTargetPlatform
[2018.09.27-02.30.51:524][  0]LogTemp: Display: Loaded TP MacTargetPlatform
[2018.09.27-02.30.51:542][  0]LogTemp: Display: Loaded TP WindowsClientTargetPlatform
[2018.09.27-02.30.51:555][  0]LogTemp: Display: Loaded TP WindowsNoEditorTargetPlatform
[2018.09.27-02.30.51:568][  0]LogTemp: Display: Loaded TP WindowsServerTargetPlatform
[2018.09.27-02.30.51:574][  0]LogTemp: Display: Loaded TP WindowsTargetPlatform
[2018.09.27-02.30.51:669][  0]LogTemp: Display: Loaded TP AndroidTargetPlatform
[2018.09.27-02.30.51:669][  0]LogTemp: Display: Loaded TP AndroidTargetPlatform
[2018.09.27-02.30.51:669][  0]LogTemp: Display: Loaded TP AndroidTargetPlatform
[2018.09.27-02.30.51:669][  0]LogTemp: Display: Loaded TP AndroidTargetPlatform
[2018.09.27-02.30.51:669][  0]LogTemp: Display: Loaded TP AndroidTargetPlatform
[2018.09.27-02.30.51:669][  0]LogTemp: Display: Loaded TP AndroidTargetPlatform
[2018.09.27-02.30.51:669][  0]LogTemp: Display: Loaded TP AndroidTargetPlatform
[2018.09.27-02.30.51:669][  0]LogTemp: Display: Loaded TP AndroidTargetPlatform
[2018.09.27-02.30.51:669][  0]LogTemp: Display: Loaded TP AndroidTargetPlatform
[2018.09.27-02.30.51:669][  0]LogTemp: Display: Loaded TP AndroidTargetPlatform
[2018.09.27-02.30.51:669][  0]LogTemp: Display: Loaded TP AndroidTargetPlatform
[2018.09.27-02.30.51:669][  0]LogTemp: Display: Loaded TP AndroidTargetPlatform
[2018.09.27-02.30.51:669][  0]LogTemp: Display: Loaded TP AndroidTargetPlatform
[2018.09.27-02.30.51:669][  0]LogTemp: Display: Loaded TP AndroidTargetPlatform
[2018.09.27-02.30.51:669][  0]LogTemp: Display: Loaded TP AndroidTargetPlatform
[2018.09.27-02.30.51:669][  0]LogTemp: Display: Loaded TP AndroidTargetPlatform
[2018.09.27-02.30.51:669][  0]LogTemp: Display: Loaded TP AndroidTargetPlatform
[2018.09.27-02.30.51:669][  0]LogTemp: Display: Loaded TP AndroidTargetPlatform
[2018.09.27-02.30.51:670][  0]LogTemp: Display: Loaded TP HTML5TargetPlatform
[2018.09.27-02.30.51:734][  0]LogTemp: Display: Loaded TP IOSTargetPlatform
[2018.09.27-02.30.51:734][  0]LogTemp: Display: Loaded TP IOSTargetPlatform
[2018.09.27-02.30.51:759][  0]LogTemp: Display: Loaded TP TVOSTargetPlatform
[2018.09.27-02.30.51:759][  0]LogTemp: Display: Loaded TP TVOSTargetPlatform
[2018.09.27-02.30.51:772][  0]LogTemp: Display: Loaded TP LinuxClientTargetPlatform
[2018.09.27-02.30.51:785][  0]LogTemp: Display: Loaded TP LinuxNoEditorTargetPlatform
[2018.09.27-02.30.51:799][  0]LogTemp: Display: Loaded TP LinuxServerTargetPlatform
[2018.09.27-02.30.51:813][  0]LogTemp: Display: Loaded TP LinuxTargetPlatform
[2018.09.27-02.30.51:824][  0]LogTemp: Display: Loaded TP LuminTargetPlatform
[2018.09.27-02.30.51:824][  0]LogTargetPlatformManager: Display: Building Assets For Windows
[2018.09.27-02.30.51:868][  0]LogXGEController: Cannot use XGE Controller as Incredibuild is not installed on this machine.
[2018.09.27-02.30.51:869][  0]LogShaderCompilers: Cannot use XGE Shader Compiler as Incredibuild is not installed on this machine.
[2018.09.27-02.30.51:869][  0]LogShaderCompilers: Display: Using Local Shader Compiler.
[2018.09.27-02.30.52:668][  0]LogDerivedDataCache: Display: Max Cache Size: 512 MB
[2018.09.27-02.30.52:754][  0]LogDerivedDataCache: Loaded boot cache 0.09s 71MB C:/Users/Aurora R4/AppData/Local/UnrealEngine/4.20/DerivedDataCache/Boot.ddc.
[2018.09.27-02.30.52:754][  0]LogDerivedDataCache: Display: Loaded Boot cache: C:/Users/Aurora R4/AppData/Local/UnrealEngine/4.20/DerivedDataCache/Boot.ddc
[2018.09.27-02.30.52:754][  0]LogDerivedDataCache: FDerivedDataBackendGraph:  Pak pak cache file ../../../../../GitHub/CastleRavenloft/CastleRavenloft/DerivedDataCache/DDC.ddp not found, will not use a pak cache.
[2018.09.27-02.30.52:754][  0]LogDerivedDataCache: Unable to find inner node Pak for hierarchical cache Hierarchy.
[2018.09.27-02.30.52:754][  0]LogDerivedDataCache: FDerivedDataBackendGraph:  CompressedPak pak cache file ../../../../../GitHub/CastleRavenloft/CastleRavenloft/DerivedDataCache/Compressed.ddp not found, will not use a pak cache.
[2018.09.27-02.30.52:755][  0]LogDerivedDataCache: Unable to find inner node CompressedPak for hierarchical cache Hierarchy.
[2018.09.27-02.30.52:769][  0]LogDerivedDataCache: Display: Pak cache opened for reading ../../../Engine/DerivedDataCache/Compressed.ddp.
[2018.09.27-02.30.52:782][  0]LogDerivedDataCache: Using Local data cache path C:/Users/Aurora R4/AppData/Local/UnrealEngine/Common/DerivedDataCache: Writable
[2018.09.27-02.30.52:782][  0]LogDerivedDataCache: Shared data cache path not found in *engine.ini, will not use an Shared cache.
[2018.09.27-02.30.52:782][  0]LogDerivedDataCache: Unable to find inner node Shared for hierarchical cache Hierarchy.
[2018.09.27-02.30.52:803][  0]LogMaterial: Verifying Global Shaders for PCD3D_SM5
[2018.09.27-02.30.52:805][  0]LogSlate: Using FreeType 2.6.0
[2018.09.27-02.30.52:806][  0]LogSlate: SlateFontServices - WITH_FREETYPE: 1, WITH_HARFBUZZ: 1
[2018.09.27-02.30.52:889][  0]LogAssetRegistry: FAssetRegistry took 0.0289 seconds to start up
[2018.09.27-02.30.53:325][  0]LogInit: Selected Device Profile: [Windows]
[2018.09.27-02.30.53:461][  0]LogSimplygon: Simplygon DLL not present - disabling.
[2018.09.27-02.30.53:464][  0]LogMeshReduction: Using SimplygonSwarm for distributed automatic mesh merging
[2018.09.27-02.30.53:464][  0]LogMeshReduction: Using ProxyLODMeshReduction for automatic mesh merging
[2018.09.27-02.30.53:464][  0]LogMeshReduction: Using QuadricMeshReduction for automatic static mesh reduction
[2018.09.27-02.30.53:464][  0]LogMeshReduction: No automatic skeletal mesh reduction module available
[2018.09.27-02.30.53:488][  0]LogNetVersion: CastleRavenloft 1.0.0, NetCL: 4212847, EngineNetVer: 5, GameNetVer: 0 (Checksum: 37006697)
[2018.09.27-02.30.54:140][  0]LogPackageLocalizationCache: Processed 11 localized package path(s) for 2 prioritized culture(s) in 0.120220 seconds
[2018.09.27-02.30.54:148][  0]LogUObjectArray: 38425 objects as part of root set at end of initial load.
[2018.09.27-02.30.54:148][  0]LogUObjectAllocator: 6690872 out of 0 bytes used by permanent object pool.
[2018.09.27-02.30.54:148][  0]LogUObjectArray: CloseDisregardForGC: 0/0 objects in disregard for GC pool
[2018.09.27-02.30.55:003][  0]LogTcpMessaging: Initializing TcpMessaging bridge
[2018.09.27-02.30.55:017][  0]LogUdpMessaging: Initializing bridge on interface 0.0.0.0:0 to multicast group 230.0.0.1:6666.
[2018.09.27-02.30.55:164][  0]SourceControl: Source control is disabled
[2018.09.27-02.30.55:164][  0]SourceControl: Source control is disabled
[2018.09.27-02.30.55:166][  0]SourceControl: Source control is disabled
[2018.09.27-02.30.55:167][  0]SourceControl: Source control is disabled
[2018.09.27-02.30.55:359][  0]LogAndroidPermission: UAndroidPermissionCallbackProxy::GetInstance
[2018.09.27-02.30.55:437][  0]LogOcInput: OculusInput pre-init called
[2018.09.27-02.30.55:498][  0]LogEngine: Initializing Engine...
[2018.09.27-02.30.55:499][  0]LogHMD: Failed to initialize OpenVR with code 110
[2018.09.27-02.30.55:500][  0]LogStats: UGameplayTagsManager::ConstructGameplayTagTree: ImportINI prefixes -  0.000 s
[2018.09.27-02.30.55:500][  0]LogStats: UGameplayTagsManager::ConstructGameplayTagTree: Construct from data asset -  0.000 s
[2018.09.27-02.30.55:500][  0]LogStats: UGameplayTagsManager::ConstructGameplayTagTree: ImportINI -  0.000 s
[2018.09.27-02.30.55:501][  0]LogStats: UGameplayTagsManager::ConstructGameplayTagTree: GameplayTagTreeChangedEvent.Broadcast -  0.000 s
[2018.09.27-02.30.55:758][  0]LogInit: Initializing FReadOnlyCVARCache
[2018.09.27-02.30.55:767][  0]LogAIModule: Creating AISystem for world Untitled
[2018.09.27-02.30.55:781][  0]LogInit: XAudio2 using 'Headset Earphone (Corsair VOID Wireless Gaming Dongle)' : 2 channels at 48 kHz using 16 bits per sample (channel mask 0x3)
[2018.09.27-02.30.55:798][  0]LogInit: FAudioDevice initialized.
[2018.09.27-02.30.55:798][  0]LogNetVersion: Set ProjectVersion to 1.0.0.0. Version Checksum will be recalculated on next use.
[2018.09.27-02.30.55:873][  0]LogDerivedDataCache: Saved boot cache 0.08s 71MB C:/Users/Aurora R4/AppData/Local/UnrealEngine/4.20/DerivedDataCache/Boot.ddc.
[2018.09.27-02.30.55:884][  0]LogInit: Texture streaming: Enabled
[2018.09.27-02.30.55:917][  0]LogEngineSessionManager: EngineSessionManager initialized
[2018.09.27-02.30.56:026][  0]LogInit: Transaction tracking system initialized
[2018.09.27-02.30.56:042][  0]BlueprintLog: New page: Editor Load
[2018.09.27-02.30.56:101][  0]LocalizationService: Localization service is disabled
[2018.09.27-02.30.56:506][  0]LogFileCache: Scanning file cache for directory 'D:/GitHub/CastleRavenloft/CastleRavenloft/Content/' took 0.02s
[2018.09.27-02.30.56:507][  0]LogCook: Display: Max memory allowance for cook 16384mb min free memory 0mb
[2018.09.27-02.30.56:507][  0]LogCook: Display: Mobile HDR setting 1
[2018.09.27-02.30.56:541][  0]LogGameplayTags: Display: UGameplayTagsManager::DoneAddingNativeTags. DelegateIsBound: 0
[2018.09.27-02.30.56:541][  0]LogStats: UGameplayTagsManager::ConstructGameplayTagTree: ImportINI prefixes -  0.000 s
[2018.09.27-02.30.56:541][  0]LogStats: UGameplayTagsManager::ConstructGameplayTagTree: Construct from data asset -  0.000 s
[2018.09.27-02.30.56:542][  0]LogStats: UGameplayTagsManager::ConstructGameplayTagTree: ImportINI -  0.000 s
[2018.09.27-02.30.56:542][  0]LogStats: UGameplayTagsManager::ConstructGameplayTagTree: GameplayTagTreeChangedEvent.Broadcast -  0.000 s
[2018.09.27-02.30.56:654][  0]SourceControl: Source control is disabled
[2018.09.27-02.30.56:655][  0]Cmd: MAP LOAD FILE="../../../../../GitHub/CastleRavenloft/CastleRavenloft/Content/CastleMap.umap" TEMPLATE=0 SHOWPROGRESS=1 FEATURELEVEL=3
[2018.09.27-02.30.56:658][  0]LightingResults: New page: Lighting Build
[2018.09.27-02.30.56:660][  0]MapCheck: New page: Map Check
[2018.09.27-02.30.56:660][  0]LightingResults: New page: Lighting Build
[2018.09.27-02.30.58:863][  0]LogStaticMesh: Building static mesh SM_2Door_Arch...
[2018.09.27-02.30.59:058][  0]LogStaticMesh: Built static mesh [0.20s] /Game/StaticMeshes/SM_2Door_Arch.SM_2Door_Arch
[2018.09.27-02.30.59:259][  0]LogStaticMesh: Building static mesh SM_2Door...
[2018.09.27-02.30.59:276][  0]LogStaticMesh: Built static mesh [0.02s] /Game/StaticMeshes/SM_2Door.SM_2Door
[2018.09.27-02.31.00:113][  0]LogAIModule: Creating AISystem for world CastleMap
[2018.09.27-02.31.00:281][  0]LogEditorServer: Finished looking for orphan Actors (0.000 secs)
[2018.09.27-02.31.00:450][  0]Cmd: MAP CHECKDEP NOCLEARLOG
[2018.09.27-02.31.00:513][  0]MapCheck: Map check complete: 0 Error(s), 0 Warning(s), took 62.608ms to complete.
[2018.09.27-02.31.00:513][  0]LogFileHelpers: Loading map 'CastleMap' took 3.858
[2018.09.27-02.31.02:307][  0]LogSlate: Updating window title bar state: overlay mode, drag disabled, window buttons hidden, title bar hidden
[2018.09.27-02.31.02:397][  0]LogSlate: Updating window title bar state: overlay mode, drag disabled, window buttons hidden, title bar hidden
[2018.09.27-02.31.02:406][  0]LogSlate: Updating window title bar state: overlay mode, drag disabled, window buttons hidden, title bar hidden
[2018.09.27-02.31.02:415][  0]LogSlate: Updating window title bar state: overlay mode, drag disabled, window buttons hidden, title bar hidden
[2018.09.27-02.31.02:501][  0]LogCollectionManager: Loaded 0 collections in 0.000843 seconds
[2018.09.27-02.31.02:749][  0]LogFileCache: Scanning file cache for directory 'D:/GitHub/CastleRavenloft/CastleRavenloft/Saved/Collections/' took 0.01s
[2018.09.27-02.31.02:749][  0]LogFileCache: Scanning file cache for directory 'D:/GitHub/CastleRavenloft/CastleRavenloft/Content/Developers/AuroraR4/Collections/' took 0.01s
[2018.09.27-02.31.02:749][  0]LogFileCache: Scanning file cache for directory 'D:/GitHub/CastleRavenloft/CastleRavenloft/Content/Collections/' took 0.01s
[2018.09.27-02.31.02:749][  0]LogCollectionManager: Rebuilt the GUID cache for 0 collections in 0.000001 seconds
[2018.09.27-02.31.02:785][  0]LogContentBrowser: Native class hierarchy populated in 0.0124 seconds. Added 2572 classes and 603 folders.
[2018.09.27-02.31.03:018][  0]LogContentBrowser: Native class hierarchy updated for 'WidgetCarousel' in 0.0003 seconds. Added 0 classes and 0 folders.
[2018.09.27-02.31.05:801][  0]LogContentBrowser: Native class hierarchy updated for 'AddContentDialog' in 0.0003 seconds. Added 0 classes and 0 folders.
[2018.09.27-02.31.05:870][  0]LogContentBrowser: Native class hierarchy updated for 'SceneOutliner' in 0.0003 seconds. Added 1 classes and 2 folders.
[2018.09.27-02.31.09:577][  0]LogSlate: Took 0.000240 seconds to synchronously load lazily loaded font '../../../Engine/Content/Slate/Fonts/Roboto-Regular.ttf' (155K)
[2018.09.27-02.31.09:597][  0]LogSlate: Took 0.000221 seconds to synchronously load lazily loaded font '../../../Engine/Content/Slate/Fonts/Roboto-Bold.ttf' (160K)
[2018.09.27-02.31.10:062][  0]LogSlate: Took 0.016473 seconds to synchronously load lazily loaded font '../../../Engine/Content/Editor/Slate/Fonts/FontAwesome.ttf' (139K)
[2018.09.27-02.31.11:239][  0]LogRenderer: Reallocating scene render targets to support 1576x836 Format 10 NumSamples 1 (Frame:1).
[2018.09.27-02.31.12:951][  0]LogContentBrowser: Native class hierarchy updated for 'HierarchicalLODOutliner' in 0.0004 seconds. Added 0 classes and 0 folders.
[2018.09.27-02.31.12:951][  0]LogLoad: (Engine Initialization) Total time: 24.71 seconds
[2018.09.27-02.31.12:951][  0]LogLoad: (Engine Initialization) Total Blueprint compile time: 0.00 seconds
[2018.09.27-02.31.12:961][  0]LogWindowsTextInputMethodSystem: Display: IME system now deactivated.
[2018.09.27-02.31.13:045][  0]LogContentStreaming: Texture pool size now 1000 MB
[2018.09.27-02.31.13:123][  1]LogFileCache: Retrieving MD5 hashes for directory 'D:/GitHub/CastleRavenloft/CastleRavenloft/Content/' took 0.15s
[2018.09.27-02.31.21:039][712]LogAssetRegistry: Asset discovery search completed in 28.1734 seconds
[2018.09.27-02.31.21:041][712]LogCollectionManager: Rebuilt the object cache for 0 collections in 0.000001 seconds (found 0 objects)
[2018.09.27-02.31.21:041][712]LogCollectionManager: Fixed up redirectors for 0 collections in 0.000048 seconds (updated 0 objects)
[2018.09.27-02.54.33:396][870]LogSlate: FSceneViewport::OnFocusLost() reason 2
[2018.09.27-02.54.33:504][870]LogSlate: FSceneViewport::OnFocusLost() reason 2
[2018.09.27-02.54.36:137][124]Cmd: SELECT NONE
[2018.09.27-02.55.03:239][303]LogEditorViewport: Clicking on Actor (LMB): SphereReflectionCapture (SphereReflectionCapture2)
[2018.09.27-02.55.04:817][442]Cmd: EDIT COPY
[2018.09.27-02.55.06:019][571]Cmd: EDIT PASTE
[2018.09.27-02.55.26:915][724]Cmd: SELECT NONE
[2018.09.27-02.55.31:408][194]LogSlate: FSceneViewport::OnFocusLost() reason 0
[2018.09.27-02.55.31:466][198]LogMaterial: Display: Missing cached shader map for material Mirror_MAT, compiling. 
[2018.09.27-02.55.31:626][198]LogShaderCompilers: Display: Shaders left to compile 31
[2018.09.27-02.55.31:626][198]LogShaderCompilers: Display: Shaders left to compile 21
[2018.09.27-02.55.31:626][198]LogShaderCompilers: Display: Shaders left to compile 11
[2018.09.27-02.55.31:626][198]LogShaderCompilers: Display: Shaders left to compile 1
[2018.09.27-02.55.34:565][471]Cmd: TRANSACTION UNDO
[2018.09.27-02.55.34:566][471]LogEditorTransaction: Undo Create Actors
[2018.09.27-02.55.34:664][471]LogPhysics: Warning: Found bad index buffer when cooking UModelComponent physics data! Component: /Game/CastleMap.CastleMap:PersistentLevel.ModelComponent_639, Buffer: 0, Buffer Size: 0, Element: 0
[2018.09.27-02.55.34:664][471]LogPhysics: Warning: Found bad index buffer when cooking UModelComponent physics data! Component: /Game/CastleMap.CastleMap:PersistentLevel.ModelComponent_639, Buffer: 0, Buffer Size: 0, Element: 1
[2018.09.27-02.55.34:664][471]LogPhysics: Warning: Found bad index buffer when cooking UModelComponent physics data! Component: /Game/CastleMap.CastleMap:PersistentLevel.ModelComponent_639, Buffer: 0, Buffer Size: 0, Element: 2
[2018.09.27-02.55.34:664][471]LogPhysics: Warning: UBodySetup::GetCookInfo: Triangle data from '/Game/CastleMap.CastleMap:PersistentLevel.ModelComponent_639' invalid (41180 verts, 0 indices).
[2018.09.27-02.55.34:675][471]LogPhysics: Warning: Attempt to build physics data for /Game/CastleMap.CastleMap:PersistentLevel.ModelComponent_639.BodySetup_0 when we are unable to.
[2018.09.27-02.55.34:887][471]LogSlate: Took 0.019514 seconds to synchronously load lazily loaded font '../../../Engine/Content/Slate/Fonts/Roboto-Light.ttf' (167K)
[2018.09.27-02.55.47:115][858]LogSlate: FSceneViewport::OnFocusLost() reason 0
[2018.09.27-02.55.47:223][871]LogTemp: Repeating last play command: Selected Viewport
[2018.09.27-02.55.47:292][871]LogBlueprintUserMessages: Early PlayInEditor Detection: Level '/Game/CastleMap.CastleMap:PersistentLevel' has LevelScriptBlueprint '/Game/CastleMap.CastleMap:PersistentLevel.CastleMap' with GeneratedClass '/Game/CastleMap.CastleMap_C' with ClassGeneratedBy '/Game/CastleMap.CastleMap:PersistentLevel.CastleMap'
[2018.09.27-02.55.47:303][871]LogPlayLevel: PlayLevel: No blueprints needed recompiling
[2018.09.27-02.55.47:358][871]PIE: New page: PIE session: CastleMap (Sep 26, 2018, 6:55:47 PM)
[2018.09.27-02.55.47:358][871]LogPlayLevel: Creating play world package: /Game/UEDPIE_0_CastleMap
[2018.09.27-02.55.47:521][871]LogPlayLevel: PIE: StaticDuplicateObject took: (0.163187s)
[2018.09.27-02.55.47:522][871]LogAIModule: Creating AISystem for world CastleMap
[2018.09.27-02.55.47:538][871]LogPlayLevel: PIE: World Init took: (0.016535s)
[2018.09.27-02.55.47:538][871]LogPlayLevel: PIE: Created PIE world by copying editor world from /Game/CastleMap.CastleMap to /Game/UEDPIE_0_CastleMap.CastleMap (0.180008s)
[2018.09.27-02.55.47:594][871]LogInit: XAudio2 using 'Headset Earphone (Corsair VOID Wireless Gaming Dongle)' : 2 channels at 48 kHz using 16 bits per sample (channel mask 0x3)
[2018.09.27-02.55.47:604][871]LogInit: FAudioDevice initialized.
[2018.09.27-02.55.47:679][871]LogLoad: Game class is 'FirstPersonGameMode_C'
[2018.09.27-02.55.47:748][871]LogWorld: Bringing World /Game/UEDPIE_0_CastleMap.CastleMap up for play (max tick rate 0) at 2018.09.26-22.55.47
[2018.09.27-02.55.47:773][871]LogWorld: Bringing up level for play took: 0.032084
[2018.09.27-02.55.47:883][871]LogContentBrowser: Native class hierarchy updated for 'MovieSceneCapture' in 0.0003 seconds. Added 10 classes and 0 folders.
[2018.09.27-02.55.48:069][871]PIE: Play in editor start time for /Game/UEDPIE_0_CastleMap 0.065
[2018.09.27-02.55.48:069][871]LogBlueprintUserMessages: Late PlayInEditor Detection: Level '/Game/CastleMap.CastleMap:PersistentLevel' has LevelScriptBlueprint '/Game/CastleMap.CastleMap:PersistentLevel.CastleMap' with GeneratedClass '/Game/CastleMap.CastleMap_C' with ClassGeneratedBy '/Game/CastleMap.CastleMap:PersistentLevel.CastleMap'
[2018.09.27-02.55.52:974][418]LogBlueprintUserMessages: Early EndPlayMap Detection: Level '/Game/CastleMap.CastleMap:PersistentLevel' has LevelScriptBlueprint '/Game/CastleMap.CastleMap:PersistentLevel.CastleMap' with GeneratedClass '/Game/CastleMap.CastleMap_C' with ClassGeneratedBy '/Game/CastleMap.CastleMap:PersistentLevel.CastleMap'
[2018.09.27-02.55.52:984][418]LogSlate: Updating window title bar state: overlay mode, drag disabled, window buttons hidden, title bar hidden
[2018.09.27-02.55.53:076][418]LogPlayLevel: Display: Shutting down PIE online subsystems
[2018.09.27-02.55.53:077][418]LogBlueprintUserMessages: Late EndPlayMap Detection: Level '/Game/CastleMap.CastleMap:PersistentLevel' has LevelScriptBlueprint '/Game/CastleMap.CastleMap:PersistentLevel.CastleMap' with GeneratedClass '/Game/CastleMap.CastleMap_C' with ClassGeneratedBy '/Game/CastleMap.CastleMap:PersistentLevel.CastleMap'
[2018.09.27-02.55.53:101][418]LogSlate: Updating window title bar state: overlay mode, drag disabled, window buttons hidden, title bar hidden
[2018.09.27-02.55.53:127][419]LogPlayLevel: Display: Destroying online subsystem :Context_2
[2018.09.27-02.55.55:111][648]LogEditorViewport: Clicking on Actor (LMB): PointLight (PointLight)
[2018.09.27-02.55.56:250][755]LogSlate: Took 0.022073 seconds to synchronously load lazily loaded font '../../../Engine/Content/Slate/Fonts/Roboto-Italic.ttf' (157K)
[2018.09.27-02.55.57:038][837]LogSlate: FSceneViewport::OnFocusLost() reason 0
[2018.09.27-02.56.01:952][353]LogSlate: FSceneViewport::OnFocusLost() reason 0
[2018.09.27-02.56.02:980][465]Cmd: SELECT NONE
[2018.09.27-02.56.30:139][991]Cmd: OBJ SAVEPACKAGE PACKAGE="/Game/CastleMap" FILE="../../../../../GitHub/CastleRavenloft/CastleRavenloft/Saved/Autosaves/Game/CastleMap_Auto1.umap" SILENT=true AUTOSAVING=true KEEPDIRTY=false
[2018.09.27-02.56.31:166][991]LogSavePackage: Moving '../../../../../GitHub/CastleRavenloft/CastleRavenloft/Saved/CastleMap_Auto19E2250D84F94091A476BC9A6C7020591.tmp' to '../../../../../GitHub/CastleRavenloft/CastleRavenloft/Saved/Autosaves/Game/CastleMap_Auto1.umap'
[2018.09.27-02.56.31:175][991]LogFileHelpers: Editor autosave (incl. sublevels) for '/Game/CastleMap' took 1.081
[2018.09.27-02.56.31:175][991]LogFileHelpers: Editor autosave (incl. sublevels) for all levels took 1.081
[2018.09.27-03.03.48:224][560]LogSlate: FSceneViewport::OnFocusLost() reason 0
[2018.09.27-03.03.56:766][473]LogEditorViewport: Clicking on Actor (LMB): PointLight (PointLight)
[2018.09.27-03.03.59:264][731]Cmd: EDIT COPY
[2018.09.27-03.04.00:315][825]Cmd: EDIT PASTE
[2018.09.27-03.04.00:858][873]LogSlate: FSceneViewport::OnFocusLost() reason 2
[2018.09.27-03.04.18:196][796]Cmd: EDIT COPY
[2018.09.27-03.04.19:042][893]Cmd: EDIT PASTE
[2018.09.27-03.04.26:815][534]LogSlate: FSceneViewport::OnFocusLost() reason 2
[2018.09.27-03.04.42:746][134]LogEditorViewport: Clicking on Actor (LMB): PointLight (PointLight)
[2018.09.27-03.04.45:183][369]Cmd: EDIT COPY
[2018.09.27-03.04.45:907][444]Cmd: EDIT PASTE
[2018.09.27-03.05.19:383][531]LogSlate: FSceneViewport::OnFocusLost() reason 0
[2018.09.27-03.05.19:915][546]MapCheck: New page: Map Check
[2018.09.27-03.05.19:969][546]Cmd: MAP REBUILD ALLVISIBLE
[2018.09.27-03.05.19:970][546]LogEditorServer: Rebuildmap Clear paths rebuilt
[2018.09.27-03.05.28:177][546]LogMaterial: Display: Missing cached shader map for material FDebugViewModeMaterialProxy MaterialInstanceDynamic_0, compiling. 
[2018.09.27-03.05.28:199][546]LogMaterial: Display: Missing cached shader map for material FDebugViewModeMaterialProxy WorldGridMaterial, compiling. Is special engine material.
[2018.09.27-03.05.28:826][546]LogShaderCompilers: Display: Shaders left to compile 1
[2018.09.27-03.05.28:826][546]LogShaderCompilers: Display: Shaders left to compile 1
[2018.09.27-03.05.28:826][546]TextureStreamingBuild: Display: Compiling optional shaders took 0.671 seconds.
[2018.09.27-03.05.28:858][546]LogLevel: Display: Export Material TexCoord Scales took 0.032 seconds.
[2018.09.27-03.05.28:925][546]TextureStreamingBuild: Display: Build Texture Streaming took 0.061 seconds.
[2018.09.27-03.05.28:949][546]LightingResults: New page: Lighting Build - Sep 26, 2018, 7:05:28 PM
[2018.09.27-03.05.29:166][546]LogSwarmInterface: [OpenConnection] Registering TCP channel ...
[2018.09.27-03.05.29:355][546]LogSwarmInterface: [OpenConnection] Connecting to agent ...
[2018.09.27-03.05.29:376][546]LogSwarmInterface: [TryOpenConnection] Testing the Agent
[2018.09.27-03.05.30:419][546]LogSwarmInterface: [TryOpenConnection] Opening Connection to Agent
[2018.09.27-03.05.30:419][546]LogSwarmInterface: [TryOpenConnection] Local Process ID is 1520
[2018.09.27-03.05.32:692][546]LogStaticLightingSystem: Warning: No importance volume found, so the scene bounding box was used.  You can optimize your scene's quality and lighting build times by adding importance volumes.
[2018.09.27-03.05.32:695][546]LogStaticLightingSystem: Running Lightmass w/ ImmediateImport mode ENABLED
[2018.09.27-03.05.32:695][546]LogStaticLightingSystem: Running Lightmass w/ ImmediateProcess mode ENABLED
[2018.09.27-03.05.32:695][546]LogStaticLightingSystem: Running Lightmass w/ Sorting mode ENABLED
[2018.09.27-03.05.32:695][546]LogStaticLightingSystem: Running Lightmass w/ Mapping paddings ENABLED
[2018.09.27-03.05.32:695][546]LogStaticLightingSystem: Running Lightmass w/ Mapping debug paddings DISABLED
[2018.09.27-03.05.33:099][546]Cmd: MAP CHECK DONTDISPLAYDIALOG
[2018.09.27-03.05.33:099][546]MapCheck: New page: CastleMap - Sep 26, 2018, 7:05:33 PM
[2018.09.27-03.05.33:108][546]MapCheck: Error: WorldInfo_0 Maps need lighting rebuilt 
[2018.09.27-03.05.33:191][546]MapCheck: Map check complete: 1 Error(s), 0 Warning(s), took 92.4ms to complete.
[2018.09.27-03.05.33:220][546]LogEditorBuildUtils: Build time 0:13
[2018.09.27-03.05.43:324][576]Job is a success!
[2018.09.27-03.05.43:805][577]LogVolumetricLightmapImport: Imported Volumetric Lightmap in 0.064s
[2018.09.27-03.05.43:805][577]LogVolumetricLightmapImport:      Indirection Texture 16x16x16 = 0.0Mb
[2018.09.27-03.05.43:805][577]LogVolumetricLightmapImport:      BrickData 1280x10x5 = 2.5Mb (trimmed 5.2Mb due to 0.010000 MinBrickError)
[2018.09.27-03.05.43:805][577]LogVolumetricLightmapImport:      Bricks at Level
[2018.09.27-03.05.43:805][577]LogVolumetricLightmapImport:          0: 0.3% covering 100.0% of volume
[2018.09.27-03.05.43:805][577]LogVolumetricLightmapImport:          1: 13.8% covering 75.0% of volume
[2018.09.27-03.05.43:805][577]LogVolumetricLightmapImport:          2: 85.9% covering 7.3% of volume
[2018.09.27-03.05.44:991][577]LogTexture: Display: Building textures: HQ_Lightmap0_1 (AutoDXT, 1024X1024)
[2018.09.27-03.05.44:991][577]LogTexture: Display: Building textures: LQ_Lightmap_0_1 (DXT1, 1024X1024)
[2018.09.27-03.05.44:991][577]LogTexture: Display: Building textures: SkyOcclusion0_1 (AutoDXT, 1024X512)
[2018.09.27-03.05.44:991][577]LogTexture: Display: Building textures: SkyOcclusion0_2 (AutoDXT, 1024X512)
[2018.09.27-03.05.44:991][577]LogTexture: Display: Building textures: HQ_Lightmap0_2 (AutoDXT, 1024X1024)
[2018.09.27-03.05.44:992][577]LogTexture: Display: Building textures: LQ_Lightmap_0_2 (DXT1, 1024X1024)
[2018.09.27-03.05.44:992][577]LogTexture: Display: Building textures: SkyOcclusion0_3 (AutoDXT, 1024X512)
[2018.09.27-03.05.44:992][577]LogTexture: Display: Building textures: HQ_Lightmap0_3 (AutoDXT, 1024X1024)
[2018.09.27-03.05.44:992][577]LogTexture: Display: Building textures: LQ_Lightmap_0_3 (DXT1, 1024X1024)
[2018.09.27-03.05.44:992][577]LogTexture: Display: Building textures: SkyOcclusion0_4 (AutoDXT, 64X32)
[2018.09.27-03.05.44:992][577]LogTexture: Display: Building textures: HQ_Lightmap0_4 (AutoDXT, 64X64)
[2018.09.27-03.05.44:992][577]LogTexture: Display: Building textures: LQ_Lightmap_0_4 (DXT1, 64X64)
[2018.09.27-03.05.45:191][577]LogTexture: Display: Building textures: ShadowMapTexture2D_1 (G8, 32X32)
[2018.09.27-03.05.45:255][577]LogTexture: Display: Building textures: ShadowMapTexture2D_0 (G8, 1024X1024)
[2018.09.27-03.05.45:305][577]Lightmass on DESKTOP-TRDEAJO: 10.2 sec total, 200 ms importing, 29 ms setup, 1.15 sec photons, 8.74 sec processing, 0 ms extra exporting [1631/1631 mappings]. Threads: 1:01 min total, 23.3 sec processing.
[2018.09.27-03.05.45:501][577]LogStaticLightingSystem: Illumination: 16.1 sec (571 ms encoding lightmaps, 259 ms encoding shadowmaps)
[2018.09.27-03.05.45:501][577]LogStaticLightingSystem: Lightmap texture memory:  8.0 MB (0.0 MB streaming, 8.0 MB non-streaming), 8 textures
[2018.09.27-03.05.45:501][577]LogStaticLightingSystem: Shadowmap texture memory: 1.3 MB (0.0 MB streaming, 1.3 MB non-streaming), 2 textures
[2018.09.27-03.05.45:693][577]DumpUnbuiltLightIteractions
[2018.09.27-03.05.45:693][577]Lights with unbuilt interactions: 0
[2018.09.27-03.05.45:693][577]
[2018.09.27-03.05.45:693][577]Primitives with unbuilt interactions: 0
[2018.09.27-03.05.45:879][578]Cmd: MAP CHECK NOTIFYRESULTS
[2018.09.27-03.05.45:879][578]MapCheck: New page: CastleMap - Sep 26, 2018, 7:05:45 PM
[2018.09.27-03.05.45:956][578]MapCheck: Map check complete: 0 Error(s), 0 Warning(s), took 76.532ms to complete.
[2018.09.27-03.05.55:987][733]LogSlate: Window 'Message Log' being destroyed
[2018.09.27-03.05.55:991][733]LogSlate: Window 'Message Log' being destroyed
[2018.09.27-03.05.57:614][912]LogSlate: FSceneViewport::OnFocusLost() reason 0
[2018.09.27-03.05.57:675][919]LogTemp: Repeating last play command: Selected Viewport
[2018.09.27-03.05.57:693][919]LogBlueprintUserMessages: Early PlayInEditor Detection: Level '/Game/CastleMap.CastleMap:PersistentLevel' has LevelScriptBlueprint '/Game/CastleMap.CastleMap:PersistentLevel.CastleMap' with GeneratedClass '/Game/CastleMap.CastleMap_C' with ClassGeneratedBy '/Game/CastleMap.CastleMap:PersistentLevel.CastleMap'
[2018.09.27-03.05.57:693][919]LogPlayLevel: PlayLevel: No blueprints needed recompiling
[2018.09.27-03.05.57:693][919]PIE: New page: PIE session: CastleMap (Sep 26, 2018, 7:05:57 PM)
[2018.09.27-03.05.57:694][919]LogPlayLevel: Creating play world package: /Game/UEDPIE_0_CastleMap
[2018.09.27-03.05.57:802][919]LogPlayLevel: PIE: StaticDuplicateObject took: (0.108450s)
[2018.09.27-03.05.57:803][919]LogAIModule: Creating AISystem for world CastleMap
[2018.09.27-03.05.57:803][919]LogPlayLevel: PIE: World Init took: (0.000901s)
[2018.09.27-03.05.57:803][919]LogPlayLevel: PIE: Created PIE world by copying editor world from /Game/CastleMap.CastleMap to /Game/UEDPIE_0_CastleMap.CastleMap (0.109605s)
[2018.09.27-03.05.57:832][919]LogInit: XAudio2 using 'Headset Earphone (Corsair VOID Wireless Gaming Dongle)' : 2 channels at 48 kHz using 16 bits per sample (channel mask 0x3)
[2018.09.27-03.05.57:843][919]LogInit: FAudioDevice initialized.
[2018.09.27-03.05.57:873][919]LogLoad: Game class is 'FirstPersonGameMode_C'
[2018.09.27-03.05.57:879][919]LogWorld: Bringing World /Game/UEDPIE_0_CastleMap.CastleMap up for play (max tick rate 0) at 2018.09.26-23.05.57
[2018.09.27-03.05.57:880][919]LogWorld: Bringing up level for play took: 0.006295
[2018.09.27-03.05.57:896][919]PIE: Play in editor start time for /Game/UEDPIE_0_CastleMap -0.108
[2018.09.27-03.05.57:896][919]LogBlueprintUserMessages: Late PlayInEditor Detection: Level '/Game/CastleMap.CastleMap:PersistentLevel' has LevelScriptBlueprint '/Game/CastleMap.CastleMap:PersistentLevel.CastleMap' with GeneratedClass '/Game/CastleMap.CastleMap_C' with ClassGeneratedBy '/Game/CastleMap.CastleMap:PersistentLevel.CastleMap'
[2018.09.27-03.06.07:583][ 71]LogBlueprintUserMessages: Early EndPlayMap Detection: Level '/Game/CastleMap.CastleMap:PersistentLevel' has LevelScriptBlueprint '/Game/CastleMap.CastleMap:PersistentLevel.CastleMap' with GeneratedClass '/Game/CastleMap.CastleMap_C' with ClassGeneratedBy '/Game/CastleMap.CastleMap:PersistentLevel.CastleMap'
[2018.09.27-03.06.07:583][ 71]LogSlate: Updating window title bar state: overlay mode, drag disabled, window buttons hidden, title bar hidden
[2018.09.27-03.06.07:618][ 71]LogPlayLevel: Display: Shutting down PIE online subsystems
[2018.09.27-03.06.07:618][ 71]LogBlueprintUserMessages: Late EndPlayMap Detection: Level '/Game/CastleMap.CastleMap:PersistentLevel' has LevelScriptBlueprint '/Game/CastleMap.CastleMap:PersistentLevel.CastleMap' with GeneratedClass '/Game/CastleMap.CastleMap_C' with ClassGeneratedBy '/Game/CastleMap.CastleMap:PersistentLevel.CastleMap'
[2018.09.27-03.06.07:640][ 71]LogSlate: Updating window title bar state: overlay mode, drag disabled, window buttons hidden, title bar hidden
[2018.09.27-03.06.07:685][ 73]LogPlayLevel: Display: Destroying online subsystem :Context_3
[2018.09.27-03.06.31:321][852]LogSlate: FSceneViewport::OnFocusLost() reason 0
[2018.09.27-03.06.50:158][971]LogMetaData: Removing '/Game/Maps/CastleMap.CastleMap_C' ref from Metadata '/Game/CastleMap.PackageMetaData'
[2018.09.27-03.06.50:158][971]LogMetaData: Removing '/Game/Maps/CastleMap.SKEL_CastleMap_C' ref from Metadata '/Game/CastleMap.PackageMetaData'
[2018.09.27-03.06.50:185][971]Cmd: OBJ SAVEPACKAGE PACKAGE="/Game/Maps/CastleMap_BuiltData" FILE="../../../../../GitHub/CastleRavenloft/CastleRavenloft/Content/Maps/CastleMap_BuiltData.uasset" SILENT=true
[2018.09.27-03.06.50:400][971]LogSavePackage: Moving '../../../../../GitHub/CastleRavenloft/CastleRavenloft/Saved/CastleMap_BuiltDataCD7BAE9449212E5F3556728DD357D7BD.tmp' to '../../../../../GitHub/CastleRavenloft/CastleRavenloft/Content/Maps/CastleMap_BuiltData.uasset'
[2018.09.27-03.06.50:465][971]Cmd: OBJ SAVEPACKAGE PACKAGE="/Game/Maps/CastleMap" FILE="../../../../../GitHub/CastleRavenloft/CastleRavenloft/Content/Maps/CastleMap.umap" SILENT=true AUTOSAVING=false KEEPDIRTY=false
[2018.09.27-03.06.51:195][971]LogSavePackage: Moving '../../../../../GitHub/CastleRavenloft/CastleRavenloft/Saved/CastleMap295763ED4B31D45062D627A0520CE467.tmp' to '../../../../../GitHub/CastleRavenloft/CastleRavenloft/Content/Maps/CastleMap.umap'
[2018.09.27-03.06.51:228][971]LogFileHelpers: Saving map 'CastleMap' took 0.823
[2018.09.27-03.07.00:530][ 38]LogSlate: FSceneViewport::OnFocusLost() reason 0
[2018.09.27-03.07.11:112][277]LogAssetEditorManager: Opening Asset editor for World /Game/Maps/MenuMap.MenuMap
[2018.09.27-03.07.15:145][277]LogSlate: Window 'Save Content' being destroyed
[2018.09.27-03.07.21:622][ 33]LogSlate: FSceneViewport::OnFocusLost() reason 0
[2018.09.27-03.07.21:808][ 54]LogAssetEditorManager: Opening Asset editor for World /Game/Maps/MenuMap.MenuMap
[2018.09.27-03.07.23:302][ 54]LogSlate: Window 'Save Content' being destroyed
[2018.09.27-03.07.23:385][ 54]Cmd: OBJ SAVEPACKAGE PACKAGE="/Game/Maps/MenuMap" FILE="../../../../../GitHub/CastleRavenloft/CastleRavenloft/Content/Maps/MenuMap.umap" SILENT=true AUTOSAVING=false KEEPDIRTY=false
[2018.09.27-03.07.23:416][ 54]LogSavePackage: Moving '../../../../../GitHub/CastleRavenloft/CastleRavenloft/Saved/MenuMap40E1E6034ED3E416CA51FA83A1C52E54.tmp' to '../../../../../GitHub/CastleRavenloft/CastleRavenloft/Content/Maps/MenuMap.umap'
[2018.09.27-03.07.23:417][ 54]LogFileHelpers: Saving map 'MenuMap' took 0.096
[2018.09.27-03.07.23:420][ 54]Cmd: MAP LOAD FILE="../../../../../GitHub/CastleRavenloft/CastleRavenloft/Content/Maps/MenuMap.umap" TEMPLATE=0 SHOWPROGRESS=1 FEATURELEVEL=3
[2018.09.27-03.07.23:420][ 54]LightingResults: New page: Lighting Build
[2018.09.27-03.07.23:421][ 54]LoadErrors: New page: Loading map: MenuMap.umap
[2018.09.27-03.07.23:423][ 54]MapCheck: New page: Map Check
[2018.09.27-03.07.23:423][ 54]LightingResults: New page: Lighting Build
[2018.09.27-03.07.23:505][ 54]LogEditorServer: Finished looking for orphan Actors (0.000 secs)
[2018.09.27-03.07.23:505][ 54]LogAIModule: Creating AISystem for world MenuMap
[2018.09.27-03.07.23:565][ 54]Cmd: MAP CHECKDEP NOCLEARLOG
[2018.09.27-03.07.23:629][ 54]MapCheck: Map check complete: 0 Error(s), 0 Warning(s), took 64.189ms to complete.
[2018.09.27-03.07.23:631][ 54]LogFileHelpers: Loading map 'MenuMap' took 0.213
[2018.09.27-03.08.02:192][ 79]LogSlate: Window 'CastleRavenloft - Unreal Editor' being destroyed
[2018.09.27-03.08.02:193][ 79]LogWindowsTextInputMethodSystem: Display: IME system now deactivated.
[2018.09.27-03.08.02:522][ 80]Cmd: QUIT_EDITOR
[2018.09.27-03.08.03:544][ 80]LogExit: Preparing to exit.
[2018.09.27-03.08.04:192][ 80]LogExit: Editor shut down
[2018.09.27-03.08.04:193][ 80]LogExit: Transaction tracking system shut down
[2018.09.27-03.08.04:591][ 80]LogExit: Object subsystem successfully closed.
[2018.09.27-03.08.04:611][ 80]LogShaderCompilers: Display: Shaders left to compile 0
[2018.09.27-03.08.04:615][ 80]LogD3D11RHI: Shutdown
[2018.09.27-03.08.04:615][ 80]LogD3D11RHI: CleanupD3DDevice
[2018.09.27-03.08.04:642][ 80]LogD3D11RHI: ~FD3D11DynamicRHI
[2018.09.27-03.08.04:664][ 80]LogModuleManager: Shutting down and abandoning module HierarchicalLODUtilities (618)
[2018.09.27-03.08.04:664][ 80]LogModuleManager: Shutting down and abandoning module MovieSceneCapture (616)
[2018.09.27-03.08.04:664][ 80]LogModuleManager: Shutting down and abandoning module Voice (614)
[2018.09.27-03.08.04:670][ 80]LogModuleManager: Shutting down and abandoning module HierarchicalLODOutliner (612)
[2018.09.27-03.08.04:670][ 80]LogModuleManager: Shutting down and abandoning module SceneOutliner (610)
[2018.09.27-03.08.04:670][ 80]LogModuleManager: Shutting down and abandoning module AddContentDialog (608)
[2018.09.27-03.08.04:672][ 80]LogModuleManager: Shutting down and abandoning module WidgetCarousel (607)
[2018.09.27-03.08.04:672][ 80]LogModuleManager: Shutting down and abandoning module EditorWidgets (604)
[2018.09.27-03.08.04:672][ 80]LogModuleManager: Shutting down and abandoning module CollectionManager (602)
[2018.09.27-03.08.04:672][ 80]LogModuleManager: Shutting down and abandoning module MeshBuilder (600)
[2018.09.27-03.08.04:672][ 80]LogModuleManager: Shutting down and abandoning module StatsViewer (598)
[2018.09.27-03.08.04:672][ 80]LogModuleManager: Shutting down and abandoning module FoliageEdit (596)
[2018.09.27-03.08.04:672][ 80]LogModuleManager: Shutting down and abandoning module LandscapeEditor (594)
[2018.09.27-03.08.04:672][ 80]LogModuleManager: Shutting down and abandoning module MeshPaintMode (592)
[2018.09.27-03.08.04:672][ 80]LogModuleManager: Shutting down and abandoning module SceneDepthPickerMode (590)
[2018.09.27-03.08.04:672][ 80]LogModuleManager: Shutting down and abandoning module ActorPickerMode (588)
[2018.09.27-03.08.04:672][ 80]LogModuleManager: Shutting down and abandoning module GeometryMode (586)
[2018.09.27-03.08.04:672][ 80]LogModuleManager: Shutting down and abandoning module TextureAlignMode (584)
[2018.09.27-03.08.04:672][ 80]LogModuleManager: Shutting down and abandoning module BspMode (582)
[2018.09.27-03.08.04:672][ 80]LogModuleManager: Shutting down and abandoning module PIEPreviewDeviceProfileSelector (580)
[2018.09.27-03.08.04:672][ 80]LogModuleManager: Shutting down and abandoning module SequenceRecorderSections (578)
[2018.09.27-03.08.04:672][ 80]LogModuleManager: Shutting down and abandoning module AutomationWorker (576)
[2018.09.27-03.08.04:672][ 80]LogModuleManager: Shutting down and abandoning module AudioCaptureEditor (574)
[2018.09.27-03.08.04:672][ 80]LogModuleManager: Shutting down and abandoning module SequenceRecorder (573)
[2018.09.27-03.08.04:672][ 80]LogModuleManager: Shutting down and abandoning module MatineeToLevelSequence (570)
[2018.09.27-03.08.04:672][ 80]LogModuleManager: Shutting down and abandoning module LevelSequenceEditor (568)
[2018.09.27-03.08.04:673][ 80]LogModuleManager: Shutting down and abandoning module PlacementMode (567)
[2018.09.27-03.08.04:673][ 80]LogModuleManager: Shutting down and abandoning module MaterialEditor (566)
[2018.09.27-03.08.04:673][ 80]LogModuleManager: Shutting down and abandoning module WmfMediaFactory (562)
[2018.09.27-03.08.04:673][ 80]LogModuleManager: Shutting down and abandoning module WmfMediaEditor (560)
[2018.09.27-03.08.04:673][ 80]LogModuleManager: Shutting down and abandoning module MediaPlayerEditor (558)
[2018.09.27-03.08.04:673][ 80]LogModuleManager: Shutting down and abandoning module OpenExrWrapper (556)
[2018.09.27-03.08.04:673][ 80]LogModuleManager: Shutting down and abandoning module ImgMediaFactory (554)
[2018.09.27-03.08.04:673][ 80]LogModuleManager: Shutting down and abandoning module ImgMediaEditor (552)
[2018.09.27-03.08.04:673][ 80]LogModuleManager: Shutting down and abandoning module AvfMediaFactory (550)
[2018.09.27-03.08.04:673][ 80]LogModuleManager: Shutting down and abandoning module AvfMediaEditor (548)
[2018.09.27-03.08.04:673][ 80]LogModuleManager: Shutting down and abandoning module AndroidMediaFactory (546)
[2018.09.27-03.08.04:673][ 80]LogModuleManager: Shutting down and abandoning module AndroidMediaEditor (544)
[2018.09.27-03.08.04:673][ 80]LogModuleManager: Shutting down and abandoning module MagicLeapCameraPreviewFactory (542)
[2018.09.27-03.08.04:673][ 80]LogModuleManager: Shutting down and abandoning module MagicLeapMediaFactory (540)
[2018.09.27-03.08.04:673][ 80]LogModuleManager: Shutting down and abandoning module MagicLeapMediaEditor (538)
[2018.09.27-03.08.04:673][ 80]LogModuleManager: Shutting down and abandoning module CharacterAI (536)
[2018.09.27-03.08.04:673][ 80]LogModuleManager: Shutting down and abandoning module SmartSnapping (534)
[2018.09.27-03.08.04:673][ 80]LogModuleManager: Shutting down and abandoning module SessionServices (532)
[2018.09.27-03.08.04:673][ 80]LogModuleManager: Shutting down and abandoning module ViewportSnapping (530)
[2018.09.27-03.08.04:673][ 80]LogModuleManager: Shutting down and abandoning module ViewportInteraction (528)
[2018.09.27-03.08.04:673][ 80]LogModuleManager: Shutting down and abandoning module ClothPainter (526)
[2018.09.27-03.08.04:673][ 80]LogModuleManager: Shutting down and abandoning module SkeletalMeshEditor (525)
[2018.09.27-03.08.04:673][ 80]LogModuleManager: Shutting down and abandoning module LogVisualizer (522)
[2018.09.27-03.08.04:673][ 80]LogModuleManager: Shutting down and abandoning module IntroTutorials (520)
[2018.09.27-03.08.04:673][ 80]LogModuleManager: Shutting down and abandoning module GameProjectGeneration (519)
[2018.09.27-03.08.04:673][ 80]LogModuleManager: Shutting down and abandoning module LuminPlatformEditor (516)
[2018.09.27-03.08.04:673][ 80]LogModuleManager: Shutting down and abandoning module IOSPlatformEditor (514)
[2018.09.27-03.08.04:673][ 80]LogModuleManager: Shutting down and abandoning module HTML5PlatformEditor (512)
[2018.09.27-03.08.04:673][ 80]LogModuleManager: Shutting down and abandoning module AndroidPlatformEditor (510)
[2018.09.27-03.08.04:673][ 80]LogModuleManager: Shutting down and abandoning module AndroidDeviceDetection (509)
[2018.09.27-03.08.05:355][ 80]LogModuleManager: Shutting down and abandoning module WindowsPlatformEditor (506)
[2018.09.27-03.08.05:355][ 80]LogModuleManager: Shutting down and abandoning module LuminRuntimeSettings (504)
[2018.09.27-03.08.05:355][ 80]LogModuleManager: Shutting down and abandoning module IOSRuntimeSettings (502)
[2018.09.27-03.08.05:355][ 80]LogModuleManager: Shutting down and abandoning module AndroidRuntimeSettings (500)
[2018.09.27-03.08.05:355][ 80]LogModuleManager: Shutting down and abandoning module InputBindingEditor (498)
[2018.09.27-03.08.05:355][ 80]LogModuleManager: Shutting down and abandoning module MergeActors (496)
[2018.09.27-03.08.05:355][ 80]LogModuleManager: Shutting down and abandoning module LocalizationDashboard (494)
[2018.09.27-03.08.05:356][ 80]LogModuleManager: Shutting down and abandoning module LocalizationService (493)
[2018.09.27-03.08.05:356][ 80]LogModuleManager: Shutting down and abandoning module HardwareTargeting (490)
[2018.09.27-03.08.05:356][ 80]LogModuleManager: Shutting down and abandoning module DeviceProfileEditor (488)
[2018.09.27-03.08.05:356][ 80]LogModuleManager: Shutting down and abandoning module UndoHistory (486)
[2018.09.27-03.08.05:356][ 80]LogModuleManager: Shutting down and abandoning module XmlParser (484)
[2018.09.27-03.08.05:356][ 80]LogModuleManager: Shutting down and abandoning module Blutility (482)
[2018.09.27-03.08.05:356][ 80]LogModuleManager: Shutting down and abandoning module ProjectSettingsViewer (480)
[2018.09.27-03.08.05:356][ 80]LogModuleManager: Shutting down and abandoning module ProjectTargetPlatformEditor (479)
[2018.09.27-03.08.05:356][ 80]LogModuleManager: Shutting down and abandoning module EditorSettingsViewer (476)
[2018.09.27-03.08.05:356][ 80]LogModuleManager: Shutting down and abandoning module SettingsEditor (474)
[2018.09.27-03.08.05:356][ 80]LogModuleManager: Shutting down and abandoning module ProjectLauncher (472)
[2018.09.27-03.08.05:356][ 80]LogModuleManager: Shutting down and abandoning module SessionFrontend (470)
[2018.09.27-03.08.05:356][ 80]LogModuleManager: Shutting down and abandoning module ProfilerClient (468)
[2018.09.27-03.08.05:356][ 80]LogModuleManager: Shutting down and abandoning module DeviceManager (466)
[2018.09.27-03.08.05:356][ 80]LogModuleManager: Shutting down and abandoning module TargetDeviceServices (465)
[2018.09.27-03.08.05:411][ 80]LogModuleManager: Shutting down and abandoning module AutomationController (462)
[2018.09.27-03.08.05:411][ 80]LogModuleManager: Shutting down and abandoning module AutomationWindow (460)
[2018.09.27-03.08.05:411][ 80]LogModuleManager: Shutting down and abandoning module Layers (458)
[2018.09.27-03.08.05:411][ 80]LogModuleManager: Shutting down and abandoning module ComponentVisualizers (456)
[2018.09.27-03.08.05:411][ 80]LogModuleManager: Shutting down and abandoning module DetailCustomizations (454)
[2018.09.27-03.08.05:411][ 80]LogModuleManager: Shutting down and abandoning module PackagesDialog (452)
[2018.09.27-03.08.05:411][ 80]LogModuleManager: Shutting down and abandoning module Persona (450)
[2018.09.27-03.08.05:411][ 80]LogModuleManager: Shutting down and abandoning module AdvancedPreviewScene (449)
[2018.09.27-03.08.05:411][ 80]LogModuleManager: Shutting down and abandoning module AnimGraph (447)
[2018.09.27-03.08.05:411][ 80]LogModuleManager: Shutting down and abandoning module Kismet (444)
[2018.09.27-03.08.05:412][ 80]LogModuleManager: Shutting down and abandoning module GraphEditor (442)
[2018.09.27-03.08.05:412][ 80]LogModuleManager: Shutting down and abandoning module ClassViewer (440)
[2018.09.27-03.08.05:412][ 80]LogModuleManager: Shutting down and abandoning module Toolbox (438)
[2018.09.27-03.08.05:412][ 80]LogModuleManager: Shutting down and abandoning module ModuleUI (436)
[2018.09.27-03.08.05:412][ 80]LogModuleManager: Shutting down and abandoning module MovieSceneTools (434)
[2018.09.27-03.08.05:412][ 80]LogModuleManager: Shutting down and abandoning module OutputLog (432)
[2018.09.27-03.08.05:412][ 80]LogModuleManager: Shutting down and abandoning module GammaUI (430)
[2018.09.27-03.08.05:412][ 80]LogModuleManager: Shutting down and abandoning module Documentation (428)
[2018.09.27-03.08.05:412][ 80]LogModuleManager: Shutting down and abandoning module MovieSceneTracks (426)
[2018.09.27-03.08.05:412][ 80]LogModuleManager: Shutting down and abandoning module MovieScene (424)
[2018.09.27-03.08.05:412][ 80]LogModuleManager: Shutting down and abandoning module StreamingPauseRendering (422)
[2018.09.27-03.08.05:412][ 80]LogModuleManager: Shutting down and abandoning module LauncherPlatform (420)
[2018.09.27-03.08.05:412][ 80]LogModuleManager: Shutting down and abandoning module AnalyticsET (418)
[2018.09.27-03.08.05:412][ 80]LogModuleManager: Shutting down and abandoning module PortalServices (416)
[2018.09.27-03.08.05:412][ 80]LogModuleManager: Shutting down and abandoning module PortalRpc (414)
[2018.09.27-03.08.05:412][ 80]LogModuleManager: Shutting down and abandoning module MessagingRpc (412)
[2018.09.27-03.08.05:412][ 80]LogModuleManager: Shutting down and abandoning module AIModule (410)
[2018.09.27-03.08.05:412][ 80]LogModuleManager: Shutting down and abandoning module GameplayDebugger (409)
[2018.09.27-03.08.05:412][ 80]LogModuleManager: Shutting down and abandoning module AITestSuite (407)
[2018.09.27-03.08.05:412][ 80]LogModuleManager: Shutting down and abandoning module NavigationSystem (405)
[2018.09.27-03.08.05:412][ 80]LogModuleManager: Shutting down and abandoning module DesktopPlatform (402)
[2018.09.27-03.08.05:412][ 80]LogModuleManager: Shutting down and abandoning module ProfilerService (400)
[2018.09.27-03.08.05:451][ 80]LogModuleManager: Shutting down and abandoning module TaskGraph (398)
[2018.09.27-03.08.05:451][ 80]LogModuleManager: Shutting down and abandoning module SteamVRController (396)
[2018.09.27-03.08.05:451][ 80]LogModuleManager: Shutting down and abandoning module ProceduralMeshComponentEditor (394)
[2018.09.27-03.08.05:451][ 80]LogModuleManager: Shutting down and abandoning module ProceduralMeshComponent (392)
[2018.09.27-03.08.05:451][ 80]LogModuleManager: Shutting down and abandoning module OculusInput (390)
[2018.09.27-03.08.05:451][ 80]LogModuleManager: Shutting down and abandoning module MobilePatchingUtils (388)
[2018.09.27-03.08.05:451][ 80]LogModuleManager: Shutting down and abandoning module EditableMesh (386)
[2018.09.27-03.08.05:452][ 80]LogModuleManager: Shutting down and abandoning module CustomMeshComponent (384)
[2018.09.27-03.08.05:452][ 80]LogModuleManager: Shutting down and abandoning module CableComponent (382)
[2018.09.27-03.08.05:452][ 80]LogModuleManager: Shutting down and abandoning module AudioCapture (380)
[2018.09.27-03.08.05:452][ 80]LogModuleManager: Shutting down and abandoning module ArchVisCharacter (378)
[2018.09.27-03.08.05:452][ 80]LogModuleManager: Shutting down and abandoning module AndroidPermission (376)
[2018.09.27-03.08.05:452][ 80]LogModuleManager: Shutting down and abandoning module NUTUnrealEngine4 (374)
[2018.09.27-03.08.05:452][ 80]LogModuleManager: Shutting down and abandoning module NetcodeUnitTest (372)
[2018.09.27-03.08.05:452][ 80]LogModuleManager: Shutting down and abandoning module MediaCompositingEditor (370)
[2018.09.27-03.08.05:452][ 80]LogModuleManager: Shutting down and abandoning module MediaCompositing (368)
[2018.09.27-03.08.05:452][ 80]LogModuleManager: Shutting down and abandoning module LinearTimecode (366)
[2018.09.27-03.08.05:452][ 80]LogModuleManager: Shutting down and abandoning module ImgMedia (364)
[2018.09.27-03.08.05:454][ 80]LogModuleManager: Shutting down and abandoning module HTML5Networking (362)
[2018.09.27-03.08.05:455][ 80]LogModuleManager: Shutting down and abandoning module GeometryCacheTracks (360)
[2018.09.27-03.08.05:455][ 80]LogModuleManager: Shutting down and abandoning module GeometryCacheSequencer (358)
[2018.09.27-03.08.05:455][ 80]LogModuleManager: Shutting down and abandoning module BackChannel (356)
[2018.09.27-03.08.05:455][ 80]LogModuleManager: Shutting down and abandoning module AppleVision (354)
[2018.09.27-03.08.05:455][ 80]LogModuleManager: Shutting down and abandoning module AppleImageUtils (352)
[2018.09.27-03.08.05:455][ 80]LogModuleManager: Shutting down and abandoning module AlembicImporter (350)
[2018.09.27-03.08.05:455][ 80]LogModuleManager: Shutting down and abandoning module AlembicLibrary (349)
[2018.09.27-03.08.05:455][ 80]LogModuleManager: Shutting down and abandoning module GeometryCache (348)
[2018.09.27-03.08.05:455][ 80]LogModuleManager: Shutting down and abandoning module GeometryCacheEd (347)
[2018.09.27-03.08.05:455][ 80]LogModuleManager: Shutting down and abandoning module DatasmithContentEditor (342)
[2018.09.27-03.08.05:455][ 80]LogModuleManager: Shutting down and abandoning module DatasmithContent (340)
[2018.09.27-03.08.05:455][ 80]LogModuleManager: Shutting down and abandoning module SpeedTreeImporter (338)
[2018.09.27-03.08.05:455][ 80]LogModuleManager: Shutting down and abandoning module PluginBrowser (336)
[2018.09.27-03.08.05:455][ 80]LogModuleManager: Shutting down and abandoning module MobileLauncherProfileWizard (334)
[2018.09.27-03.08.05:455][ 80]LogModuleManager: Shutting down and abandoning module PolygonModeling (332)
[2018.09.27-03.08.05:455][ 80]LogModuleManager: Shutting down and abandoning module MeshEditor (330)
[2018.09.27-03.08.05:455][ 80]LogModuleManager: Shutting down and abandoning module CryptoKeysOpenSSL (328)
[2018.09.27-03.08.05:455][ 80]LogModuleManager: Shutting down and abandoning module CryptoKeys (326)
[2018.09.27-03.08.05:455][ 80]LogModuleManager: Shutting down and abandoning module VisualStudioSourceCodeAccess (324)
[2018.09.27-03.08.05:455][ 80]LogModuleManager: Shutting down and abandoning module VisualStudioCodeSourceCodeAccess (322)
[2018.09.27-03.08.05:456][ 80]LogModuleManager: Shutting down and abandoning module UObjectPlugin (320)
[2018.09.27-03.08.05:456][ 80]LogModuleManager: Shutting down and abandoning module SubversionSourceControl (318)
[2018.09.27-03.08.05:456][ 80]LogModuleManager: Shutting down and abandoning module PerforceSourceControl (316)
[2018.09.27-03.08.05:456][ 80]LogModuleManager: Shutting down and abandoning module GitSourceControl (314)
[2018.09.27-03.08.05:456][ 80]LogModuleManager: Shutting down and abandoning module SourceControl (313)
[2018.09.27-03.08.05:456][ 80]LogModuleManager: Shutting down and abandoning module CLionSourceCodeAccess (310)
[2018.09.27-03.08.05:456][ 80]LogModuleManager: Shutting down and abandoning module LightPropagationVolumeEditor (308)
[2018.09.27-03.08.05:456][ 80]LogModuleManager: Shutting down and abandoning module PaperTiledImporter (306)
[2018.09.27-03.08.05:456][ 80]LogModuleManager: Shutting down and abandoning module PaperSpriteSheetImporter (304)
[2018.09.27-03.08.05:456][ 80]LogModuleManager: Shutting down and abandoning module Paper2DEditor (302)
[2018.09.27-03.08.05:456][ 80]LogModuleManager: Shutting down and abandoning module MeshPaint (301)
[2018.09.27-03.08.05:456][ 80]LogModuleManager: Shutting down and abandoning module RuntimePhysXCooking (298)
[2018.09.27-03.08.05:456][ 80]LogModuleManager: Shutting down and abandoning module PhysXVehiclesEditor (296)
[2018.09.27-03.08.05:456][ 80]LogModuleManager: Shutting down and abandoning module PhysXVehicles (294)
[2018.09.27-03.08.05:456][ 80]LogModuleManager: Shutting down and abandoning module OculusEditor (292)
[2018.09.27-03.08.05:456][ 80]LogModuleManager: Shutting down and abandoning module LocationServicesBPLibrary (290)
[2018.09.27-03.08.05:456][ 80]LogModuleManager: Shutting down and abandoning module ImmediatePhysicsEditor (288)
[2018.09.27-03.08.05:456][ 80]LogModuleManager: Shutting down and abandoning module ImmediatePhysics (286)
[2018.09.27-03.08.05:456][ 80]LogModuleManager: Shutting down and abandoning module ActorSequence (284)
[2018.09.27-03.08.05:456][ 80]LogModuleManager: Shutting down and abandoning module UdpMessaging (282)
[2018.09.27-03.08.05:556][ 80]LogModuleManager: Shutting down and abandoning module TcpMessaging (280)
[2018.09.27-03.08.05:657][ 80]LogModuleManager: Shutting down and abandoning module MagicLeapAudio (278)
[2018.09.27-03.08.05:657][ 80]LogModuleManager: Shutting down and abandoning module GameplayTagsEditor (276)
[2018.09.27-03.08.05:657][ 80]LogModuleManager: Shutting down and abandoning module FacialAnimationEditor (274)
[2018.09.27-03.08.05:657][ 80]LogModuleManager: Shutting down and abandoning module FacialAnimation (272)
[2018.09.27-03.08.05:657][ 80]LogModuleManager: Shutting down and abandoning module DataValidation (270)
[2018.09.27-03.08.05:657][ 80]LogModuleManager: Shutting down and abandoning module AssetManagerEditor (268)
[2018.09.27-03.08.05:657][ 80]LogModuleManager: Shutting down and abandoning module LevelEditor (267)
[2018.09.27-03.08.05:658][ 80]LogModuleManager: Shutting down and abandoning module PixelInspectorModule (266)
[2018.09.27-03.08.05:658][ 80]LogModuleManager: Shutting down and abandoning module CommonMenuExtensions (264)
[2018.09.27-03.08.05:658][ 80]LogModuleManager: Shutting down and abandoning module MainFrame (262)
[2018.09.27-03.08.05:658][ 80]LogModuleManager: Shutting down and abandoning module HotReload (261)
[2018.09.27-03.08.05:659][ 80]LogModuleManager: Shutting down and abandoning module ContentBrowser (257)
[2018.09.27-03.08.05:659][ 80]LogModuleManager: Shutting down and abandoning module TreeMap (255)
[2018.09.27-03.08.05:659][ 80]LogModuleManager: Shutting down and abandoning module LightPropagationVolumeRuntime (252)
[2018.09.27-03.08.05:659][ 80]LogModuleManager: Shutting down and abandoning module AISupportModule (250)
[2018.09.27-03.08.05:660][ 80]LogModuleManager: Shutting down and abandoning module Paper2D (248)
[2018.09.27-03.08.05:660][ 80]LogModuleManager: Shutting down and abandoning module WindowsMoviePlayer (246)
[2018.09.27-03.08.05:660][ 80]LogModuleManager: Shutting down and abandoning module WmfMedia (244)
[2018.09.27-03.08.05:661][ 80]LogModuleManager: Shutting down and abandoning module Media (243)
[2018.09.27-03.08.05:667][ 80]LogModuleManager: Shutting down and abandoning module PacketHandler (240)
[2018.09.27-03.08.05:667][ 80]LogModuleManager: Shutting down and abandoning module ClothingSystemEditor (238)
[2018.09.27-03.08.05:667][ 80]LogModuleManager: Shutting down and abandoning module ClothingSystemRuntime (236)
[2018.09.27-03.08.05:667][ 80]LogModuleManager: Shutting down and abandoning module MediaAssets (234)
[2018.09.27-03.08.05:667][ 80]LogModuleManager: Shutting down and abandoning module Overlay (232)
[2018.09.27-03.08.05:667][ 80]LogModuleManager: Shutting down and abandoning module OverlayEditor (231)
[2018.09.27-03.08.05:667][ 80]LogModuleManager: Shutting down and abandoning module VREditor (228)
[2018.09.27-03.08.05:667][ 80]LogModuleManager: Shutting down and abandoning module StringTableEditor (226)
[2018.09.27-03.08.05:667][ 80]LogModuleManager: Shutting down and abandoning module GameplayTasksEditor (224)
[2018.09.27-03.08.05:667][ 80]LogModuleManager: Shutting down and abandoning module BehaviorTreeEditor (222)
[2018.09.27-03.08.05:667][ 80]LogModuleManager: Shutting down and abandoning module FunctionalTesting (220)
[2018.09.27-03.08.05:667][ 80]LogModuleManager: Shutting down and abandoning module CollisionAnalyzer (218)
[2018.09.27-03.08.05:667][ 80]LogModuleManager: Shutting down and abandoning module WorkspaceMenuStructure (217)
[2018.09.27-03.08.05:667][ 80]LogModuleManager: Shutting down and abandoning module UMG (214)
[2018.09.27-03.08.05:667][ 80]LogModuleManager: Shutting down and abandoning module UMGEditor (213)
[2018.09.27-03.08.05:667][ 80]LogModuleManager: Shutting down and abandoning module Sequencer (212)
[2018.09.27-03.08.05:667][ 80]LogModuleManager: Shutting down and abandoning module MessageLog (209)
[2018.09.27-03.08.05:668][ 80]LogModuleManager: Shutting down and abandoning module SlateReflector (204)
[2018.09.27-03.08.05:668][ 80]LogModuleManager: Shutting down and abandoning module Slate (202)
[2018.09.27-03.08.05:668][ 80]LogModuleManager: Shutting down and abandoning module EditorStyle (200)
[2018.09.27-03.08.05:669][ 80]LogModuleManager: Shutting down and abandoning module MRMesh (198)
[2018.09.27-03.08.05:669][ 80]LogModuleManager: Shutting down and abandoning module SourceCodeAccess (196)
[2018.09.27-03.08.05:669][ 80]LogModuleManager: Shutting down and abandoning module HeadMountedDisplay (194)
[2018.09.27-03.08.05:669][ 80]LogModuleManager: Shutting down and abandoning module XAudio2 (192)
[2018.09.27-03.08.05:669][ 80]LogModuleManager: Shutting down and abandoning module Networking (190)
[2018.09.27-03.08.05:669][ 80]LogModuleManager: Shutting down and abandoning module Core (188)
[2018.09.27-03.08.05:669][ 80]LogModuleManager: Shutting down and abandoning module LevelSequence (186)
[2018.09.27-03.08.05:669][ 80]LogModuleManager: Shutting down and abandoning module KismetCompiler (184)
[2018.09.27-03.08.05:669][ 80]LogModuleManager: Shutting down and abandoning module MeshUtilities (182)
[2018.09.27-03.08.05:670][ 80]LogModuleManager: Shutting down and abandoning module MeshMergeUtilities (181)
[2018.09.27-03.08.05:670][ 80]LogModuleManager: Shutting down and abandoning module MeshReductionInterface (180)
[2018.09.27-03.08.05:670][ 80]LogModuleManager: Shutting down and abandoning module SimplygonSwarm (179)
[2018.09.27-03.08.05:670][ 80]LogModuleManager: Shutting down and abandoning module ProxyLODMeshReduction (177)
[2018.09.27-03.08.05:670][ 80]LogModuleManager: Shutting down and abandoning module SimplygonMeshReduction (175)
[2018.09.27-03.08.05:670][ 80]LogModuleManager: Shutting down and abandoning module QuadricMeshReduction (173)
[2018.09.27-03.08.05:670][ 80]LogModuleManager: Shutting down and abandoning module MaterialBaking (169)
[2018.09.27-03.08.05:670][ 80]LogModuleManager: Shutting down and abandoning module DirectoryWatcher (165)
[2018.09.27-03.08.05:670][ 80]LogModuleManager: Shutting down and abandoning module DerivedDataCache (162)
[2018.09.27-03.08.05:709][ 80]LogDerivedDataCache: Shutdown
[2018.09.27-03.08.05:709][ 80]LogModuleManager: Shutting down and abandoning module XGEController (160)
[2018.09.27-03.08.05:709][ 80]LogModuleManager: Shutting down and abandoning module TargetPlatform (158)
[2018.09.27-03.08.05:709][ 80]LogModuleManager: Shutting down and abandoning module VulkanShaderFormat (157)
[2018.09.27-03.08.05:709][ 80]LogModuleManager: Shutting down and abandoning module ShaderFormatVectorVM (155)
[2018.09.27-03.08.05:709][ 80]LogModuleManager: Shutting down and abandoning module ShaderFormatOpenGL (153)
[2018.09.27-03.08.05:709][ 80]LogModuleManager: Shutting down and abandoning module ShaderFormatD3D (151)
[2018.09.27-03.08.05:709][ 80]LogModuleManager: Shutting down and abandoning module MetalShaderFormat (149)
[2018.09.27-03.08.05:709][ 80]LogModuleManager: Shutting down and abandoning module TextureFormatUncompressed (147)
[2018.09.27-03.08.05:709][ 80]LogModuleManager: Shutting down and abandoning module TextureFormatPVR (145)
[2018.09.27-03.08.05:709][ 80]LogModuleManager: Shutting down and abandoning module TextureFormatDXT (143)
[2018.09.27-03.08.05:709][ 80]LogModuleManager: Shutting down and abandoning module TextureFormatIntelISPCTexComp (141)
[2018.09.27-03.08.05:709][ 80]LogModuleManager: Shutting down and abandoning module TextureFormatASTC (139)
[2018.09.27-03.08.05:709][ 80]LogModuleManager: Shutting down and abandoning module ImageWrapper (138)
[2018.09.27-03.08.05:709][ 80]LogModuleManager: Shutting down and abandoning module TextureFormatAndroid (135)
[2018.09.27-03.08.05:709][ 80]LogModuleManager: Shutting down and abandoning module AudioFormatOpus (133)
[2018.09.27-03.08.05:709][ 80]LogModuleManager: Shutting down and abandoning module AudioFormatOgg (131)
[2018.09.27-03.08.05:709][ 80]LogModuleManager: Shutting down and abandoning module AudioFormatADPCM (129)
[2018.09.27-03.08.05:709][ 80]LogModuleManager: Shutting down and abandoning module LuminTargetPlatform (127)
[2018.09.27-03.08.05:709][ 80]LogModuleManager: Shutting down and abandoning module LinuxTargetPlatform (125)
[2018.09.27-03.08.05:710][ 80]LogModuleManager: Shutting down and abandoning module LinuxServerTargetPlatform (123)
[2018.09.27-03.08.05:710][ 80]LogModuleManager: Shutting down and abandoning module LinuxNoEditorTargetPlatform (121)
[2018.09.27-03.08.05:710][ 80]LogModuleManager: Shutting down and abandoning module LinuxClientTargetPlatform (119)
[2018.09.27-03.08.05:710][ 80]LogModuleManager: Shutting down and abandoning module TVOSTargetPlatform (117)
[2018.09.27-03.08.05:716][ 80]LogModuleManager: Shutting down and abandoning module Messaging (115)
[2018.09.27-03.08.05:716][ 80]LogModuleManager: Shutting down and abandoning module IOSTargetPlatform (113)
[2018.09.27-03.08.05:721][ 80]LogModuleManager: Shutting down and abandoning module HTML5TargetPlatform (111)
[2018.09.27-03.08.05:721][ 80]LogModuleManager: Shutting down and abandoning module AndroidTargetPlatform (109)
[2018.09.27-03.08.05:752][ 80]LogModuleManager: Shutting down and abandoning module WindowsTargetPlatform (107)
[2018.09.27-03.08.05:752][ 80]LogModuleManager: Shutting down and abandoning module WindowsServerTargetPlatform (105)
[2018.09.27-03.08.05:752][ 80]LogModuleManager: Shutting down and abandoning module WindowsNoEditorTargetPlatform (103)
[2018.09.27-03.08.05:752][ 80]LogModuleManager: Shutting down and abandoning module WindowsClientTargetPlatform (101)
[2018.09.27-03.08.05:752][ 80]LogModuleManager: Shutting down and abandoning module MacTargetPlatform (99)
[2018.09.27-03.08.05:752][ 80]LogModuleManager: Shutting down and abandoning module MacServerTargetPlatform (97)
[2018.09.27-03.08.05:753][ 80]LogModuleManager: Shutting down and abandoning module MacNoEditorTargetPlatform (95)
[2018.09.27-03.08.05:753][ 80]LogModuleManager: Shutting down and abandoning module MacClientTargetPlatform (93)
[2018.09.27-03.08.05:753][ 80]LogModuleManager: Shutting down and abandoning module AllDesktopTargetPlatform (91)
[2018.09.27-03.08.05:753][ 80]LogModuleManager: Shutting down and abandoning module InputCore (88)
[2018.09.27-03.08.05:753][ 80]LogModuleManager: Shutting down and abandoning module Settings (86)
[2018.09.27-03.08.05:753][ 80]LogModuleManager: Shutting down and abandoning module PhysXCooking (84)
[2018.09.27-03.08.05:753][ 80]LogModuleManager: Shutting down and abandoning module SteamVR (82)
[2018.09.27-03.08.05:753][ 80]LogModuleManager: Shutting down and abandoning module OculusHMD (80)
[2018.09.27-03.08.05:753][ 80]LogModuleManager: Shutting down and abandoning module ExampleDeviceProfileSelector (78)
[2018.09.27-03.08.05:753][ 80]LogModuleManager: Shutting down and abandoning module LauncherChunkInstaller (76)
[2018.09.27-03.08.05:753][ 80]LogModuleManager: Shutting down and abandoning module OnlineBlueprintSupport (74)
[2018.09.27-03.08.05:753][ 80]LogModuleManager: Shutting down and abandoning module OnlineSubsystem (70)
[2018.09.27-03.08.05:754][ 80]LogModuleManager: Shutting down and abandoning module XMPP (65)
[2018.09.27-03.08.05:754][ 80]LogModuleManager: Shutting down and abandoning module WebSockets (64)
[2018.09.27-03.08.05:789][ 80]LogModuleManager: Shutting down and abandoning module HTTP (61)
[2018.09.27-03.08.05:789][ 80]LogHttp: Display: Http module shutting down, but needs to wait on 1 outstanding Http requests:
[2018.09.27-03.08.05:789][ 80]LogHttp: Display: 	verb=[POST] url=[https://datarouter.ol.epicgames.com/datarouter/api/v1/public/data?SessionID=%7B3BFB1ED4-4E51-7B75-F661-EF9CC9C8DD4A%7D&AppID=UEEditor.Rocket.Release&AppVersion=4.20.3-4369336%2B%2B%2BUE4%2BRelease-4.20&UserID=3390e48f42edcfc399dbc0aac3562c11%7Cd8e41813bb5c4e62b4ce07fe080dc9e0%7C72d11875-506a-4c23-b636-6aa1269d9b41&AppEnvironment=datacollector-binary&UploadType=eteventstream] status=Processing
[2018.09.27-03.08.05:803][ 80]LogModuleManager: Shutting down and abandoning module SSL (60)
[2018.09.27-03.08.05:804][ 80]LogModuleManager: Shutting down and abandoning module MagicLeapEmulator (56)
[2018.09.27-03.08.05:804][ 80]LogModuleManager: Shutting down and abandoning module MagicLeapPrivileges (54)
[2018.09.27-03.08.05:804][ 80]LogModuleManager: Shutting down and abandoning module MagicLeapIdentity (52)
[2018.09.27-03.08.05:804][ 80]LogModuleManager: Shutting down and abandoning module MagicLeapHelperVulkan (50)
[2018.09.27-03.08.05:804][ 80]LogModuleManager: Shutting down and abandoning module MagicLeapHelperOpenGL (48)
[2018.09.27-03.08.05:804][ 80]LogModuleManager: Shutting down and abandoning module MagicLeapSecureStorage (46)
[2018.09.27-03.08.05:804][ 80]LogModuleManager: Shutting down and abandoning module MagicLeapGestures (44)
[2018.09.27-03.08.05:804][ 80]LogModuleManager: Shutting down and abandoning module MagicLeapEyeTracker (42)
[2018.09.27-03.08.05:804][ 80]LogModuleManager: Shutting down and abandoning module MagicLeapController (40)
[2018.09.27-03.08.05:805][ 80]LogSlate: Slate User Destroyed.  User Index 0, Is Virtual User: 0
[2018.09.27-03.08.05:805][ 80]LogModuleManager: Shutting down and abandoning module MagicLeap (38)
[2018.09.27-03.08.05:805][ 80]LogModuleManager: Shutting down and abandoning module AnimationModifiers (36)
[2018.09.27-03.08.05:805][ 80]LogModuleManager: Shutting down and abandoning module PropertyEditor (35)
[2018.09.27-03.08.05:805][ 80]LogModuleManager: Shutting down and abandoning module AudioEditor (32)
[2018.09.27-03.08.05:805][ 80]LogModuleManager: Shutting down and abandoning module TextureCompressor (30)
[2018.09.27-03.08.05:805][ 80]LogModuleManager: Shutting down and abandoning module ShaderCore (28)
[2018.09.27-03.08.05:805][ 80]LogModuleManager: Shutting down and abandoning module Landscape (26)
[2018.09.27-03.08.05:805][ 80]LogModuleManager: Shutting down and abandoning module SlateRHIRenderer (24)
[2018.09.27-03.08.05:806][ 80]LogModuleManager: Shutting down and abandoning module OpenGLDrv (22)
[2018.09.27-03.08.05:806][ 80]LogModuleManager: Shutting down and abandoning module D3D11RHI (20)
[2018.09.27-03.08.05:806][ 80]LogModuleManager: Shutting down and abandoning module AnimGraphRuntime (18)
[2018.09.27-03.08.05:806][ 80]LogModuleManager: Shutting down and abandoning module Renderer (16)
[2018.09.27-03.08.05:806][ 80]LogModuleManager: Shutting down and abandoning module Engine (14)
[2018.09.27-03.08.05:806][ 80]LogModuleManager: Shutting down and abandoning module CoreUObject (12)
[2018.09.27-03.08.05:806][ 80]LogModuleManager: Shutting down and abandoning module NetworkFile (10)
[2018.09.27-03.08.05:806][ 80]LogModuleManager: Shutting down and abandoning module CookedIterativeFile (8)
[2018.09.27-03.08.05:806][ 80]LogModuleManager: Shutting down and abandoning module StreamingFile (6)
[2018.09.27-03.08.05:806][ 80]LogModuleManager: Shutting down and abandoning module SandboxFile (4)
[2018.09.27-03.08.05:806][ 80]LogModuleManager: Shutting down and abandoning module PakFile (2)
[2018.09.27-03.08.05:813][ 80]LogExit: Exiting.
[2018.09.27-03.08.05:834][ 80]Log file closed, 09/26/18 23:08:05
