Log file open, 11/16/18 12:44:17
LogWindows: Failed to load 'aqProf.dll' (GetLastError=126)
LogWindows: File 'aqProf.dll' does not exist
LogWindows: Failed to load 'VSPerf140.dll' (GetLastError=126)
LogWindows: File 'VSPerf140.dll' does not exist
LogWindows: Failed to load 'VtuneApi.dll' (GetLastError=126)
LogWindows: File 'VtuneApi.dll' does not exist
LogWindows: Failed to load 'VtuneApi32e.dll' (GetLastError=126)
LogWindows: File 'VtuneApi32e.dll' does not exist
LogInit: Display: Running engine for game: CastleRavenloft
LogPlatformFile: Not using cached read wrapper
LogTaskGraph: Started task graph with 5 named threads and 23 total threads with 3 sets of task threads.
LogStats: Stats thread started at 0.244652
LogD3D11RHI: Loaded GFSDK_Aftermath_Lib.x64.dll
LogICUInternationalization: Display: ICU TimeZone Detection - Raw Offset: -5:00, Platform Override: ''
LogPluginManager: Mounting plugin Paper2D
LogPluginManager: Mounting plugin AISupport
LogPluginManager: Mounting plugin LightPropagationVolume
LogPluginManager: Mounting plugin CLionSourceCodeAccess
LogPluginManager: Mounting plugin CodeLiteSourceCodeAccess
LogPluginManager: Mounting plugin GitSourceControl
LogPluginManager: Mounting plugin KDevelopSourceCodeAccess
LogPluginManager: Mounting plugin NullSourceCodeAccess
LogPluginManager: Mounting plugin PerforceSourceControl
LogPluginManager: Mounting plugin SubversionSourceControl
LogPluginManager: Mounting plugin UObjectPlugin
LogPluginManager: Mounting plugin VisualStudioCodeSourceCodeAccess
LogPluginManager: Mounting plugin VisualStudioSourceCodeAccess
LogPluginManager: Mounting plugin XCodeSourceCodeAccess
LogPluginManager: Mounting plugin AssetManagerEditor
LogPluginManager: Mounting plugin CryptoKeys
LogPluginManager: Mounting plugin DataValidation
LogPluginManager: Mounting plugin FacialAnimation
LogPluginManager: Mounting plugin GameplayTagsEditor
LogPluginManager: Mounting plugin MacGraphicsSwitching
LogPluginManager: Mounting plugin MeshEditor
LogPluginManager: Mounting plugin MobileLauncherProfileWizard
LogPluginManager: Mounting plugin PluginBrowser
LogPluginManager: Mounting plugin SpeedTreeImporter
LogPluginManager: Mounting plugin DatasmithContent
LogPluginManager: Mounting plugin AlembicImporter
LogPluginManager: Mounting plugin AppleImageUtils
LogPluginManager: Mounting plugin AppleVision
LogPluginManager: Mounting plugin BackChannel
LogPluginManager: Mounting plugin CharacterAI
LogPluginManager: Mounting plugin GeometryCache
LogPluginManager: Mounting plugin HTML5Networking
LogPluginManager: Mounting plugin ProxyLODPlugin
LogPluginManager: Mounting plugin MagicLeap
LogPluginManager: Mounting plugin MagicLeapEmulator
LogPluginManager: Mounting plugin MagicLeapMedia
LogPluginManager: Mounting plugin AndroidMedia
LogPluginManager: Mounting plugin AvfMedia
LogPluginManager: Mounting plugin ImgMedia
LogPluginManager: Mounting plugin LinearTimecode
LogPluginManager: Mounting plugin MediaCompositing
LogPluginManager: Mounting plugin MediaPlayerEditor
LogPluginManager: Mounting plugin WmfMedia
LogPluginManager: Mounting plugin TcpMessaging
LogPluginManager: Mounting plugin UdpMessaging
LogPluginManager: Mounting plugin ActorSequence
LogPluginManager: Mounting plugin LevelSequenceEditor
LogPluginManager: Mounting plugin MatineeToLevelSequence
LogPluginManager: Mounting plugin NetcodeUnitTest
LogPluginManager: Mounting plugin NUTUnrealEngine4
LogPluginManager: Mounting plugin OnlineSubsystemGooglePlay
LogPluginManager: Mounting plugin OnlineSubsystemIOS
LogPluginManager: Mounting plugin OnlineSubsystem
LogPluginManager: Mounting plugin OnlineSubsystemNull
LogPluginManager: Mounting plugin OnlineSubsystemUtils
LogPluginManager: Mounting plugin LauncherChunkInstaller
LogPluginManager: Mounting plugin AndroidDeviceProfileSelector
LogPluginManager: Mounting plugin AndroidMoviePlayer
LogPluginManager: Mounting plugin AndroidPermission
LogPluginManager: Mounting plugin AppleMoviePlayer
LogPluginManager: Mounting plugin ArchVisCharacter
LogPluginManager: Mounting plugin AudioCapture
LogPluginManager: Mounting plugin CableComponent
LogPluginManager: Mounting plugin CustomMeshComponent
LogPluginManager: Mounting plugin EditableMesh
LogPluginManager: Mounting plugin ExampleDeviceProfileSelector
LogPluginManager: Mounting plugin GoogleCloudMessaging
LogPluginManager: Mounting plugin ImmediatePhysics
LogPluginManager: Mounting plugin IOSDeviceProfileSelector
LogPluginManager: Mounting plugin LinuxDeviceProfileSelector
LogPluginManager: Mounting plugin LocationServicesBPLibrary
LogPluginManager: Mounting plugin MobilePatchingUtils
LogPluginManager: Mounting plugin OculusVR
LogPluginManager: Plugin shader directory ../../../Engine/Plugins/Runtime/Oculus/OculusVR/Shaders found
LogPluginManager: Mapping shader source directory ../../../Engine/Plugins/Runtime/Oculus/OculusVR/Shaders to virtual directory /Plugin/OculusVR
LogPluginManager: Mounting plugin PhysXVehicles
LogPluginManager: Mounting plugin ProceduralMeshComponent
LogPluginManager: Mounting plugin RuntimePhysXCooking
LogPluginManager: Mounting plugin SteamVR
LogPluginManager: Mounting plugin WindowsMoviePlayer
LogStreaming: Display: Took  0.092s to configure plugins.
LogInit: Using libcurl 7.55.1-DEV
LogInit:  - built for x86_64-pc-win32
LogInit:  - supports SSL with OpenSSL/1.0.2h
LogInit:  - supports HTTP deflate (compression) using libz 1.2.8
LogInit:  - other features:
LogInit:      CURL_VERSION_SSL
LogInit:      CURL_VERSION_LIBZ
LogInit:      CURL_VERSION_IPV6
LogInit:      CURL_VERSION_ASYNCHDNS
LogInit:      CURL_VERSION_LARGEFILE
LogInit:      CURL_VERSION_IDN
LogInit:  CurlRequestOptions (configurable via config and command line):
LogInit:  - bVerifyPeer = false  - Libcurl will NOT verify peer certificate
LogInit:  - bUseHttpProxy = false  - Libcurl will NOT use HTTP proxy
LogInit:  - bDontReuseConnections = false  - Libcurl will reuse connections
LogInit:  - CertBundlePath = nullptr  - Libcurl will use whatever was configured at build time.
LogInit:  - MaxHostConnections = 16  - Libcurl will limit the number of connections to a host
LogInit:  - LocalHostAddr = Default
LogInit:  - BufferSize = 65536
LogInit: WinSock: version 1.1 (2.2), MaxSocks=32767, MaxUdp=65467
LogInit: Build: ++UE4+Release-4.20-CL-4369336
LogInit: Engine Version: 4.20.3-4369336+++UE4+Release-4.20
LogInit: Compatible Engine Version: 4.20.0-4212847+++UE4+Release-4.20
LogInit: Net CL: 4212847
LogInit: OS: Windows 7 (Service Pack 1), CPU: Intel(R) Core(TM) i7-4770K CPU @ 3.50GHz, GPU: NVIDIA GeForce GTX 760
LogInit: Compiled (64-bit): Sep 17 2018 12:26:19
LogInit: Compiled with Visual C++: 19.13.26129.00
LogInit: Build Configuration: Development
LogInit: Branch Name: ++UE4+Release-4.20
LogInit: Command Line: -EpicPortal  -epicusername="CMDR_Gazelle" -epicuserid=835cbaeb50c74b04991c798a180951a6 -epiclocale=en-US
LogInit: Base Directory: D:/Paragon/UE_4.20/Engine/Binaries/Win64/
LogInit: Installed Engine Build: 1
LogDevObjectVersion: Number of dev versions registered: 20
LogDevObjectVersion:   Dev-Blueprints (B0D832E4-1F89-4F0D-ACCF-7EB736FD4AA2): 10
LogDevObjectVersion:   Dev-Build (E1C64328-A22C-4D53-A36C-8E866417BD8C): 0
LogDevObjectVersion:   Dev-Core (375EC13C-06E4-48FB-B500-84F0262A717E): 2
LogDevObjectVersion:   Dev-Editor (E4B068ED-F494-42E9-A231-DA0B2E46BB41): 24
LogDevObjectVersion:   Dev-Framework (CFFC743F-43B0-4480-9391-14DF171D2073): 34
LogDevObjectVersion:   Dev-Mobile (B02B49B5-BB20-44E9-A304-32B752E40360): 2
LogDevObjectVersion:   Dev-Networking (A4E4105C-59A1-49B5-A7C5-40C4547EDFEE): 0
LogDevObjectVersion:   Dev-Online (39C831C9-5AE6-47DC-9A44-9C173E1C8E7C): 0
LogDevObjectVersion:   Dev-Physics (78F01B33-EBEA-4F98-B9B4-84EACCB95AA2): 0
LogDevObjectVersion:   Dev-Platform (6631380F-2D4D-43E0-8009-CF276956A95A): 0
LogDevObjectVersion:   Dev-Rendering (12F88B9F-8875-4AFC-A67C-D90C383ABD29): 26
LogDevObjectVersion:   Dev-Sequencer (7B5AE74C-D270-4C10-A958-57980B212A5A): 9
LogDevObjectVersion:   Dev-VR (D7296918-1DD6-4BDD-9DE2-64A83CC13884): 2
LogDevObjectVersion:   Dev-LoadTimes (C2A15278-BFE7-4AFE-6C17-90FF531DF755): 1
LogDevObjectVersion:   Private-Geometry (6EACA3D4-40EC-4CC1-B786-8BED09428FC5): 3
LogDevObjectVersion:   Dev-AnimPhys (29E575DD-E0A3-4627-9D10-D276232CDCEA): 17
LogDevObjectVersion:   Dev-ReflectionCapture (6B266CEC-1EC7-4B8F-A30B-E4D90942FC07): 1
LogDevObjectVersion:   Dev-Automation (0DF73D61-A23F-47EA-B727-89E90C41499A): 1
LogDevObjectVersion:   FortniteMain (601D1886-AC64-4F84-AA16-D3DE0DEAC7D6): 12
LogDevObjectVersion:   Dev-Enterprise (9DFFBCD6-494F-0158-E221-12823C92A888): 1
LogStreaming: Display: Took  0.001s to delete old logs.
LogInit: Presizing for max 8388607 objects, including 0 objects not considered by GC, pre-allocating 0 bytes for permanent pool.
LogInit: Object subsystem initialized
[2018.11.16-17.44.17:932][  0]LogInit: Selected Device Profile: [Windows]
[2018.11.16-17.44.17:932][  0]LogInit: Applying CVar settings loaded from the selected device profile: [Windows]
[2018.11.16-17.44.17:948][  0]LogHAL: Display: Platform has ~ 16 GB [17114591232 / 17179869184 / 16], which maps to Larger [LargestMinGB=32, LargerMinGB=12, DefaultMinGB=8, SmallerMinGB=6, SmallestMinGB=0)
[2018.11.16-17.44.17:948][  0]LogInit: Setting Device Profile CVar: [[r.Vulkan.UseRealUBs:1]]
[2018.11.16-17.44.17:948][  0]LogInit: Going up to parent DeviceProfile []
[2018.11.16-17.44.17:948][  0]LogInit: Computer: SEAN-PC
[2018.11.16-17.44.17:948][  0]LogInit: User: Sean
[2018.11.16-17.44.17:948][  0]LogInit: CPU Page size=4096, Cores=4
[2018.11.16-17.44.17:949][  0]LogInit: High frequency timer resolution =3.423945 MHz
[2018.11.16-17.44.17:949][  0]LogMemory: Memory total: Physical=15.9GB (16GB approx)
[2018.11.16-17.44.17:949][  0]LogMemory: Platform Memory Stats for Windows
[2018.11.16-17.44.17:949][  0]LogMemory: Process Physical Memory: 103.71 MB used, 103.71 MB peak
[2018.11.16-17.44.17:949][  0]LogMemory: Process Virtual Memory: 92.57 MB used, 92.57 MB peak
[2018.11.16-17.44.17:949][  0]LogMemory: Physical Memory: 7853.11 MB used,  8468.63 MB free, 16321.75 MB total
[2018.11.16-17.44.17:949][  0]LogMemory: Virtual Memory: 486.11 MB used,  8468.63 MB free, 8388608.00 MB total
[2018.11.16-17.44.17:982][  0]LogInit: Using OS detected language (en-US).
[2018.11.16-17.44.17:982][  0]LogInit: Using OS detected locale (en-US).
[2018.11.16-17.44.17:982][  0]LogTextLocalizationManager: No specific localization for 'en-US' exists, so the 'en' localization will be used.
[2018.11.16-17.44.18:300][  0]LogStreaming: Display: Took  0.319s to InitEngineTextLocalization.
[2018.11.16-17.44.18:301][  0]LogWindows: Failed to load 'shcore.dll' (GetLastError=126)
[2018.11.16-17.44.18:301][  0]LogWindows: File 'shcore.dll' does not exist
[2018.11.16-17.44.18:301][  0]LogInit: Setting process to DPI aware
[2018.11.16-17.44.18:318][  0]LogSlate: New Slate User Created.  User Index 0, Is Virtual User: 0
[2018.11.16-17.44.18:318][  0]LogSlate: Slate User Registered.  User Index 0, Is Virtual User: 0
[2018.11.16-17.44.18:458][  0]LogHMD: Failed to initialize OpenVR with code 110
[2018.11.16-17.44.18:458][  0]LogD3D11RHI: D3D11 adapters:
[2018.11.16-17.44.18:502][  0]LogD3D11RHI:    0. 'NVIDIA GeForce GTX 760' (Feature Level 11_0)
[2018.11.16-17.44.18:502][  0]LogD3D11RHI:       1979/0/7904 MB DedicatedVideo/DedicatedSystem/SharedSystem, Outputs:2, VendorId:0x10de
[2018.11.16-17.44.18:502][  0]LogD3D11RHI: Chosen D3D11 Adapter: 0
[2018.11.16-17.44.18:507][  0]LogD3D11RHI: Creating new Direct3DDevice
[2018.11.16-17.44.18:508][  0]LogD3D11RHI:     GPU DeviceId: 0x1187 (for the marketing name, search the web for "GPU Device Id")
[2018.11.16-17.44.18:508][  0]LogWindows: EnumDisplayDevices:
[2018.11.16-17.44.18:508][  0]LogWindows:    0. 'NVIDIA GeForce GTX 760' (P:1 D:1)
[2018.11.16-17.44.18:508][  0]LogWindows:    1. 'NVIDIA GeForce GTX 760' (P:0 D:1)
[2018.11.16-17.44.18:508][  0]LogWindows:    2. 'NVIDIA GeForce GTX 760' (P:0 D:0)
[2018.11.16-17.44.18:509][  0]LogWindows:    3. 'NVIDIA GeForce GTX 760' (P:0 D:0)
[2018.11.16-17.44.18:509][  0]LogWindows:    4. 'RDPDD Chained DD' (P:0 D:0)
[2018.11.16-17.44.18:509][  0]LogWindows:    5. 'RDP Encoder Mirror Driver' (P:0 D:0)
[2018.11.16-17.44.18:509][  0]LogWindows:    6. 'RDP Reflector Display Driver' (P:0 D:0)
[2018.11.16-17.44.18:509][  0]LogWindows: DebugString: GetVideoDriverDetailsInvalid PrimaryIsNotTheChoosenAdapter GetVideoDriverDetailsInvalid PrimaryIsNotTheChoosenAdapter GetVideoDriverDetailsInvalid PrimaryIsNotTheChoosenAdapter FoundDriverCount:4 
[2018.11.16-17.44.18:509][  0]LogD3D11RHI:     Adapter Name: NVIDIA GeForce GTX 760
[2018.11.16-17.44.18:509][  0]LogD3D11RHI:   Driver Version: 416.34 (internal:25.21.14.1634, unified:416.34)
[2018.11.16-17.44.18:509][  0]LogD3D11RHI:      Driver Date: 10-10-2018
[2018.11.16-17.44.18:509][  0]LogRHI: Texture pool is 1385 MB (70% of 1979 MB)
[2018.11.16-17.44.18:531][  0]LogD3D11RHI: Async texture creation enabled
[2018.11.16-17.44.18:556][  0]LogD3D11RHI: GPU Timing Frequency: 1000.000000 (Debug: 2 2)
[2018.11.16-17.44.18:605][  0]LogShaderCompilers: Guid format shader working directory is -14 characters bigger than the processId version (C:/Users/Sean/Desktop/Colab/CastleRavenloft/CastleRavenloft/Intermediate/Shaders/WorkingDirectory/8932/).
[2018.11.16-17.44.18:605][  0]LogShaderCompilers: Cleaned the shader compiler working directory 'C:/Users/Sean/AppData/Local/Temp/UnrealShaderWorkingDir/54EF4A864136129CD7EF6AB7600EC955/'.
[2018.11.16-17.44.18:828][  0]LogTemp: Display: Loaded TP AllDesktopTargetPlatform
[2018.11.16-17.44.18:843][  0]LogTemp: Display: Loaded TP MacClientTargetPlatform
[2018.11.16-17.44.18:861][  0]LogTemp: Display: Loaded TP MacNoEditorTargetPlatform
[2018.11.16-17.44.18:878][  0]LogTemp: Display: Loaded TP MacServerTargetPlatform
[2018.11.16-17.44.18:897][  0]LogTemp: Display: Loaded TP MacTargetPlatform
[2018.11.16-17.44.18:911][  0]LogTemp: Display: Loaded TP WindowsClientTargetPlatform
[2018.11.16-17.44.18:923][  0]LogTemp: Display: Loaded TP WindowsNoEditorTargetPlatform
[2018.11.16-17.44.18:935][  0]LogTemp: Display: Loaded TP WindowsServerTargetPlatform
[2018.11.16-17.44.18:941][  0]LogTemp: Display: Loaded TP WindowsTargetPlatform
[2018.11.16-17.44.19:010][  0]LogTemp: Display: Loaded TP AndroidTargetPlatform
[2018.11.16-17.44.19:010][  0]LogTemp: Display: Loaded TP AndroidTargetPlatform
[2018.11.16-17.44.19:010][  0]LogTemp: Display: Loaded TP AndroidTargetPlatform
[2018.11.16-17.44.19:011][  0]LogTemp: Display: Loaded TP AndroidTargetPlatform
[2018.11.16-17.44.19:011][  0]LogTemp: Display: Loaded TP AndroidTargetPlatform
[2018.11.16-17.44.19:011][  0]LogTemp: Display: Loaded TP AndroidTargetPlatform
[2018.11.16-17.44.19:011][  0]LogTemp: Display: Loaded TP AndroidTargetPlatform
[2018.11.16-17.44.19:011][  0]LogTemp: Display: Loaded TP AndroidTargetPlatform
[2018.11.16-17.44.19:011][  0]LogTemp: Display: Loaded TP AndroidTargetPlatform
[2018.11.16-17.44.19:011][  0]LogTemp: Display: Loaded TP AndroidTargetPlatform
[2018.11.16-17.44.19:011][  0]LogTemp: Display: Loaded TP AndroidTargetPlatform
[2018.11.16-17.44.19:011][  0]LogTemp: Display: Loaded TP AndroidTargetPlatform
[2018.11.16-17.44.19:011][  0]LogTemp: Display: Loaded TP AndroidTargetPlatform
[2018.11.16-17.44.19:011][  0]LogTemp: Display: Loaded TP AndroidTargetPlatform
[2018.11.16-17.44.19:011][  0]LogTemp: Display: Loaded TP AndroidTargetPlatform
[2018.11.16-17.44.19:011][  0]LogTemp: Display: Loaded TP AndroidTargetPlatform
[2018.11.16-17.44.19:011][  0]LogTemp: Display: Loaded TP AndroidTargetPlatform
[2018.11.16-17.44.19:011][  0]LogTemp: Display: Loaded TP AndroidTargetPlatform
[2018.11.16-17.44.19:012][  0]LogTemp: Display: Loaded TP HTML5TargetPlatform
[2018.11.16-17.44.19:066][  0]LogTemp: Display: Loaded TP IOSTargetPlatform
[2018.11.16-17.44.19:066][  0]LogTemp: Display: Loaded TP IOSTargetPlatform
[2018.11.16-17.44.19:088][  0]LogTemp: Display: Loaded TP TVOSTargetPlatform
[2018.11.16-17.44.19:088][  0]LogTemp: Display: Loaded TP TVOSTargetPlatform
[2018.11.16-17.44.19:099][  0]LogTemp: Display: Loaded TP LinuxClientTargetPlatform
[2018.11.16-17.44.19:111][  0]LogTemp: Display: Loaded TP LinuxNoEditorTargetPlatform
[2018.11.16-17.44.19:123][  0]LogTemp: Display: Loaded TP LinuxServerTargetPlatform
[2018.11.16-17.44.19:135][  0]LogTemp: Display: Loaded TP LinuxTargetPlatform
[2018.11.16-17.44.19:144][  0]LogTemp: Display: Loaded TP LuminTargetPlatform
[2018.11.16-17.44.19:144][  0]LogTargetPlatformManager: Display: Building Assets For Windows
[2018.11.16-17.44.19:206][  0]LogXGEController: Cannot use XGE Controller as Incredibuild is not installed on this machine.
[2018.11.16-17.44.19:206][  0]LogShaderCompilers: Cannot use XGE Shader Compiler as Incredibuild is not installed on this machine.
[2018.11.16-17.44.19:207][  0]LogShaderCompilers: Display: Using Local Shader Compiler.
[2018.11.16-17.44.19:833][  0]LogDerivedDataCache: Display: Max Cache Size: 512 MB
[2018.11.16-17.44.19:899][  0]LogDerivedDataCache: Loaded boot cache 0.07s 71MB C:/Users/Sean/AppData/Local/UnrealEngine/4.20/DerivedDataCache/Boot.ddc.
[2018.11.16-17.44.19:900][  0]LogDerivedDataCache: Display: Loaded Boot cache: C:/Users/Sean/AppData/Local/UnrealEngine/4.20/DerivedDataCache/Boot.ddc
[2018.11.16-17.44.19:900][  0]LogDerivedDataCache: FDerivedDataBackendGraph:  Pak pak cache file C:/Users/Sean/Desktop/Colab/CastleRavenloft/CastleRavenloft/DerivedDataCache/DDC.ddp not found, will not use a pak cache.
[2018.11.16-17.44.19:900][  0]LogDerivedDataCache: Unable to find inner node Pak for hierarchical cache Hierarchy.
[2018.11.16-17.44.19:900][  0]LogDerivedDataCache: FDerivedDataBackendGraph:  CompressedPak pak cache file C:/Users/Sean/Desktop/Colab/CastleRavenloft/CastleRavenloft/DerivedDataCache/Compressed.ddp not found, will not use a pak cache.
[2018.11.16-17.44.19:900][  0]LogDerivedDataCache: Unable to find inner node CompressedPak for hierarchical cache Hierarchy.
[2018.11.16-17.44.19:914][  0]LogDerivedDataCache: Display: Pak cache opened for reading ../../../Engine/DerivedDataCache/Compressed.ddp.
[2018.11.16-17.44.19:925][  0]LogDerivedDataCache: Using Local data cache path C:/Users/Sean/AppData/Local/UnrealEngine/Common/DerivedDataCache: Writable
[2018.11.16-17.44.19:925][  0]LogDerivedDataCache: Shared data cache path not found in *engine.ini, will not use an Shared cache.
[2018.11.16-17.44.19:925][  0]LogDerivedDataCache: Unable to find inner node Shared for hierarchical cache Hierarchy.
[2018.11.16-17.44.19:942][  0]LogMaterial: Verifying Global Shaders for PCD3D_SM5
[2018.11.16-17.44.19:943][  0]LogSlate: Using FreeType 2.6.0
[2018.11.16-17.44.19:944][  0]LogSlate: SlateFontServices - WITH_FREETYPE: 1, WITH_HARFBUZZ: 1
[2018.11.16-17.44.20:006][  0]LogAssetRegistry: FAssetRegistry took 0.0229 seconds to start up
[2018.11.16-17.44.20:278][  0]LogInit: Selected Device Profile: [Windows]
[2018.11.16-17.44.20:322][  0]LogSimplygon: Simplygon DLL not present - disabling.
[2018.11.16-17.44.20:326][  0]LogMeshReduction: Using SimplygonSwarm for distributed automatic mesh merging
[2018.11.16-17.44.20:326][  0]LogMeshReduction: Using ProxyLODMeshReduction for automatic mesh merging
[2018.11.16-17.44.20:326][  0]LogMeshReduction: Using QuadricMeshReduction for automatic static mesh reduction
[2018.11.16-17.44.20:326][  0]LogMeshReduction: No automatic skeletal mesh reduction module available
[2018.11.16-17.44.20:408][  0]LogNetVersion: CastleRavenloft 1.0.0, NetCL: 4212847, EngineNetVer: 5, GameNetVer: 0 (Checksum: 37006697)
[2018.11.16-17.44.20:838][  0]LogPackageLocalizationCache: Processed 11 localized package path(s) for 2 prioritized culture(s) in 0.095407 seconds
[2018.11.16-17.44.20:845][  0]LogUObjectArray: 38425 objects as part of root set at end of initial load.
[2018.11.16-17.44.20:845][  0]LogUObjectAllocator: 6690872 out of 0 bytes used by permanent object pool.
[2018.11.16-17.44.20:845][  0]LogUObjectArray: CloseDisregardForGC: 0/0 objects in disregard for GC pool
[2018.11.16-17.44.21:550][  0]LogTcpMessaging: Initializing TcpMessaging bridge
[2018.11.16-17.44.21:563][  0]LogUdpMessaging: Initializing bridge on interface 0.0.0.0:0 to multicast group 230.0.0.1:6666.
[2018.11.16-17.44.21:701][  0]SourceControl: Source control is disabled
[2018.11.16-17.44.21:702][  0]SourceControl: Source control is disabled
[2018.11.16-17.44.21:704][  0]SourceControl: Source control is disabled
[2018.11.16-17.44.21:706][  0]SourceControl: Source control is disabled
[2018.11.16-17.44.21:897][  0]LogAndroidPermission: UAndroidPermissionCallbackProxy::GetInstance
[2018.11.16-17.44.21:981][  0]LogOcInput: OculusInput pre-init called
[2018.11.16-17.44.22:036][  0]LogEngine: Initializing Engine...
[2018.11.16-17.44.22:036][  0]LogHMD: Failed to initialize OpenVR with code 110
[2018.11.16-17.44.22:037][  0]LogStats: UGameplayTagsManager::ConstructGameplayTagTree: ImportINI prefixes -  0.000 s
[2018.11.16-17.44.22:037][  0]LogStats: UGameplayTagsManager::ConstructGameplayTagTree: Construct from data asset -  0.000 s
[2018.11.16-17.44.22:038][  0]LogStats: UGameplayTagsManager::ConstructGameplayTagTree: ImportINI -  0.000 s
[2018.11.16-17.44.22:038][  0]LogStats: UGameplayTagsManager::ConstructGameplayTagTree: GameplayTagTreeChangedEvent.Broadcast -  0.000 s
[2018.11.16-17.44.22:225][  0]LogInit: Initializing FReadOnlyCVARCache
[2018.11.16-17.44.22:237][  0]LogAIModule: Creating AISystem for world Untitled
[2018.11.16-17.44.22:261][  0]LogInit: XAudio2 using 'Acer H236HL (NVIDIA High Definition Audio)' : 2 channels at 48 kHz using 16 bits per sample (channel mask 0x3)
[2018.11.16-17.44.22:283][  0]LogInit: FAudioDevice initialized.
[2018.11.16-17.44.22:283][  0]LogNetVersion: Set ProjectVersion to 1.0.0.0. Version Checksum will be recalculated on next use.
[2018.11.16-17.44.22:367][  0]LogDerivedDataCache: Saved boot cache 0.08s 71MB C:/Users/Sean/AppData/Local/UnrealEngine/4.20/DerivedDataCache/Boot.ddc.
[2018.11.16-17.44.22:377][  0]LogInit: Texture streaming: Enabled
[2018.11.16-17.44.22:395][  0]LogEngineSessionManager: EngineSessionManager initialized
[2018.11.16-17.44.22:404][  0]LogInit: Transaction tracking system initialized
[2018.11.16-17.44.22:423][  0]BlueprintLog: New page: Editor Load
[2018.11.16-17.44.22:504][  0]LocalizationService: Localization service is disabled
[2018.11.16-17.44.22:732][  0]LogCook: Display: Max memory allowance for cook 16384mb min free memory 0mb
[2018.11.16-17.44.22:732][  0]LogCook: Display: Mobile HDR setting 1
[2018.11.16-17.44.22:732][  0]LogGameplayTags: Display: UGameplayTagsManager::DoneAddingNativeTags. DelegateIsBound: 0
[2018.11.16-17.44.22:732][  0]LogStats: UGameplayTagsManager::ConstructGameplayTagTree: ImportINI prefixes -  0.000 s
[2018.11.16-17.44.22:732][  0]LogStats: UGameplayTagsManager::ConstructGameplayTagTree: Construct from data asset -  0.000 s
[2018.11.16-17.44.22:732][  0]LogStats: UGameplayTagsManager::ConstructGameplayTagTree: ImportINI -  0.000 s
[2018.11.16-17.44.22:732][  0]LogStats: UGameplayTagsManager::ConstructGameplayTagTree: GameplayTagTreeChangedEvent.Broadcast -  0.000 s
[2018.11.16-17.44.22:856][  0]LogFileCache: Scanning file cache for directory 'C:/Users/Sean/Desktop/Colab/CastleRavenloft/CastleRavenloft/Content/' took 0.02s
[2018.11.16-17.44.22:863][  0]SourceControl: Source control is disabled
[2018.11.16-17.44.22:936][  0]LogSlate: Took 0.000148 seconds to synchronously load lazily loaded font '../../../Engine/Content/Slate/Fonts/Roboto-Regular.ttf' (155K)
[2018.11.16-17.44.29:059][  0]LogSlate: Window 'Restore Packages' being destroyed
[2018.11.16-17.44.29:400][  0]Cmd: MAP LOAD FILE="C:/Users/Sean/Desktop/Colab/CastleRavenloft/CastleRavenloft/Content/Maps/CastleMap.umap" TEMPLATE=0 SHOWPROGRESS=1 FEATURELEVEL=3
[2018.11.16-17.44.29:408][  0]LightingResults: New page: Lighting Build
[2018.11.16-17.44.29:410][  0]MapCheck: New page: Map Check
[2018.11.16-17.44.29:410][  0]LightingResults: New page: Lighting Build
[2018.11.16-17.44.29:875][  0]LogLinker: Warning: Can't find file '/Game/Maps/CastleMap_BuiltData'
[2018.11.16-17.44.29:875][  0]LogLinker: Warning: Can't find file for asset '/Game/Maps/CastleMap_BuiltData' while loading C:/Users/Sean/Desktop/Colab/CastleRavenloft/CastleRavenloft/Content/Maps/CastleMap.umap.
[2018.11.16-17.44.29:875][  0]LoadErrors: Error: /Game/Maps/CastleMap : Can't find file for asset. /Game/Maps/CastleMap_BuiltData
[2018.11.16-17.44.30:467][  0]LogLinker: Warning: Can't find file '/Game/Maps/CastleMap_BuiltData'
[2018.11.16-17.44.30:467][  0]LogLinker: Warning: Can't find file for asset '/Game/Maps/CastleMap_BuiltData' while loading C:/Users/Sean/Desktop/Colab/CastleRavenloft/CastleRavenloft/Content/Maps/CastleMap.umap.
[2018.11.16-17.44.30:467][  0]LoadErrors: Error: /Game/Maps/CastleMap : Can't find file for asset. /Game/Maps/CastleMap_BuiltData
[2018.11.16-17.44.31:180][  0]LogLinker: Warning: Can't find file '/Game/Maps/CastleMap_BuiltData'
[2018.11.16-17.44.31:180][  0]LogLinker: Warning: Can't find file for asset '/Game/Maps/CastleMap_BuiltData' while loading NULL.
[2018.11.16-17.44.31:180][  0]LogLinker: Warning: Can't find file '/Game/Maps/CastleMap_BuiltData'
[2018.11.16-17.44.31:180][  0]LogLinker: Warning: Can't find file for asset '/Game/Maps/CastleMap_BuiltData' while loading NULL.
[2018.11.16-17.44.31:363][  0]LogLinker: Warning: Can't find file '/Game/Maps/CastleMap_BuiltData'
[2018.11.16-17.44.31:363][  0]LoadErrors: Failed to load /Game/Maps/CastleMap_BuiltData.CastleMap_BuiltData Referenced by PersistentLevel
[2018.11.16-17.44.31:363][  0]LogLinker: Warning: Can't find file for asset '/Game/Maps/CastleMap_BuiltData' while loading NULL.
[2018.11.16-17.44.31:363][  0]LoadErrors: Failed to load /Game/Maps/CastleMap_BuiltData.CastleMap_BuiltData Referenced by PersistentLevel
[2018.11.16-17.44.33:852][  0]LogAIModule: Creating AISystem for world CastleMap
[2018.11.16-17.44.34:170][  0]LogEditorServer: Finished looking for orphan Actors (0.000 secs)
[2018.11.16-17.44.34:204][  0]Cmd: MAP CHECKDEP NOCLEARLOG
[2018.11.16-17.44.34:267][  0]MapCheck: Map check complete: 0 Error(s), 0 Warning(s), took 62.297ms to complete.
[2018.11.16-17.44.34:267][  0]LogFileHelpers: Loading map 'CastleMap' took 4.867
[2018.11.16-17.44.34:359][  0]LogSlate: Updating window title bar state: overlay mode, drag disabled, window buttons hidden, title bar hidden
[2018.11.16-17.44.34:365][  0]LogSlate: Updating window title bar state: overlay mode, drag disabled, window buttons hidden, title bar hidden
[2018.11.16-17.44.34:371][  0]LogSlate: Updating window title bar state: overlay mode, drag disabled, window buttons hidden, title bar hidden
[2018.11.16-17.44.34:377][  0]LogSlate: Updating window title bar state: overlay mode, drag disabled, window buttons hidden, title bar hidden
[2018.11.16-17.44.34:393][  0]LogCollectionManager: Loaded 0 collections in 0.001323 seconds
[2018.11.16-17.44.34:446][  0]LogFileCache: Scanning file cache for directory 'C:/Users/Sean/Desktop/Colab/CastleRavenloft/CastleRavenloft/Saved/Collections/' took 0.01s
[2018.11.16-17.44.34:446][  0]LogFileCache: Scanning file cache for directory 'C:/Users/Sean/Desktop/Colab/CastleRavenloft/CastleRavenloft/Content/Developers/Sean/Collections/' took 0.01s
[2018.11.16-17.44.34:446][  0]LogFileCache: Scanning file cache for directory 'C:/Users/Sean/Desktop/Colab/CastleRavenloft/CastleRavenloft/Content/Collections/' took 0.01s
[2018.11.16-17.44.34:446][  0]LogCollectionManager: Rebuilt the GUID cache for 0 collections in 0.000000 seconds
[2018.11.16-17.44.34:454][  0]LogContentBrowser: Native class hierarchy populated in 0.0078 seconds. Added 2572 classes and 603 folders.
[2018.11.16-17.44.34:479][  0]LogContentBrowser: Native class hierarchy updated for 'WidgetCarousel' in 0.0003 seconds. Added 0 classes and 0 folders.
[2018.11.16-17.44.35:335][  0]LogContentBrowser: Native class hierarchy updated for 'AddContentDialog' in 0.0002 seconds. Added 0 classes and 0 folders.
[2018.11.16-17.44.35:354][  0]LogContentBrowser: Native class hierarchy updated for 'SceneOutliner' in 0.0002 seconds. Added 1 classes and 2 folders.
[2018.11.16-17.44.35:381][  0]LogSlate: Took 0.000155 seconds to synchronously load lazily loaded font '../../../Engine/Content/Slate/Fonts/Roboto-Bold.ttf' (160K)
[2018.11.16-17.44.35:398][  0]LogSlate: Took 0.013791 seconds to synchronously load lazily loaded font '../../../Engine/Content/Editor/Slate/Fonts/FontAwesome.ttf' (139K)
[2018.11.16-17.44.35:572][  0]LogRenderer: Reallocating scene render targets to support 992x576 Format 10 NumSamples 1 (Frame:1).
[2018.11.16-17.44.35:677][  0]LogContentBrowser: Native class hierarchy updated for 'HierarchicalLODOutliner' in 0.0002 seconds. Added 0 classes and 0 folders.
[2018.11.16-17.44.35:677][  0]LogLoad: (Engine Initialization) Total time: 19.37 seconds
[2018.11.16-17.44.35:677][  0]LogLoad: (Engine Initialization) Total Blueprint compile time: 0.00 seconds
[2018.11.16-17.44.35:722][  0]LogContentStreaming: Texture pool size now 1000 MB
[2018.11.16-17.44.35:732][  0]LogSlate: FSceneViewport::OnFocusLost() reason 2
[2018.11.16-17.44.35:798][  0]LogSlate: Took 0.014864 seconds to synchronously load lazily loaded font '../../../Engine/Content/Slate/Fonts/Roboto-Light.ttf' (167K)
[2018.11.16-17.44.35:863][  1]LogAssetRegistry: Asset discovery search completed in 15.8769 seconds
[2018.11.16-17.44.35:865][  1]LogCollectionManager: Rebuilt the object cache for 0 collections in 0.000000 seconds (found 0 objects)
[2018.11.16-17.44.35:865][  1]LogCollectionManager: Fixed up redirectors for 0 collections in 0.000033 seconds (updated 0 objects)
[2018.11.16-17.44.36:734][ 39]LogSlate: Took 0.000207 seconds to synchronously load lazily loaded font '../../../Engine/Content/Slate/Fonts/Roboto-Light.ttf' (167K)
[2018.11.16-17.44.40:836][248]LogFileCache: Retrieving MD5 hashes for directory 'C:/Users/Sean/Desktop/Colab/CastleRavenloft/CastleRavenloft/Content/' took 5.14s
[2018.11.16-17.44.47:703][753]LogSlate: FSceneViewport::OnFocusLost() reason 0
[2018.11.16-17.44.51:131][922]LogAssetEditorManager: Opening Asset editor for StaticMesh /Game/StaticMeshes/WineGlass2.WineGlass2
[2018.11.16-17.44.51:716][922]LogRenderer: Reallocating scene render targets to support 1432x964 Format 10 NumSamples 1 (Frame:1).
[2018.11.16-17.44.51:716][922]LogSlate: Took 0.010726 seconds to synchronously load lazily loaded font '../../../Engine/Content/Slate/Fonts/Roboto-Italic.ttf' (157K)
[2018.11.16-17.45.00:119][468]LogSlate: FSceneViewport::OnFocusLost() reason 0
[2018.11.16-17.45.02:804][613]LogActorFactory: Actor Factory created Plate
[2018.11.16-17.45.04:766][749]LogActorFactory: Actor Factory created Plate
[2018.11.16-17.45.05:381][775]LogSlate: FSceneViewport::OnFocusLost() reason 0
[2018.11.16-17.45.08:116][937]LogActorFactory: Actor Factory created Knife
[2018.11.16-17.45.09:444][ 22]LogActorFactory: Actor Factory created Knife
[2018.11.16-17.45.10:743][ 93]LogSlate: FSceneViewport::OnFocusLost() reason 0
[2018.11.16-17.45.14:083][294]LogActorFactory: Actor Factory created Fork
[2018.11.16-17.45.16:053][424]LogActorFactory: Actor Factory created Fork
[2018.11.16-17.45.16:890][466]LogSlate: FSceneViewport::OnFocusLost() reason 0
[2018.11.16-17.45.19:641][630]LogActorFactory: Actor Factory created Spoon
[2018.11.16-17.45.21:441][748]LogActorFactory: Actor Factory created Spoon
[2018.11.16-17.45.22:875][832]LogEditorViewport: Clicking on Actor (LMB): StaticMeshActor (Fork)
[2018.11.16-17.45.27:021][ 65]LogSlate: FSceneViewport::OnFocusLost() reason 0
[2018.11.16-17.45.29:720][219]LogActorFactory: Actor Factory created WineGlass2
[2018.11.16-17.45.32:427][404]LogActorFactory: Actor Factory created WineGlass2
[2018.11.16-17.45.34:935][541]LogEditorViewport: Clicking on Actor (CTRL LMB): StaticMeshActor (Knife)
[2018.11.16-17.45.36:707][616]LogEditorViewport: Clicking on Actor (CTRL LMB): StaticMeshActor (Spoon)
[2018.11.16-17.45.37:794][670]LogEditorViewport: Clicking on Actor (CTRL LMB): StaticMeshActor (Fork)
[2018.11.16-17.45.38:657][718]LogEditorViewport: Clicking on Actor (CTRL LMB): StaticMeshActor (Table)
[2018.11.16-17.45.39:445][760]Cmd: TRANSACTION UNDO
[2018.11.16-17.45.39:445][760]LogEditorTransaction: Undo Clicking on Actors
[2018.11.16-17.45.40:691][794]LogSlate: FSceneViewport::OnFocusLost() reason 0
[2018.11.16-17.45.46:814][109]LogEditorViewport: Clicking on Actor (CTRL LMB): StaticMeshActor (Fork)
[2018.11.16-17.45.47:919][174]LogEditorViewport: Clicking on Actor (CTRL LMB): StaticMeshActor (Spoon)
[2018.11.16-17.45.49:667][275]LogEditorViewport: Clicking on Actor (CTRL LMB): StaticMeshActor (Knife)
[2018.11.16-17.45.50:453][319]LogEditorViewport: Clicking on Actor (CTRL LMB): StaticMeshActor (Table)
[2018.11.16-17.45.51:462][377]Cmd: TRANSACTION UNDO
[2018.11.16-17.45.51:462][377]LogEditorTransaction: Undo Clicking on Actors
[2018.11.16-17.45.58:859][704]LogEditorViewport: Clicking on Actor (CTRL LMB): StaticMeshActor (Chair8)
[2018.11.16-17.45.59:959][764]Cmd: TRANSACTION UNDO
[2018.11.16-17.45.59:959][764]LogEditorTransaction: Undo Clicking on Actors
[2018.11.16-17.46.03:992][923]LogEditorViewport: Clicking on Actor (CTRL LMB): StaticMeshActor (Table)
[2018.11.16-17.46.04:803][970]Cmd: TRANSACTION UNDO
[2018.11.16-17.46.04:803][970]LogEditorTransaction: Undo Clicking on Actors
[2018.11.16-17.46.06:081][  9]LogEditorViewport: Clicking on Actor (CTRL LMB): StaticMeshActor (Table)
[2018.11.16-17.46.06:543][ 21]Cmd: TRANSACTION UNDO
[2018.11.16-17.46.06:543][ 21]LogEditorTransaction: Undo Clicking on Actors
[2018.11.16-17.46.07:932][ 63]LogSlate: FSceneViewport::OnFocusLost() reason 0
[2018.11.16-17.46.14:228][383]Cmd: TRANSACTION UNDO
[2018.11.16-17.46.14:228][383]LogEditorTransaction: Undo Move Actors
[2018.11.16-17.46.18:726][557]LogEditorViewport: Clicking on Actor (CTRL LMB): StaticMeshActor (Knife)
[2018.11.16-17.46.20:496][655]LogEditorViewport: Clicking on Actor (CTRL LMB): StaticMeshActor (Spoon)
[2018.11.16-17.46.22:443][768]LogEditorViewport: Clicking on Actor (CTRL LMB): StaticMeshActor (Fork)
[2018.11.16-17.46.23:447][822]Cmd: EDIT COPY
[2018.11.16-17.46.23:650][835]Cmd: EDIT PASTE
[2018.11.16-17.46.29:590][180]Cmd: EDIT PASTE
[2018.11.16-17.46.34:587][447]Cmd: EDIT PASTE
[2018.11.16-17.46.45:248][ 23]LogSlate: FSceneViewport::OnFocusLost() reason 0
[2018.11.16-17.46.49:143][175]Cmd: EDIT COPY
[2018.11.16-17.46.49:347][188]Cmd: EDIT PASTE
[2018.11.16-17.46.51:644][315]Cmd: EDIT PASTE
[2018.11.16-17.46.54:589][485]Cmd: EDIT PASTE
[2018.11.16-17.46.58:019][670]LogSlate: FSceneViewport::OnFocusLost() reason 0
[2018.11.16-17.47.01:141][791]Cmd: EDIT COPY
[2018.11.16-17.47.01:366][799]Cmd: EDIT PASTE
[2018.11.16-17.47.05:716][ 49]LogSlate: FSceneViewport::OnFocusLost() reason 0
[2018.11.16-17.47.12:898][326]Cmd: EDIT COPY
[2018.11.16-17.47.13:088][338]Cmd: EDIT PASTE
[2018.11.16-17.47.39:880][913]LogEditorViewport: Clicking on Actor (LMB): StaticMeshActor (Chair8)
[2018.11.16-17.47.42:902][ 82]LogEditorViewport: Clicking on Actor (LMB): StaticMeshActor (Chair7)
[2018.11.16-17.47.44:966][200]LogEditorViewport: Clicking on Actor (LMB): StaticMeshActor (Chair2)
[2018.11.16-17.47.46:467][284]LogEditorViewport: Clicking on Actor (LMB): StaticMeshActor (Chair7)
[2018.11.16-17.47.55:973][771]LogSlate: FSceneViewport::OnFocusLost() reason 2
[2018.11.16-17.47.58:774][951]Cmd: CAMERA ALIGN ACTIVEVIEWPORTONLY
[2018.11.16-17.48.05:142][461]LogEditorViewport: Clicking on Actor (LMB): StaticMeshActor (Chair2)
[2018.11.16-17.48.05:861][513]LogEditorViewport: Clicking on Actor (CTRL LMB): StaticMeshActor (Chair)
[2018.11.16-17.48.06:514][560]LogEditorViewport: Clicking on Actor (CTRL LMB): StaticMeshActor (Chair3)
[2018.11.16-17.48.07:679][649]LogEditorViewport: Clicking on Actor (CTRL LMB): StaticMeshActor (Chair4)
[2018.11.16-17.48.17:375][425]LogEditorViewport: Clicking on Actor (LMB): StaticMeshActor (Chair)
[2018.11.16-17.48.21:840][783]LogEditorViewport: Clicking on Actor (LMB): StaticMeshActor (Plate)
[2018.11.16-17.48.23:447][910]LogEditorViewport: Clicking on Actor (CTRL LMB): StaticMeshActor (Knife)
[2018.11.16-17.48.25:158][ 41]LogEditorViewport: Clicking on Actor (CTRL LMB): StaticMeshActor (Spoon)
[2018.11.16-17.48.25:800][ 89]LogEditorViewport: Clicking on Actor (CTRL LMB): StaticMeshActor (Fork)
[2018.11.16-17.48.32:131][604]LogEditorViewport: Clicking on Actor (LMB): StaticMeshActor (Plate2)
[2018.11.16-17.48.40:159][259]LogEditorViewport: Clicking on Actor (LMB): StaticMeshActor (Chair3)
[2018.11.16-17.48.43:979][567]LogEditorViewport: Clicking on Actor (LMB): StaticMeshActor (Chair4)
[2018.11.16-17.48.48:518][931]LogEditorViewport: Clicking on Actor (LMB): StaticMeshActor (Chair5)
[2018.11.16-17.48.51:213][131]LogEditorViewport: Clicking on Actor (LMB): StaticMeshActor (Chair6)
[2018.11.16-17.48.54:414][378]LogEditorViewport: Clicking on Actor (LMB): StaticMeshActor (Chair7)
[2018.11.16-17.48.57:167][585]LogEditorViewport: Clicking on Actor (LMB): StaticMeshActor (Chair8)
[2018.11.16-17.48.59:735][778]LogEditorViewport: Clicking on Actor (LMB): StaticMeshActor (Plate5)
[2018.11.16-17.49.00:664][845]LogEditorViewport: Clicking on Actor (CTRL LMB): StaticMeshActor (Knife8)
[2018.11.16-17.49.05:667][231]LogEditorViewport: Clicking on Actor (LMB): StaticMeshActor (Plate5)
[2018.11.16-17.49.06:995][334]LogEditorViewport: Clicking on Actor (LMB): StaticMeshActor (Knife8)
[2018.11.16-17.49.11:113][654]LogEditorViewport: Clicking on Actor (LMB): StaticMeshActor (Plate6)
[2018.11.16-17.49.13:501][840]LogEditorViewport: Clicking on Actor (LMB): StaticMeshActor (Knife7)
[2018.11.16-17.49.16:649][ 84]LogEditorViewport: Clicking on Actor (LMB): StaticMeshActor (Plate7)
[2018.11.16-17.49.18:946][259]LogEditorViewport: Clicking on Actor (LMB): StaticMeshActor (Knife6)
[2018.11.16-17.49.23:647][629]LogEditorViewport: Clicking on Actor (LMB): StaticMeshActor (Knife5)
[2018.11.16-17.49.26:829][879]LogEditorViewport: Clicking on Actor (LMB): StaticMeshActor (SM_Chandelier2)
[2018.11.16-17.49.27:955][966]LogEditorViewport: Clicking on Actor (LMB): StaticMeshActor (Plate8)
[2018.11.16-17.49.31:886][274]LogEditorViewport: Clicking on Actor (LMB): StaticMeshActor (Spoon3)
[2018.11.16-17.49.33:533][404]Cmd: EDIT COPY
[2018.11.16-17.49.34:148][454]Cmd: EDIT PASTE
[2018.11.16-17.49.45:086][322]Cmd: EDIT COPY
[2018.11.16-17.49.45:293][339]Cmd: EDIT PASTE
[2018.11.16-17.49.48:029][551]Cmd: EDIT PASTE
[2018.11.16-17.49.50:724][757]Cmd: EDIT PASTE
[2018.11.16-17.49.54:060][ 18]LogEditorViewport: Clicking on Actor (LMB): StaticMeshActor (Fork)
[2018.11.16-17.49.54:764][ 72]Cmd: EDIT COPY
[2018.11.16-17.49.54:995][ 90]Cmd: EDIT PASTE
[2018.11.16-17.50.04:206][822]Cmd: EDIT PASTE
[2018.11.16-17.50.05:862][949]Cmd: TRANSACTION UNDO
[2018.11.16-17.50.05:862][949]LogEditorTransaction: Undo Paste
[2018.11.16-17.50.08:110][ 21]Cmd: EDIT COPY
[2018.11.16-17.50.08:328][ 31]Cmd: EDIT PASTE
[2018.11.16-17.50.11:812][287]Cmd: EDIT PASTE
[2018.11.16-17.50.15:534][571]Cmd: EDIT PASTE
[2018.11.16-17.50.20:529][965]LogSlate: FSceneViewport::OnFocusLost() reason 2
[2018.11.16-17.50.20:874][  4]LogSlate: FSceneViewport::OnFocusLost() reason 2
[2018.11.16-17.50.21:304][ 54]LogSlate: FSceneViewport::OnFocusLost() reason 2
[2018.11.16-17.50.27:176][450]LogSlate: FSceneViewport::OnFocusLost() reason 0
[2018.11.16-17.50.39:785][ 98]LogSlate: FSceneViewport::OnFocusLost() reason 0
[2018.11.16-17.50.42:311][236]Cmd: EDIT COPY
[2018.11.16-17.50.42:521][249]Cmd: EDIT PASTE
[2018.11.16-17.50.45:222][393]LogSlate: FSceneViewport::OnFocusLost() reason 2
[2018.11.16-17.50.56:102][257]LogEditorViewport: Clicking on Actor (LMB): StaticMeshActor (Knife6)
[2018.11.16-17.50.58:273][420]LogEditorViewport: Clicking on Actor (LMB): StaticMeshActor (Plate7)
[2018.11.16-17.51.00:551][588]LogSlate: FSceneViewport::OnFocusLost() reason 2
[2018.11.16-17.51.05:622][890]LogSlate: FSceneViewport::OnFocusLost() reason 0
[2018.11.16-17.51.05:671][893]LogTemp: Repeating last play command: Selected Viewport
[2018.11.16-17.51.05:691][893]LogBlueprintUserMessages: Early PlayInEditor Detection: Level '/Game/Maps/CastleMap.CastleMap:PersistentLevel' has LevelScriptBlueprint '/Game/Maps/CastleMap.CastleMap:PersistentLevel.CastleMap' with GeneratedClass '/Game/Maps/CastleMap.CastleMap_C' with ClassGeneratedBy '/Game/Maps/CastleMap.CastleMap:PersistentLevel.CastleMap'
[2018.11.16-17.51.05:691][893]LogPlayLevel: PlayLevel: No blueprints needed recompiling
[2018.11.16-17.51.05:702][893]PIE: New page: PIE session: CastleMap (Nov 16, 2018, 7:51:05 AM)
[2018.11.16-17.51.05:702][893]LogPlayLevel: Creating play world package: /Game/Maps/UEDPIE_0_CastleMap
[2018.11.16-17.51.05:920][893]LogPlayLevel: PIE: StaticDuplicateObject took: (0.217716s)
[2018.11.16-17.51.05:921][893]LogAIModule: Creating AISystem for world CastleMap
[2018.11.16-17.51.05:921][893]LogPlayLevel: PIE: World Init took: (0.001359s)
[2018.11.16-17.51.05:922][893]LogPlayLevel: PIE: Created PIE world by copying editor world from /Game/Maps/CastleMap.CastleMap to /Game/Maps/UEDPIE_0_CastleMap.CastleMap (0.219460s)
[2018.11.16-17.51.05:948][893]LogInit: XAudio2 using 'Acer H236HL (NVIDIA High Definition Audio)' : 2 channels at 48 kHz using 16 bits per sample (channel mask 0x3)
[2018.11.16-17.51.05:953][893]LogInit: FAudioDevice initialized.
[2018.11.16-17.51.06:004][893]LogLoad: Game class is 'FirstPersonGameMode_C'
[2018.11.16-17.51.06:024][893]LogWorld: Bringing World /Game/Maps/UEDPIE_0_CastleMap.CastleMap up for play (max tick rate 0) at 2018.11.16-12.51.06
[2018.11.16-17.51.06:029][893]LogWorld: Bringing up level for play took: 0.023700
[2018.11.16-17.51.06:053][893]LogContentBrowser: Native class hierarchy updated for 'MovieSceneCapture' in 0.0003 seconds. Added 10 classes and 0 folders.
[2018.11.16-17.51.06:057][893]PIE: Play in editor start time for /Game/Maps/UEDPIE_0_CastleMap 0.805
[2018.11.16-17.51.06:057][893]LogBlueprintUserMessages: Late PlayInEditor Detection: Level '/Game/Maps/CastleMap.CastleMap:PersistentLevel' has LevelScriptBlueprint '/Game/Maps/CastleMap.CastleMap:PersistentLevel.CastleMap' with GeneratedClass '/Game/Maps/CastleMap.CastleMap_C' with ClassGeneratedBy '/Game/Maps/CastleMap.CastleMap:PersistentLevel.CastleMap'
[2018.11.16-17.51.13:493][639]LogBlueprintUserMessages: Early EndPlayMap Detection: Level '/Game/Maps/CastleMap.CastleMap:PersistentLevel' has LevelScriptBlueprint '/Game/Maps/CastleMap.CastleMap:PersistentLevel.CastleMap' with GeneratedClass '/Game/Maps/CastleMap.CastleMap_C' with ClassGeneratedBy '/Game/Maps/CastleMap.CastleMap:PersistentLevel.CastleMap'
[2018.11.16-17.51.13:494][639]LogSlate: Updating window title bar state: overlay mode, drag disabled, window buttons hidden, title bar hidden
[2018.11.16-17.51.13:542][639]LogPlayLevel: Display: Shutting down PIE online subsystems
[2018.11.16-17.51.13:542][639]LogBlueprintUserMessages: Late EndPlayMap Detection: Level '/Game/Maps/CastleMap.CastleMap:PersistentLevel' has LevelScriptBlueprint '/Game/Maps/CastleMap.CastleMap:PersistentLevel.CastleMap' with GeneratedClass '/Game/Maps/CastleMap.CastleMap_C' with ClassGeneratedBy '/Game/Maps/CastleMap.CastleMap:PersistentLevel.CastleMap'
[2018.11.16-17.51.13:565][639]LogSlate: Updating window title bar state: overlay mode, drag disabled, window buttons hidden, title bar hidden
[2018.11.16-17.51.13:595][640]LogPlayLevel: Display: Destroying online subsystem :Context_4
[2018.11.16-17.51.15:129][729]LogSlate: FSceneViewport::OnFocusLost() reason 0
[2018.11.16-17.51.15:246][732]Cmd: OBJ SAVEPACKAGE PACKAGE="/Game/Maps/CastleMap" FILE="C:/Users/Sean/Desktop/Colab/CastleRavenloft/CastleRavenloft/Content/Maps/CastleMap.umap" SILENT=true AUTOSAVING=false KEEPDIRTY=false
[2018.11.16-17.51.17:078][732]LogSavePackage: Moving 'C:/Users/Sean/Desktop/Colab/CastleRavenloft/CastleRavenloft/Saved/CastleMapAAC62A164444B1A378A9DDA295BD20BC.tmp' to 'C:/Users/Sean/Desktop/Colab/CastleRavenloft/CastleRavenloft/Content/Maps/CastleMap.umap'
[2018.11.16-17.51.20:920][  0]LogSlate: FSceneViewport::OnFocusLost() reason 0
[2018.11.16-17.51.21:007][  6]LogSlate: Window 'WineGlass2' being destroyed
[2018.11.16-17.51.21:030][  6]LogSlate: Window 'WineGlass2' being destroyed
[2018.11.16-17.51.23:634][201]LogSlate: FSceneViewport::OnFocusLost() reason 0
[2018.11.16-17.51.23:708][207]LogSlate: Window 'Message Log' being destroyed
[2018.11.16-17.51.23:721][207]LogSlate: Window 'Message Log' being destroyed
[2018.11.16-17.51.25:381][361]LogSlate: FSceneViewport::OnFocusLost() reason 0
[2018.11.16-17.51.25:582][370]LogSlate: Window 'CastleRavenloft - Unreal Editor' being destroyed
[2018.11.16-17.51.25:750][371]Cmd: QUIT_EDITOR
[2018.11.16-17.51.25:773][371]LogExit: Preparing to exit.
[2018.11.16-17.51.26:629][371]LogExit: Editor shut down
[2018.11.16-17.51.26:629][371]LogExit: Transaction tracking system shut down
[2018.11.16-17.51.27:301][371]LogExit: Object subsystem successfully closed.
[2018.11.16-17.51.27:310][371]LogShaderCompilers: Display: Shaders left to compile 0
[2018.11.16-17.51.27:313][371]LogD3D11RHI: Shutdown
[2018.11.16-17.51.27:313][371]LogD3D11RHI: CleanupD3DDevice
[2018.11.16-17.51.27:317][371]LogD3D11RHI: ~FD3D11DynamicRHI
[2018.11.16-17.51.27:329][371]LogModuleManager: Shutting down and abandoning module MovieSceneCapture (616)
[2018.11.16-17.51.27:329][371]LogModuleManager: Shutting down and abandoning module Voice (614)
[2018.11.16-17.51.27:329][371]LogModuleManager: Shutting down and abandoning module StaticMeshEditor (612)
[2018.11.16-17.51.27:329][371]LogModuleManager: Shutting down and abandoning module HierarchicalLODOutliner (610)
[2018.11.16-17.51.27:329][371]LogModuleManager: Shutting down and abandoning module SceneOutliner (608)
[2018.11.16-17.51.27:329][371]LogModuleManager: Shutting down and abandoning module AddContentDialog (606)
[2018.11.16-17.51.27:330][371]LogModuleManager: Shutting down and abandoning module WidgetCarousel (605)
[2018.11.16-17.51.27:330][371]LogModuleManager: Shutting down and abandoning module EditorWidgets (602)
[2018.11.16-17.51.27:330][371]LogModuleManager: Shutting down and abandoning module CollectionManager (600)
[2018.11.16-17.51.27:330][371]LogModuleManager: Shutting down and abandoning module StatsViewer (598)
[2018.11.16-17.51.27:330][371]LogModuleManager: Shutting down and abandoning module FoliageEdit (596)
[2018.11.16-17.51.27:330][371]LogModuleManager: Shutting down and abandoning module LandscapeEditor (594)
[2018.11.16-17.51.27:330][371]LogModuleManager: Shutting down and abandoning module MeshPaintMode (592)
[2018.11.16-17.51.27:330][371]LogModuleManager: Shutting down and abandoning module SceneDepthPickerMode (590)
[2018.11.16-17.51.27:330][371]LogModuleManager: Shutting down and abandoning module ActorPickerMode (588)
[2018.11.16-17.51.27:330][371]LogModuleManager: Shutting down and abandoning module GeometryMode (586)
[2018.11.16-17.51.27:330][371]LogModuleManager: Shutting down and abandoning module TextureAlignMode (584)
[2018.11.16-17.51.27:330][371]LogModuleManager: Shutting down and abandoning module BspMode (582)
[2018.11.16-17.51.27:330][371]LogModuleManager: Shutting down and abandoning module PIEPreviewDeviceProfileSelector (580)
[2018.11.16-17.51.27:330][371]LogModuleManager: Shutting down and abandoning module SequenceRecorderSections (578)
[2018.11.16-17.51.27:330][371]LogModuleManager: Shutting down and abandoning module AutomationWorker (576)
[2018.11.16-17.51.27:330][371]LogModuleManager: Shutting down and abandoning module AudioCaptureEditor (574)
[2018.11.16-17.51.27:330][371]LogModuleManager: Shutting down and abandoning module SequenceRecorder (573)
[2018.11.16-17.51.27:330][371]LogModuleManager: Shutting down and abandoning module MatineeToLevelSequence (570)
[2018.11.16-17.51.27:330][371]LogModuleManager: Shutting down and abandoning module LevelSequenceEditor (568)
[2018.11.16-17.51.27:330][371]LogModuleManager: Shutting down and abandoning module PlacementMode (567)
[2018.11.16-17.51.27:330][371]LogModuleManager: Shutting down and abandoning module MaterialEditor (566)
[2018.11.16-17.51.27:330][371]LogModuleManager: Shutting down and abandoning module WmfMediaFactory (562)
[2018.11.16-17.51.27:330][371]LogModuleManager: Shutting down and abandoning module WmfMediaEditor (560)
[2018.11.16-17.51.27:330][371]LogModuleManager: Shutting down and abandoning module MediaPlayerEditor (558)
[2018.11.16-17.51.27:330][371]LogModuleManager: Shutting down and abandoning module OpenExrWrapper (556)
[2018.11.16-17.51.27:330][371]LogModuleManager: Shutting down and abandoning module ImgMediaFactory (554)
[2018.11.16-17.51.27:330][371]LogModuleManager: Shutting down and abandoning module ImgMediaEditor (552)
[2018.11.16-17.51.27:330][371]LogModuleManager: Shutting down and abandoning module AvfMediaFactory (550)
[2018.11.16-17.51.27:330][371]LogModuleManager: Shutting down and abandoning module AvfMediaEditor (548)
[2018.11.16-17.51.27:330][371]LogModuleManager: Shutting down and abandoning module AndroidMediaFactory (546)
[2018.11.16-17.51.27:330][371]LogModuleManager: Shutting down and abandoning module AndroidMediaEditor (544)
[2018.11.16-17.51.27:330][371]LogModuleManager: Shutting down and abandoning module MagicLeapCameraPreviewFactory (542)
[2018.11.16-17.51.27:330][371]LogModuleManager: Shutting down and abandoning module MagicLeapMediaFactory (540)
[2018.11.16-17.51.27:330][371]LogModuleManager: Shutting down and abandoning module MagicLeapMediaEditor (538)
[2018.11.16-17.51.27:330][371]LogModuleManager: Shutting down and abandoning module CharacterAI (536)
[2018.11.16-17.51.27:330][371]LogModuleManager: Shutting down and abandoning module SmartSnapping (534)
[2018.11.16-17.51.27:330][371]LogModuleManager: Shutting down and abandoning module SessionServices (532)
[2018.11.16-17.51.27:330][371]LogModuleManager: Shutting down and abandoning module ViewportSnapping (530)
[2018.11.16-17.51.27:330][371]LogModuleManager: Shutting down and abandoning module ViewportInteraction (528)
[2018.11.16-17.51.27:330][371]LogModuleManager: Shutting down and abandoning module ClothPainter (526)
[2018.11.16-17.51.27:330][371]LogModuleManager: Shutting down and abandoning module SkeletalMeshEditor (525)
[2018.11.16-17.51.27:330][371]LogModuleManager: Shutting down and abandoning module LogVisualizer (522)
[2018.11.16-17.51.27:330][371]LogModuleManager: Shutting down and abandoning module IntroTutorials (520)
[2018.11.16-17.51.27:330][371]LogModuleManager: Shutting down and abandoning module GameProjectGeneration (519)
[2018.11.16-17.51.27:330][371]LogModuleManager: Shutting down and abandoning module LuminPlatformEditor (516)
[2018.11.16-17.51.27:331][371]LogModuleManager: Shutting down and abandoning module IOSPlatformEditor (514)
[2018.11.16-17.51.27:331][371]LogModuleManager: Shutting down and abandoning module HTML5PlatformEditor (512)
[2018.11.16-17.51.27:331][371]LogModuleManager: Shutting down and abandoning module AndroidPlatformEditor (510)
[2018.11.16-17.51.27:331][371]LogModuleManager: Shutting down and abandoning module AndroidDeviceDetection (509)
[2018.11.16-17.51.27:579][371]LogModuleManager: Shutting down and abandoning module WindowsPlatformEditor (506)
[2018.11.16-17.51.27:579][371]LogModuleManager: Shutting down and abandoning module LuminRuntimeSettings (504)
[2018.11.16-17.51.27:579][371]LogModuleManager: Shutting down and abandoning module IOSRuntimeSettings (502)
[2018.11.16-17.51.27:579][371]LogModuleManager: Shutting down and abandoning module AndroidRuntimeSettings (500)
[2018.11.16-17.51.27:579][371]LogModuleManager: Shutting down and abandoning module InputBindingEditor (498)
[2018.11.16-17.51.27:579][371]LogModuleManager: Shutting down and abandoning module MergeActors (496)
[2018.11.16-17.51.27:579][371]LogModuleManager: Shutting down and abandoning module LocalizationDashboard (494)
[2018.11.16-17.51.27:579][371]LogModuleManager: Shutting down and abandoning module LocalizationService (493)
[2018.11.16-17.51.27:579][371]LogModuleManager: Shutting down and abandoning module HardwareTargeting (490)
[2018.11.16-17.51.27:579][371]LogModuleManager: Shutting down and abandoning module DeviceProfileEditor (488)
[2018.11.16-17.51.27:579][371]LogModuleManager: Shutting down and abandoning module UndoHistory (486)
[2018.11.16-17.51.27:579][371]LogModuleManager: Shutting down and abandoning module XmlParser (484)
[2018.11.16-17.51.27:579][371]LogModuleManager: Shutting down and abandoning module Blutility (482)
[2018.11.16-17.51.27:579][371]LogModuleManager: Shutting down and abandoning module ProjectSettingsViewer (480)
[2018.11.16-17.51.27:579][371]LogModuleManager: Shutting down and abandoning module ProjectTargetPlatformEditor (479)
[2018.11.16-17.51.27:579][371]LogModuleManager: Shutting down and abandoning module EditorSettingsViewer (476)
[2018.11.16-17.51.27:579][371]LogModuleManager: Shutting down and abandoning module SettingsEditor (474)
[2018.11.16-17.51.27:579][371]LogModuleManager: Shutting down and abandoning module ProjectLauncher (472)
[2018.11.16-17.51.27:579][371]LogModuleManager: Shutting down and abandoning module SessionFrontend (470)
[2018.11.16-17.51.27:579][371]LogModuleManager: Shutting down and abandoning module ProfilerClient (468)
[2018.11.16-17.51.27:579][371]LogModuleManager: Shutting down and abandoning module DeviceManager (466)
[2018.11.16-17.51.27:579][371]LogModuleManager: Shutting down and abandoning module TargetDeviceServices (465)
[2018.11.16-17.51.27:629][371]LogModuleManager: Shutting down and abandoning module AutomationController (462)
[2018.11.16-17.51.27:629][371]LogModuleManager: Shutting down and abandoning module AutomationWindow (460)
[2018.11.16-17.51.27:629][371]LogModuleManager: Shutting down and abandoning module Layers (458)
[2018.11.16-17.51.27:629][371]LogModuleManager: Shutting down and abandoning module ComponentVisualizers (456)
[2018.11.16-17.51.27:629][371]LogModuleManager: Shutting down and abandoning module DetailCustomizations (454)
[2018.11.16-17.51.27:629][371]LogModuleManager: Shutting down and abandoning module PackagesDialog (452)
[2018.11.16-17.51.27:629][371]LogModuleManager: Shutting down and abandoning module Persona (450)
[2018.11.16-17.51.27:629][371]LogModuleManager: Shutting down and abandoning module AdvancedPreviewScene (449)
[2018.11.16-17.51.27:629][371]LogModuleManager: Shutting down and abandoning module AnimGraph (447)
[2018.11.16-17.51.27:629][371]LogModuleManager: Shutting down and abandoning module Kismet (444)
[2018.11.16-17.51.27:629][371]LogModuleManager: Shutting down and abandoning module GraphEditor (442)
[2018.11.16-17.51.27:629][371]LogModuleManager: Shutting down and abandoning module ClassViewer (440)
[2018.11.16-17.51.27:629][371]LogModuleManager: Shutting down and abandoning module Toolbox (438)
[2018.11.16-17.51.27:629][371]LogModuleManager: Shutting down and abandoning module ModuleUI (436)
[2018.11.16-17.51.27:629][371]LogModuleManager: Shutting down and abandoning module MovieSceneTools (434)
[2018.11.16-17.51.27:630][371]LogModuleManager: Shutting down and abandoning module OutputLog (432)
[2018.11.16-17.51.27:630][371]LogModuleManager: Shutting down and abandoning module GammaUI (430)
[2018.11.16-17.51.27:630][371]LogModuleManager: Shutting down and abandoning module Documentation (428)
[2018.11.16-17.51.27:630][371]LogModuleManager: Shutting down and abandoning module MovieSceneTracks (426)
[2018.11.16-17.51.27:630][371]LogModuleManager: Shutting down and abandoning module MovieScene (424)
[2018.11.16-17.51.27:630][371]LogModuleManager: Shutting down and abandoning module StreamingPauseRendering (422)
[2018.11.16-17.51.27:630][371]LogModuleManager: Shutting down and abandoning module LauncherPlatform (420)
[2018.11.16-17.51.27:630][371]LogModuleManager: Shutting down and abandoning module AnalyticsET (418)
[2018.11.16-17.51.27:630][371]LogModuleManager: Shutting down and abandoning module PortalServices (416)
[2018.11.16-17.51.27:630][371]LogModuleManager: Shutting down and abandoning module PortalRpc (414)
[2018.11.16-17.51.27:630][371]LogModuleManager: Shutting down and abandoning module MessagingRpc (412)
[2018.11.16-17.51.27:630][371]LogModuleManager: Shutting down and abandoning module AIModule (410)
[2018.11.16-17.51.27:630][371]LogModuleManager: Shutting down and abandoning module GameplayDebugger (409)
[2018.11.16-17.51.27:630][371]LogModuleManager: Shutting down and abandoning module AITestSuite (407)
[2018.11.16-17.51.27:630][371]LogModuleManager: Shutting down and abandoning module NavigationSystem (405)
[2018.11.16-17.51.27:630][371]LogModuleManager: Shutting down and abandoning module DesktopPlatform (402)
[2018.11.16-17.51.27:630][371]LogModuleManager: Shutting down and abandoning module ProfilerService (400)
[2018.11.16-17.51.27:783][371]LogModuleManager: Shutting down and abandoning module TaskGraph (398)
[2018.11.16-17.51.27:783][371]LogModuleManager: Shutting down and abandoning module SteamVRController (396)
[2018.11.16-17.51.27:783][371]LogModuleManager: Shutting down and abandoning module ProceduralMeshComponentEditor (394)
[2018.11.16-17.51.27:783][371]LogModuleManager: Shutting down and abandoning module ProceduralMeshComponent (392)
[2018.11.16-17.51.27:783][371]LogModuleManager: Shutting down and abandoning module OculusInput (390)
[2018.11.16-17.51.27:783][371]LogModuleManager: Shutting down and abandoning module MobilePatchingUtils (388)
[2018.11.16-17.51.27:783][371]LogModuleManager: Shutting down and abandoning module EditableMesh (386)
[2018.11.16-17.51.27:783][371]LogModuleManager: Shutting down and abandoning module CustomMeshComponent (384)
[2018.11.16-17.51.27:783][371]LogModuleManager: Shutting down and abandoning module CableComponent (382)
[2018.11.16-17.51.27:783][371]LogModuleManager: Shutting down and abandoning module AudioCapture (380)
[2018.11.16-17.51.27:783][371]LogModuleManager: Shutting down and abandoning module ArchVisCharacter (378)
[2018.11.16-17.51.27:783][371]LogModuleManager: Shutting down and abandoning module AndroidPermission (376)
[2018.11.16-17.51.27:783][371]LogModuleManager: Shutting down and abandoning module NUTUnrealEngine4 (374)
[2018.11.16-17.51.27:783][371]LogModuleManager: Shutting down and abandoning module NetcodeUnitTest (372)
[2018.11.16-17.51.27:783][371]LogModuleManager: Shutting down and abandoning module MediaCompositingEditor (370)
[2018.11.16-17.51.27:783][371]LogModuleManager: Shutting down and abandoning module MediaCompositing (368)
[2018.11.16-17.51.27:783][371]LogModuleManager: Shutting down and abandoning module LinearTimecode (366)
[2018.11.16-17.51.27:783][371]LogModuleManager: Shutting down and abandoning module ImgMedia (364)
[2018.11.16-17.51.27:785][371]LogModuleManager: Shutting down and abandoning module HTML5Networking (362)
[2018.11.16-17.51.27:785][371]LogModuleManager: Shutting down and abandoning module GeometryCacheTracks (360)
[2018.11.16-17.51.27:785][371]LogModuleManager: Shutting down and abandoning module GeometryCacheSequencer (358)
[2018.11.16-17.51.27:785][371]LogModuleManager: Shutting down and abandoning module BackChannel (356)
[2018.11.16-17.51.27:785][371]LogModuleManager: Shutting down and abandoning module AppleVision (354)
[2018.11.16-17.51.27:785][371]LogModuleManager: Shutting down and abandoning module AppleImageUtils (352)
[2018.11.16-17.51.27:785][371]LogModuleManager: Shutting down and abandoning module AlembicImporter (350)
[2018.11.16-17.51.27:785][371]LogModuleManager: Shutting down and abandoning module AlembicLibrary (349)
[2018.11.16-17.51.27:785][371]LogModuleManager: Shutting down and abandoning module GeometryCache (348)
[2018.11.16-17.51.27:785][371]LogModuleManager: Shutting down and abandoning module GeometryCacheEd (347)
[2018.11.16-17.51.27:785][371]LogModuleManager: Shutting down and abandoning module DatasmithContentEditor (342)
[2018.11.16-17.51.27:785][371]LogModuleManager: Shutting down and abandoning module DatasmithContent (340)
[2018.11.16-17.51.27:785][371]LogModuleManager: Shutting down and abandoning module SpeedTreeImporter (338)
[2018.11.16-17.51.27:785][371]LogModuleManager: Shutting down and abandoning module PluginBrowser (336)
[2018.11.16-17.51.27:785][371]LogModuleManager: Shutting down and abandoning module MobileLauncherProfileWizard (334)
[2018.11.16-17.51.27:785][371]LogModuleManager: Shutting down and abandoning module PolygonModeling (332)
[2018.11.16-17.51.27:785][371]LogModuleManager: Shutting down and abandoning module MeshEditor (330)
[2018.11.16-17.51.27:785][371]LogModuleManager: Shutting down and abandoning module CryptoKeysOpenSSL (328)
[2018.11.16-17.51.27:785][371]LogModuleManager: Shutting down and abandoning module CryptoKeys (326)
[2018.11.16-17.51.27:785][371]LogModuleManager: Shutting down and abandoning module VisualStudioSourceCodeAccess (324)
[2018.11.16-17.51.27:785][371]LogModuleManager: Shutting down and abandoning module VisualStudioCodeSourceCodeAccess (322)
[2018.11.16-17.51.27:785][371]LogModuleManager: Shutting down and abandoning module UObjectPlugin (320)
[2018.11.16-17.51.27:785][371]LogModuleManager: Shutting down and abandoning module SubversionSourceControl (318)
[2018.11.16-17.51.27:785][371]LogModuleManager: Shutting down and abandoning module PerforceSourceControl (316)
[2018.11.16-17.51.27:785][371]LogModuleManager: Shutting down and abandoning module GitSourceControl (314)
[2018.11.16-17.51.27:785][371]LogModuleManager: Shutting down and abandoning module SourceControl (313)
[2018.11.16-17.51.27:785][371]LogModuleManager: Shutting down and abandoning module CLionSourceCodeAccess (310)
[2018.11.16-17.51.27:785][371]LogModuleManager: Shutting down and abandoning module LightPropagationVolumeEditor (308)
[2018.11.16-17.51.27:785][371]LogModuleManager: Shutting down and abandoning module PaperTiledImporter (306)
[2018.11.16-17.51.27:785][371]LogModuleManager: Shutting down and abandoning module PaperSpriteSheetImporter (304)
[2018.11.16-17.51.27:785][371]LogModuleManager: Shutting down and abandoning module Paper2DEditor (302)
[2018.11.16-17.51.27:786][371]LogModuleManager: Shutting down and abandoning module MeshPaint (301)
[2018.11.16-17.51.27:786][371]LogModuleManager: Shutting down and abandoning module RuntimePhysXCooking (298)
[2018.11.16-17.51.27:786][371]LogModuleManager: Shutting down and abandoning module PhysXVehiclesEditor (296)
[2018.11.16-17.51.27:786][371]LogModuleManager: Shutting down and abandoning module PhysXVehicles (294)
[2018.11.16-17.51.27:786][371]LogModuleManager: Shutting down and abandoning module OculusEditor (292)
[2018.11.16-17.51.27:786][371]LogModuleManager: Shutting down and abandoning module LocationServicesBPLibrary (290)
[2018.11.16-17.51.27:786][371]LogModuleManager: Shutting down and abandoning module ImmediatePhysicsEditor (288)
[2018.11.16-17.51.27:786][371]LogModuleManager: Shutting down and abandoning module ImmediatePhysics (286)
[2018.11.16-17.51.27:786][371]LogModuleManager: Shutting down and abandoning module ActorSequence (284)
[2018.11.16-17.51.27:786][371]LogModuleManager: Shutting down and abandoning module UdpMessaging (282)
[2018.11.16-17.51.27:886][371]LogModuleManager: Shutting down and abandoning module TcpMessaging (280)
[2018.11.16-17.51.27:986][371]LogModuleManager: Shutting down and abandoning module MagicLeapAudio (278)
[2018.11.16-17.51.27:986][371]LogModuleManager: Shutting down and abandoning module GameplayTagsEditor (276)
[2018.11.16-17.51.27:986][371]LogModuleManager: Shutting down and abandoning module FacialAnimationEditor (274)
[2018.11.16-17.51.27:986][371]LogModuleManager: Shutting down and abandoning module FacialAnimation (272)
[2018.11.16-17.51.27:986][371]LogModuleManager: Shutting down and abandoning module DataValidation (270)
[2018.11.16-17.51.27:986][371]LogModuleManager: Shutting down and abandoning module AssetManagerEditor (268)
[2018.11.16-17.51.27:986][371]LogModuleManager: Shutting down and abandoning module LevelEditor (267)
[2018.11.16-17.51.27:986][371]LogModuleManager: Shutting down and abandoning module PixelInspectorModule (266)
[2018.11.16-17.51.27:986][371]LogModuleManager: Shutting down and abandoning module CommonMenuExtensions (264)
[2018.11.16-17.51.27:987][371]LogModuleManager: Shutting down and abandoning module MainFrame (262)
[2018.11.16-17.51.27:987][371]LogModuleManager: Shutting down and abandoning module HotReload (261)
[2018.11.16-17.51.27:987][371]LogModuleManager: Shutting down and abandoning module ContentBrowser (257)
[2018.11.16-17.51.27:988][371]LogModuleManager: Shutting down and abandoning module TreeMap (255)
[2018.11.16-17.51.27:988][371]LogModuleManager: Shutting down and abandoning module LightPropagationVolumeRuntime (252)
[2018.11.16-17.51.27:988][371]LogModuleManager: Shutting down and abandoning module AISupportModule (250)
[2018.11.16-17.51.27:988][371]LogModuleManager: Shutting down and abandoning module Paper2D (248)
[2018.11.16-17.51.27:988][371]LogModuleManager: Shutting down and abandoning module WindowsMoviePlayer (246)
[2018.11.16-17.51.27:988][371]LogModuleManager: Shutting down and abandoning module WmfMedia (244)
[2018.11.16-17.51.27:988][371]LogModuleManager: Shutting down and abandoning module Media (243)
[2018.11.16-17.51.27:993][371]LogModuleManager: Shutting down and abandoning module PacketHandler (240)
[2018.11.16-17.51.27:993][371]LogModuleManager: Shutting down and abandoning module ClothingSystemEditor (238)
[2018.11.16-17.51.27:993][371]LogModuleManager: Shutting down and abandoning module ClothingSystemRuntime (236)
[2018.11.16-17.51.27:993][371]LogModuleManager: Shutting down and abandoning module MediaAssets (234)
[2018.11.16-17.51.27:993][371]LogModuleManager: Shutting down and abandoning module Overlay (232)
[2018.11.16-17.51.27:993][371]LogModuleManager: Shutting down and abandoning module OverlayEditor (231)
[2018.11.16-17.51.27:993][371]LogModuleManager: Shutting down and abandoning module VREditor (228)
[2018.11.16-17.51.27:993][371]LogModuleManager: Shutting down and abandoning module StringTableEditor (226)
[2018.11.16-17.51.27:993][371]LogModuleManager: Shutting down and abandoning module GameplayTasksEditor (224)
[2018.11.16-17.51.27:993][371]LogModuleManager: Shutting down and abandoning module BehaviorTreeEditor (222)
[2018.11.16-17.51.27:993][371]LogModuleManager: Shutting down and abandoning module FunctionalTesting (220)
[2018.11.16-17.51.27:993][371]LogModuleManager: Shutting down and abandoning module CollisionAnalyzer (218)
[2018.11.16-17.51.27:993][371]LogModuleManager: Shutting down and abandoning module WorkspaceMenuStructure (217)
[2018.11.16-17.51.27:993][371]LogModuleManager: Shutting down and abandoning module UMG (214)
[2018.11.16-17.51.27:993][371]LogModuleManager: Shutting down and abandoning module UMGEditor (213)
[2018.11.16-17.51.27:993][371]LogModuleManager: Shutting down and abandoning module Sequencer (212)
[2018.11.16-17.51.27:993][371]LogModuleManager: Shutting down and abandoning module MessageLog (209)
[2018.11.16-17.51.27:993][371]LogModuleManager: Shutting down and abandoning module SlateReflector (204)
[2018.11.16-17.51.27:993][371]LogModuleManager: Shutting down and abandoning module Slate (202)
[2018.11.16-17.51.27:993][371]LogModuleManager: Shutting down and abandoning module EditorStyle (200)
[2018.11.16-17.51.27:995][371]LogModuleManager: Shutting down and abandoning module MRMesh (198)
[2018.11.16-17.51.27:995][371]LogModuleManager: Shutting down and abandoning module SourceCodeAccess (196)
[2018.11.16-17.51.27:995][371]LogModuleManager: Shutting down and abandoning module HeadMountedDisplay (194)
[2018.11.16-17.51.27:995][371]LogModuleManager: Shutting down and abandoning module XAudio2 (192)
[2018.11.16-17.51.27:995][371]LogModuleManager: Shutting down and abandoning module Networking (190)
[2018.11.16-17.51.27:995][371]LogModuleManager: Shutting down and abandoning module Core (188)
[2018.11.16-17.51.27:995][371]LogModuleManager: Shutting down and abandoning module LevelSequence (186)
[2018.11.16-17.51.27:995][371]LogModuleManager: Shutting down and abandoning module KismetCompiler (184)
[2018.11.16-17.51.27:995][371]LogModuleManager: Shutting down and abandoning module MeshUtilities (182)
[2018.11.16-17.51.27:995][371]LogModuleManager: Shutting down and abandoning module MeshMergeUtilities (181)
[2018.11.16-17.51.27:995][371]LogModuleManager: Shutting down and abandoning module MeshReductionInterface (180)
[2018.11.16-17.51.27:995][371]LogModuleManager: Shutting down and abandoning module SimplygonSwarm (179)
[2018.11.16-17.51.27:995][371]LogModuleManager: Shutting down and abandoning module ProxyLODMeshReduction (177)
[2018.11.16-17.51.27:995][371]LogModuleManager: Shutting down and abandoning module SimplygonMeshReduction (175)
[2018.11.16-17.51.27:995][371]LogModuleManager: Shutting down and abandoning module QuadricMeshReduction (173)
[2018.11.16-17.51.27:995][371]LogModuleManager: Shutting down and abandoning module MaterialBaking (169)
[2018.11.16-17.51.27:995][371]LogModuleManager: Shutting down and abandoning module DirectoryWatcher (165)
[2018.11.16-17.51.27:995][371]LogModuleManager: Shutting down and abandoning module DerivedDataCache (162)
[2018.11.16-17.51.28:005][371]LogDerivedDataCache: Shutdown
[2018.11.16-17.51.28:005][371]LogModuleManager: Shutting down and abandoning module XGEController (160)
[2018.11.16-17.51.28:005][371]LogModuleManager: Shutting down and abandoning module TargetPlatform (158)
[2018.11.16-17.51.28:005][371]LogModuleManager: Shutting down and abandoning module VulkanShaderFormat (157)
[2018.11.16-17.51.28:005][371]LogModuleManager: Shutting down and abandoning module ShaderFormatVectorVM (155)
[2018.11.16-17.51.28:005][371]LogModuleManager: Shutting down and abandoning module ShaderFormatOpenGL (153)
[2018.11.16-17.51.28:005][371]LogModuleManager: Shutting down and abandoning module ShaderFormatD3D (151)
[2018.11.16-17.51.28:005][371]LogModuleManager: Shutting down and abandoning module MetalShaderFormat (149)
[2018.11.16-17.51.28:005][371]LogModuleManager: Shutting down and abandoning module TextureFormatUncompressed (147)
[2018.11.16-17.51.28:005][371]LogModuleManager: Shutting down and abandoning module TextureFormatPVR (145)
[2018.11.16-17.51.28:005][371]LogModuleManager: Shutting down and abandoning module TextureFormatDXT (143)
[2018.11.16-17.51.28:005][371]LogModuleManager: Shutting down and abandoning module TextureFormatIntelISPCTexComp (141)
[2018.11.16-17.51.28:005][371]LogModuleManager: Shutting down and abandoning module TextureFormatASTC (139)
[2018.11.16-17.51.28:005][371]LogModuleManager: Shutting down and abandoning module ImageWrapper (138)
[2018.11.16-17.51.28:005][371]LogModuleManager: Shutting down and abandoning module TextureFormatAndroid (135)
[2018.11.16-17.51.28:005][371]LogModuleManager: Shutting down and abandoning module AudioFormatOpus (133)
[2018.11.16-17.51.28:005][371]LogModuleManager: Shutting down and abandoning module AudioFormatOgg (131)
[2018.11.16-17.51.28:005][371]LogModuleManager: Shutting down and abandoning module AudioFormatADPCM (129)
[2018.11.16-17.51.28:005][371]LogModuleManager: Shutting down and abandoning module LuminTargetPlatform (127)
[2018.11.16-17.51.28:005][371]LogModuleManager: Shutting down and abandoning module LinuxTargetPlatform (125)
[2018.11.16-17.51.28:005][371]LogModuleManager: Shutting down and abandoning module LinuxServerTargetPlatform (123)
[2018.11.16-17.51.28:005][371]LogModuleManager: Shutting down and abandoning module LinuxNoEditorTargetPlatform (121)
[2018.11.16-17.51.28:005][371]LogModuleManager: Shutting down and abandoning module LinuxClientTargetPlatform (119)
[2018.11.16-17.51.28:005][371]LogModuleManager: Shutting down and abandoning module TVOSTargetPlatform (117)
[2018.11.16-17.51.28:006][371]LogModuleManager: Shutting down and abandoning module Messaging (115)
[2018.11.16-17.51.28:006][371]LogModuleManager: Shutting down and abandoning module IOSTargetPlatform (113)
[2018.11.16-17.51.28:007][371]LogModuleManager: Shutting down and abandoning module HTML5TargetPlatform (111)
[2018.11.16-17.51.28:007][371]LogModuleManager: Shutting down and abandoning module AndroidTargetPlatform (109)
[2018.11.16-17.51.28:012][371]LogModuleManager: Shutting down and abandoning module WindowsTargetPlatform (107)
[2018.11.16-17.51.28:012][371]LogModuleManager: Shutting down and abandoning module WindowsServerTargetPlatform (105)
[2018.11.16-17.51.28:012][371]LogModuleManager: Shutting down and abandoning module WindowsNoEditorTargetPlatform (103)
[2018.11.16-17.51.28:012][371]LogModuleManager: Shutting down and abandoning module WindowsClientTargetPlatform (101)
[2018.11.16-17.51.28:012][371]LogModuleManager: Shutting down and abandoning module MacTargetPlatform (99)
[2018.11.16-17.51.28:012][371]LogModuleManager: Shutting down and abandoning module MacServerTargetPlatform (97)
[2018.11.16-17.51.28:012][371]LogModuleManager: Shutting down and abandoning module MacNoEditorTargetPlatform (95)
[2018.11.16-17.51.28:012][371]LogModuleManager: Shutting down and abandoning module MacClientTargetPlatform (93)
[2018.11.16-17.51.28:012][371]LogModuleManager: Shutting down and abandoning module AllDesktopTargetPlatform (91)
[2018.11.16-17.51.28:012][371]LogModuleManager: Shutting down and abandoning module InputCore (88)
[2018.11.16-17.51.28:012][371]LogModuleManager: Shutting down and abandoning module Settings (86)
[2018.11.16-17.51.28:012][371]LogModuleManager: Shutting down and abandoning module PhysXCooking (84)
[2018.11.16-17.51.28:012][371]LogModuleManager: Shutting down and abandoning module SteamVR (82)
[2018.11.16-17.51.28:012][371]LogModuleManager: Shutting down and abandoning module OculusHMD (80)
[2018.11.16-17.51.28:012][371]LogModuleManager: Shutting down and abandoning module ExampleDeviceProfileSelector (78)
[2018.11.16-17.51.28:012][371]LogModuleManager: Shutting down and abandoning module LauncherChunkInstaller (76)
[2018.11.16-17.51.28:012][371]LogModuleManager: Shutting down and abandoning module OnlineBlueprintSupport (74)
[2018.11.16-17.51.28:012][371]LogModuleManager: Shutting down and abandoning module OnlineSubsystem (70)
[2018.11.16-17.51.28:013][371]LogModuleManager: Shutting down and abandoning module XMPP (65)
[2018.11.16-17.51.28:013][371]LogModuleManager: Shutting down and abandoning module WebSockets (64)
[2018.11.16-17.51.28:042][371]LogModuleManager: Shutting down and abandoning module HTTP (61)
[2018.11.16-17.51.28:042][371]LogHttp: Display: Http module shutting down, but needs to wait on 1 outstanding Http requests:
[2018.11.16-17.51.28:042][371]LogHttp: Display: 	verb=[POST] url=[https://datarouter.ol.epicgames.com/datarouter/api/v1/public/data?SessionID=%7B94C84995-4073-6293-C91A-EDA1B69483A4%7D&AppID=UEEditor.Rocket.Release&AppVersion=4.20.3-4369336%2B%2B%2BUE4%2BRelease-4.20&UserID=1cc4ab9f4dc2e03946f10187557ebead%7C835cbaeb50c74b04991c798a180951a6%7Cf1992809-6609-441d-a6d5-d29a56ba17ab&AppEnvironment=datacollector-binary&UploadType=eteventstream] status=Processing
[2018.11.16-17.51.28:058][371]LogModuleManager: Shutting down and abandoning module SSL (60)
[2018.11.16-17.51.28:058][371]LogModuleManager: Shutting down and abandoning module MagicLeapEmulator (56)
[2018.11.16-17.51.28:058][371]LogModuleManager: Shutting down and abandoning module MagicLeapPrivileges (54)
[2018.11.16-17.51.28:058][371]LogModuleManager: Shutting down and abandoning module MagicLeapIdentity (52)
[2018.11.16-17.51.28:058][371]LogModuleManager: Shutting down and abandoning module MagicLeapHelperVulkan (50)
[2018.11.16-17.51.28:058][371]LogModuleManager: Shutting down and abandoning module MagicLeapHelperOpenGL (48)
[2018.11.16-17.51.28:058][371]LogModuleManager: Shutting down and abandoning module MagicLeapSecureStorage (46)
[2018.11.16-17.51.28:058][371]LogModuleManager: Shutting down and abandoning module MagicLeapGestures (44)
[2018.11.16-17.51.28:058][371]LogModuleManager: Shutting down and abandoning module MagicLeapEyeTracker (42)
[2018.11.16-17.51.28:058][371]LogModuleManager: Shutting down and abandoning module MagicLeapController (40)
[2018.11.16-17.51.28:059][371]LogSlate: Slate User Destroyed.  User Index 0, Is Virtual User: 0
[2018.11.16-17.51.28:059][371]LogModuleManager: Shutting down and abandoning module MagicLeap (38)
[2018.11.16-17.51.28:059][371]LogModuleManager: Shutting down and abandoning module AnimationModifiers (36)
[2018.11.16-17.51.28:059][371]LogModuleManager: Shutting down and abandoning module PropertyEditor (35)
[2018.11.16-17.51.28:059][371]LogModuleManager: Shutting down and abandoning module AudioEditor (32)
[2018.11.16-17.51.28:059][371]LogModuleManager: Shutting down and abandoning module TextureCompressor (30)
[2018.11.16-17.51.28:059][371]LogModuleManager: Shutting down and abandoning module ShaderCore (28)
[2018.11.16-17.51.28:059][371]LogModuleManager: Shutting down and abandoning module Landscape (26)
[2018.11.16-17.51.28:059][371]LogModuleManager: Shutting down and abandoning module SlateRHIRenderer (24)
[2018.11.16-17.51.28:059][371]LogModuleManager: Shutting down and abandoning module OpenGLDrv (22)
[2018.11.16-17.51.28:059][371]LogModuleManager: Shutting down and abandoning module D3D11RHI (20)
[2018.11.16-17.51.28:059][371]LogModuleManager: Shutting down and abandoning module AnimGraphRuntime (18)
[2018.11.16-17.51.28:059][371]LogModuleManager: Shutting down and abandoning module Renderer (16)
[2018.11.16-17.51.28:059][371]LogModuleManager: Shutting down and abandoning module Engine (14)
[2018.11.16-17.51.28:059][371]LogModuleManager: Shutting down and abandoning module CoreUObject (12)
[2018.11.16-17.51.28:059][371]LogModuleManager: Shutting down and abandoning module NetworkFile (10)
[2018.11.16-17.51.28:059][371]LogModuleManager: Shutting down and abandoning module CookedIterativeFile (8)
[2018.11.16-17.51.28:059][371]LogModuleManager: Shutting down and abandoning module StreamingFile (6)
[2018.11.16-17.51.28:059][371]LogModuleManager: Shutting down and abandoning module SandboxFile (4)
[2018.11.16-17.51.28:059][371]LogModuleManager: Shutting down and abandoning module PakFile (2)
[2018.11.16-17.51.28:062][371]LogExit: Exiting.
[2018.11.16-17.51.28:085][371]Log file closed, 11/16/18 12:51:28
