"../../../../Users/scrothenbuhler/Desktop/Colab/CastleRavenloft/CastleRavenloft/Content/FirstPersonController/Character/Mesh/SK_Mannequin_Arms_Skeleton.uasset" 0
"../../../../Users/scrothenbuhler/Desktop/Colab/CastleRavenloft/CastleRavenloft/Content/FirstPersonController/Animations/FirstPerson_Fire.uasset" 1
"../../../../Users/scrothenbuhler/Desktop/Colab/CastleRavenloft/CastleRavenloft/Content/FirstPersonController/Animations/FirstPersonFire_Montage.uasset" 2
"../../../../Users/scrothenbuhler/Desktop/Colab/CastleRavenloft/CastleRavenloft/Content/FirstPersonController/Animations/FirstPerson_Idle.uasset" 3
"../../../../Users/scrothenbuhler/Desktop/Colab/CastleRavenloft/CastleRavenloft/Content/FirstPersonController/Animations/FirstPerson_JumpEnd.uasset" 4
"../../../../Users/scrothenbuhler/Desktop/Colab/CastleRavenloft/CastleRavenloft/Content/FirstPersonController/Animations/FirstPerson_JumpLoop.uasset" 5
"../../../../Users/scrothenbuhler/Desktop/Colab/CastleRavenloft/CastleRavenloft/Content/FirstPersonController/Animations/FirstPerson_JumpStart.uasset" 6
"../../../../Users/scrothenbuhler/Desktop/Colab/CastleRavenloft/CastleRavenloft/Content/FirstPersonController/Animations/FirstPerson_Run.uasset" 7
"../../../Engine/Content/EditorBlueprintResources/StandardMacros.uasset" 8
"../../../../Users/scrothenbuhler/Desktop/Colab/CastleRavenloft/CastleRavenloft/Content/FirstPersonController/Animations/FirstPerson_AnimBP.uasset" 9
"../../../../Users/scrothenbuhler/Desktop/Colab/CastleRavenloft/CastleRavenloft/Content/FirstPersonController/Audio/FirstPersonTemplateWeaponFire02.uasset" 10
"../../../../Users/scrothenbuhler/Desktop/Colab/CastleRavenloft/CastleRavenloft/Content/UserInterface/BPI_PlayerInterface.uasset" 11
"../../../../Users/scrothenbuhler/Desktop/Colab/CastleRavenloft/CastleRavenloft/Content/Blueprints/BPAC_MakeInteractive.uasset" 12
"../../../../Users/scrothenbuhler/Desktop/Colab/CastleRavenloft/CastleRavenloft/Content/FirstPersonController/Blueprints/CameraShake/CamShake_Crouch.uasset" 13
"../../../../Users/scrothenbuhler/Desktop/Colab/CastleRavenloft/CastleRavenloft/Content/FirstPersonController/Blueprints/CameraShake/CamShake_Idle.uasset" 14
"../../../../Users/scrothenbuhler/Desktop/Colab/CastleRavenloft/CastleRavenloft/Content/FirstPersonController/Blueprints/CameraShake/CamShake_Run.uasset" 15
"../../../../Users/scrothenbuhler/Desktop/Colab/CastleRavenloft/CastleRavenloft/Content/FirstPersonController/Blueprints/CameraShake/CamShake_Walk.uasset" 16
"../../../../Users/scrothenbuhler/Desktop/Colab/CastleRavenloft/CastleRavenloft/Content/UserInterface/Aldo_PC.uasset" 17
"../../../../Users/scrothenbuhler/Desktop/Colab/CastleRavenloft/CastleRavenloft/Content/UserInterface/F_AldoPC.uasset" 18
"../../../../Users/scrothenbuhler/Desktop/Colab/CastleRavenloft/CastleRavenloft/Content/UserInterface/WBP_HUD.uasset" 19
"../../../../Users/scrothenbuhler/Desktop/Colab/CastleRavenloft/CastleRavenloft/Content/UserInterface/WBP_PauseMenu.uasset" 20
"../../../../Users/scrothenbuhler/Desktop/Colab/CastleRavenloft/CastleRavenloft/Content/FirstPersonController/Blueprints/FirstPersonCharacter.uasset" 21
"../../../../Users/scrothenbuhler/Desktop/Colab/CastleRavenloft/CastleRavenloft/Content/FirstPersonController/Blueprints/FirstPersonHUD.uasset" 22
"../../../../Users/scrothenbuhler/Desktop/Colab/CastleRavenloft/CastleRavenloft/Content/FirstPersonController/Blueprints/FirstPersonGameMode.uasset" 23
"../../../Engine/Content/Functions/Engine_MaterialFunctions02/Utility/BlendAngleCorrectedNormals.uasset" 24
"../../../Engine/Content/Functions/MaterialLayerFunctions/MatLayerBlend_NormalBlend.uasset" 25
"../../../Engine/Content/Functions/MaterialLayerFunctions/MatLayerBlend_Simple.uasset" 26
"../../../../Users/scrothenbuhler/Desktop/Colab/CastleRavenloft/CastleRavenloft/Content/FirstPersonController/Character/Materials/MaterialLayers/T_ML_Rubber_Blue_01_D.uasset" 27
"../../../../Users/scrothenbuhler/Desktop/Colab/CastleRavenloft/CastleRavenloft/Content/FirstPersonController/Character/Materials/MaterialLayers/T_ML_Rubber_Blue_01_N.uasset" 28
"../../../../Users/scrothenbuhler/Desktop/Colab/CastleRavenloft/CastleRavenloft/Content/FirstPersonController/Character/Materials/MaterialLayers/ML_GlossyBlack_Latex_UE4.uasset" 29
"../../../../Users/scrothenbuhler/Desktop/Colab/CastleRavenloft/CastleRavenloft/Content/FirstPersonController/Character/Materials/MaterialLayers/ML_Plastic_Shiny_Beige.uasset" 30
"../../../../Users/scrothenbuhler/Desktop/Colab/CastleRavenloft/CastleRavenloft/Content/FirstPersonController/Character/Textures/UE4_LOGO_CARD.uasset" 31
"../../../../Users/scrothenbuhler/Desktop/Colab/CastleRavenloft/CastleRavenloft/Content/FirstPersonController/Character/Materials/MaterialLayers/ML_Plastic_Shiny_Beige_LOGO.uasset" 32
"../../../../Users/scrothenbuhler/Desktop/Colab/CastleRavenloft/CastleRavenloft/Content/FirstPersonController/Character/Materials/MaterialLayers/T_ML_Aluminum01.uasset" 33
"../../../../Users/scrothenbuhler/Desktop/Colab/CastleRavenloft/CastleRavenloft/Content/FirstPersonController/Character/Materials/MaterialLayers/T_ML_Aluminum01_N.uasset" 34
"../../../../Users/scrothenbuhler/Desktop/Colab/CastleRavenloft/CastleRavenloft/Content/FirstPersonController/Character/Materials/MaterialLayers/ML_SoftMetal_UE4.uasset" 35
"../../../../Users/scrothenbuhler/Desktop/Colab/CastleRavenloft/CastleRavenloft/Content/FirstPersonController/Character/Textures/UE4_Mannequin__normals.uasset" 36
"../../../../Users/scrothenbuhler/Desktop/Colab/CastleRavenloft/CastleRavenloft/Content/FirstPersonController/Character/Textures/UE4_Mannequin_MAT_MASKA.uasset" 37
"../../../../Users/scrothenbuhler/Desktop/Colab/CastleRavenloft/CastleRavenloft/Content/FirstPersonController/Character/Materials/M_UE4Man_Body.uasset" 38
"../../../../Users/scrothenbuhler/Desktop/Colab/CastleRavenloft/CastleRavenloft/Content/FirstPersonController/Character/Mesh/SK_Mannequin_Arms_PhysicsAsset.uasset" 39
"../../../../Users/scrothenbuhler/Desktop/Colab/CastleRavenloft/CastleRavenloft/Content/FirstPersonController/Character/Mesh/SK_Mannequin_Arms.uasset" 40
"../../../../Users/scrothenbuhler/Desktop/Colab/CastleRavenloft/CastleRavenloft/Content/FirstPersonController/FPWeapon/Materials/MaterialLayers/ML_Plastic_Shiny_Beige_LOGO.uasset" 41
"../../../../Users/scrothenbuhler/Desktop/Colab/CastleRavenloft/CastleRavenloft/Content/FirstPersonController/FPWeapon/Materials/MaterialLayers/T_ML_FineRubber.uasset" 42
"../../../../Users/scrothenbuhler/Desktop/Colab/CastleRavenloft/CastleRavenloft/Content/FirstPersonController/FPWeapon/Materials/MaterialLayers/T_ML_Rubber_Blue_01_D.uasset" 43
"../../../../Users/scrothenbuhler/Desktop/Colab/CastleRavenloft/CastleRavenloft/Content/FirstPersonController/FPWeapon/Materials/MaterialLayers/T_ML_Rubber_Blue_01_N.uasset" 44
"../../../../Users/scrothenbuhler/Desktop/Colab/CastleRavenloft/CastleRavenloft/Content/FirstPersonController/FPWeapon/Materials/MaterialLayers/ML_GlossyBlack_Latex_UE4.uasset" 45
"../../../../Users/scrothenbuhler/Desktop/Colab/CastleRavenloft/CastleRavenloft/Content/FirstPersonController/FPWeapon/Materials/MaterialLayers/ML_Plastic_Shiny_Beige.uasset" 46
"../../../../Users/scrothenbuhler/Desktop/Colab/CastleRavenloft/CastleRavenloft/Content/FirstPersonController/FPWeapon/Materials/MaterialLayers/ML_Screen.uasset" 47
"../../../../Users/scrothenbuhler/Desktop/Colab/CastleRavenloft/CastleRavenloft/Content/FirstPersonController/FPWeapon/Materials/MaterialLayers/T_ML_Aluminum01.uasset" 48
"../../../../Users/scrothenbuhler/Desktop/Colab/CastleRavenloft/CastleRavenloft/Content/FirstPersonController/FPWeapon/Materials/MaterialLayers/T_ML_Aluminum01_N.uasset" 49
"../../../../Users/scrothenbuhler/Desktop/Colab/CastleRavenloft/CastleRavenloft/Content/FirstPersonController/FPWeapon/Materials/MaterialLayers/ML_SoftMetal_UE4.uasset" 50
"../../../../Users/scrothenbuhler/Desktop/Colab/CastleRavenloft/CastleRavenloft/Content/FirstPersonController/FPWeapon/Textures/T_FPGun_M.uasset" 51
"../../../../Users/scrothenbuhler/Desktop/Colab/CastleRavenloft/CastleRavenloft/Content/FirstPersonController/FPWeapon/Textures/T_FPGun_N.uasset" 52
"../../../../Users/scrothenbuhler/Desktop/Colab/CastleRavenloft/CastleRavenloft/Content/FirstPersonController/FPWeapon/Materials/M_FPGun.uasset" 53
"../../../../Users/scrothenbuhler/Desktop/Colab/CastleRavenloft/CastleRavenloft/Content/FirstPersonController/FPWeapon/Mesh/SK_FPGun_Skeleton.uasset" 54
"../../../../Users/scrothenbuhler/Desktop/Colab/CastleRavenloft/CastleRavenloft/Content/FirstPersonController/FPWeapon/Mesh/SK_FPGun.uasset" 55
"../../../../Users/scrothenbuhler/Desktop/Colab/CastleRavenloft/CastleRavenloft/Content/FirstPersonController/FPWeapon/Mesh/SK_FPGun_PhysicsAsset.uasset" 56
"../../../../Users/scrothenbuhler/Desktop/Colab/CastleRavenloft/CastleRavenloft/Content/FirstPersonController/Meshes/BaseMaterial.uasset" 57
"../../../../Users/scrothenbuhler/Desktop/Colab/CastleRavenloft/CastleRavenloft/Content/FirstPersonController/Meshes/CubeMaterialOverride.uasset" 58
"../../../../Users/scrothenbuhler/Desktop/Colab/CastleRavenloft/CastleRavenloft/Content/FirstPersonController/Meshes/FirstPersonProjectileMaterial.uasset" 59
"../../../../Users/scrothenbuhler/Desktop/Colab/CastleRavenloft/CastleRavenloft/Content/FirstPersonController/Meshes/FirstPersonProjectileMesh.uasset" 60
"../../../../Users/scrothenbuhler/Desktop/Colab/CastleRavenloft/CastleRavenloft/Content/FirstPersonController/Textures/FirstPersonCrosshair.uasset" 61
"../../../Engine/Content/Functions/Engine_MaterialFunctions01/Density/ExponentialDensity.uasset" 62
"../../../Engine/Content/Functions/Engine_MaterialFunctions01/Gradient/RadialGradientExponential.uasset" 63
"../../../../Users/scrothenbuhler/Desktop/Colab/CastleRavenloft/CastleRavenloft/Content/Materials/Particle_MAT.uasset" 64
"../../../../Users/scrothenbuhler/Desktop/Colab/CastleRavenloft/CastleRavenloft/Content/FX/P_Demo.uasset" 65
"../../../../Users/scrothenbuhler/Desktop/Colab/CastleRavenloft/CastleRavenloft/Content/Textures/TEX_Cloud_2.uasset" 66
"../../../../Users/scrothenbuhler/Desktop/Colab/CastleRavenloft/CastleRavenloft/Content/Textures/TEX_FX_RoilingFlameModulate.uasset" 67
"../../../../Users/scrothenbuhler/Desktop/Colab/CastleRavenloft/CastleRavenloft/Content/Materials/Fire_MAT.uasset" 68
"../../../../Users/scrothenbuhler/Desktop/Colab/CastleRavenloft/CastleRavenloft/Content/FX/P_Fire.uasset" 69
"../../../../Users/scrothenbuhler/Desktop/Colab/CastleRavenloft/CastleRavenloft/Content/FX/Spark.uasset" 70
"../../../../Users/scrothenbuhler/Desktop/Colab/CastleRavenloft/CastleRavenloft/Content/FX/P_Fire_Old.uasset" 71
"../../../../Users/scrothenbuhler/Desktop/Colab/CastleRavenloft/CastleRavenloft/Content/Materials/CabinetTop_MAT.uasset" 72
"../../../../Users/scrothenbuhler/Desktop/Colab/CastleRavenloft/CastleRavenloft/Content/Textures/TEX_FullPillar_AO.uasset" 73
"../../../../Users/scrothenbuhler/Desktop/Colab/CastleRavenloft/CastleRavenloft/Content/Textures/TEX_FullPillar_BaseColor.uasset" 74
"../../../../Users/scrothenbuhler/Desktop/Colab/CastleRavenloft/CastleRavenloft/Content/Textures/TEX_FullPillar_Normal.uasset" 75
"../../../../Users/scrothenbuhler/Desktop/Colab/CastleRavenloft/CastleRavenloft/Content/Textures/TEX_FullPillar_Roughness.uasset" 76
"../../../../Users/scrothenbuhler/Desktop/Colab/CastleRavenloft/CastleRavenloft/Content/Materials/FullPillar_MAT.uasset" 77
"../../../../Users/scrothenbuhler/Desktop/Colab/CastleRavenloft/CastleRavenloft/Content/Materials/MAT_Oil_Lamp_Glass.uasset" 78
"../../../../Users/scrothenbuhler/Desktop/Colab/CastleRavenloft/CastleRavenloft/Content/Materials/MAT_Oil_Lamp_Metals.uasset" 79
"../../../../Users/scrothenbuhler/Desktop/Colab/CastleRavenloft/CastleRavenloft/Content/Materials/Rims.uasset" 80
"../../../../Users/scrothenbuhler/Desktop/Colab/CastleRavenloft/CastleRavenloft/Content/Textures/TEX_Water_NORMAL.uasset" 81
"../../../../Users/scrothenbuhler/Desktop/Colab/CastleRavenloft/CastleRavenloft/Content/Materials/Water.uasset" 82
"../../../../Users/scrothenbuhler/Desktop/Colab/CastleRavenloft/CastleRavenloft/Content/Skeletal/Doors/SM_1Door_Open_Skeleton.uasset" 83
"../../../../Users/scrothenbuhler/Desktop/Colab/CastleRavenloft/CastleRavenloft/Content/Skeletal/Doors/SM_1Door_Locked.uasset" 84
"../../../Engine/Content/Functions/Engine_MaterialFunctions01/Opacity/CameraDepthFade.uasset" 85
"../../../Engine/Content/EngineMaterials/T_Default_Material_Grid_M.uasset" 86
"../../../Engine/Content/EngineMaterials/T_Default_Material_Grid_N.uasset" 87
"../../../Engine/Content/EngineMaterials/WorldGridMaterial.uasset" 88
"../../../../Users/scrothenbuhler/Desktop/Colab/CastleRavenloft/CastleRavenloft/Content/StaticMeshes/BalconyRailing.uasset" 89
"../../../../Users/scrothenbuhler/Desktop/Colab/CastleRavenloft/CastleRavenloft/Content/StaticMeshes/Chess.uasset" 90
"../../../../Users/scrothenbuhler/Desktop/Colab/CastleRavenloft/CastleRavenloft/Content/Textures/TEX_Couch_AO.uasset" 91
"../../../../Users/scrothenbuhler/Desktop/Colab/CastleRavenloft/CastleRavenloft/Content/Textures/TEX_Couch_BaseColor.uasset" 92
"../../../../Users/scrothenbuhler/Desktop/Colab/CastleRavenloft/CastleRavenloft/Content/Textures/TEX_Couch_Roughness.uasset" 93
"../../../../Users/scrothenbuhler/Desktop/Colab/CastleRavenloft/CastleRavenloft/Content/Materials/Couch.uasset" 94
"../../../../Users/scrothenbuhler/Desktop/Colab/CastleRavenloft/CastleRavenloft/Content/StaticMeshes/Couch.uasset" 95
"../../../../Users/scrothenbuhler/Desktop/Colab/CastleRavenloft/CastleRavenloft/Content/StaticMeshes/FullPillar.uasset" 96
"../../../../Users/scrothenbuhler/Desktop/Colab/CastleRavenloft/CastleRavenloft/Content/Textures/Hourglass_HG_Housing_MAT_AO.uasset" 97
"../../../../Users/scrothenbuhler/Desktop/Colab/CastleRavenloft/CastleRavenloft/Content/Textures/Hourglass_HG_Housing_MAT_BaseColor.uasset" 98
"../../../../Users/scrothenbuhler/Desktop/Colab/CastleRavenloft/CastleRavenloft/Content/Textures/Hourglass_HG_Housing_MAT_Metallic.uasset" 99
"../../../../Users/scrothenbuhler/Desktop/Colab/CastleRavenloft/CastleRavenloft/Content/Textures/Hourglass_HG_Housing_MAT_Normal.uasset" 100
"../../../../Users/scrothenbuhler/Desktop/Colab/CastleRavenloft/CastleRavenloft/Content/Textures/Hourglass_HG_Housing_MAT_Roughness.uasset" 101
"../../../../Users/scrothenbuhler/Desktop/Colab/CastleRavenloft/CastleRavenloft/Content/Materials/HG_Housing_MAT.uasset" 102
"../../../../Users/scrothenbuhler/Desktop/Colab/CastleRavenloft/CastleRavenloft/Content/Textures/Hourglass_Hourglass_MAT_AO.uasset" 103
"../../../../Users/scrothenbuhler/Desktop/Colab/CastleRavenloft/CastleRavenloft/Content/Textures/Hourglass_Hourglass_MAT_BaseColor.uasset" 104
"../../../../Users/scrothenbuhler/Desktop/Colab/CastleRavenloft/CastleRavenloft/Content/Textures/Hourglass_Hourglass_MAT_Metallic.uasset" 105
"../../../../Users/scrothenbuhler/Desktop/Colab/CastleRavenloft/CastleRavenloft/Content/Textures/Hourglass_Hourglass_MAT_Roughness.uasset" 106
"../../../../Users/scrothenbuhler/Desktop/Colab/CastleRavenloft/CastleRavenloft/Content/Materials/Hourglass_MAT.uasset" 107
"../../../../Users/scrothenbuhler/Desktop/Colab/CastleRavenloft/CastleRavenloft/Content/StaticMeshes/Hourglass.uasset" 108
"../../../../Users/scrothenbuhler/Desktop/Colab/CastleRavenloft/CastleRavenloft/Content/StaticMeshes/OvalFrame.uasset" 109
"../../../../Users/scrothenbuhler/Desktop/Colab/CastleRavenloft/CastleRavenloft/Content/StaticMeshes/RedoneChest.uasset" 110
"../../../../Users/scrothenbuhler/Desktop/Colab/CastleRavenloft/CastleRavenloft/Content/StaticMeshes/RoundFrame.uasset" 111
"../../../../Users/scrothenbuhler/Desktop/Colab/CastleRavenloft/CastleRavenloft/Content/Textures/TEX_1Door_AO.uasset" 112
"../../../../Users/scrothenbuhler/Desktop/Colab/CastleRavenloft/CastleRavenloft/Content/Textures/TEX_1Door_COLOR.uasset" 113
"../../../../Users/scrothenbuhler/Desktop/Colab/CastleRavenloft/CastleRavenloft/Content/Textures/TEX_1Door_Metal.uasset" 114
"../../../../Users/scrothenbuhler/Desktop/Colab/CastleRavenloft/CastleRavenloft/Content/Textures/TEX_1Door_NORM.uasset" 115
"../../../../Users/scrothenbuhler/Desktop/Colab/CastleRavenloft/CastleRavenloft/Content/Textures/TEX_1Door_ROUGH.uasset" 116
"../../../../Users/scrothenbuhler/Desktop/Colab/CastleRavenloft/CastleRavenloft/Content/Materials/1Door_MAT.uasset" 117
"../../../../Users/scrothenbuhler/Desktop/Colab/CastleRavenloft/CastleRavenloft/Content/StaticMeshes/SM_1Door.uasset" 118
"../../../../Users/scrothenbuhler/Desktop/Colab/CastleRavenloft/CastleRavenloft/Content/StaticMeshes/lambert1.uasset" 119
"../../../../Users/scrothenbuhler/Desktop/Colab/CastleRavenloft/CastleRavenloft/Content/StaticMeshes/SM_BodyMirror.uasset" 120
"../../../../Users/scrothenbuhler/Desktop/Colab/CastleRavenloft/CastleRavenloft/Content/StaticMeshes/SM_Bookpile.uasset" 121
"../../../../Users/scrothenbuhler/Desktop/Colab/CastleRavenloft/CastleRavenloft/Content/StaticMeshes/SM_Book_A.uasset" 122
"../../../../Users/scrothenbuhler/Desktop/Colab/CastleRavenloft/CastleRavenloft/Content/StaticMeshes/SM_Book_B.uasset" 123
"../../../../Users/scrothenbuhler/Desktop/Colab/CastleRavenloft/CastleRavenloft/Content/StaticMeshes/SM_CellBars.uasset" 124
"../../../../Users/scrothenbuhler/Desktop/Colab/CastleRavenloft/CastleRavenloft/Content/StaticMeshes/SM_Heart_Temp.uasset" 125
"../../../../Users/scrothenbuhler/Desktop/Colab/CastleRavenloft/CastleRavenloft/Content/Textures/TEX_OakPanel_Color.uasset" 126
"../../../../Users/scrothenbuhler/Desktop/Colab/CastleRavenloft/CastleRavenloft/Content/Textures/TEX_OakPanel_Metal.uasset" 127
"../../../../Users/scrothenbuhler/Desktop/Colab/CastleRavenloft/CastleRavenloft/Content/Textures/TEX_OakPanel_Normal.uasset" 128
"../../../../Users/scrothenbuhler/Desktop/Colab/CastleRavenloft/CastleRavenloft/Content/Textures/TEX_OakPanel_Rough.uasset" 129
"../../../../Users/scrothenbuhler/Desktop/Colab/CastleRavenloft/CastleRavenloft/Content/Materials/MAT_Panels.uasset" 130
"../../../../Users/scrothenbuhler/Desktop/Colab/CastleRavenloft/CastleRavenloft/Content/StaticMeshes/SM_Moldings_Corner.uasset" 131
"../../../../Users/scrothenbuhler/Desktop/Colab/CastleRavenloft/CastleRavenloft/Content/StaticMeshes/SM_Moldings_Inner_Corner.uasset" 132
"../../../../Users/scrothenbuhler/Desktop/Colab/CastleRavenloft/CastleRavenloft/Content/StaticMeshes/SM_Moldings_Straight.uasset" 133
"../../../../Users/scrothenbuhler/Desktop/Colab/CastleRavenloft/CastleRavenloft/Content/StaticMeshes/SM_Oil_Lamp.uasset" 134
"../../../../Users/scrothenbuhler/Desktop/Colab/CastleRavenloft/CastleRavenloft/Content/StaticMeshes/Stool.uasset" 135
"../../../../Users/scrothenbuhler/Desktop/Colab/CastleRavenloft/CastleRavenloft/Content/Textures/Hourglass_Hourglass_MAT_Normal.uasset" 136
"../../../../Users/scrothenbuhler/Desktop/Colab/CastleRavenloft/CastleRavenloft/Content/Textures/Hourglass_Hourglass_MAT_OP.uasset" 137
"../../../../Users/scrothenbuhler/Desktop/Colab/CastleRavenloft/CastleRavenloft/Content/Textures/TEX_DeskBody__Height.uasset" 138
"../../../../Users/scrothenbuhler/Desktop/Colab/CastleRavenloft/CastleRavenloft/Content/Textures/TEX_DeskTop_Height.uasset" 139
"../../../../Users/scrothenbuhler/Desktop/Colab/CastleRavenloft/CastleRavenloft/Content/Textures/TEX_FullPillar_Metallic.uasset" 140
"../../../../Users/scrothenbuhler/Desktop/Colab/CastleRavenloft/CastleRavenloft/Content/Textures/TEX_OrganPipe_Metallic.uasset" 141
"../../../../Users/scrothenbuhler/Desktop/Colab/CastleRavenloft/CastleRavenloft/Content/Textures/TEX_OrganPipe_Normal.uasset" 142
"../../../../Users/scrothenbuhler/Desktop/Colab/CastleRavenloft/CastleRavenloft/Content/Textures/TEX_Slate_Tile_Height.uasset" 143
"../../../Engine/Content/ArtTools/RenderToTexture/Meshes/S_1_Unit_Plane.uasset" 144
"../../../Engine/Content/EngineMaterials/DefaultMaterial.uasset" 145
"../../../Engine/Content/BasicShapes/Cone.uasset" 146
"../../../Engine/Content/BasicShapes/Cube.uasset" 147
"../../../Engine/Content/BasicShapes/Cylinder.uasset" 148
"../../../Engine/Content/BasicShapes/Plane.uasset" 149
"../../../Engine/Content/BasicShapes/Sphere.uasset" 150
"../../../Engine/Content/EditorLandscapeResources/DataLayer.uasset" 151
"../../../Engine/Content/EditorMaterials/GizmoMaterial.uasset" 152
"../../../Engine/Content/EditorMaterials/MAT_Groups_Toggle.uasset" 153
"../../../Engine/Content/EditorMaterials/MAT_Groups_Visibility.uasset" 154
"../../../Engine/Content/EditorMaterials/PreviewShadowIndicator.uasset" 155
"../../../Engine/Content/EditorMaterials/PreviewShadowIndicatorMaterial.uasset" 156
"../../../Engine/Content/EditorMaterials/MatineeGroups/MAT_ColorTrack.uasset" 157
"../../../Engine/Content/EditorMaterials/MatineeGroups/MAT_Groups_Anim.uasset" 158
"../../../Engine/Content/EditorMaterials/MatineeGroups/MAT_Groups_AudioMaster.uasset" 159
"../../../Engine/Content/EditorMaterials/MatineeGroups/MAT_Groups_Director.uasset" 160
"../../../Engine/Content/EditorMaterials/MatineeGroups/MAT_Groups_Event.uasset" 161
"../../../Engine/Content/EditorMaterials/MatineeGroups/MAT_Groups_Fade.uasset" 162
"../../../Engine/Content/EditorMaterials/MatineeGroups/MAT_Groups_Float.uasset" 163
"../../../Engine/Content/EditorMaterials/MatineeGroups/MAT_Groups_Move.uasset" 164
"../../../Engine/Content/EditorMaterials/MatineeGroups/MAT_Groups_Slomo.uasset" 165
"../../../Engine/Content/EditorMaterials/MatineeGroups/MAT_Groups_Sound.uasset" 166
"../../../Engine/Content/EditorMaterials/MatineeGroups/MAT_Groups_Vector.uasset" 167
"../../../Engine/Content/EditorMaterials/ParticleSystems/PSysThumbnail_NoImage.uasset" 168
"../../../Engine/Content/EditorMaterials/ParticleSystems/PSysThumbnail_OOD.uasset" 169
"../../../Engine/Content/EditorMaterials/Camera/CineMat.uasset" 170
"../../../Engine/Content/EditorMaterials/Camera/MI_CineMat_Rig.uasset" 171
"../../../Engine/Content/EditorMeshes/Camera/SM_CraneRig_Arm.uasset" 172
"../../../Engine/Content/EditorMeshes/Camera/SM_CraneRig_Base.uasset" 173
"../../../Engine/Content/EditorMeshes/Camera/SM_CraneRig_Body.uasset" 174
"../../../Engine/Content/EditorMeshes/Camera/SM_CraneRig_Mount.uasset" 175
"../../../Engine/Content/EditorMeshes/Camera/SM_RailRig_Mount.uasset" 176
"../../../Engine/Content/EditorMeshes/Camera/SM_RailRig_Track.uasset" 177
"../../../Engine/Content/EditorResources/BSPVertex.uasset" 178
"../../../Engine/Content/EditorResources/EmptyActor.uasset" 179
"../../../Engine/Content/EditorResources/S_Actor.uasset" 180
"../../../Engine/Content/EditorResources/S_Trigger.uasset" 181
"../../../Engine/Content/EditorResources/AudioIcons/S_AudioComponent.uasset" 182
"../../../Engine/Content/EditorResources/AudioIcons/S_AudioComponent_AutoActivate.uasset" 183
"../../../Engine/Content/EditorResources/LightIcons/S_LightError.uasset" 184
"../../../Engine/Content/EditorResources/SequenceRecorder/Countdown.uasset" 185
"../../../Engine/Content/EditorResources/SequenceRecorder/RecordingIndicator.uasset" 186
"../../../Engine/Content/EditorSounds/Notifications/CompileFailed.uasset" 187
"../../../Engine/Content/EditorSounds/Notifications/CompileFailed_Cue.uasset" 188
"../../../Engine/Content/EditorSounds/Notifications/CompileSuccess.uasset" 189
"../../../Engine/Content/EditorSounds/Notifications/CompileStart_Cue.uasset" 190
"../../../Engine/Content/EditorSounds/Notifications/CompileSuccess_Cue.uasset" 191
"../../../Engine/Content/EngineDamageTypes/DmgTypeBP_Environmental.uasset" 192
"../../../Engine/Content/EngineDebugMaterials/HeatmapGradient.uasset" 193
"../../../Engine/Content/EngineDebugMaterials/BoneWeightMaterial.uasset" 194
"../../../Engine/Content/EngineDebugMaterials/ClothMaterial.uasset" 195
"../../../Engine/Content/EngineDebugMaterials/ClothMaterial_WF.uasset" 196
"../../../Engine/Content/EngineDebugMaterials/DebugEditorMaterial.uasset" 197
"../../../Engine/Content/EngineDebugMaterials/DebugMeshMaterial.uasset" 198
"../../../Engine/Content/EngineDebugMaterials/GeomMaterial.uasset" 199
"../../../Engine/Content/EngineDebugMaterials/M_SimpleTranslucent.uasset" 200
"../../../Engine/Content/EngineFonts/Faces/RobotoBold.uasset" 201
"../../../Engine/Content/EngineFonts/Faces/RobotoBoldItalic.uasset" 202
"../../../Engine/Content/EngineFonts/Faces/RobotoItalic.uasset" 203
"../../../Engine/Content/EngineFonts/Faces/RobotoLight.uasset" 204
"../../../Engine/Content/EngineFonts/Faces/RobotoRegular.uasset" 205
"../../../Engine/Content/EngineFonts/Roboto.uasset" 206
"../../../Engine/Content/EngineFonts/Faces/RobotoTiny.uasset" 207
"../../../Engine/Content/EngineFonts/RobotoTiny.uasset" 208
"../../../Engine/Content/EngineMaterials/BaseFlattenDiffuseMap.uasset" 209
"../../../Engine/Content/EngineMaterials/BaseFlattenEmissiveMap.uasset" 210
"../../../Engine/Content/EngineMaterials/BaseFlattenGrayscaleMap.uasset" 211
"../../../Engine/Content/EngineMaterials/BaseFlattenNormalMap.uasset" 212
"../../../Engine/Content/EngineMaterials/BaseFlattenMaterial.uasset" 213
"../../../Engine/Content/EngineMaterials/DefaultBloomKernel.uasset" 214
"../../../Engine/Content/EngineMaterials/DefaultBokeh.uasset" 215
"../../../Engine/Content/EngineMaterials/DefaultDiffuse.uasset" 216
"../../../Engine/Content/EngineMaterials/DefaultDeferredDecalMaterial.uasset" 217
"../../../Engine/Content/EngineMaterials/DefaultLightFunctionMaterial.uasset" 218
"../../../Engine/Content/EngineMaterials/DefaultPhysicalMaterial.uasset" 219
"../../../Engine/Content/Functions/Engine_MaterialFunctions02/Utility/BreakOutFloat2Components.uasset" 220
"../../../Engine/Content/EngineMaterials/DefaultPostProcessMaterial.uasset" 221
"../../../Engine/Content/EngineFonts/RobotoDistanceField.uasset" 222
"../../../Engine/Content/EngineMaterials/DefaultTextMaterialOpaque.uasset" 223
"../../../Engine/Content/EngineMaterials/DefaultWhiteGrid.uasset" 224
"../../../Engine/Content/EngineMaterials/EditorBrushMaterial.uasset" 225
"../../../Engine/Content/EngineMaterials/Good64x64TilingNoiseHighFreq.uasset" 226
"../../../Engine/Content/EngineMaterials/MiniFont.uasset" 227
"../../../Engine/Content/EngineMaterials/InvalidLightmapSettings.uasset" 228
"../../../Engine/Content/EngineMaterials/M_InvalidLightmapSettings.uasset" 229
"../../../Engine/Content/Functions/Engine_MaterialFunctions02/WorldPositionOffset/CameraOffset.uasset" 230
"../../../Engine/Content/EngineMaterials/PhAT_JointLimitMaterial.uasset" 231
"../../../Engine/Content/EngineMaterials/PreintegratedSkinBRDF.uasset" 232
"../../../Engine/Content/EngineMaterials/RemoveSurfaceMaterial.uasset" 233
"../../../Engine/Content/EngineMaterials/WeightMapPlaceholderTexture.uasset" 234
"../../../Engine/Content/EngineResources/WhiteSquareTexture.uasset" 235
"../../../Engine/Content/EngineMaterials/Widget3DPassThrough.uasset" 236
"../../../Engine/Content/EngineMaterials/Widget3DPassThrough_Masked.uasset" 237
"../../../Engine/Content/EngineMaterials/Widget3DPassThrough_Opaque.uasset" 238
"../../../Engine/Content/EngineMaterials/Widget3DPassThrough_Masked_OneSided.uasset" 239
"../../../Engine/Content/EngineMaterials/Widget3DPassThrough_Opaque_OneSided.uasset" 240
"../../../Engine/Content/EngineMaterials/Widget3DPassThrough_Translucent.uasset" 241
"../../../Engine/Content/EngineMaterials/Widget3DPassThrough_Translucent_OneSided.uasset" 242
"../../../Engine/Content/EngineMeshes/Cylinder.uasset" 243
"../../../Engine/Content/EngineMeshes/Sphere.uasset" 244
"../../../Engine/Content/EngineResources/Black.uasset" 245
"../../../Engine/Content/EngineResources/DefaultTexture.uasset" 246
"../../../Engine/Content/EngineResources/DefaultTextureCube.uasset" 247
"../../../Engine/Content/EngineResources/DefaultVolumeTexture2D.uasset" 248
"../../../Engine/Content/EngineResources/DefaultVolumeTexture.uasset" 249
"../../../Engine/Content/EngineResources/GradientTexture0.uasset" 250
"../../../Engine/Content/EngineSounds/Master.uasset" 251
"../../../Engine/Content/Functions/Engine_MaterialFunctions01/Shading/ConvertFromDiffSpec.uasset" 252
"../../../Engine/Content/Functions/Engine_MaterialFunctions01/Shading/PowerToRoughness.uasset" 253
"../../../Engine/Content/Maps/Templates/Thumbnails/Default.uasset" 254
"../../../Engine/Content/Maps/Templates/Thumbnails/VR-Basic.uasset" 255
"../../../Engine/Content/MobileResources/T_MobileControls_texture.uasset" 256
"../../../Engine/Content/MobileResources/T_MobileMenu2.uasset" 257
"../../../Engine/Content/MobileResources/HUD/AnalogHat.uasset" 258
"../../../Engine/Content/MobileResources/HUD/VirtualJoystick_Background.uasset" 259
"../../../Engine/Content/MobileResources/HUD/VirtualJoystick_Thumb.uasset" 260
"../../../Engine/Content/MobileResources/HUD/DefaultVirtualJoysticks.uasset" 261
"../../../Engine/Content/MobileResources/HUD/LeftVirtualJoystickOnly.uasset" 262
"../../../Engine/Content/MobileResources/HUD/MobileHUDButton1_off.uasset" 263
"../../../Engine/Content/MobileResources/HUD/MobileHUDButton1_on.uasset" 264
"../../../Engine/Content/MobileResources/HUD/MobileHUDButton2_off.uasset" 265
"../../../Engine/Content/MobileResources/HUD/MobileHUDButton2_on.uasset" 266
"../../../Engine/Content/MobileResources/HUD/MobileHUDButton3.uasset" 267
"../../../Engine/Content/MobileResources/HUD/MobileHUDButtonFire.uasset" 268
"../../../Engine/Content/MobileResources/HUD/MobileHUDDirectionPad.uasset" 269
"../../../Engine/Content/MobileResources/HUD/MobileHUDDirectionPad2.uasset" 270
"../../../Engine/Content/MobileResources/HUD/MobileHUDDirectionPad3.uasset" 271
"../../../Engine/Content/MobileResources/HUD/MobileHUDDirectionStick.uasset" 272
"../../../Engine/Content/MobileResources/HUD/T_Castle_ThumbstickInner.uasset" 273
"../../../Engine/Content/MobileResources/HUD/T_Castle_ThumbstickOutter.uasset" 274
"../../../Engine/Content/Tutorial/ContentIntroCurve.uasset" 275
"../../../Engine/Content/VREditor/LaserPointer/VR_LaserPower_01.uasset" 276
"../../../Engine/Content/VREditor/TransformGizmo/TransformGizmoMaterial.uasset" 277
"../../../Engine/Content/VREditor/TransformGizmo/TranslucentTransformGizmoMaterial.uasset" 278
"../../../Engine/Content/VREditor/TransformGizmo/BoundingBoxCorner.uasset" 279
"../../../Engine/Content/VREditor/TransformGizmo/BoundingBoxEdge.uasset" 280
"../../../Engine/Content/VREditor/TransformGizmo/PlaneTranslationHandle.uasset" 281
"../../../Engine/Content/VREditor/TransformGizmo/Main.uasset" 282
"../../../Engine/Content/VREditor/TransformGizmo/Xray.uasset" 283
"../../../Engine/Content/VREditor/TransformGizmo/SM_Sequencer_Key.uasset" 284
"../../../Engine/Content/VREditor/TransformGizmo/SM_Sequencer_Node.uasset" 285
"../../Plugins/2D/Paper2D/Content/PlaceholderTextures/DummySpriteTexture.uasset" 286
"../../Plugins/2D/Paper2D/Content/DummySprite.uasset" 287
"../../Plugins/2D/Paper2D/Content/DefaultPaperTerrainMaterial.uasset" 288
"../../Plugins/2D/Paper2D/Content/DefaultSpriteMaterial.uasset" 289
"../../Plugins/2D/Paper2D/Content/MaskedUnlitSpriteMaterial.uasset" 290
"../../Plugins/2D/Paper2D/Content/OpaqueUnlitSpriteMaterial.uasset" 291
"../../Plugins/Runtime/Oculus/OculusVR/Content/Materials/PokeAHoleMaterial.uasset" 292
"../../Plugins/Runtime/Oculus/OculusVR/Content/Textures/GearVRController_AO.uasset" 293
"../../Plugins/Runtime/Oculus/OculusVR/Content/Textures/GearVRController_Color.uasset" 294
"../../Plugins/Runtime/Oculus/OculusVR/Content/Textures/GearVRController_Normal.uasset" 295
"../../Plugins/Runtime/Oculus/OculusVR/Content/Materials/GearVRControllerMaterial.uasset" 296
"../../Plugins/Runtime/Oculus/OculusVR/Content/Meshes/GearVrController.uasset" 297
"../../Plugins/Runtime/Oculus/OculusVR/Content/Textures/touchController_albedo.uasset" 298
"../../Plugins/Runtime/Oculus/OculusVR/Content/Textures/touchController_controlmap.uasset" 299
"../../Plugins/Runtime/Oculus/OculusVR/Content/Materials/touchController_mat.uasset" 300
"../../Plugins/Runtime/Oculus/OculusVR/Content/Meshes/LeftTouchController.uasset" 301
"../../Plugins/Runtime/Oculus/OculusVR/Content/Meshes/RiftHMD.uasset" 302
"../../Plugins/Runtime/Oculus/OculusVR/Content/Meshes/RightTouchController.uasset" 303
"../../../../Users/scrothenbuhler/Desktop/Colab/CastleRavenloft/CastleRavenloft/Content/Skeletal/Armor/Skel_Armor_Skeleton.uasset" 304
"../../../../Users/scrothenbuhler/Desktop/Colab/CastleRavenloft/CastleRavenloft/Content/Skeletal/Armor/ANIM_Armor_Pose_2.uasset" 305
"../../../Engine/Content/Functions/Engine_MaterialFunctions01/Gradient/RadialGradient.uasset" 306
"../../../../Users/scrothenbuhler/Desktop/Colab/CastleRavenloft/CastleRavenloft/Content/Textures/T_TilingNoise.uasset" 307
"../../../../Users/scrothenbuhler/Desktop/Colab/CastleRavenloft/CastleRavenloft/Content/Textures/TEX_Heat.uasset" 308
"../../../../Users/scrothenbuhler/Desktop/Colab/CastleRavenloft/CastleRavenloft/Content/Materials/Fire_HeatDistortion_MAT.uasset" 309
"../../../../Users/scrothenbuhler/Desktop/Colab/CastleRavenloft/CastleRavenloft/Content/FX/P_Fire_Torch.uasset" 310
"../../../../Users/scrothenbuhler/Desktop/Colab/CastleRavenloft/CastleRavenloft/Content/Actors/BC_Fire_Torch.uasset" 311
"../../../../Users/scrothenbuhler/Desktop/Colab/CastleRavenloft/CastleRavenloft/Content/Audio/S_FireTorch.uasset" 312
"../../../../Users/scrothenbuhler/Desktop/Colab/CastleRavenloft/CastleRavenloft/Content/Audio/SC_FireTorch.uasset" 313
"../../../../Users/scrothenbuhler/Desktop/Colab/CastleRavenloft/CastleRavenloft/Content/Textures/TEX_Torch_Base_Color.uasset" 314
"../../../../Users/scrothenbuhler/Desktop/Colab/CastleRavenloft/CastleRavenloft/Content/Textures/TEX_Torch_Metallic.uasset" 315
"../../../../Users/scrothenbuhler/Desktop/Colab/CastleRavenloft/CastleRavenloft/Content/Textures/TEX_Torch_Normal.uasset" 316
"../../../../Users/scrothenbuhler/Desktop/Colab/CastleRavenloft/CastleRavenloft/Content/Textures/TEX_Torch_Roughness.uasset" 317
"../../../../Users/scrothenbuhler/Desktop/Colab/CastleRavenloft/CastleRavenloft/Content/Materials/MAT_Torch.uasset" 318
"../../../../Users/scrothenbuhler/Desktop/Colab/CastleRavenloft/CastleRavenloft/Content/StaticMeshes/SM_Sconce.uasset" 319
"../../../../Users/scrothenbuhler/Desktop/Colab/CastleRavenloft/CastleRavenloft/Content/Actors/Torch.uasset" 320
"../../../../Users/scrothenbuhler/Desktop/Colab/CastleRavenloft/CastleRavenloft/Content/Audio/S_OrganMusic.uasset" 321
"../../../../Users/scrothenbuhler/Desktop/Colab/CastleRavenloft/CastleRavenloft/Content/Audio/SC_OrganMusic.uasset" 322
"../../../../Users/scrothenbuhler/Desktop/Colab/CastleRavenloft/CastleRavenloft/Content/Actors/BC_OrganMusic.uasset" 323
"../../../../Users/scrothenbuhler/Desktop/Colab/CastleRavenloft/CastleRavenloft/Content/Skeletal/Armor/ANIM_Armor_Pose_1.uasset" 324
"../../../../Users/scrothenbuhler/Desktop/Colab/CastleRavenloft/CastleRavenloft/Content/Textures/Armor/TEX_Arms_1_Base_Color.uasset" 325
"../../../../Users/scrothenbuhler/Desktop/Colab/CastleRavenloft/CastleRavenloft/Content/Textures/Armor/TEX_Arms_1_Metallic.uasset" 326
"../../../../Users/scrothenbuhler/Desktop/Colab/CastleRavenloft/CastleRavenloft/Content/Textures/Armor/TEX_Arms_1_Normal.uasset" 327
"../../../../Users/scrothenbuhler/Desktop/Colab/CastleRavenloft/CastleRavenloft/Content/Textures/Armor/TEX_Arms_1_Roughness.uasset" 328
"../../../../Users/scrothenbuhler/Desktop/Colab/CastleRavenloft/CastleRavenloft/Content/Materials/MAT_Armor_Arms_1.uasset" 329
"../../../../Users/scrothenbuhler/Desktop/Colab/CastleRavenloft/CastleRavenloft/Content/Textures/Armor/TEX_Chest_1_Base_Color.uasset" 330
"../../../../Users/scrothenbuhler/Desktop/Colab/CastleRavenloft/CastleRavenloft/Content/Textures/Armor/TEX_Chest_1_Metallic.uasset" 331
"../../../../Users/scrothenbuhler/Desktop/Colab/CastleRavenloft/CastleRavenloft/Content/Textures/Armor/TEX_Chest_1_Normal.uasset" 332
"../../../../Users/scrothenbuhler/Desktop/Colab/CastleRavenloft/CastleRavenloft/Content/Textures/Armor/TEX_Chest_1_Roughness.uasset" 333
"../../../../Users/scrothenbuhler/Desktop/Colab/CastleRavenloft/CastleRavenloft/Content/Materials/MAT_Armor_Chest_1.uasset" 334
"../../../../Users/scrothenbuhler/Desktop/Colab/CastleRavenloft/CastleRavenloft/Content/Textures/Armor/TEX_Helm_1_Base_Color.uasset" 335
"../../../../Users/scrothenbuhler/Desktop/Colab/CastleRavenloft/CastleRavenloft/Content/Textures/Armor/TEX_Helm_1_Metallic.uasset" 336
"../../../../Users/scrothenbuhler/Desktop/Colab/CastleRavenloft/CastleRavenloft/Content/Textures/Armor/TEX_Helm_1_Normal.uasset" 337
"../../../../Users/scrothenbuhler/Desktop/Colab/CastleRavenloft/CastleRavenloft/Content/Textures/Armor/TEX_Helm_1_Roughness.uasset" 338
"../../../../Users/scrothenbuhler/Desktop/Colab/CastleRavenloft/CastleRavenloft/Content/Materials/MAT_Armor_Helm_1.uasset" 339
"../../../../Users/scrothenbuhler/Desktop/Colab/CastleRavenloft/CastleRavenloft/Content/Textures/Armor/TEX_Legs_Base_Color.uasset" 340
"../../../../Users/scrothenbuhler/Desktop/Colab/CastleRavenloft/CastleRavenloft/Content/Textures/Armor/TEX_Legs_Height.uasset" 341
"../../../../Users/scrothenbuhler/Desktop/Colab/CastleRavenloft/CastleRavenloft/Content/Textures/Armor/TEX_Legs_Metallic.uasset" 342
"../../../../Users/scrothenbuhler/Desktop/Colab/CastleRavenloft/CastleRavenloft/Content/Textures/Armor/TEX_Legs_Normal.uasset" 343
"../../../../Users/scrothenbuhler/Desktop/Colab/CastleRavenloft/CastleRavenloft/Content/Textures/Armor/TEX_Legs_Roughness.uasset" 344
"../../../../Users/scrothenbuhler/Desktop/Colab/CastleRavenloft/CastleRavenloft/Content/Materials/MAT_Armor_Legs.uasset" 345
"../../../../Users/scrothenbuhler/Desktop/Colab/CastleRavenloft/CastleRavenloft/Content/Skeletal/Armor/Skel_Armor_1_PhysicsAsset.uasset" 346
"../../../../Users/scrothenbuhler/Desktop/Colab/CastleRavenloft/CastleRavenloft/Content/Skeletal/Armor/Skel_Armor_1.uasset" 347
"../../../../Users/scrothenbuhler/Desktop/Colab/CastleRavenloft/CastleRavenloft/Content/Textures/Armor/TEX_Arms_2_Base_Color.uasset" 348
"../../../../Users/scrothenbuhler/Desktop/Colab/CastleRavenloft/CastleRavenloft/Content/Textures/Armor/TEX_Arms_2_Metallic.uasset" 349
"../../../../Users/scrothenbuhler/Desktop/Colab/CastleRavenloft/CastleRavenloft/Content/Textures/Armor/TEX_Arms_2_Normal.uasset" 350
"../../../../Users/scrothenbuhler/Desktop/Colab/CastleRavenloft/CastleRavenloft/Content/Textures/Armor/TEX_Arms_2_Roughness.uasset" 351
"../../../../Users/scrothenbuhler/Desktop/Colab/CastleRavenloft/CastleRavenloft/Content/Materials/MAT_Armor_Arms_2.uasset" 352
"../../../../Users/scrothenbuhler/Desktop/Colab/CastleRavenloft/CastleRavenloft/Content/Textures/Armor/TEX_Chest_2_Base_Color.uasset" 353
"../../../../Users/scrothenbuhler/Desktop/Colab/CastleRavenloft/CastleRavenloft/Content/Textures/Armor/TEX_Chest_2_Metallic.uasset" 354
"../../../../Users/scrothenbuhler/Desktop/Colab/CastleRavenloft/CastleRavenloft/Content/Textures/Armor/TEX_Chest_2_Normal.uasset" 355
"../../../../Users/scrothenbuhler/Desktop/Colab/CastleRavenloft/CastleRavenloft/Content/Textures/Armor/TEX_Chest_2_Roughness.uasset" 356
"../../../../Users/scrothenbuhler/Desktop/Colab/CastleRavenloft/CastleRavenloft/Content/Materials/MAT_Armor_Chest_2.uasset" 357
"../../../../Users/scrothenbuhler/Desktop/Colab/CastleRavenloft/CastleRavenloft/Content/Textures/Armor/TEX_Helm_2_Base_Color.uasset" 358
"../../../../Users/scrothenbuhler/Desktop/Colab/CastleRavenloft/CastleRavenloft/Content/Textures/Armor/TEX_Helm_2_Metallic.uasset" 359
"../../../../Users/scrothenbuhler/Desktop/Colab/CastleRavenloft/CastleRavenloft/Content/Textures/Armor/TEX_Helm_2_Normal.uasset" 360
"../../../../Users/scrothenbuhler/Desktop/Colab/CastleRavenloft/CastleRavenloft/Content/Textures/Armor/TEX_Helm_2_Roughness.uasset" 361
"../../../../Users/scrothenbuhler/Desktop/Colab/CastleRavenloft/CastleRavenloft/Content/Materials/MAT_Armor_Helm_2.uasset" 362
"../../../../Users/scrothenbuhler/Desktop/Colab/CastleRavenloft/CastleRavenloft/Content/Skeletal/Armor/Skel_Armor_2_PhysicsAsset.uasset" 363
"../../../../Users/scrothenbuhler/Desktop/Colab/CastleRavenloft/CastleRavenloft/Content/Skeletal/Armor/Skel_Armor_2.uasset" 364
"../../../../Users/scrothenbuhler/Desktop/Colab/CastleRavenloft/CastleRavenloft/Content/Textures/TEX_Sword_Base_Color.uasset" 365
"../../../../Users/scrothenbuhler/Desktop/Colab/CastleRavenloft/CastleRavenloft/Content/Textures/TEX_Sword_Metallic.uasset" 366
"../../../../Users/scrothenbuhler/Desktop/Colab/CastleRavenloft/CastleRavenloft/Content/Textures/TEX_Sword_Normal.uasset" 367
"../../../../Users/scrothenbuhler/Desktop/Colab/CastleRavenloft/CastleRavenloft/Content/Textures/TEX_Sword_Roughness.uasset" 368
"../../../../Users/scrothenbuhler/Desktop/Colab/CastleRavenloft/CastleRavenloft/Content/Materials/Sword.uasset" 369
"../../../../Users/scrothenbuhler/Desktop/Colab/CastleRavenloft/CastleRavenloft/Content/StaticMeshes/SM_Sword.uasset" 370
"../../../../Users/scrothenbuhler/Desktop/Colab/CastleRavenloft/CastleRavenloft/Content/Actors/Armor_Sets.uasset" 371
"../../../../Users/scrothenbuhler/Desktop/Colab/CastleRavenloft/CastleRavenloft/Content/Skeletal/Doors/SM_1Door_Close.uasset" 372
"../../../../Users/scrothenbuhler/Desktop/Colab/CastleRavenloft/CastleRavenloft/Content/Skeletal/Doors/SM_1Door_Open_Anim.uasset" 373
"../../../../Users/scrothenbuhler/Desktop/Colab/CastleRavenloft/CastleRavenloft/Content/Skeletal/Doors/SM_1Door_Open_PhysicsAsset.uasset" 374
"../../../../Users/scrothenbuhler/Desktop/Colab/CastleRavenloft/CastleRavenloft/Content/Skeletal/Doors/SM_1Door_Open.uasset" 375
"../../../../Users/scrothenbuhler/Desktop/Colab/CastleRavenloft/CastleRavenloft/Content/Actors/BC_Door.uasset" 376
"../../../../Users/scrothenbuhler/Desktop/Colab/CastleRavenloft/CastleRavenloft/Content/Skeletal/Doors/Skel_2Door_Skeleton.uasset" 377
"../../../../Users/scrothenbuhler/Desktop/Colab/CastleRavenloft/CastleRavenloft/Content/Skeletal/Doors/SM_2Door_Close_1.uasset" 378
"../../../../Users/scrothenbuhler/Desktop/Colab/CastleRavenloft/CastleRavenloft/Content/Skeletal/Doors/SM_2Door_Open_1.uasset" 379
"../../../../Users/scrothenbuhler/Desktop/Colab/CastleRavenloft/CastleRavenloft/Content/Textures/TEX_2Door_AO.uasset" 380
"../../../../Users/scrothenbuhler/Desktop/Colab/CastleRavenloft/CastleRavenloft/Content/Textures/TEX_2Door_COLOR.uasset" 381
"../../../../Users/scrothenbuhler/Desktop/Colab/CastleRavenloft/CastleRavenloft/Content/Textures/TEX_2Door_METAL.uasset" 382
"../../../../Users/scrothenbuhler/Desktop/Colab/CastleRavenloft/CastleRavenloft/Content/Textures/TEX_2Door_NORM.uasset" 383
"../../../../Users/scrothenbuhler/Desktop/Colab/CastleRavenloft/CastleRavenloft/Content/Textures/TEX_2Door_ROUGH.uasset" 384
"../../../../Users/scrothenbuhler/Desktop/Colab/CastleRavenloft/CastleRavenloft/Content/Textures/TEX_2Door_SPEC.uasset" 385
"../../../../Users/scrothenbuhler/Desktop/Colab/CastleRavenloft/CastleRavenloft/Content/Materials/2Door_MAT.uasset" 386
"../../../../Users/scrothenbuhler/Desktop/Colab/CastleRavenloft/CastleRavenloft/Content/Skeletal/Doors/Skel_2Door_PhysicsAsset.uasset" 387
"../../../../Users/scrothenbuhler/Desktop/Colab/CastleRavenloft/CastleRavenloft/Content/Skeletal/Doors/Skel_2Door.uasset" 388
"../../../../Users/scrothenbuhler/Desktop/Colab/CastleRavenloft/CastleRavenloft/Content/Actors/BC_Door_Double.uasset" 389
"../../../../Users/scrothenbuhler/Desktop/Colab/CastleRavenloft/CastleRavenloft/Content/Textures/TEX_Wall_AO.uasset" 390
"../../../../Users/scrothenbuhler/Desktop/Colab/CastleRavenloft/CastleRavenloft/Content/Textures/TEX_Wall_BaseColor.uasset" 391
"../../../../Users/scrothenbuhler/Desktop/Colab/CastleRavenloft/CastleRavenloft/Content/Textures/TEX_Wall_Metallic.uasset" 392
"../../../../Users/scrothenbuhler/Desktop/Colab/CastleRavenloft/CastleRavenloft/Content/Textures/TEX_Wall_Normal.uasset" 393
"../../../../Users/scrothenbuhler/Desktop/Colab/CastleRavenloft/CastleRavenloft/Content/Textures/TEX_Wall_Roughness.uasset" 394
"../../../../Users/scrothenbuhler/Desktop/Colab/CastleRavenloft/CastleRavenloft/Content/Materials/Wall_MAT.uasset" 395
"../../../../Users/scrothenbuhler/Desktop/Colab/CastleRavenloft/CastleRavenloft/Content/StaticMeshes/SM_1Door_Arch.uasset" 396
"../../../../Users/scrothenbuhler/Desktop/Colab/CastleRavenloft/CastleRavenloft/Content/Actors/BC_DoorFrame.uasset" 397
"../../../../Users/scrothenbuhler/Desktop/Colab/CastleRavenloft/CastleRavenloft/Content/StaticMeshes/SM_2Door_Arch.uasset" 398
"../../../../Users/scrothenbuhler/Desktop/Colab/CastleRavenloft/CastleRavenloft/Content/Actors/BC_DoorFrame_Double.uasset" 399
"../../../../Users/scrothenbuhler/Desktop/Colab/CastleRavenloft/CastleRavenloft/Content/Maps/CastleMap_BuiltData.uasset" 400
"../../../../Users/scrothenbuhler/Desktop/Colab/CastleRavenloft/CastleRavenloft/Content/Textures/TEX_BasicRock__Normal.uasset" 401
"../../../../Users/scrothenbuhler/Desktop/Colab/CastleRavenloft/CastleRavenloft/Content/Textures/TEX_BasicRock_AO.uasset" 402
"../../../../Users/scrothenbuhler/Desktop/Colab/CastleRavenloft/CastleRavenloft/Content/Textures/TEX_BasicRock_BaseColor.uasset" 403
"../../../../Users/scrothenbuhler/Desktop/Colab/CastleRavenloft/CastleRavenloft/Content/Textures/TEX_BasicRock_Roughness.uasset" 404
"../../../../Users/scrothenbuhler/Desktop/Colab/CastleRavenloft/CastleRavenloft/Content/Materials/BasicRock.uasset" 405
"../../../../Users/scrothenbuhler/Desktop/Colab/CastleRavenloft/CastleRavenloft/Content/Textures/Bed/Bed_Cloth_MAT_BaseColor.uasset" 406
"../../../../Users/scrothenbuhler/Desktop/Colab/CastleRavenloft/CastleRavenloft/Content/Textures/Bed/Bed_Cloth_MAT_Normal.uasset" 407
"../../../../Users/scrothenbuhler/Desktop/Colab/CastleRavenloft/CastleRavenloft/Content/Textures/Bed/Bed_Cloth_MAT_OcclusionRoughnessMetallic.uasset" 408
"../../../../Users/scrothenbuhler/Desktop/Colab/CastleRavenloft/CastleRavenloft/Content/Materials/Bed_Cloth_MAT.uasset" 409
"../../../../Users/scrothenbuhler/Desktop/Colab/CastleRavenloft/CastleRavenloft/Content/Textures/Bed/Bed_Headrest_MAT_BaseColor.uasset" 410
"../../../../Users/scrothenbuhler/Desktop/Colab/CastleRavenloft/CastleRavenloft/Content/Textures/Bed/Bed_Headrest_MAT_Normal.uasset" 411
"../../../../Users/scrothenbuhler/Desktop/Colab/CastleRavenloft/CastleRavenloft/Content/Textures/Bed/Bed_Headrest_MAT_OcclusionRoughnessMetallic.uasset" 412
"../../../../Users/scrothenbuhler/Desktop/Colab/CastleRavenloft/CastleRavenloft/Content/Materials/Bed_Headrest_MAT.uasset" 413
"../../../../Users/scrothenbuhler/Desktop/Colab/CastleRavenloft/CastleRavenloft/Content/Textures/Bed/Bed_Matress_MAT_BaseColor.uasset" 414
"../../../../Users/scrothenbuhler/Desktop/Colab/CastleRavenloft/CastleRavenloft/Content/Textures/Bed/Bed_Matress_MAT_Normal.uasset" 415
"../../../../Users/scrothenbuhler/Desktop/Colab/CastleRavenloft/CastleRavenloft/Content/Textures/Bed/Bed_Matress_MAT_OcclusionRoughnessMetallic.uasset" 416
"../../../../Users/scrothenbuhler/Desktop/Colab/CastleRavenloft/CastleRavenloft/Content/Materials/Bed_Matress_MAT.uasset" 417
"../../../../Users/scrothenbuhler/Desktop/Colab/CastleRavenloft/CastleRavenloft/Content/Textures/Bed/Bed_Wood_MAT_BaseColor.uasset" 418
"../../../../Users/scrothenbuhler/Desktop/Colab/CastleRavenloft/CastleRavenloft/Content/Textures/Bed/Bed_Wood_MAT_Normal.uasset" 419
"../../../../Users/scrothenbuhler/Desktop/Colab/CastleRavenloft/CastleRavenloft/Content/Textures/Bed/Bed_Wood_MAT_OcclusionRoughnessMetallic.uasset" 420
"../../../../Users/scrothenbuhler/Desktop/Colab/CastleRavenloft/CastleRavenloft/Content/Materials/Bed_Wood_MAT.uasset" 421
"../../../../Users/scrothenbuhler/Desktop/Colab/CastleRavenloft/CastleRavenloft/Content/Textures/TEX_Ceiling_Ambient_Occlusion.uasset" 422
"../../../../Users/scrothenbuhler/Desktop/Colab/CastleRavenloft/CastleRavenloft/Content/Textures/TEX_Ceiling_Base.uasset" 423
"../../../../Users/scrothenbuhler/Desktop/Colab/CastleRavenloft/CastleRavenloft/Content/Textures/TEX_Ceiling_Normal.uasset" 424
"../../../../Users/scrothenbuhler/Desktop/Colab/CastleRavenloft/CastleRavenloft/Content/Textures/TEX_Ceiling_Roughness.uasset" 425
"../../../../Users/scrothenbuhler/Desktop/Colab/CastleRavenloft/CastleRavenloft/Content/Materials/Ceiling_MAT.uasset" 426
"../../../../Users/scrothenbuhler/Desktop/Colab/CastleRavenloft/CastleRavenloft/Content/Textures/TEX_IconGlass_AO.uasset" 427
"../../../../Users/scrothenbuhler/Desktop/Colab/CastleRavenloft/CastleRavenloft/Content/Textures/TEX_IconGlassBase_Color.uasset" 428
"../../../../Users/scrothenbuhler/Desktop/Colab/CastleRavenloft/CastleRavenloft/Content/Textures/TEX_IconGlassMetallic.uasset" 429
"../../../../Users/scrothenbuhler/Desktop/Colab/CastleRavenloft/CastleRavenloft/Content/Textures/TEX_IconGlassNormal.uasset" 430
"../../../../Users/scrothenbuhler/Desktop/Colab/CastleRavenloft/CastleRavenloft/Content/Textures/TEX_IconGlassOpacity.uasset" 431
"../../../../Users/scrothenbuhler/Desktop/Colab/CastleRavenloft/CastleRavenloft/Content/Textures/TEX_IconGlassRoughness.uasset" 432
"../../../../Users/scrothenbuhler/Desktop/Colab/CastleRavenloft/CastleRavenloft/Content/Materials/IconStainedGlass_MAT.uasset" 433
"../../../../Users/scrothenbuhler/Desktop/Colab/CastleRavenloft/CastleRavenloft/Content/Textures/TEX_Marble_Color.uasset" 434
"../../../../Users/scrothenbuhler/Desktop/Colab/CastleRavenloft/CastleRavenloft/Content/Textures/TEX_Marble_Normal.uasset" 435
"../../../../Users/scrothenbuhler/Desktop/Colab/CastleRavenloft/CastleRavenloft/Content/Textures/TEX_Marble_Rough.uasset" 436
"../../../../Users/scrothenbuhler/Desktop/Colab/CastleRavenloft/CastleRavenloft/Content/Materials/MAT_Marble.uasset" 437
"../../../../Users/scrothenbuhler/Desktop/Colab/CastleRavenloft/CastleRavenloft/Content/Materials/Mirror_MAT.uasset" 438
"../../../../Users/scrothenbuhler/Desktop/Colab/CastleRavenloft/CastleRavenloft/Content/Textures/TEX_SideCabinet_AO.uasset" 439
"../../../../Users/scrothenbuhler/Desktop/Colab/CastleRavenloft/CastleRavenloft/Content/Textures/TEX_SideCabinet_BaseColor.uasset" 440
"../../../../Users/scrothenbuhler/Desktop/Colab/CastleRavenloft/CastleRavenloft/Content/Textures/TEX_SideCabinet_Normal.uasset" 441
"../../../../Users/scrothenbuhler/Desktop/Colab/CastleRavenloft/CastleRavenloft/Content/Textures/TEX_SideCabinet_Roughness.uasset" 442
"../../../../Users/scrothenbuhler/Desktop/Colab/CastleRavenloft/CastleRavenloft/Content/Materials/Organ_SideCabinet_MAT.uasset" 443
"../../../../Users/scrothenbuhler/Desktop/Colab/CastleRavenloft/CastleRavenloft/Content/Textures/TEX_Control_BaseColor.uasset" 444
"../../../../Users/scrothenbuhler/Desktop/Colab/CastleRavenloft/CastleRavenloft/Content/Textures/TEX_Control_Normal.uasset" 445
"../../../../Users/scrothenbuhler/Desktop/Colab/CastleRavenloft/CastleRavenloft/Content/Textures/TEX_Control_Roughness.uasset" 446
"../../../../Users/scrothenbuhler/Desktop/Colab/CastleRavenloft/CastleRavenloft/Content/Materials/OrganControl_MAT.uasset" 447
"../../../../Users/scrothenbuhler/Desktop/Colab/CastleRavenloft/CastleRavenloft/Content/Textures/TEX_OrganPipe_AO.uasset" 448
"../../../../Users/scrothenbuhler/Desktop/Colab/CastleRavenloft/CastleRavenloft/Content/Textures/TEX_OrganPipe_BaseColor.uasset" 449
"../../../../Users/scrothenbuhler/Desktop/Colab/CastleRavenloft/CastleRavenloft/Content/Materials/OrganPipe_MAT.uasset" 450
"../../../../Users/scrothenbuhler/Desktop/Colab/CastleRavenloft/CastleRavenloft/Content/Textures/TEX_CabinetTop__Roughness.uasset" 451
"../../../../Users/scrothenbuhler/Desktop/Colab/CastleRavenloft/CastleRavenloft/Content/Textures/TEX_CabinetTop_AO.uasset" 452
"../../../../Users/scrothenbuhler/Desktop/Colab/CastleRavenloft/CastleRavenloft/Content/Textures/TEX_CabinetTop_BaseColor.uasset" 453
"../../../../Users/scrothenbuhler/Desktop/Colab/CastleRavenloft/CastleRavenloft/Content/Textures/TEX_CabinetTop_Normal.uasset" 454
"../../../../Users/scrothenbuhler/Desktop/Colab/CastleRavenloft/CastleRavenloft/Content/Materials/OrganTop_MAT.uasset" 455
"../../../../Users/scrothenbuhler/Desktop/Colab/CastleRavenloft/CastleRavenloft/Content/Textures/TEX_PipeCabinet_AO.uasset" 456
"../../../../Users/scrothenbuhler/Desktop/Colab/CastleRavenloft/CastleRavenloft/Content/Textures/TEX_PipeCabinet_BaseColor.uasset" 457
"../../../../Users/scrothenbuhler/Desktop/Colab/CastleRavenloft/CastleRavenloft/Content/Textures/TEX_PipeCabinet_Normal.uasset" 458
"../../../../Users/scrothenbuhler/Desktop/Colab/CastleRavenloft/CastleRavenloft/Content/Textures/TEX_PipeCabinet_Roughness.uasset" 459
"../../../../Users/scrothenbuhler/Desktop/Colab/CastleRavenloft/CastleRavenloft/Content/Materials/PipeCabinet_MAT.uasset" 460
"../../../../Users/scrothenbuhler/Desktop/Colab/CastleRavenloft/CastleRavenloft/Content/Textures/TEX_RoundStainedGlass_AO.uasset" 461
"../../../../Users/scrothenbuhler/Desktop/Colab/CastleRavenloft/CastleRavenloft/Content/Textures/TEX_RoundStainedGlass_BaseColor.uasset" 462
"../../../../Users/scrothenbuhler/Desktop/Colab/CastleRavenloft/CastleRavenloft/Content/Textures/TEX_RoundStainedGlass_Metallic.uasset" 463
"../../../../Users/scrothenbuhler/Desktop/Colab/CastleRavenloft/CastleRavenloft/Content/Textures/TEX_RoundStainedGlass_Normal.uasset" 464
"../../../../Users/scrothenbuhler/Desktop/Colab/CastleRavenloft/CastleRavenloft/Content/Textures/TEX_RoundStainedGlass_Opacity2.uasset" 465
"../../../../Users/scrothenbuhler/Desktop/Colab/CastleRavenloft/CastleRavenloft/Content/Textures/TEX_RoundStainedGlass_Roughness.uasset" 466
"../../../../Users/scrothenbuhler/Desktop/Colab/CastleRavenloft/CastleRavenloft/Content/Materials/RoundStainedGlass_MAT.uasset" 467
"../../../../Users/scrothenbuhler/Desktop/Colab/CastleRavenloft/CastleRavenloft/Content/Textures/SemiPolishedMetal.uasset" 468
"../../../../Users/scrothenbuhler/Desktop/Colab/CastleRavenloft/CastleRavenloft/Content/Materials/SemiPolishedMetal_MAT.uasset" 469
"../../../../Users/scrothenbuhler/Desktop/Colab/CastleRavenloft/CastleRavenloft/Content/Textures/TEX_SideSG__BaseColor.uasset" 470
"../../../../Users/scrothenbuhler/Desktop/Colab/CastleRavenloft/CastleRavenloft/Content/Textures/TEX_SideSG_AO.uasset" 471
"../../../../Users/scrothenbuhler/Desktop/Colab/CastleRavenloft/CastleRavenloft/Content/Textures/TEX_SideSG_Metallic.uasset" 472
"../../../../Users/scrothenbuhler/Desktop/Colab/CastleRavenloft/CastleRavenloft/Content/Textures/TEX_SideSG_Normal.uasset" 473
"../../../../Users/scrothenbuhler/Desktop/Colab/CastleRavenloft/CastleRavenloft/Content/Textures/TEX_SideSG_Opacity.uasset" 474
"../../../../Users/scrothenbuhler/Desktop/Colab/CastleRavenloft/CastleRavenloft/Content/Textures/TEX_SideSG_Roughness.uasset" 475
"../../../../Users/scrothenbuhler/Desktop/Colab/CastleRavenloft/CastleRavenloft/Content/Materials/SidePanel_Glass_MAT.uasset" 476
"../../../../Users/scrothenbuhler/Desktop/Colab/CastleRavenloft/CastleRavenloft/Content/Textures/TEX_Slate_Tile_AO.uasset" 477
"../../../../Users/scrothenbuhler/Desktop/Colab/CastleRavenloft/CastleRavenloft/Content/Textures/TEX_Slate_Tile_DIFF.uasset" 478
"../../../../Users/scrothenbuhler/Desktop/Colab/CastleRavenloft/CastleRavenloft/Content/Textures/TEX_Slate_Tile_Normal.uasset" 479
"../../../../Users/scrothenbuhler/Desktop/Colab/CastleRavenloft/CastleRavenloft/Content/Textures/TEX_Slate_Tile_SPEC.uasset" 480
"../../../../Users/scrothenbuhler/Desktop/Colab/CastleRavenloft/CastleRavenloft/Content/Materials/Slate_Tile_MAT.uasset" 481
"../../../../Users/scrothenbuhler/Desktop/Colab/CastleRavenloft/CastleRavenloft/Content/Textures/TEX_Stairs_BaseColor.uasset" 482
"../../../../Users/scrothenbuhler/Desktop/Colab/CastleRavenloft/CastleRavenloft/Content/Textures/TEX_Stairs_Metallic.uasset" 483
"../../../../Users/scrothenbuhler/Desktop/Colab/CastleRavenloft/CastleRavenloft/Content/Textures/TEX_Stairs_Roughness.uasset" 484
"../../../../Users/scrothenbuhler/Desktop/Colab/CastleRavenloft/CastleRavenloft/Content/Materials/Stairs_MAT.uasset" 485
"../../../../Users/scrothenbuhler/Desktop/Colab/CastleRavenloft/CastleRavenloft/Content/Textures/TallCandelabra_TallCandelabraGeo_MAT_AO.uasset" 486
"../../../../Users/scrothenbuhler/Desktop/Colab/CastleRavenloft/CastleRavenloft/Content/Textures/TallCandelabra_TallCandelabraGeo_MAT_BaseColor.uasset" 487
"../../../../Users/scrothenbuhler/Desktop/Colab/CastleRavenloft/CastleRavenloft/Content/Textures/TallCandelabra_TallCandelabraGeo_MAT_Metallic.uasset" 488
"../../../../Users/scrothenbuhler/Desktop/Colab/CastleRavenloft/CastleRavenloft/Content/Textures/TallCandelabra_TallCandelabraGeo_MAT_Normal.uasset" 489
"../../../../Users/scrothenbuhler/Desktop/Colab/CastleRavenloft/CastleRavenloft/Content/Textures/TallCandelabra_TallCandelabraGeo_MAT_Roughness.uasset" 490
"../../../../Users/scrothenbuhler/Desktop/Colab/CastleRavenloft/CastleRavenloft/Content/Materials/TallCandelabraGeo_MAT.uasset" 491
"../../../../Users/scrothenbuhler/Desktop/Colab/CastleRavenloft/CastleRavenloft/Content/Textures/TEX_Tomb_AO.uasset" 492
"../../../../Users/scrothenbuhler/Desktop/Colab/CastleRavenloft/CastleRavenloft/Content/Textures/TEX_Tomb_BaseColor.uasset" 493
"../../../../Users/scrothenbuhler/Desktop/Colab/CastleRavenloft/CastleRavenloft/Content/Textures/TEX_Tomb_Normal.uasset" 494
"../../../../Users/scrothenbuhler/Desktop/Colab/CastleRavenloft/CastleRavenloft/Content/Materials/Tomb_MAT.uasset" 495
"../../../../Users/scrothenbuhler/Desktop/Colab/CastleRavenloft/CastleRavenloft/Content/Audio/S_WaveLoop.uasset" 496
"../../../../Users/scrothenbuhler/Desktop/Colab/CastleRavenloft/CastleRavenloft/Content/Audio/SC_Ambiance_Basic.uasset" 497
"../../../../Users/scrothenbuhler/Desktop/Colab/CastleRavenloft/CastleRavenloft/Content/FX/P_DustMote.uasset" 498
"../../../../Users/scrothenbuhler/Desktop/Colab/CastleRavenloft/CastleRavenloft/Content/Textures/TEX_Rusted_Iron_BaseColor.uasset" 499
"../../../../Users/scrothenbuhler/Desktop/Colab/CastleRavenloft/CastleRavenloft/Content/Textures/TEX_Rusted_Iron_Metallic.uasset" 500
"../../../../Users/scrothenbuhler/Desktop/Colab/CastleRavenloft/CastleRavenloft/Content/Textures/TEX_Rusted_Iron_Roughness.uasset" 501
"../../../../Users/scrothenbuhler/Desktop/Colab/CastleRavenloft/CastleRavenloft/Content/Materials/Rusted_Iron_MAT.uasset" 502
"../../../../Users/scrothenbuhler/Desktop/Colab/CastleRavenloft/CastleRavenloft/Content/StaticMeshes/2ft_Chain.uasset" 503
"../../../../Users/scrothenbuhler/Desktop/Colab/CastleRavenloft/CastleRavenloft/Content/StaticMeshes/Balcony_Railing_NoBend_.uasset" 504
"../../../../Users/scrothenbuhler/Desktop/Colab/CastleRavenloft/CastleRavenloft/Content/StaticMeshes/BarrelDivider.uasset" 505
"../../../../Users/scrothenbuhler/Desktop/Colab/CastleRavenloft/CastleRavenloft/Content/StaticMeshes/Chain_Coil_1.uasset" 506
"../../../../Users/scrothenbuhler/Desktop/Colab/CastleRavenloft/CastleRavenloft/Content/StaticMeshes/Chain_Coil_2.uasset" 507
"../../../../Users/scrothenbuhler/Desktop/Colab/CastleRavenloft/CastleRavenloft/Content/StaticMeshes/Chain_Coil_3.uasset" 508
"../../../../Users/scrothenbuhler/Desktop/Colab/CastleRavenloft/CastleRavenloft/Content/StaticMeshes/ChainMount.uasset" 509
"../../../../Users/scrothenbuhler/Desktop/Colab/CastleRavenloft/CastleRavenloft/Content/StaticMeshes/Chair.uasset" 510
"../../../../Users/scrothenbuhler/Desktop/Colab/CastleRavenloft/CastleRavenloft/Content/Textures/Coffin_MAT1_Base_Color.uasset" 511
"../../../../Users/scrothenbuhler/Desktop/Colab/CastleRavenloft/CastleRavenloft/Content/Textures/Coffin_MAT1_Height.uasset" 512
"../../../../Users/scrothenbuhler/Desktop/Colab/CastleRavenloft/CastleRavenloft/Content/Textures/Coffin_MAT1_Metallic.uasset" 513
"../../../../Users/scrothenbuhler/Desktop/Colab/CastleRavenloft/CastleRavenloft/Content/Textures/Coffin_MAT1_Normal_DirectX.uasset" 514
"../../../../Users/scrothenbuhler/Desktop/Colab/CastleRavenloft/CastleRavenloft/Content/Textures/Coffin_MAT1_Roughness.uasset" 515
"../../../../Users/scrothenbuhler/Desktop/Colab/CastleRavenloft/CastleRavenloft/Content/Materials/Coffin_MAT1.uasset" 516
"../../../../Users/scrothenbuhler/Desktop/Colab/CastleRavenloft/CastleRavenloft/Content/StaticMeshes/Coffin.uasset" 517
"../../../../Users/scrothenbuhler/Desktop/Colab/CastleRavenloft/CastleRavenloft/Content/Textures/TEX_DeskBody_Base_Color.uasset" 518
"../../../../Users/scrothenbuhler/Desktop/Colab/CastleRavenloft/CastleRavenloft/Content/Textures/TEX_DeskBody_Metallic.uasset" 519
"../../../../Users/scrothenbuhler/Desktop/Colab/CastleRavenloft/CastleRavenloft/Content/Textures/TEX_DeskBody_Normal_DirectX.uasset" 520
"../../../../Users/scrothenbuhler/Desktop/Colab/CastleRavenloft/CastleRavenloft/Content/Textures/TEX_DeskBody_Roughness.uasset" 521
"../../../../Users/scrothenbuhler/Desktop/Colab/CastleRavenloft/CastleRavenloft/Content/Materials/DeskBody_MAT.uasset" 522
"../../../../Users/scrothenbuhler/Desktop/Colab/CastleRavenloft/CastleRavenloft/Content/Textures/TEX_DeskTop_Base_Color.uasset" 523
"../../../../Users/scrothenbuhler/Desktop/Colab/CastleRavenloft/CastleRavenloft/Content/Textures/TEX_DeskTop_Metallic.uasset" 524
"../../../../Users/scrothenbuhler/Desktop/Colab/CastleRavenloft/CastleRavenloft/Content/Textures/TEX_DeskTop_Normal_DirectX.uasset" 525
"../../../../Users/scrothenbuhler/Desktop/Colab/CastleRavenloft/CastleRavenloft/Content/Textures/TEX_DeskTop_Roughness.uasset" 526
"../../../../Users/scrothenbuhler/Desktop/Colab/CastleRavenloft/CastleRavenloft/Content/Materials/DeskTop_Mat.uasset" 527
"../../../../Users/scrothenbuhler/Desktop/Colab/CastleRavenloft/CastleRavenloft/Content/StaticMeshes/Desk.uasset" 528
"../../../../Users/scrothenbuhler/Desktop/Colab/CastleRavenloft/CastleRavenloft/Content/Textures/TEX_Dinnerware2_BaseColor.uasset" 529
"../../../../Users/scrothenbuhler/Desktop/Colab/CastleRavenloft/CastleRavenloft/Content/Materials/Silverware_MAT.uasset" 530
"../../../../Users/scrothenbuhler/Desktop/Colab/CastleRavenloft/CastleRavenloft/Content/StaticMeshes/Fork.uasset" 531
"../../../../Users/scrothenbuhler/Desktop/Colab/CastleRavenloft/CastleRavenloft/Content/StaticMeshes/FullOrgan.uasset" 532
"../../../../Users/scrothenbuhler/Desktop/Colab/CastleRavenloft/CastleRavenloft/Content/StaticMeshes/Knife.uasset" 533
"../../../../Users/scrothenbuhler/Desktop/Colab/CastleRavenloft/CastleRavenloft/Content/StaticMeshes/L_SideTriptych.uasset" 534
"../../../../Users/scrothenbuhler/Desktop/Colab/CastleRavenloft/CastleRavenloft/Content/StaticMeshes/Manacle.uasset" 535
"../../../../Users/scrothenbuhler/Desktop/Colab/CastleRavenloft/CastleRavenloft/Content/StaticMeshes/Pillar_Base12.uasset" 536
"../../../../Users/scrothenbuhler/Desktop/Colab/CastleRavenloft/CastleRavenloft/Content/StaticMeshes/Pillar_Top12.uasset" 537
"../../../../Users/scrothenbuhler/Desktop/Colab/CastleRavenloft/CastleRavenloft/Content/Textures/TEX_Plate_BaseColor.uasset" 538
"../../../../Users/scrothenbuhler/Desktop/Colab/CastleRavenloft/CastleRavenloft/Content/Textures/TEX_Plate_Metallic.uasset" 539
"../../../../Users/scrothenbuhler/Desktop/Colab/CastleRavenloft/CastleRavenloft/Content/Textures/TEX_Plate_Normal.uasset" 540
"../../../../Users/scrothenbuhler/Desktop/Colab/CastleRavenloft/CastleRavenloft/Content/Textures/TEX_Plate_Roughness.uasset" 541
"../../../../Users/scrothenbuhler/Desktop/Colab/CastleRavenloft/CastleRavenloft/Content/Materials/Plate_MAT.uasset" 542
"../../../../Users/scrothenbuhler/Desktop/Colab/CastleRavenloft/CastleRavenloft/Content/StaticMeshes/Plate.uasset" 543
"../../../../Users/scrothenbuhler/Desktop/Colab/CastleRavenloft/CastleRavenloft/Content/StaticMeshes/R_SideTriptych.uasset" 544
"../../../../Users/scrothenbuhler/Desktop/Colab/CastleRavenloft/CastleRavenloft/Content/StaticMeshes/RectangularFrame.uasset" 545
"../../../../Users/scrothenbuhler/Desktop/Colab/CastleRavenloft/CastleRavenloft/Content/Textures/TEX_Altar_Base_Color.uasset" 546
"../../../../Users/scrothenbuhler/Desktop/Colab/CastleRavenloft/CastleRavenloft/Content/Textures/TEX_Altar_Metallic.uasset" 547
"../../../../Users/scrothenbuhler/Desktop/Colab/CastleRavenloft/CastleRavenloft/Content/Textures/TEX_Altar_Normal.uasset" 548
"../../../../Users/scrothenbuhler/Desktop/Colab/CastleRavenloft/CastleRavenloft/Content/Textures/TEX_Altar_Roughness.uasset" 549
"../../../../Users/scrothenbuhler/Desktop/Colab/CastleRavenloft/CastleRavenloft/Content/Textures/TEX_Altar_Specular.uasset" 550
"../../../../Users/scrothenbuhler/Desktop/Colab/CastleRavenloft/CastleRavenloft/Content/Materials/MAT_Altar.uasset" 551
"../../../../Users/scrothenbuhler/Desktop/Colab/CastleRavenloft/CastleRavenloft/Content/StaticMeshes/SM_Altar.uasset" 552
"../../../../Users/scrothenbuhler/Desktop/Colab/CastleRavenloft/CastleRavenloft/Content/StaticMeshes/SM_Bed.uasset" 553
"../../../../Users/scrothenbuhler/Desktop/Colab/CastleRavenloft/CastleRavenloft/Content/StaticMeshes/SM_Bookshelf.uasset" 554
"../../../../Users/scrothenbuhler/Desktop/Colab/CastleRavenloft/CastleRavenloft/Content/Materials/Crystals.uasset" 555
"../../../../Users/scrothenbuhler/Desktop/Colab/CastleRavenloft/CastleRavenloft/Content/StaticMeshes/SM_Chandelier.uasset" 556
"../../../../Users/scrothenbuhler/Desktop/Colab/CastleRavenloft/CastleRavenloft/Content/StaticMeshes/SM_Chapel_Structure.uasset" 557
"../../../../Users/scrothenbuhler/Desktop/Colab/CastleRavenloft/CastleRavenloft/Content/StaticMeshes/SM_Fireplace.uasset" 558
"../../../../Users/scrothenbuhler/Desktop/Colab/CastleRavenloft/CastleRavenloft/Content/Textures/TEX_Heart_BaseColor.uasset" 559
"../../../../Users/scrothenbuhler/Desktop/Colab/CastleRavenloft/CastleRavenloft/Content/Textures/TEX_Heart_Normal.uasset" 560
"../../../../Users/scrothenbuhler/Desktop/Colab/CastleRavenloft/CastleRavenloft/Content/Textures/TEX_Heart_OcclusionRoughnessMetallic.uasset" 561
"../../../../Users/scrothenbuhler/Desktop/Colab/CastleRavenloft/CastleRavenloft/Content/Materials/Heart_MAT.uasset" 562
"../../../../Users/scrothenbuhler/Desktop/Colab/CastleRavenloft/CastleRavenloft/Content/StaticMeshes/SM_Heart.uasset" 563
"../../../../Users/scrothenbuhler/Desktop/Colab/CastleRavenloft/CastleRavenloft/Content/StaticMeshes/SM_Nightstand.uasset" 564
"../../../../Users/scrothenbuhler/Desktop/Colab/CastleRavenloft/CastleRavenloft/Content/Textures/TEX_Organ_Statues_BaseColor.uasset" 565
"../../../../Users/scrothenbuhler/Desktop/Colab/CastleRavenloft/CastleRavenloft/Content/Textures/TEX_Organ_Statues_Normal.uasset" 566
"../../../../Users/scrothenbuhler/Desktop/Colab/CastleRavenloft/CastleRavenloft/Content/Textures/TEX_Organ_Statues_OcclusionRoughnessMetallic.uasset" 567
"../../../../Users/scrothenbuhler/Desktop/Colab/CastleRavenloft/CastleRavenloft/Content/Materials/Organ_Statues_MAT.uasset" 568
"../../../../Users/scrothenbuhler/Desktop/Colab/CastleRavenloft/CastleRavenloft/Content/StaticMeshes/SM_OrganSculptures.uasset" 569
"../../../../Users/scrothenbuhler/Desktop/Colab/CastleRavenloft/CastleRavenloft/Content/Textures/TEX_Pew_Base_Color.uasset" 570
"../../../../Users/scrothenbuhler/Desktop/Colab/CastleRavenloft/CastleRavenloft/Content/Textures/TEX_Pew_Height.uasset" 571
"../../../../Users/scrothenbuhler/Desktop/Colab/CastleRavenloft/CastleRavenloft/Content/Textures/TEX_Pew_Metallic.uasset" 572
"../../../../Users/scrothenbuhler/Desktop/Colab/CastleRavenloft/CastleRavenloft/Content/Textures/TEX_Pew_Normal.uasset" 573
"../../../../Users/scrothenbuhler/Desktop/Colab/CastleRavenloft/CastleRavenloft/Content/Textures/TEX_Pew_Roughness.uasset" 574
"../../../../Users/scrothenbuhler/Desktop/Colab/CastleRavenloft/CastleRavenloft/Content/Materials/MAT_Pew.uasset" 575
"../../../../Users/scrothenbuhler/Desktop/Colab/CastleRavenloft/CastleRavenloft/Content/StaticMeshes/SM_Pew.uasset" 576
"../../../../Users/scrothenbuhler/Desktop/Colab/CastleRavenloft/CastleRavenloft/Content/StaticMeshes/SM_Platform.uasset" 577
"../../../../Users/scrothenbuhler/Desktop/Colab/CastleRavenloft/CastleRavenloft/Content/Textures/Rug_Large_MAT_BaseColor.uasset" 578
"../../../../Users/scrothenbuhler/Desktop/Colab/CastleRavenloft/CastleRavenloft/Content/Textures/Rug_Large_MAT_Normal.uasset" 579
"../../../../Users/scrothenbuhler/Desktop/Colab/CastleRavenloft/CastleRavenloft/Content/Textures/Rug_Large_MAT_OcclusionRoughnessMetallic.uasset" 580
"../../../../Users/scrothenbuhler/Desktop/Colab/CastleRavenloft/CastleRavenloft/Content/Materials/Rug_Large_MAT.uasset" 581
"../../../../Users/scrothenbuhler/Desktop/Colab/CastleRavenloft/CastleRavenloft/Content/StaticMeshes/SM_Rug_Large.uasset" 582
"../../../../Users/scrothenbuhler/Desktop/Colab/CastleRavenloft/CastleRavenloft/Content/Textures/Rug_Thin_MAT_BaseColor.uasset" 583
"../../../../Users/scrothenbuhler/Desktop/Colab/CastleRavenloft/CastleRavenloft/Content/Textures/Rug_Thin_MAT_Normal.uasset" 584
"../../../../Users/scrothenbuhler/Desktop/Colab/CastleRavenloft/CastleRavenloft/Content/Textures/Rug_Thin_MAT_OcclusionRoughnessMetallic.uasset" 585
"../../../../Users/scrothenbuhler/Desktop/Colab/CastleRavenloft/CastleRavenloft/Content/Materials/Rug_Thin_MAT.uasset" 586
"../../../../Users/scrothenbuhler/Desktop/Colab/CastleRavenloft/CastleRavenloft/Content/StaticMeshes/SM_Rug_Thin.uasset" 587
"../../../../Users/scrothenbuhler/Desktop/Colab/CastleRavenloft/CastleRavenloft/Content/StaticMeshes/SM_Throne.uasset" 588
"../../../../Users/scrothenbuhler/Desktop/Colab/CastleRavenloft/CastleRavenloft/Content/StaticMeshes/SM_Tub.uasset" 589
"../../../../Users/scrothenbuhler/Desktop/Colab/CastleRavenloft/CastleRavenloft/Content/StaticMeshes/SM_Wardrobe.uasset" 590
"../../../../Users/scrothenbuhler/Desktop/Colab/CastleRavenloft/CastleRavenloft/Content/Textures/SmallCandelabra_SmallCandelabra_MAT_AO.uasset" 591
"../../../../Users/scrothenbuhler/Desktop/Colab/CastleRavenloft/CastleRavenloft/Content/Textures/SmallCandelabra_SmallCandelabra_MAT_BaseColor.uasset" 592
"../../../../Users/scrothenbuhler/Desktop/Colab/CastleRavenloft/CastleRavenloft/Content/Textures/SmallCandelabra_SmallCandelabra_MAT_Metallic.uasset" 593
"../../../../Users/scrothenbuhler/Desktop/Colab/CastleRavenloft/CastleRavenloft/Content/Textures/SmallCandelabra_SmallCandelabra_MAT_Normal.uasset" 594
"../../../../Users/scrothenbuhler/Desktop/Colab/CastleRavenloft/CastleRavenloft/Content/Textures/SmallCandelabra_SmallCandelabra_MAT_Roughness.uasset" 595
"../../../../Users/scrothenbuhler/Desktop/Colab/CastleRavenloft/CastleRavenloft/Content/Materials/SmallCandelabra_MAT.uasset" 596
"../../../../Users/scrothenbuhler/Desktop/Colab/CastleRavenloft/CastleRavenloft/Content/StaticMeshes/SmallCandelabra.uasset" 597
"../../../../Users/scrothenbuhler/Desktop/Colab/CastleRavenloft/CastleRavenloft/Content/StaticMeshes/Spiral_Stair_Brush6_StaticMesh.uasset" 598
"../../../../Users/scrothenbuhler/Desktop/Colab/CastleRavenloft/CastleRavenloft/Content/StaticMeshes/Spoon.uasset" 599
"../../../../Users/scrothenbuhler/Desktop/Colab/CastleRavenloft/CastleRavenloft/Content/Textures/TEX_Stand_Base_Color.uasset" 600
"../../../../Users/scrothenbuhler/Desktop/Colab/CastleRavenloft/CastleRavenloft/Content/Textures/TEX_Stand_Metallic.uasset" 601
"../../../../Users/scrothenbuhler/Desktop/Colab/CastleRavenloft/CastleRavenloft/Content/Textures/TEX_Stand_Normal_DirectX.uasset" 602
"../../../../Users/scrothenbuhler/Desktop/Colab/CastleRavenloft/CastleRavenloft/Content/Textures/TEX_Stand_Roughness.uasset" 603
"../../../../Users/scrothenbuhler/Desktop/Colab/CastleRavenloft/CastleRavenloft/Content/Materials/Brazier_Base_MAT.uasset" 604
"../../../../Users/scrothenbuhler/Desktop/Colab/CastleRavenloft/CastleRavenloft/Content/Textures/TEX_Brazier_Base_Color.uasset" 605
"../../../../Users/scrothenbuhler/Desktop/Colab/CastleRavenloft/CastleRavenloft/Content/Textures/TEX_Brazier_Height.uasset" 606
"../../../../Users/scrothenbuhler/Desktop/Colab/CastleRavenloft/CastleRavenloft/Content/Textures/TEX_Brazier_Metallic.uasset" 607
"../../../../Users/scrothenbuhler/Desktop/Colab/CastleRavenloft/CastleRavenloft/Content/Textures/TEX_Brazier_Normal_DirectX.uasset" 608
"../../../../Users/scrothenbuhler/Desktop/Colab/CastleRavenloft/CastleRavenloft/Content/Textures/TEX_Brazier_Roughness.uasset" 609
"../../../../Users/scrothenbuhler/Desktop/Colab/CastleRavenloft/CastleRavenloft/Content/Materials/Brazier_Bowl_MAT.uasset" 610
"../../../../Users/scrothenbuhler/Desktop/Colab/CastleRavenloft/CastleRavenloft/Content/StaticMeshes/StoneBrazier.uasset" 611
"../../../../Users/scrothenbuhler/Desktop/Colab/CastleRavenloft/CastleRavenloft/Content/StaticMeshes/Table.uasset" 612
"../../../../Users/scrothenbuhler/Desktop/Colab/CastleRavenloft/CastleRavenloft/Content/Textures/TallCandelabra_TallCandelabraCurv_MAT_AO.uasset" 613
"../../../../Users/scrothenbuhler/Desktop/Colab/CastleRavenloft/CastleRavenloft/Content/Textures/TallCandelabra_TallCandelabraCurv_MAT_BaseColor.uasset" 614
"../../../../Users/scrothenbuhler/Desktop/Colab/CastleRavenloft/CastleRavenloft/Content/Textures/TallCandelabra_TallCandelabraCurv_MAT_Metallic.uasset" 615
"../../../../Users/scrothenbuhler/Desktop/Colab/CastleRavenloft/CastleRavenloft/Content/Textures/TallCandelabra_TallCandelabraCurv_MAT_Normal.uasset" 616
"../../../../Users/scrothenbuhler/Desktop/Colab/CastleRavenloft/CastleRavenloft/Content/Textures/TallCandelabra_TallCandelabraCurv_MAT_Roughness.uasset" 617
"../../../../Users/scrothenbuhler/Desktop/Colab/CastleRavenloft/CastleRavenloft/Content/Materials/TallCandelabraCurv_MAT.uasset" 618
"../../../../Users/scrothenbuhler/Desktop/Colab/CastleRavenloft/CastleRavenloft/Content/StaticMeshes/TallCandelabra.uasset" 619
"../../../../Users/scrothenbuhler/Desktop/Colab/CastleRavenloft/CastleRavenloft/Content/StaticMeshes/Tomb.uasset" 620
"../../../../Users/scrothenbuhler/Desktop/Colab/CastleRavenloft/CastleRavenloft/Content/StaticMeshes/TombArch.uasset" 621
"../../../../Users/scrothenbuhler/Desktop/Colab/CastleRavenloft/CastleRavenloft/Content/StaticMeshes/TriptychCenter2.uasset" 622
"../../../../Users/scrothenbuhler/Desktop/Colab/CastleRavenloft/CastleRavenloft/Content/StaticMeshes/WineBarrel.uasset" 623
"../../../../Users/scrothenbuhler/Desktop/Colab/CastleRavenloft/CastleRavenloft/Content/Textures/TEX_WineGlass_BaseColor.uasset" 624
"../../../../Users/scrothenbuhler/Desktop/Colab/CastleRavenloft/CastleRavenloft/Content/Textures/TEX_WineGlass_Metallic.uasset" 625
"../../../../Users/scrothenbuhler/Desktop/Colab/CastleRavenloft/CastleRavenloft/Content/Textures/TEX_WineGlass_OP.uasset" 626
"../../../../Users/scrothenbuhler/Desktop/Colab/CastleRavenloft/CastleRavenloft/Content/Textures/TEX_WineGlass_Roughness.uasset" 627
"../../../../Users/scrothenbuhler/Desktop/Colab/CastleRavenloft/CastleRavenloft/Content/Materials/WineGlass_MAT.uasset" 628
"../../../../Users/scrothenbuhler/Desktop/Colab/CastleRavenloft/CastleRavenloft/Content/StaticMeshes/WineGlass2.uasset" 629
"../../../../Users/scrothenbuhler/Desktop/Colab/CastleRavenloft/CastleRavenloft/Content/Maps/CastleMap.umap" 630
"../../../../Users/scrothenbuhler/Desktop/Colab/CastleRavenloft/CastleRavenloft/Content/Menu/WBP_MainMenu.uasset" 631
"../../../../Users/scrothenbuhler/Desktop/Colab/CastleRavenloft/CastleRavenloft/Content/Maps/MenuMap.umap" 632
"../../../Engine/Content/Maps/Entry_BuiltData.uasset" 633
"../../../Engine/Content/Maps/Entry.umap" 634
